<html>
<head>
<title>TestNG:  EndtoEndTest</title>
<link href="../testng.css" rel="stylesheet" type="text/css" />
<link href="../my-testng.css" rel="stylesheet" type="text/css" />

<style type="text/css">
.log { display: none;} 
.stack-trace { display: none;} 
</style>
<script type="text/javascript">
<!--
function flip(e) {
  current = e.style.display;
  if (current == 'block') {
    e.style.display = 'none';
    return 0;
  }
  else {
    e.style.display = 'block';
    return 1;
  }
}

function toggleBox(szDivId, elem, msg1, msg2)
{
  var res = -1;  if (document.getElementById) {
    res = flip(document.getElementById(szDivId));
  }
  else if (document.all) {
    // this is the way old msie versions work
    res = flip(document.all[szDivId]);
  }
  if(elem) {
    if(res == 0) elem.innerHTML = msg1; else elem.innerHTML = msg2;
  }

}

function toggleAllBoxes() {
  if (document.getElementsByTagName) {
    d = document.getElementsByTagName('div');
    for (i = 0; i < d.length; i++) {
      if (d[i].className == 'log') {
        flip(d[i]);
      }
    }
  }
}

// -->
</script>

</head>
<body>
<h2 align='center'>EndtoEndTest</h2><table border='1' align="center">
<tr>
<td>Tests passed/Failed/Skipped:</td><td>43/14/0</td>
</tr><tr>
<td>Started on:</td><td>Sun Aug 04 10:04:46 IST 2019</td>
</tr>
<tr><td>Total time:</td><td>2114 seconds (2114957 ms)</td>
</tr><tr>
<td>Included groups:</td><td></td>
</tr><tr>
<td>Excluded groups:</td><td></td>
</tr>
</table><p/>
<small><i>(Hover the method name to see the test class name)</i></small><p/>
<table width='100%' border='1' class='invocation-failed'>
<tr><td colspan='4' align='center'><b>FAILED TESTS</b></td></tr>
<tr><td><b>Test method</b></td>
<td width="30%"><b>Exception</b></td>
<td width="10%"><b>Time (seconds)</b></td>
<td><b>Instance</b></td>
</tr>
<tr>
<td title='Partner.FunctionalTest2.AddNewTruckAndDriver_ToUseFor_EditTruckDriver_And_PlaceBid()'><b>AddNewTruckAndDriver_ToUseFor_EditTruckDriver_And_PlaceBid</b><br>Test class: Partner.FunctionalTest2</td>
<td><div><pre>Utils.VerificationError: Truck submitted for admin approval message validation failed expected [95] but found [124]
	at Utils.Verify.verifyEquals(Verify.java:218)
	at Partner.FunctionalTest2.AddNewTruckAndDriver_ToUseFor_EditTruckDriver_And_PlaceBid(FunctionalTest2.java:1084)
	at java.util.concurrent.ThreadPoolExecutor.runWorker(Unknown Source)
	at java.util.concurrent.ThreadPoolExecutor$Worker.run(Unknown Source)
	at java.lang.Thread.run(Unknown Source)
... Removed 15 stack frames</pre></div><a href='#' onClick='toggleBox("stack-trace991407707", this, "Click to show all stack frames", "Click to hide stack frames")'>Click to show all stack frames</a>
<div class='stack-trace' id='stack-trace991407707'><pre>Utils.VerificationError: Truck submitted for admin approval message validation failed expected [95] but found [124]
	at org.testng.Assert.fail(Assert.java:96)
	at org.testng.Assert.failNotEquals(Assert.java:776)
	at org.testng.Assert.assertEqualsImpl(Assert.java:137)
	at org.testng.Assert.assertEquals(Assert.java:118)
	at org.testng.Assert.assertEquals(Assert.java:652)
	at Utils.Verify.verifyEquals(Verify.java:218)
	at Partner.FunctionalTest2.AddNewTruckAndDriver_ToUseFor_EditTruckDriver_And_PlaceBid(FunctionalTest2.java:1084)
	at sun.reflect.NativeMethodAccessorImpl.invoke0(Native Method)
	at sun.reflect.NativeMethodAccessorImpl.invoke(Unknown Source)
	at sun.reflect.DelegatingMethodAccessorImpl.invoke(Unknown Source)
	at java.lang.reflect.Method.invoke(Unknown Source)
	at org.testng.internal.MethodInvocationHelper.invokeMethod(MethodInvocationHelper.java:124)
	at org.testng.internal.Invoker.invokeMethod(Invoker.java:580)
	at org.testng.internal.Invoker.invokeTestMethod(Invoker.java:716)
	at org.testng.internal.Invoker.invokeTestMethods(Invoker.java:988)
	at org.testng.internal.TestMethodWorker.invokeTestMethods(TestMethodWorker.java:125)
	at org.testng.internal.TestMethodWorker.run(TestMethodWorker.java:109)
	at java.util.concurrent.ThreadPoolExecutor.runWorker(Unknown Source)
	at java.util.concurrent.ThreadPoolExecutor$Worker.run(Unknown Source)
	at java.lang.Thread.run(Unknown Source)
</pre></div></td>
<td>162</td>
<td>Partner.FunctionalTest2@3fd7a715</td></tr>
<tr>
<td title='Partner.FunctionalTest2.AddNewTruck_withMandtoryFields_ToActivePartner()'><b>AddNewTruck_withMandtoryFields_ToActivePartner</b><br>Test class: Partner.FunctionalTest2</td>
<td><div><pre>Utils.VerificationError: Truck submitted for admin approval message validation failed expected [95] but found [124]
	at Utils.Verify.verifyEquals(Verify.java:218)
	at Partner.FunctionalTest2.AddNewTruck_withMandtoryFields_ToActivePartner(FunctionalTest2.java:511)
	at java.util.concurrent.ThreadPoolExecutor.runWorker(Unknown Source)
	at java.util.concurrent.ThreadPoolExecutor$Worker.run(Unknown Source)
	at java.lang.Thread.run(Unknown Source)
... Removed 15 stack frames</pre></div><a href='#' onClick='toggleBox("stack-trace151977041", this, "Click to show all stack frames", "Click to hide stack frames")'>Click to show all stack frames</a>
<div class='stack-trace' id='stack-trace151977041'><pre>Utils.VerificationError: Truck submitted for admin approval message validation failed expected [95] but found [124]
	at org.testng.Assert.fail(Assert.java:96)
	at org.testng.Assert.failNotEquals(Assert.java:776)
	at org.testng.Assert.assertEqualsImpl(Assert.java:137)
	at org.testng.Assert.assertEquals(Assert.java:118)
	at org.testng.Assert.assertEquals(Assert.java:652)
	at Utils.Verify.verifyEquals(Verify.java:218)
	at Partner.FunctionalTest2.AddNewTruck_withMandtoryFields_ToActivePartner(FunctionalTest2.java:511)
	at sun.reflect.NativeMethodAccessorImpl.invoke0(Native Method)
	at sun.reflect.NativeMethodAccessorImpl.invoke(Unknown Source)
	at sun.reflect.DelegatingMethodAccessorImpl.invoke(Unknown Source)
	at java.lang.reflect.Method.invoke(Unknown Source)
	at org.testng.internal.MethodInvocationHelper.invokeMethod(MethodInvocationHelper.java:124)
	at org.testng.internal.Invoker.invokeMethod(Invoker.java:580)
	at org.testng.internal.Invoker.invokeTestMethod(Invoker.java:716)
	at org.testng.internal.Invoker.invokeTestMethods(Invoker.java:988)
	at org.testng.internal.TestMethodWorker.invokeTestMethods(TestMethodWorker.java:125)
	at org.testng.internal.TestMethodWorker.run(TestMethodWorker.java:109)
	at java.util.concurrent.ThreadPoolExecutor.runWorker(Unknown Source)
	at java.util.concurrent.ThreadPoolExecutor$Worker.run(Unknown Source)
	at java.lang.Thread.run(Unknown Source)
</pre></div></td>
<td>125</td>
<td>Partner.FunctionalTest2@3fd7a715</td></tr>
<tr>
<td title='Partner.FunctionalTest2.EditTruckAndDriver_For_BookedTrip()'><b>EditTruckAndDriver_For_BookedTrip</b><br>Test class: Partner.FunctionalTest2</td>
<td><div><pre>org.openqa.selenium.NoSuchElementException: An element could not be located on the page using the given search parameters.
For documentation on this error, please visit: https://www.seleniumhq.org/exceptions/no_such_element.html
Build info: version: &apos;3.141.59&apos;, revision: &apos;e82be7d358&apos;, time: &apos;2018-11-14T08:17:03&apos;
System info: host: &apos;DESKTOP-5TGLKVE&apos;, ip: &apos;192.168.193.2&apos;, os.name: &apos;Windows 10&apos;, os.arch: &apos;amd64&apos;, os.version: &apos;10.0&apos;, java.version: &apos;1.8.0_172&apos;
Driver info: io.appium.java_client.android.AndroidDriver
Capabilities {appActivity: com.ejogajog.common.ui.spla..., appPackage: com.ejogajog.fleetowner, autoGrantPermissions : true, databaseEnabled: false, desired: {appActivity: com.ejogajog.common.ui.spla..., appPackage: com.ejogajog.fleetowner, autoGrantPermissions : true, deviceName: 07553096783281, disableAndroidWatchers: true, ignoreUnimportantViews: true, newCommandTimeout: 2400, noReset: true, platformName: android, skipDeviceInitialization: true, skipUnlock: true, systemPort: 8201, udid: 07553096783281}, deviceManufacturer: Symphony, deviceModel: E90, deviceName: 07553096783281, deviceScreenSize: 480x800, deviceUDID: 07553096783281, disableAndroidWatchers: true, ignoreUnimportantViews: true, javascriptEnabled: true, locationContextEnabled: false, networkConnectionEnabled: true, newCommandTimeout: 2400, noReset: true, platform: LINUX, platformName: Android, platformVersion: 8.1.0, skipDeviceInitialization: true, skipUnlock: true, systemPort: 8201, takesScreenshot: true, udid: 07553096783281, warnings: {}, webStorageEnabled: false}
Session ID: 210d6155-302c-41ff-b021-2ecfcaf55d7a
*** Element info: {Using=id, value=com.ejogajog.fleetowner:id/text_user_filter_input}
	at org.openqa.selenium.remote.http.W3CHttpResponseCodec.createException(W3CHttpResponseCodec.java:187)
	at org.openqa.selenium.remote.http.W3CHttpResponseCodec.decode(W3CHttpResponseCodec.java:122)
	at org.openqa.selenium.remote.http.W3CHttpResponseCodec.decode(W3CHttpResponseCodec.java:49)
	at org.openqa.selenium.remote.HttpCommandExecutor.execute(HttpCommandExecutor.java:158)
	at io.appium.java_client.remote.AppiumCommandExecutor.execute(AppiumCommandExecutor.java:239)
	at org.openqa.selenium.remote.RemoteWebDriver.execute(RemoteWebDriver.java:548)
	at io.appium.java_client.DefaultGenericMobileDriver.execute(DefaultGenericMobileDriver.java:42)
	at io.appium.java_client.AppiumDriver.execute(AppiumDriver.java:1)
	at io.appium.java_client.android.AndroidDriver.execute(AndroidDriver.java:1)
	at org.openqa.selenium.remote.RemoteWebDriver.findElement(RemoteWebDriver.java:322)
	at io.appium.java_client.DefaultGenericMobileDriver.findElement(DefaultGenericMobileDriver.java:62)
	at io.appium.java_client.AppiumDriver.findElement(AppiumDriver.java:1)
	at io.appium.java_client.android.AndroidDriver.findElement(AndroidDriver.java:1)
	at org.openqa.selenium.remote.RemoteWebDriver.findElementById(RemoteWebDriver.java:368)
	at io.appium.java_client.DefaultGenericMobileDriver.findElementById(DefaultGenericMobileDriver.java:70)
	at io.appium.java_client.AppiumDriver.findElementById(AppiumDriver.java:1)
	at io.appium.java_client.android.AndroidDriver.findElementById(AndroidDriver.java:1)
	at Partner.FunctionalTest2.EditTruckAndDriver_For_BookedTrip(FunctionalTest2.java:1153)
	at java.util.concurrent.ThreadPoolExecutor.runWorker(Unknown Source)
	at java.util.concurrent.ThreadPoolExecutor$Worker.run(Unknown Source)
	at java.lang.Thread.run(Unknown Source)
... Removed 13 stack frames</pre></div><a href='#' onClick='toggleBox("stack-trace32789595", this, "Click to show all stack frames", "Click to hide stack frames")'>Click to show all stack frames</a>
<div class='stack-trace' id='stack-trace32789595'><pre>org.openqa.selenium.NoSuchElementException: An element could not be located on the page using the given search parameters.
For documentation on this error, please visit: https://www.seleniumhq.org/exceptions/no_such_element.html
Build info: version: &apos;3.141.59&apos;, revision: &apos;e82be7d358&apos;, time: &apos;2018-11-14T08:17:03&apos;
System info: host: &apos;DESKTOP-5TGLKVE&apos;, ip: &apos;192.168.193.2&apos;, os.name: &apos;Windows 10&apos;, os.arch: &apos;amd64&apos;, os.version: &apos;10.0&apos;, java.version: &apos;1.8.0_172&apos;
Driver info: io.appium.java_client.android.AndroidDriver
Capabilities {appActivity: com.ejogajog.common.ui.spla..., appPackage: com.ejogajog.fleetowner, autoGrantPermissions : true, databaseEnabled: false, desired: {appActivity: com.ejogajog.common.ui.spla..., appPackage: com.ejogajog.fleetowner, autoGrantPermissions : true, deviceName: 07553096783281, disableAndroidWatchers: true, ignoreUnimportantViews: true, newCommandTimeout: 2400, noReset: true, platformName: android, skipDeviceInitialization: true, skipUnlock: true, systemPort: 8201, udid: 07553096783281}, deviceManufacturer: Symphony, deviceModel: E90, deviceName: 07553096783281, deviceScreenSize: 480x800, deviceUDID: 07553096783281, disableAndroidWatchers: true, ignoreUnimportantViews: true, javascriptEnabled: true, locationContextEnabled: false, networkConnectionEnabled: true, newCommandTimeout: 2400, noReset: true, platform: LINUX, platformName: Android, platformVersion: 8.1.0, skipDeviceInitialization: true, skipUnlock: true, systemPort: 8201, takesScreenshot: true, udid: 07553096783281, warnings: {}, webStorageEnabled: false}
Session ID: 210d6155-302c-41ff-b021-2ecfcaf55d7a
*** Element info: {Using=id, value=com.ejogajog.fleetowner:id/text_user_filter_input}
	at sun.reflect.GeneratedConstructorAccessor43.newInstance(Unknown Source)
	at sun.reflect.DelegatingConstructorAccessorImpl.newInstance(Unknown Source)
	at java.lang.reflect.Constructor.newInstance(Unknown Source)
	at org.openqa.selenium.remote.http.W3CHttpResponseCodec.createException(W3CHttpResponseCodec.java:187)
	at org.openqa.selenium.remote.http.W3CHttpResponseCodec.decode(W3CHttpResponseCodec.java:122)
	at org.openqa.selenium.remote.http.W3CHttpResponseCodec.decode(W3CHttpResponseCodec.java:49)
	at org.openqa.selenium.remote.HttpCommandExecutor.execute(HttpCommandExecutor.java:158)
	at io.appium.java_client.remote.AppiumCommandExecutor.execute(AppiumCommandExecutor.java:239)
	at org.openqa.selenium.remote.RemoteWebDriver.execute(RemoteWebDriver.java:548)
	at io.appium.java_client.DefaultGenericMobileDriver.execute(DefaultGenericMobileDriver.java:42)
	at io.appium.java_client.AppiumDriver.execute(AppiumDriver.java:1)
	at io.appium.java_client.android.AndroidDriver.execute(AndroidDriver.java:1)
	at org.openqa.selenium.remote.RemoteWebDriver.findElement(RemoteWebDriver.java:322)
	at io.appium.java_client.DefaultGenericMobileDriver.findElement(DefaultGenericMobileDriver.java:62)
	at io.appium.java_client.AppiumDriver.findElement(AppiumDriver.java:1)
	at io.appium.java_client.android.AndroidDriver.findElement(AndroidDriver.java:1)
	at org.openqa.selenium.remote.RemoteWebDriver.findElementById(RemoteWebDriver.java:368)
	at io.appium.java_client.DefaultGenericMobileDriver.findElementById(DefaultGenericMobileDriver.java:70)
	at io.appium.java_client.AppiumDriver.findElementById(AppiumDriver.java:1)
	at io.appium.java_client.android.AndroidDriver.findElementById(AndroidDriver.java:1)
	at Partner.FunctionalTest2.EditTruckAndDriver_For_BookedTrip(FunctionalTest2.java:1153)
	at sun.reflect.NativeMethodAccessorImpl.invoke0(Native Method)
	at sun.reflect.NativeMethodAccessorImpl.invoke(Unknown Source)
	at sun.reflect.DelegatingMethodAccessorImpl.invoke(Unknown Source)
	at java.lang.reflect.Method.invoke(Unknown Source)
	at org.testng.internal.MethodInvocationHelper.invokeMethod(MethodInvocationHelper.java:124)
	at org.testng.internal.Invoker.invokeMethod(Invoker.java:580)
	at org.testng.internal.Invoker.invokeTestMethod(Invoker.java:716)
	at org.testng.internal.Invoker.invokeTestMethods(Invoker.java:988)
	at org.testng.internal.TestMethodWorker.invokeTestMethods(TestMethodWorker.java:125)
	at org.testng.internal.TestMethodWorker.run(TestMethodWorker.java:109)
	at java.util.concurrent.ThreadPoolExecutor.runWorker(Unknown Source)
	at java.util.concurrent.ThreadPoolExecutor$Worker.run(Unknown Source)
	at java.lang.Thread.run(Unknown Source)
</pre></div></td>
<td>42</td>
<td>Partner.FunctionalTest2@3fd7a715</td></tr>
<tr>
<td title='Customer.FunctionalTest5.ReferredCustomer_completetrip_ByAcceptingBid_And_ValidateEarningsforFirstSuccessfulTripCompletion()'><b>ReferredCustomer_completetrip_ByAcceptingBid_And_ValidateEarningsforFirstSuccessfulTripCompletion</b><br>Test class: Customer.FunctionalTest5</td>
<td><div><pre>org.openqa.selenium.NoSuchElementException: An element could not be located on the page using the given search parameters.
For documentation on this error, please visit: https://www.seleniumhq.org/exceptions/no_such_element.html
Build info: version: &apos;3.141.59&apos;, revision: &apos;e82be7d358&apos;, time: &apos;2018-11-14T08:17:03&apos;
System info: host: &apos;DESKTOP-5TGLKVE&apos;, ip: &apos;192.168.193.2&apos;, os.name: &apos;Windows 10&apos;, os.arch: &apos;amd64&apos;, os.version: &apos;10.0&apos;, java.version: &apos;1.8.0_172&apos;
Driver info: io.appium.java_client.android.AndroidDriver
Capabilities {appActivity: com.ejogajog.common.ui.spla..., appPackage: com.ejogajog.serviceseeker, autoGrantPermissions : true, databaseEnabled: false, desired: {appActivity: com.ejogajog.common.ui.spla..., appPackage: com.ejogajog.serviceseeker, autoGrantPermissions : true, deviceName: 420036c7e42035fb, disableAndroidWatchers: true, ignoreUnimportantViews: true, newCommandTimeout: 2400, noReset: true, platformName: android, skipDeviceInitialization: true, skipUnlock: true, systemPort: 8202, udid: 420036c7e42035fb}, deviceManufacturer: samsung, deviceModel: SM-G532G, deviceName: 420036c7e42035fb, deviceScreenSize: 540x960, deviceUDID: 420036c7e42035fb, disableAndroidWatchers: true, ignoreUnimportantViews: true, javascriptEnabled: true, locationContextEnabled: false, networkConnectionEnabled: true, newCommandTimeout: 2400, noReset: true, platform: LINUX, platformName: Android, platformVersion: 6.0.1, skipDeviceInitialization: true, skipUnlock: true, systemPort: 8202, takesScreenshot: true, udid: 420036c7e42035fb, warnings: {}, webStorageEnabled: false}
Session ID: f052f3a0-4293-447b-b9ad-a47d94905c3d
*** Element info: {Using=-android uiautomator, value=new UiSelector().textContains(&quot;1 BID&quot;)}
	at org.openqa.selenium.remote.http.W3CHttpResponseCodec.createException(W3CHttpResponseCodec.java:187)
	at org.openqa.selenium.remote.http.W3CHttpResponseCodec.decode(W3CHttpResponseCodec.java:122)
	at org.openqa.selenium.remote.http.W3CHttpResponseCodec.decode(W3CHttpResponseCodec.java:49)
	at org.openqa.selenium.remote.HttpCommandExecutor.execute(HttpCommandExecutor.java:158)
	at io.appium.java_client.remote.AppiumCommandExecutor.execute(AppiumCommandExecutor.java:239)
	at org.openqa.selenium.remote.RemoteWebDriver.execute(RemoteWebDriver.java:548)
	at io.appium.java_client.DefaultGenericMobileDriver.execute(DefaultGenericMobileDriver.java:42)
	at io.appium.java_client.AppiumDriver.execute(AppiumDriver.java:1)
	at io.appium.java_client.android.AndroidDriver.execute(AndroidDriver.java:1)
	at org.openqa.selenium.remote.RemoteWebDriver.findElement(RemoteWebDriver.java:322)
	at io.appium.java_client.DefaultGenericMobileDriver.findElement(DefaultGenericMobileDriver.java:62)
	at io.appium.java_client.AppiumDriver.findElement(AppiumDriver.java:1)
	at io.appium.java_client.android.AndroidDriver.findElement(AndroidDriver.java:1)
	at io.appium.java_client.FindsByAndroidUIAutomator.findElementByAndroidUIAutomator(FindsByAndroidUIAutomator.java:38)
	at Customer.FunctionalTest5.ReferredCustomer_completetrip_ByAcceptingBid_And_ValidateEarningsforFirstSuccessfulTripCompletion(FunctionalTest5.java:1724)
	at java.util.concurrent.ThreadPoolExecutor.runWorker(Unknown Source)
	at java.util.concurrent.ThreadPoolExecutor$Worker.run(Unknown Source)
	at java.lang.Thread.run(Unknown Source)
... Removed 13 stack frames</pre></div><a href='#' onClick='toggleBox("stack-trace849909698", this, "Click to show all stack frames", "Click to hide stack frames")'>Click to show all stack frames</a>
<div class='stack-trace' id='stack-trace849909698'><pre>org.openqa.selenium.NoSuchElementException: An element could not be located on the page using the given search parameters.
For documentation on this error, please visit: https://www.seleniumhq.org/exceptions/no_such_element.html
Build info: version: &apos;3.141.59&apos;, revision: &apos;e82be7d358&apos;, time: &apos;2018-11-14T08:17:03&apos;
System info: host: &apos;DESKTOP-5TGLKVE&apos;, ip: &apos;192.168.193.2&apos;, os.name: &apos;Windows 10&apos;, os.arch: &apos;amd64&apos;, os.version: &apos;10.0&apos;, java.version: &apos;1.8.0_172&apos;
Driver info: io.appium.java_client.android.AndroidDriver
Capabilities {appActivity: com.ejogajog.common.ui.spla..., appPackage: com.ejogajog.serviceseeker, autoGrantPermissions : true, databaseEnabled: false, desired: {appActivity: com.ejogajog.common.ui.spla..., appPackage: com.ejogajog.serviceseeker, autoGrantPermissions : true, deviceName: 420036c7e42035fb, disableAndroidWatchers: true, ignoreUnimportantViews: true, newCommandTimeout: 2400, noReset: true, platformName: android, skipDeviceInitialization: true, skipUnlock: true, systemPort: 8202, udid: 420036c7e42035fb}, deviceManufacturer: samsung, deviceModel: SM-G532G, deviceName: 420036c7e42035fb, deviceScreenSize: 540x960, deviceUDID: 420036c7e42035fb, disableAndroidWatchers: true, ignoreUnimportantViews: true, javascriptEnabled: true, locationContextEnabled: false, networkConnectionEnabled: true, newCommandTimeout: 2400, noReset: true, platform: LINUX, platformName: Android, platformVersion: 6.0.1, skipDeviceInitialization: true, skipUnlock: true, systemPort: 8202, takesScreenshot: true, udid: 420036c7e42035fb, warnings: {}, webStorageEnabled: false}
Session ID: f052f3a0-4293-447b-b9ad-a47d94905c3d
*** Element info: {Using=-android uiautomator, value=new UiSelector().textContains(&quot;1 BID&quot;)}
	at sun.reflect.GeneratedConstructorAccessor43.newInstance(Unknown Source)
	at sun.reflect.DelegatingConstructorAccessorImpl.newInstance(Unknown Source)
	at java.lang.reflect.Constructor.newInstance(Unknown Source)
	at org.openqa.selenium.remote.http.W3CHttpResponseCodec.createException(W3CHttpResponseCodec.java:187)
	at org.openqa.selenium.remote.http.W3CHttpResponseCodec.decode(W3CHttpResponseCodec.java:122)
	at org.openqa.selenium.remote.http.W3CHttpResponseCodec.decode(W3CHttpResponseCodec.java:49)
	at org.openqa.selenium.remote.HttpCommandExecutor.execute(HttpCommandExecutor.java:158)
	at io.appium.java_client.remote.AppiumCommandExecutor.execute(AppiumCommandExecutor.java:239)
	at org.openqa.selenium.remote.RemoteWebDriver.execute(RemoteWebDriver.java:548)
	at io.appium.java_client.DefaultGenericMobileDriver.execute(DefaultGenericMobileDriver.java:42)
	at io.appium.java_client.AppiumDriver.execute(AppiumDriver.java:1)
	at io.appium.java_client.android.AndroidDriver.execute(AndroidDriver.java:1)
	at org.openqa.selenium.remote.RemoteWebDriver.findElement(RemoteWebDriver.java:322)
	at io.appium.java_client.DefaultGenericMobileDriver.findElement(DefaultGenericMobileDriver.java:62)
	at io.appium.java_client.AppiumDriver.findElement(AppiumDriver.java:1)
	at io.appium.java_client.android.AndroidDriver.findElement(AndroidDriver.java:1)
	at io.appium.java_client.FindsByAndroidUIAutomator.findElementByAndroidUIAutomator(FindsByAndroidUIAutomator.java:38)
	at Customer.FunctionalTest5.ReferredCustomer_completetrip_ByAcceptingBid_And_ValidateEarningsforFirstSuccessfulTripCompletion(FunctionalTest5.java:1724)
	at sun.reflect.NativeMethodAccessorImpl.invoke0(Native Method)
	at sun.reflect.NativeMethodAccessorImpl.invoke(Unknown Source)
	at sun.reflect.DelegatingMethodAccessorImpl.invoke(Unknown Source)
	at java.lang.reflect.Method.invoke(Unknown Source)
	at org.testng.internal.MethodInvocationHelper.invokeMethod(MethodInvocationHelper.java:124)
	at org.testng.internal.Invoker.invokeMethod(Invoker.java:580)
	at org.testng.internal.Invoker.invokeTestMethod(Invoker.java:716)
	at org.testng.internal.Invoker.invokeTestMethods(Invoker.java:988)
	at org.testng.internal.TestMethodWorker.invokeTestMethods(TestMethodWorker.java:125)
	at org.testng.internal.TestMethodWorker.run(TestMethodWorker.java:109)
	at java.util.concurrent.ThreadPoolExecutor.runWorker(Unknown Source)
	at java.util.concurrent.ThreadPoolExecutor$Worker.run(Unknown Source)
	at java.lang.Thread.run(Unknown Source)
</pre></div></td>
<td>19</td>
<td>Customer.FunctionalTest5@711f39f9</td></tr>
<tr>
<td title='Partner.FunctionalTest2.Register_NonregisteredDriverToGIMPlatform_Validation()'><b>Register_NonregisteredDriverToGIMPlatform_Validation</b><br>Test class: Partner.FunctionalTest2</td>
<td><div><pre>Utils.VerificationError: Driver registered successfully validation failed expected [Driver sign up request has been placed for approval. They will get a confirmation SMS within 24 hours. Please contact customer service on +8809768111444 for further assistance.] but found [Driver sign up request has been placed for approval. They will get a confirmation SMS within 24 hours. Please contact customer service on +8809678111444 for further assistance.]
	at Utils.Verify.verifyEquals(Verify.java:90)
	at Partner.FunctionalTest2.Register_NonregisteredDriverToGIMPlatform_Validation(FunctionalTest2.java:727)
	at java.util.concurrent.ThreadPoolExecutor.runWorker(Unknown Source)
	at java.util.concurrent.ThreadPoolExecutor$Worker.run(Unknown Source)
	at java.lang.Thread.run(Unknown Source)
... Removed 15 stack frames</pre></div><a href='#' onClick='toggleBox("stack-trace1674859995", this, "Click to show all stack frames", "Click to hide stack frames")'>Click to show all stack frames</a>
<div class='stack-trace' id='stack-trace1674859995'><pre>Utils.VerificationError: Driver registered successfully validation failed expected [Driver sign up request has been placed for approval. They will get a confirmation SMS within 24 hours. Please contact customer service on +8809768111444 for further assistance.] but found [Driver sign up request has been placed for approval. They will get a confirmation SMS within 24 hours. Please contact customer service on +8809678111444 for further assistance.]
	at org.testng.Assert.fail(Assert.java:96)
	at org.testng.Assert.failNotEquals(Assert.java:776)
	at org.testng.Assert.assertEqualsImpl(Assert.java:137)
	at org.testng.Assert.assertEquals(Assert.java:118)
	at org.testng.Assert.assertEquals(Assert.java:453)
	at Utils.Verify.verifyEquals(Verify.java:90)
	at Partner.FunctionalTest2.Register_NonregisteredDriverToGIMPlatform_Validation(FunctionalTest2.java:727)
	at sun.reflect.NativeMethodAccessorImpl.invoke0(Native Method)
	at sun.reflect.NativeMethodAccessorImpl.invoke(Unknown Source)
	at sun.reflect.DelegatingMethodAccessorImpl.invoke(Unknown Source)
	at java.lang.reflect.Method.invoke(Unknown Source)
	at org.testng.internal.MethodInvocationHelper.invokeMethod(MethodInvocationHelper.java:124)
	at org.testng.internal.Invoker.invokeMethod(Invoker.java:580)
	at org.testng.internal.Invoker.invokeTestMethod(Invoker.java:716)
	at org.testng.internal.Invoker.invokeTestMethods(Invoker.java:988)
	at org.testng.internal.TestMethodWorker.invokeTestMethods(TestMethodWorker.java:125)
	at org.testng.internal.TestMethodWorker.run(TestMethodWorker.java:109)
	at java.util.concurrent.ThreadPoolExecutor.runWorker(Unknown Source)
	at java.util.concurrent.ThreadPoolExecutor$Worker.run(Unknown Source)
	at java.lang.Thread.run(Unknown Source)
</pre></div></td>
<td>90</td>
<td>Partner.FunctionalTest2@3fd7a715</td></tr>
<tr>
<td title='Partner.FunctionalTest2.ValidateBidAcceptedNotification_Landsuser_onto_StarttripScreen()'><b>ValidateBidAcceptedNotification_Landsuser_onto_StarttripScreen</b><br>Test class: Partner.FunctionalTest2</td>
<td><div><pre>org.openqa.selenium.NoSuchElementException: An element could not be located on the page using the given search parameters.
For documentation on this error, please visit: https://www.seleniumhq.org/exceptions/no_such_element.html
Build info: version: &apos;3.141.59&apos;, revision: &apos;e82be7d358&apos;, time: &apos;2018-11-14T08:17:03&apos;
System info: host: &apos;DESKTOP-5TGLKVE&apos;, ip: &apos;192.168.193.2&apos;, os.name: &apos;Windows 10&apos;, os.arch: &apos;amd64&apos;, os.version: &apos;10.0&apos;, java.version: &apos;1.8.0_172&apos;
Driver info: io.appium.java_client.android.AndroidDriver
Capabilities {appActivity: com.ejogajog.common.ui.spla..., appPackage: com.ejogajog.fleetowner, autoGrantPermissions : true, databaseEnabled: false, desired: {appActivity: com.ejogajog.common.ui.spla..., appPackage: com.ejogajog.fleetowner, autoGrantPermissions : true, deviceName: 07553096783281, disableAndroidWatchers: true, ignoreUnimportantViews: true, newCommandTimeout: 2400, noReset: true, platformName: android, skipDeviceInitialization: true, skipUnlock: true, systemPort: 8201, udid: 07553096783281}, deviceManufacturer: Symphony, deviceModel: E90, deviceName: 07553096783281, deviceScreenSize: 480x800, deviceUDID: 07553096783281, disableAndroidWatchers: true, ignoreUnimportantViews: true, javascriptEnabled: true, locationContextEnabled: false, networkConnectionEnabled: true, newCommandTimeout: 2400, noReset: true, platform: LINUX, platformName: Android, platformVersion: 8.1.0, skipDeviceInitialization: true, skipUnlock: true, systemPort: 8201, takesScreenshot: true, udid: 07553096783281, warnings: {}, webStorageEnabled: false}
Session ID: ee390700-5d89-4d3c-9bf4-3bfecd272c50
*** Element info: {Using=-android uiautomator, value=new UiScrollable(new UiSelector().scrollable(true).instance(0)).scrollIntoView(new UiSelector().textContains(&quot;START TRIP&quot;).instance(0))}
	at org.openqa.selenium.remote.http.W3CHttpResponseCodec.createException(W3CHttpResponseCodec.java:187)
	at org.openqa.selenium.remote.http.W3CHttpResponseCodec.decode(W3CHttpResponseCodec.java:122)
	at org.openqa.selenium.remote.http.W3CHttpResponseCodec.decode(W3CHttpResponseCodec.java:49)
	at org.openqa.selenium.remote.HttpCommandExecutor.execute(HttpCommandExecutor.java:158)
	at io.appium.java_client.remote.AppiumCommandExecutor.execute(AppiumCommandExecutor.java:239)
	at org.openqa.selenium.remote.RemoteWebDriver.execute(RemoteWebDriver.java:548)
	at io.appium.java_client.DefaultGenericMobileDriver.execute(DefaultGenericMobileDriver.java:42)
	at io.appium.java_client.AppiumDriver.execute(AppiumDriver.java:1)
	at io.appium.java_client.android.AndroidDriver.execute(AndroidDriver.java:1)
	at org.openqa.selenium.remote.RemoteWebDriver.findElement(RemoteWebDriver.java:322)
	at io.appium.java_client.DefaultGenericMobileDriver.findElement(DefaultGenericMobileDriver.java:62)
	at io.appium.java_client.AppiumDriver.findElement(AppiumDriver.java:1)
	at io.appium.java_client.android.AndroidDriver.findElement(AndroidDriver.java:1)
	at io.appium.java_client.FindsByAndroidUIAutomator.findElementByAndroidUIAutomator(FindsByAndroidUIAutomator.java:38)
	at Partner.NIDScreen.scrollTo(NIDScreen.java:176)
	at Partner.FunctionalTest2.ValidateBidAcceptedNotification_Landsuser_onto_StarttripScreen(FunctionalTest2.java:1325)
	at java.util.concurrent.ThreadPoolExecutor.runWorker(Unknown Source)
	at java.util.concurrent.ThreadPoolExecutor$Worker.run(Unknown Source)
	at java.lang.Thread.run(Unknown Source)
... Removed 13 stack frames</pre></div><a href='#' onClick='toggleBox("stack-trace1289153549", this, "Click to show all stack frames", "Click to hide stack frames")'>Click to show all stack frames</a>
<div class='stack-trace' id='stack-trace1289153549'><pre>org.openqa.selenium.NoSuchElementException: An element could not be located on the page using the given search parameters.
For documentation on this error, please visit: https://www.seleniumhq.org/exceptions/no_such_element.html
Build info: version: &apos;3.141.59&apos;, revision: &apos;e82be7d358&apos;, time: &apos;2018-11-14T08:17:03&apos;
System info: host: &apos;DESKTOP-5TGLKVE&apos;, ip: &apos;192.168.193.2&apos;, os.name: &apos;Windows 10&apos;, os.arch: &apos;amd64&apos;, os.version: &apos;10.0&apos;, java.version: &apos;1.8.0_172&apos;
Driver info: io.appium.java_client.android.AndroidDriver
Capabilities {appActivity: com.ejogajog.common.ui.spla..., appPackage: com.ejogajog.fleetowner, autoGrantPermissions : true, databaseEnabled: false, desired: {appActivity: com.ejogajog.common.ui.spla..., appPackage: com.ejogajog.fleetowner, autoGrantPermissions : true, deviceName: 07553096783281, disableAndroidWatchers: true, ignoreUnimportantViews: true, newCommandTimeout: 2400, noReset: true, platformName: android, skipDeviceInitialization: true, skipUnlock: true, systemPort: 8201, udid: 07553096783281}, deviceManufacturer: Symphony, deviceModel: E90, deviceName: 07553096783281, deviceScreenSize: 480x800, deviceUDID: 07553096783281, disableAndroidWatchers: true, ignoreUnimportantViews: true, javascriptEnabled: true, locationContextEnabled: false, networkConnectionEnabled: true, newCommandTimeout: 2400, noReset: true, platform: LINUX, platformName: Android, platformVersion: 8.1.0, skipDeviceInitialization: true, skipUnlock: true, systemPort: 8201, takesScreenshot: true, udid: 07553096783281, warnings: {}, webStorageEnabled: false}
Session ID: ee390700-5d89-4d3c-9bf4-3bfecd272c50
*** Element info: {Using=-android uiautomator, value=new UiScrollable(new UiSelector().scrollable(true).instance(0)).scrollIntoView(new UiSelector().textContains(&quot;START TRIP&quot;).instance(0))}
	at sun.reflect.GeneratedConstructorAccessor43.newInstance(Unknown Source)
	at sun.reflect.DelegatingConstructorAccessorImpl.newInstance(Unknown Source)
	at java.lang.reflect.Constructor.newInstance(Unknown Source)
	at org.openqa.selenium.remote.http.W3CHttpResponseCodec.createException(W3CHttpResponseCodec.java:187)
	at org.openqa.selenium.remote.http.W3CHttpResponseCodec.decode(W3CHttpResponseCodec.java:122)
	at org.openqa.selenium.remote.http.W3CHttpResponseCodec.decode(W3CHttpResponseCodec.java:49)
	at org.openqa.selenium.remote.HttpCommandExecutor.execute(HttpCommandExecutor.java:158)
	at io.appium.java_client.remote.AppiumCommandExecutor.execute(AppiumCommandExecutor.java:239)
	at org.openqa.selenium.remote.RemoteWebDriver.execute(RemoteWebDriver.java:548)
	at io.appium.java_client.DefaultGenericMobileDriver.execute(DefaultGenericMobileDriver.java:42)
	at io.appium.java_client.AppiumDriver.execute(AppiumDriver.java:1)
	at io.appium.java_client.android.AndroidDriver.execute(AndroidDriver.java:1)
	at org.openqa.selenium.remote.RemoteWebDriver.findElement(RemoteWebDriver.java:322)
	at io.appium.java_client.DefaultGenericMobileDriver.findElement(DefaultGenericMobileDriver.java:62)
	at io.appium.java_client.AppiumDriver.findElement(AppiumDriver.java:1)
	at io.appium.java_client.android.AndroidDriver.findElement(AndroidDriver.java:1)
	at io.appium.java_client.FindsByAndroidUIAutomator.findElementByAndroidUIAutomator(FindsByAndroidUIAutomator.java:38)
	at Partner.NIDScreen.scrollTo(NIDScreen.java:176)
	at Partner.FunctionalTest2.ValidateBidAcceptedNotification_Landsuser_onto_StarttripScreen(FunctionalTest2.java:1325)
	at sun.reflect.NativeMethodAccessorImpl.invoke0(Native Method)
	at sun.reflect.NativeMethodAccessorImpl.invoke(Unknown Source)
	at sun.reflect.DelegatingMethodAccessorImpl.invoke(Unknown Source)
	at java.lang.reflect.Method.invoke(Unknown Source)
	at org.testng.internal.MethodInvocationHelper.invokeMethod(MethodInvocationHelper.java:124)
	at org.testng.internal.Invoker.invokeMethod(Invoker.java:580)
	at org.testng.internal.Invoker.invokeTestMethod(Invoker.java:716)
	at org.testng.internal.Invoker.invokeTestMethods(Invoker.java:988)
	at org.testng.internal.TestMethodWorker.invokeTestMethods(TestMethodWorker.java:125)
	at org.testng.internal.TestMethodWorker.run(TestMethodWorker.java:109)
	at java.util.concurrent.ThreadPoolExecutor.runWorker(Unknown Source)
	at java.util.concurrent.ThreadPoolExecutor$Worker.run(Unknown Source)
	at java.lang.Thread.run(Unknown Source)
</pre></div></td>
<td>11</td>
<td>Partner.FunctionalTest2@3fd7a715</td></tr>
<tr>
<td title='Customer.FunctionalTest5.ValidateBidReceivedNotification_whenTapped_LandsUser_onto_BidListScreen()'><b>ValidateBidReceivedNotification_whenTapped_LandsUser_onto_BidListScreen</b><br>Test class: Customer.FunctionalTest5</td>
<td><div><pre>org.openqa.selenium.NoSuchElementException: An element could not be located on the page using the given search parameters.
For documentation on this error, please visit: https://www.seleniumhq.org/exceptions/no_such_element.html
Build info: version: &apos;3.141.59&apos;, revision: &apos;e82be7d358&apos;, time: &apos;2018-11-14T08:17:03&apos;
System info: host: &apos;DESKTOP-5TGLKVE&apos;, ip: &apos;192.168.193.2&apos;, os.name: &apos;Windows 10&apos;, os.arch: &apos;amd64&apos;, os.version: &apos;10.0&apos;, java.version: &apos;1.8.0_172&apos;
Driver info: io.appium.java_client.android.AndroidDriver
Capabilities {appActivity: com.ejogajog.common.ui.spla..., appPackage: com.ejogajog.serviceseeker, autoGrantPermissions : true, databaseEnabled: false, desired: {appActivity: com.ejogajog.common.ui.spla..., appPackage: com.ejogajog.serviceseeker, autoGrantPermissions : true, deviceName: 420036c7e42035fb, disableAndroidWatchers: true, ignoreUnimportantViews: true, newCommandTimeout: 2400, noReset: true, platformName: android, skipDeviceInitialization: true, skipUnlock: true, systemPort: 8202, udid: 420036c7e42035fb}, deviceManufacturer: samsung, deviceModel: SM-G532G, deviceName: 420036c7e42035fb, deviceScreenSize: 540x960, deviceUDID: 420036c7e42035fb, disableAndroidWatchers: true, ignoreUnimportantViews: true, javascriptEnabled: true, locationContextEnabled: false, networkConnectionEnabled: true, newCommandTimeout: 2400, noReset: true, platform: LINUX, platformName: Android, platformVersion: 6.0.1, skipDeviceInitialization: true, skipUnlock: true, systemPort: 8202, takesScreenshot: true, udid: 420036c7e42035fb, warnings: {}, webStorageEnabled: false}
Session ID: 310e0d7c-6f38-46e0-b0ae-a0f312821a23
*** Element info: {Using=-android uiautomator, value=new UiSelector().textContains(&quot;532&quot;)}
	at org.openqa.selenium.remote.http.W3CHttpResponseCodec.createException(W3CHttpResponseCodec.java:187)
	at org.openqa.selenium.remote.http.W3CHttpResponseCodec.decode(W3CHttpResponseCodec.java:122)
	at org.openqa.selenium.remote.http.W3CHttpResponseCodec.decode(W3CHttpResponseCodec.java:49)
	at org.openqa.selenium.remote.HttpCommandExecutor.execute(HttpCommandExecutor.java:158)
	at io.appium.java_client.remote.AppiumCommandExecutor.execute(AppiumCommandExecutor.java:239)
	at org.openqa.selenium.remote.RemoteWebDriver.execute(RemoteWebDriver.java:548)
	at io.appium.java_client.DefaultGenericMobileDriver.execute(DefaultGenericMobileDriver.java:42)
	at io.appium.java_client.AppiumDriver.execute(AppiumDriver.java:1)
	at io.appium.java_client.android.AndroidDriver.execute(AndroidDriver.java:1)
	at org.openqa.selenium.remote.RemoteWebDriver.findElement(RemoteWebDriver.java:322)
	at io.appium.java_client.DefaultGenericMobileDriver.findElement(DefaultGenericMobileDriver.java:62)
	at io.appium.java_client.AppiumDriver.findElement(AppiumDriver.java:1)
	at io.appium.java_client.android.AndroidDriver.findElement(AndroidDriver.java:1)
	at io.appium.java_client.FindsByAndroidUIAutomator.findElementByAndroidUIAutomator(FindsByAndroidUIAutomator.java:38)
	at Customer.FunctionalTest5.ValidateBidReceivedNotification_whenTapped_LandsUser_onto_BidListScreen(FunctionalTest5.java:1177)
	at java.util.concurrent.ThreadPoolExecutor.runWorker(Unknown Source)
	at java.util.concurrent.ThreadPoolExecutor$Worker.run(Unknown Source)
	at java.lang.Thread.run(Unknown Source)
... Removed 13 stack frames</pre></div><a href='#' onClick='toggleBox("stack-trace979023058", this, "Click to show all stack frames", "Click to hide stack frames")'>Click to show all stack frames</a>
<div class='stack-trace' id='stack-trace979023058'><pre>org.openqa.selenium.NoSuchElementException: An element could not be located on the page using the given search parameters.
For documentation on this error, please visit: https://www.seleniumhq.org/exceptions/no_such_element.html
Build info: version: &apos;3.141.59&apos;, revision: &apos;e82be7d358&apos;, time: &apos;2018-11-14T08:17:03&apos;
System info: host: &apos;DESKTOP-5TGLKVE&apos;, ip: &apos;192.168.193.2&apos;, os.name: &apos;Windows 10&apos;, os.arch: &apos;amd64&apos;, os.version: &apos;10.0&apos;, java.version: &apos;1.8.0_172&apos;
Driver info: io.appium.java_client.android.AndroidDriver
Capabilities {appActivity: com.ejogajog.common.ui.spla..., appPackage: com.ejogajog.serviceseeker, autoGrantPermissions : true, databaseEnabled: false, desired: {appActivity: com.ejogajog.common.ui.spla..., appPackage: com.ejogajog.serviceseeker, autoGrantPermissions : true, deviceName: 420036c7e42035fb, disableAndroidWatchers: true, ignoreUnimportantViews: true, newCommandTimeout: 2400, noReset: true, platformName: android, skipDeviceInitialization: true, skipUnlock: true, systemPort: 8202, udid: 420036c7e42035fb}, deviceManufacturer: samsung, deviceModel: SM-G532G, deviceName: 420036c7e42035fb, deviceScreenSize: 540x960, deviceUDID: 420036c7e42035fb, disableAndroidWatchers: true, ignoreUnimportantViews: true, javascriptEnabled: true, locationContextEnabled: false, networkConnectionEnabled: true, newCommandTimeout: 2400, noReset: true, platform: LINUX, platformName: Android, platformVersion: 6.0.1, skipDeviceInitialization: true, skipUnlock: true, systemPort: 8202, takesScreenshot: true, udid: 420036c7e42035fb, warnings: {}, webStorageEnabled: false}
Session ID: 310e0d7c-6f38-46e0-b0ae-a0f312821a23
*** Element info: {Using=-android uiautomator, value=new UiSelector().textContains(&quot;532&quot;)}
	at sun.reflect.GeneratedConstructorAccessor43.newInstance(Unknown Source)
	at sun.reflect.DelegatingConstructorAccessorImpl.newInstance(Unknown Source)
	at java.lang.reflect.Constructor.newInstance(Unknown Source)
	at org.openqa.selenium.remote.http.W3CHttpResponseCodec.createException(W3CHttpResponseCodec.java:187)
	at org.openqa.selenium.remote.http.W3CHttpResponseCodec.decode(W3CHttpResponseCodec.java:122)
	at org.openqa.selenium.remote.http.W3CHttpResponseCodec.decode(W3CHttpResponseCodec.java:49)
	at org.openqa.selenium.remote.HttpCommandExecutor.execute(HttpCommandExecutor.java:158)
	at io.appium.java_client.remote.AppiumCommandExecutor.execute(AppiumCommandExecutor.java:239)
	at org.openqa.selenium.remote.RemoteWebDriver.execute(RemoteWebDriver.java:548)
	at io.appium.java_client.DefaultGenericMobileDriver.execute(DefaultGenericMobileDriver.java:42)
	at io.appium.java_client.AppiumDriver.execute(AppiumDriver.java:1)
	at io.appium.java_client.android.AndroidDriver.execute(AndroidDriver.java:1)
	at org.openqa.selenium.remote.RemoteWebDriver.findElement(RemoteWebDriver.java:322)
	at io.appium.java_client.DefaultGenericMobileDriver.findElement(DefaultGenericMobileDriver.java:62)
	at io.appium.java_client.AppiumDriver.findElement(AppiumDriver.java:1)
	at io.appium.java_client.android.AndroidDriver.findElement(AndroidDriver.java:1)
	at io.appium.java_client.FindsByAndroidUIAutomator.findElementByAndroidUIAutomator(FindsByAndroidUIAutomator.java:38)
	at Customer.FunctionalTest5.ValidateBidReceivedNotification_whenTapped_LandsUser_onto_BidListScreen(FunctionalTest5.java:1177)
	at sun.reflect.NativeMethodAccessorImpl.invoke0(Native Method)
	at sun.reflect.NativeMethodAccessorImpl.invoke(Unknown Source)
	at sun.reflect.DelegatingMethodAccessorImpl.invoke(Unknown Source)
	at java.lang.reflect.Method.invoke(Unknown Source)
	at org.testng.internal.MethodInvocationHelper.invokeMethod(MethodInvocationHelper.java:124)
	at org.testng.internal.Invoker.invokeMethod(Invoker.java:580)
	at org.testng.internal.Invoker.invokeTestMethod(Invoker.java:716)
	at org.testng.internal.Invoker.invokeTestMethods(Invoker.java:988)
	at org.testng.internal.TestMethodWorker.invokeTestMethods(TestMethodWorker.java:125)
	at org.testng.internal.TestMethodWorker.run(TestMethodWorker.java:109)
	at java.util.concurrent.ThreadPoolExecutor.runWorker(Unknown Source)
	at java.util.concurrent.ThreadPoolExecutor$Worker.run(Unknown Source)
	at java.lang.Thread.run(Unknown Source)
</pre></div></td>
<td>18</td>
<td>Customer.FunctionalTest5@711f39f9</td></tr>
<tr>
<td title='Partner.FunctionalTest2.ValidateCompleteTripNotificationWhenTapped_Landsuser_onto_TripDetailsScreen()'><b>ValidateCompleteTripNotificationWhenTapped_Landsuser_onto_TripDetailsScreen</b><br>Test class: Partner.FunctionalTest2</td>
<td><div><pre>org.openqa.selenium.NoSuchElementException: An element could not be located on the page using the given search parameters.
For documentation on this error, please visit: https://www.seleniumhq.org/exceptions/no_such_element.html
Build info: version: &apos;3.141.59&apos;, revision: &apos;e82be7d358&apos;, time: &apos;2018-11-14T08:17:03&apos;
System info: host: &apos;DESKTOP-5TGLKVE&apos;, ip: &apos;192.168.193.2&apos;, os.name: &apos;Windows 10&apos;, os.arch: &apos;amd64&apos;, os.version: &apos;10.0&apos;, java.version: &apos;1.8.0_172&apos;
Driver info: io.appium.java_client.android.AndroidDriver
Capabilities {appActivity: com.ejogajog.common.ui.spla..., appPackage: com.ejogajog.fleetowner, autoGrantPermissions : true, databaseEnabled: false, desired: {appActivity: com.ejogajog.common.ui.spla..., appPackage: com.ejogajog.fleetowner, autoGrantPermissions : true, deviceName: 07553096783281, disableAndroidWatchers: true, ignoreUnimportantViews: true, newCommandTimeout: 2400, noReset: true, platformName: android, skipDeviceInitialization: true, skipUnlock: true, systemPort: 8201, udid: 07553096783281}, deviceManufacturer: Symphony, deviceModel: E90, deviceName: 07553096783281, deviceScreenSize: 480x800, deviceUDID: 07553096783281, disableAndroidWatchers: true, ignoreUnimportantViews: true, javascriptEnabled: true, locationContextEnabled: false, networkConnectionEnabled: true, newCommandTimeout: 2400, noReset: true, platform: LINUX, platformName: Android, platformVersion: 8.1.0, skipDeviceInitialization: true, skipUnlock: true, systemPort: 8201, takesScreenshot: true, udid: 07553096783281, warnings: {}, webStorageEnabled: false}
Session ID: 08857200-526d-42d2-94cb-70e3091d0175
*** Element info: {Using=-android uiautomator, value=new UiSelector().textContains(&quot;TRIP DETAILS&quot;)}
	at org.openqa.selenium.remote.http.W3CHttpResponseCodec.createException(W3CHttpResponseCodec.java:187)
	at org.openqa.selenium.remote.http.W3CHttpResponseCodec.decode(W3CHttpResponseCodec.java:122)
	at org.openqa.selenium.remote.http.W3CHttpResponseCodec.decode(W3CHttpResponseCodec.java:49)
	at org.openqa.selenium.remote.HttpCommandExecutor.execute(HttpCommandExecutor.java:158)
	at io.appium.java_client.remote.AppiumCommandExecutor.execute(AppiumCommandExecutor.java:239)
	at org.openqa.selenium.remote.RemoteWebDriver.execute(RemoteWebDriver.java:548)
	at io.appium.java_client.DefaultGenericMobileDriver.execute(DefaultGenericMobileDriver.java:42)
	at io.appium.java_client.AppiumDriver.execute(AppiumDriver.java:1)
	at io.appium.java_client.android.AndroidDriver.execute(AndroidDriver.java:1)
	at org.openqa.selenium.remote.RemoteWebDriver.findElement(RemoteWebDriver.java:322)
	at io.appium.java_client.DefaultGenericMobileDriver.findElement(DefaultGenericMobileDriver.java:62)
	at io.appium.java_client.AppiumDriver.findElement(AppiumDriver.java:1)
	at io.appium.java_client.android.AndroidDriver.findElement(AndroidDriver.java:1)
	at io.appium.java_client.FindsByAndroidUIAutomator.findElementByAndroidUIAutomator(FindsByAndroidUIAutomator.java:38)
	at Partner.FunctionalTest2.ValidateCompleteTripNotificationWhenTapped_Landsuser_onto_TripDetailsScreen(FunctionalTest2.java:1341)
	at java.util.concurrent.ThreadPoolExecutor.runWorker(Unknown Source)
	at java.util.concurrent.ThreadPoolExecutor$Worker.run(Unknown Source)
	at java.lang.Thread.run(Unknown Source)
... Removed 13 stack frames</pre></div><a href='#' onClick='toggleBox("stack-trace812526881", this, "Click to show all stack frames", "Click to hide stack frames")'>Click to show all stack frames</a>
<div class='stack-trace' id='stack-trace812526881'><pre>org.openqa.selenium.NoSuchElementException: An element could not be located on the page using the given search parameters.
For documentation on this error, please visit: https://www.seleniumhq.org/exceptions/no_such_element.html
Build info: version: &apos;3.141.59&apos;, revision: &apos;e82be7d358&apos;, time: &apos;2018-11-14T08:17:03&apos;
System info: host: &apos;DESKTOP-5TGLKVE&apos;, ip: &apos;192.168.193.2&apos;, os.name: &apos;Windows 10&apos;, os.arch: &apos;amd64&apos;, os.version: &apos;10.0&apos;, java.version: &apos;1.8.0_172&apos;
Driver info: io.appium.java_client.android.AndroidDriver
Capabilities {appActivity: com.ejogajog.common.ui.spla..., appPackage: com.ejogajog.fleetowner, autoGrantPermissions : true, databaseEnabled: false, desired: {appActivity: com.ejogajog.common.ui.spla..., appPackage: com.ejogajog.fleetowner, autoGrantPermissions : true, deviceName: 07553096783281, disableAndroidWatchers: true, ignoreUnimportantViews: true, newCommandTimeout: 2400, noReset: true, platformName: android, skipDeviceInitialization: true, skipUnlock: true, systemPort: 8201, udid: 07553096783281}, deviceManufacturer: Symphony, deviceModel: E90, deviceName: 07553096783281, deviceScreenSize: 480x800, deviceUDID: 07553096783281, disableAndroidWatchers: true, ignoreUnimportantViews: true, javascriptEnabled: true, locationContextEnabled: false, networkConnectionEnabled: true, newCommandTimeout: 2400, noReset: true, platform: LINUX, platformName: Android, platformVersion: 8.1.0, skipDeviceInitialization: true, skipUnlock: true, systemPort: 8201, takesScreenshot: true, udid: 07553096783281, warnings: {}, webStorageEnabled: false}
Session ID: 08857200-526d-42d2-94cb-70e3091d0175
*** Element info: {Using=-android uiautomator, value=new UiSelector().textContains(&quot;TRIP DETAILS&quot;)}
	at sun.reflect.GeneratedConstructorAccessor43.newInstance(Unknown Source)
	at sun.reflect.DelegatingConstructorAccessorImpl.newInstance(Unknown Source)
	at java.lang.reflect.Constructor.newInstance(Unknown Source)
	at org.openqa.selenium.remote.http.W3CHttpResponseCodec.createException(W3CHttpResponseCodec.java:187)
	at org.openqa.selenium.remote.http.W3CHttpResponseCodec.decode(W3CHttpResponseCodec.java:122)
	at org.openqa.selenium.remote.http.W3CHttpResponseCodec.decode(W3CHttpResponseCodec.java:49)
	at org.openqa.selenium.remote.HttpCommandExecutor.execute(HttpCommandExecutor.java:158)
	at io.appium.java_client.remote.AppiumCommandExecutor.execute(AppiumCommandExecutor.java:239)
	at org.openqa.selenium.remote.RemoteWebDriver.execute(RemoteWebDriver.java:548)
	at io.appium.java_client.DefaultGenericMobileDriver.execute(DefaultGenericMobileDriver.java:42)
	at io.appium.java_client.AppiumDriver.execute(AppiumDriver.java:1)
	at io.appium.java_client.android.AndroidDriver.execute(AndroidDriver.java:1)
	at org.openqa.selenium.remote.RemoteWebDriver.findElement(RemoteWebDriver.java:322)
	at io.appium.java_client.DefaultGenericMobileDriver.findElement(DefaultGenericMobileDriver.java:62)
	at io.appium.java_client.AppiumDriver.findElement(AppiumDriver.java:1)
	at io.appium.java_client.android.AndroidDriver.findElement(AndroidDriver.java:1)
	at io.appium.java_client.FindsByAndroidUIAutomator.findElementByAndroidUIAutomator(FindsByAndroidUIAutomator.java:38)
	at Partner.FunctionalTest2.ValidateCompleteTripNotificationWhenTapped_Landsuser_onto_TripDetailsScreen(FunctionalTest2.java:1341)
	at sun.reflect.NativeMethodAccessorImpl.invoke0(Native Method)
	at sun.reflect.NativeMethodAccessorImpl.invoke(Unknown Source)
	at sun.reflect.DelegatingMethodAccessorImpl.invoke(Unknown Source)
	at java.lang.reflect.Method.invoke(Unknown Source)
	at org.testng.internal.MethodInvocationHelper.invokeMethod(MethodInvocationHelper.java:124)
	at org.testng.internal.Invoker.invokeMethod(Invoker.java:580)
	at org.testng.internal.Invoker.invokeTestMethod(Invoker.java:716)
	at org.testng.internal.Invoker.invokeTestMethods(Invoker.java:988)
	at org.testng.internal.TestMethodWorker.invokeTestMethods(TestMethodWorker.java:125)
	at org.testng.internal.TestMethodWorker.run(TestMethodWorker.java:109)
	at java.util.concurrent.ThreadPoolExecutor.runWorker(Unknown Source)
	at java.util.concurrent.ThreadPoolExecutor$Worker.run(Unknown Source)
	at java.lang.Thread.run(Unknown Source)
</pre></div></td>
<td>27</td>
<td>Partner.FunctionalTest2@3fd7a715</td></tr>
<tr>
<td title='Partner.FunctionalTest2.ValidateEarnings_forreferre()'><b>ValidateEarnings_forreferre</b><br>Test class: Partner.FunctionalTest2</td>
<td><div><pre>org.openqa.selenium.NoSuchElementException: Can&apos;t locate an element by this strategy: By.chained({By.id: sign_in_screen_button})
	at io.appium.java_client.pagefactory.AppiumElementLocator.findElement(AppiumElementLocator.java:126)
	at io.appium.java_client.pagefactory.interceptors.InterceptorOfASingleElement.intercept(InterceptorOfASingleElement.java:59)
	at io.appium.java_client.android.AndroidElement$$EnhancerByCGLIB$$b598166c.click(&lt;generated&gt;)
	at Partner.HomeScreen.clickLoginButton(HomeScreen.java:43)
	at Partner.FunctionalTest2.ValidateEarnings_forreferre(FunctionalTest2.java:1864)
	at java.util.concurrent.ThreadPoolExecutor.runWorker(Unknown Source)
	at java.util.concurrent.ThreadPoolExecutor$Worker.run(Unknown Source)
	at java.lang.Thread.run(Unknown Source)
Caused by: org.openqa.selenium.TimeoutException: Expected condition failed: waiting for io.appium.java_client.pagefactory.AppiumElementLocator$WaitingFunction@39f19a88 (tried for 1 second(s) with 500 milliseconds interval)
	at org.openqa.selenium.support.ui.FluentWait.timeoutException(FluentWait.java:304)
	at org.openqa.selenium.support.ui.FluentWait.until(FluentWait.java:272)
	at io.appium.java_client.pagefactory.AppiumElementLocator.waitFor(AppiumElementLocator.java:99)
	at io.appium.java_client.pagefactory.AppiumElementLocator.findElement(AppiumElementLocator.java:119)
	... 17 more
Caused by: org.openqa.selenium.NoSuchElementException: Cannot locate an element using By.chained({By.id: sign_in_screen_button})
For documentation on this error, please visit: https://www.seleniumhq.org/exceptions/no_such_element.html
Build info: version: &apos;3.141.59&apos;, revision: &apos;e82be7d358&apos;, time: &apos;2018-11-14T08:17:03&apos;
System info: host: &apos;DESKTOP-5TGLKVE&apos;, ip: &apos;192.168.193.2&apos;, os.name: &apos;Windows 10&apos;, os.arch: &apos;amd64&apos;, os.version: &apos;10.0&apos;, java.version: &apos;1.8.0_172&apos;
Driver info: driver.version: AndroidDriver
	at io.appium.java_client.pagefactory.bys.builder.ByChained.findElement(ByChained.java:74)
	at org.openqa.selenium.remote.RemoteWebDriver.findElement(RemoteWebDriver.java:314)
	at io.appium.java_client.DefaultGenericMobileDriver.findElement(DefaultGenericMobileDriver.java:58)
	at io.appium.java_client.AppiumDriver.findElement(AppiumDriver.java:1)
	at io.appium.java_client.android.AndroidDriver.findElement(AndroidDriver.java:1)
	at io.appium.java_client.pagefactory.bys.ContentMappedBy.findElement(ContentMappedBy.java:50)
	at org.openqa.selenium.remote.RemoteWebDriver.findElement(RemoteWebDriver.java:314)
	at io.appium.java_client.DefaultGenericMobileDriver.findElement(DefaultGenericMobileDriver.java:58)
	at io.appium.java_client.AppiumDriver.findElement(AppiumDriver.java:1)
	at io.appium.java_client.android.AndroidDriver.findElement(AndroidDriver.java:1)
	at io.appium.java_client.pagefactory.AppiumElementLocator.lambda$0(AppiumElementLocator.java:120)
	at io.appium.java_client.pagefactory.AppiumElementLocator$WaitingFunction.apply(AppiumElementLocator.java:172)
	at io.appium.java_client.pagefactory.AppiumElementLocator$WaitingFunction.apply(AppiumElementLocator.java:1)
	at org.openqa.selenium.support.ui.FluentWait.until(FluentWait.java:249)
	... 19 more
... Removed 10 stack frames</pre></div><a href='#' onClick='toggleBox("stack-trace1791976092", this, "Click to show all stack frames", "Click to hide stack frames")'>Click to show all stack frames</a>
<div class='stack-trace' id='stack-trace1791976092'><pre>org.openqa.selenium.NoSuchElementException: Can&apos;t locate an element by this strategy: By.chained({By.id: sign_in_screen_button})
	at io.appium.java_client.pagefactory.AppiumElementLocator.findElement(AppiumElementLocator.java:126)
	at io.appium.java_client.pagefactory.interceptors.InterceptorOfASingleElement.intercept(InterceptorOfASingleElement.java:59)
	at io.appium.java_client.android.AndroidElement$$EnhancerByCGLIB$$b598166c.click(&lt;generated&gt;)
	at Partner.HomeScreen.clickLoginButton(HomeScreen.java:43)
	at Partner.FunctionalTest2.ValidateEarnings_forreferre(FunctionalTest2.java:1864)
	at sun.reflect.NativeMethodAccessorImpl.invoke0(Native Method)
	at sun.reflect.NativeMethodAccessorImpl.invoke(Unknown Source)
	at sun.reflect.DelegatingMethodAccessorImpl.invoke(Unknown Source)
	at java.lang.reflect.Method.invoke(Unknown Source)
	at org.testng.internal.MethodInvocationHelper.invokeMethod(MethodInvocationHelper.java:124)
	at org.testng.internal.Invoker.invokeMethod(Invoker.java:580)
	at org.testng.internal.Invoker.invokeTestMethod(Invoker.java:716)
	at org.testng.internal.Invoker.invokeTestMethods(Invoker.java:988)
	at org.testng.internal.TestMethodWorker.invokeTestMethods(TestMethodWorker.java:125)
	at org.testng.internal.TestMethodWorker.run(TestMethodWorker.java:109)
	at java.util.concurrent.ThreadPoolExecutor.runWorker(Unknown Source)
	at java.util.concurrent.ThreadPoolExecutor$Worker.run(Unknown Source)
	at java.lang.Thread.run(Unknown Source)
Caused by: org.openqa.selenium.TimeoutException: Expected condition failed: waiting for io.appium.java_client.pagefactory.AppiumElementLocator$WaitingFunction@39f19a88 (tried for 1 second(s) with 500 milliseconds interval)
	at org.openqa.selenium.support.ui.FluentWait.timeoutException(FluentWait.java:304)
	at org.openqa.selenium.support.ui.FluentWait.until(FluentWait.java:272)
	at io.appium.java_client.pagefactory.AppiumElementLocator.waitFor(AppiumElementLocator.java:99)
	at io.appium.java_client.pagefactory.AppiumElementLocator.findElement(AppiumElementLocator.java:119)
	... 17 more
Caused by: org.openqa.selenium.NoSuchElementException: Cannot locate an element using By.chained({By.id: sign_in_screen_button})
For documentation on this error, please visit: https://www.seleniumhq.org/exceptions/no_such_element.html
Build info: version: &apos;3.141.59&apos;, revision: &apos;e82be7d358&apos;, time: &apos;2018-11-14T08:17:03&apos;
System info: host: &apos;DESKTOP-5TGLKVE&apos;, ip: &apos;192.168.193.2&apos;, os.name: &apos;Windows 10&apos;, os.arch: &apos;amd64&apos;, os.version: &apos;10.0&apos;, java.version: &apos;1.8.0_172&apos;
Driver info: driver.version: AndroidDriver
	at io.appium.java_client.pagefactory.bys.builder.ByChained.findElement(ByChained.java:74)
	at org.openqa.selenium.remote.RemoteWebDriver.findElement(RemoteWebDriver.java:314)
	at io.appium.java_client.DefaultGenericMobileDriver.findElement(DefaultGenericMobileDriver.java:58)
	at io.appium.java_client.AppiumDriver.findElement(AppiumDriver.java:1)
	at io.appium.java_client.android.AndroidDriver.findElement(AndroidDriver.java:1)
	at io.appium.java_client.pagefactory.bys.ContentMappedBy.findElement(ContentMappedBy.java:50)
	at org.openqa.selenium.remote.RemoteWebDriver.findElement(RemoteWebDriver.java:314)
	at io.appium.java_client.DefaultGenericMobileDriver.findElement(DefaultGenericMobileDriver.java:58)
	at io.appium.java_client.AppiumDriver.findElement(AppiumDriver.java:1)
	at io.appium.java_client.android.AndroidDriver.findElement(AndroidDriver.java:1)
	at io.appium.java_client.pagefactory.AppiumElementLocator.lambda$0(AppiumElementLocator.java:120)
	at io.appium.java_client.pagefactory.AppiumElementLocator$WaitingFunction.apply(AppiumElementLocator.java:172)
	at io.appium.java_client.pagefactory.AppiumElementLocator$WaitingFunction.apply(AppiumElementLocator.java:1)
	at org.openqa.selenium.support.ui.FluentWait.until(FluentWait.java:249)
	... 19 more
</pre></div></td>
<td>5</td>
<td>Partner.FunctionalTest2@3fd7a715</td></tr>
<tr>
<td title='Partner.FunctionalTest2.ValidateNewTripNotification_WhenTapped_Landsuser_onto_PlaceBidScreen()'><b>ValidateNewTripNotification_WhenTapped_Landsuser_onto_PlaceBidScreen</b><br>Test class: Partner.FunctionalTest2</td>
<td><div><pre>org.openqa.selenium.NoSuchElementException: An element could not be located on the page using the given search parameters.
For documentation on this error, please visit: https://www.seleniumhq.org/exceptions/no_such_element.html
Build info: version: &apos;3.141.59&apos;, revision: &apos;e82be7d358&apos;, time: &apos;2018-11-14T08:17:03&apos;
System info: host: &apos;DESKTOP-5TGLKVE&apos;, ip: &apos;192.168.193.2&apos;, os.name: &apos;Windows 10&apos;, os.arch: &apos;amd64&apos;, os.version: &apos;10.0&apos;, java.version: &apos;1.8.0_172&apos;
Driver info: io.appium.java_client.android.AndroidDriver
Capabilities {appActivity: com.ejogajog.common.ui.spla..., appPackage: com.ejogajog.fleetowner, autoGrantPermissions : true, databaseEnabled: false, desired: {appActivity: com.ejogajog.common.ui.spla..., appPackage: com.ejogajog.fleetowner, autoGrantPermissions : true, deviceName: 07553096783281, disableAndroidWatchers: true, ignoreUnimportantViews: true, newCommandTimeout: 2400, noReset: true, platformName: android, skipDeviceInitialization: true, skipUnlock: true, systemPort: 8201, udid: 07553096783281}, deviceManufacturer: Symphony, deviceModel: E90, deviceName: 07553096783281, deviceScreenSize: 480x800, deviceUDID: 07553096783281, disableAndroidWatchers: true, ignoreUnimportantViews: true, javascriptEnabled: true, locationContextEnabled: false, networkConnectionEnabled: true, newCommandTimeout: 2400, noReset: true, platform: LINUX, platformName: Android, platformVersion: 8.1.0, skipDeviceInitialization: true, skipUnlock: true, systemPort: 8201, takesScreenshot: true, udid: 07553096783281, warnings: {}, webStorageEnabled: false}
Session ID: ee390700-5d89-4d3c-9bf4-3bfecd272c50
*** Element info: {Using=-android uiautomator, value=new UiScrollable(new UiSelector().scrollable(true).instance(0)).scrollIntoView(new UiSelector().textContains(&quot;532&quot;).instance(0))}
	at org.openqa.selenium.remote.http.W3CHttpResponseCodec.createException(W3CHttpResponseCodec.java:187)
	at org.openqa.selenium.remote.http.W3CHttpResponseCodec.decode(W3CHttpResponseCodec.java:122)
	at org.openqa.selenium.remote.http.W3CHttpResponseCodec.decode(W3CHttpResponseCodec.java:49)
	at org.openqa.selenium.remote.HttpCommandExecutor.execute(HttpCommandExecutor.java:158)
	at io.appium.java_client.remote.AppiumCommandExecutor.execute(AppiumCommandExecutor.java:239)
	at org.openqa.selenium.remote.RemoteWebDriver.execute(RemoteWebDriver.java:548)
	at io.appium.java_client.DefaultGenericMobileDriver.execute(DefaultGenericMobileDriver.java:42)
	at io.appium.java_client.AppiumDriver.execute(AppiumDriver.java:1)
	at io.appium.java_client.android.AndroidDriver.execute(AndroidDriver.java:1)
	at org.openqa.selenium.remote.RemoteWebDriver.findElement(RemoteWebDriver.java:322)
	at io.appium.java_client.DefaultGenericMobileDriver.findElement(DefaultGenericMobileDriver.java:62)
	at io.appium.java_client.AppiumDriver.findElement(AppiumDriver.java:1)
	at io.appium.java_client.android.AndroidDriver.findElement(AndroidDriver.java:1)
	at io.appium.java_client.FindsByAndroidUIAutomator.findElementByAndroidUIAutomator(FindsByAndroidUIAutomator.java:38)
	at Partner.NIDScreen.scrollTo(NIDScreen.java:176)
	at Partner.FunctionalTest2.ValidateNewTripNotification_WhenTapped_Landsuser_onto_PlaceBidScreen(FunctionalTest2.java:1262)
	at java.util.concurrent.ThreadPoolExecutor.runWorker(Unknown Source)
	at java.util.concurrent.ThreadPoolExecutor$Worker.run(Unknown Source)
	at java.lang.Thread.run(Unknown Source)
... Removed 13 stack frames</pre></div><a href='#' onClick='toggleBox("stack-trace1057985141", this, "Click to show all stack frames", "Click to hide stack frames")'>Click to show all stack frames</a>
<div class='stack-trace' id='stack-trace1057985141'><pre>org.openqa.selenium.NoSuchElementException: An element could not be located on the page using the given search parameters.
For documentation on this error, please visit: https://www.seleniumhq.org/exceptions/no_such_element.html
Build info: version: &apos;3.141.59&apos;, revision: &apos;e82be7d358&apos;, time: &apos;2018-11-14T08:17:03&apos;
System info: host: &apos;DESKTOP-5TGLKVE&apos;, ip: &apos;192.168.193.2&apos;, os.name: &apos;Windows 10&apos;, os.arch: &apos;amd64&apos;, os.version: &apos;10.0&apos;, java.version: &apos;1.8.0_172&apos;
Driver info: io.appium.java_client.android.AndroidDriver
Capabilities {appActivity: com.ejogajog.common.ui.spla..., appPackage: com.ejogajog.fleetowner, autoGrantPermissions : true, databaseEnabled: false, desired: {appActivity: com.ejogajog.common.ui.spla..., appPackage: com.ejogajog.fleetowner, autoGrantPermissions : true, deviceName: 07553096783281, disableAndroidWatchers: true, ignoreUnimportantViews: true, newCommandTimeout: 2400, noReset: true, platformName: android, skipDeviceInitialization: true, skipUnlock: true, systemPort: 8201, udid: 07553096783281}, deviceManufacturer: Symphony, deviceModel: E90, deviceName: 07553096783281, deviceScreenSize: 480x800, deviceUDID: 07553096783281, disableAndroidWatchers: true, ignoreUnimportantViews: true, javascriptEnabled: true, locationContextEnabled: false, networkConnectionEnabled: true, newCommandTimeout: 2400, noReset: true, platform: LINUX, platformName: Android, platformVersion: 8.1.0, skipDeviceInitialization: true, skipUnlock: true, systemPort: 8201, takesScreenshot: true, udid: 07553096783281, warnings: {}, webStorageEnabled: false}
Session ID: ee390700-5d89-4d3c-9bf4-3bfecd272c50
*** Element info: {Using=-android uiautomator, value=new UiScrollable(new UiSelector().scrollable(true).instance(0)).scrollIntoView(new UiSelector().textContains(&quot;532&quot;).instance(0))}
	at sun.reflect.GeneratedConstructorAccessor43.newInstance(Unknown Source)
	at sun.reflect.DelegatingConstructorAccessorImpl.newInstance(Unknown Source)
	at java.lang.reflect.Constructor.newInstance(Unknown Source)
	at org.openqa.selenium.remote.http.W3CHttpResponseCodec.createException(W3CHttpResponseCodec.java:187)
	at org.openqa.selenium.remote.http.W3CHttpResponseCodec.decode(W3CHttpResponseCodec.java:122)
	at org.openqa.selenium.remote.http.W3CHttpResponseCodec.decode(W3CHttpResponseCodec.java:49)
	at org.openqa.selenium.remote.HttpCommandExecutor.execute(HttpCommandExecutor.java:158)
	at io.appium.java_client.remote.AppiumCommandExecutor.execute(AppiumCommandExecutor.java:239)
	at org.openqa.selenium.remote.RemoteWebDriver.execute(RemoteWebDriver.java:548)
	at io.appium.java_client.DefaultGenericMobileDriver.execute(DefaultGenericMobileDriver.java:42)
	at io.appium.java_client.AppiumDriver.execute(AppiumDriver.java:1)
	at io.appium.java_client.android.AndroidDriver.execute(AndroidDriver.java:1)
	at org.openqa.selenium.remote.RemoteWebDriver.findElement(RemoteWebDriver.java:322)
	at io.appium.java_client.DefaultGenericMobileDriver.findElement(DefaultGenericMobileDriver.java:62)
	at io.appium.java_client.AppiumDriver.findElement(AppiumDriver.java:1)
	at io.appium.java_client.android.AndroidDriver.findElement(AndroidDriver.java:1)
	at io.appium.java_client.FindsByAndroidUIAutomator.findElementByAndroidUIAutomator(FindsByAndroidUIAutomator.java:38)
	at Partner.NIDScreen.scrollTo(NIDScreen.java:176)
	at Partner.FunctionalTest2.ValidateNewTripNotification_WhenTapped_Landsuser_onto_PlaceBidScreen(FunctionalTest2.java:1262)
	at sun.reflect.NativeMethodAccessorImpl.invoke0(Native Method)
	at sun.reflect.NativeMethodAccessorImpl.invoke(Unknown Source)
	at sun.reflect.DelegatingMethodAccessorImpl.invoke(Unknown Source)
	at java.lang.reflect.Method.invoke(Unknown Source)
	at org.testng.internal.MethodInvocationHelper.invokeMethod(MethodInvocationHelper.java:124)
	at org.testng.internal.Invoker.invokeMethod(Invoker.java:580)
	at org.testng.internal.Invoker.invokeTestMethod(Invoker.java:716)
	at org.testng.internal.Invoker.invokeTestMethods(Invoker.java:988)
	at org.testng.internal.TestMethodWorker.invokeTestMethods(TestMethodWorker.java:125)
	at org.testng.internal.TestMethodWorker.run(TestMethodWorker.java:109)
	at java.util.concurrent.ThreadPoolExecutor.runWorker(Unknown Source)
	at java.util.concurrent.ThreadPoolExecutor$Worker.run(Unknown Source)
	at java.lang.Thread.run(Unknown Source)
</pre></div></td>
<td>25</td>
<td>Partner.FunctionalTest2@3fd7a715</td></tr>
<tr>
<td title='Partner.FunctionalTest2.ValidatePartnerListedNotifications_AreDisplayed()'><b>ValidatePartnerListedNotifications_AreDisplayed</b><br>Test class: Partner.FunctionalTest2</td>
<td><div><pre>org.openqa.selenium.NoSuchElementException: An element could not be located on the page using the given search parameters.
For documentation on this error, please visit: https://www.seleniumhq.org/exceptions/no_such_element.html
Build info: version: &apos;3.141.59&apos;, revision: &apos;e82be7d358&apos;, time: &apos;2018-11-14T08:17:03&apos;
System info: host: &apos;DESKTOP-5TGLKVE&apos;, ip: &apos;192.168.193.2&apos;, os.name: &apos;Windows 10&apos;, os.arch: &apos;amd64&apos;, os.version: &apos;10.0&apos;, java.version: &apos;1.8.0_172&apos;
Driver info: io.appium.java_client.android.AndroidDriver
Capabilities {appActivity: com.ejogajog.common.ui.spla..., appPackage: com.ejogajog.fleetowner, autoGrantPermissions : true, databaseEnabled: false, desired: {appActivity: com.ejogajog.common.ui.spla..., appPackage: com.ejogajog.fleetowner, autoGrantPermissions : true, deviceName: 07553096783281, disableAndroidWatchers: true, ignoreUnimportantViews: true, newCommandTimeout: 2400, noReset: true, platformName: android, skipDeviceInitialization: true, skipUnlock: true, systemPort: 8201, udid: 07553096783281}, deviceManufacturer: Symphony, deviceModel: E90, deviceName: 07553096783281, deviceScreenSize: 480x800, deviceUDID: 07553096783281, disableAndroidWatchers: true, ignoreUnimportantViews: true, javascriptEnabled: true, locationContextEnabled: false, networkConnectionEnabled: true, newCommandTimeout: 2400, noReset: true, platform: LINUX, platformName: Android, platformVersion: 8.1.0, skipDeviceInitialization: true, skipUnlock: true, systemPort: 8201, takesScreenshot: true, udid: 07553096783281, warnings: {}, webStorageEnabled: false}
Session ID: e33d33b2-d645-4f06-a834-791e01813187
*** Element info: {Using=-android uiautomator, value=new UiScrollable(new UiSelector().scrollable(true).instance(0)).scrollIntoView(new UiSelector().textContains(&quot;New Trip&quot;).instance(0))}
	at org.openqa.selenium.remote.http.W3CHttpResponseCodec.createException(W3CHttpResponseCodec.java:187)
	at org.openqa.selenium.remote.http.W3CHttpResponseCodec.decode(W3CHttpResponseCodec.java:122)
	at org.openqa.selenium.remote.http.W3CHttpResponseCodec.decode(W3CHttpResponseCodec.java:49)
	at org.openqa.selenium.remote.HttpCommandExecutor.execute(HttpCommandExecutor.java:158)
	at io.appium.java_client.remote.AppiumCommandExecutor.execute(AppiumCommandExecutor.java:239)
	at org.openqa.selenium.remote.RemoteWebDriver.execute(RemoteWebDriver.java:548)
	at io.appium.java_client.DefaultGenericMobileDriver.execute(DefaultGenericMobileDriver.java:42)
	at io.appium.java_client.AppiumDriver.execute(AppiumDriver.java:1)
	at io.appium.java_client.android.AndroidDriver.execute(AndroidDriver.java:1)
	at org.openqa.selenium.remote.RemoteWebDriver.findElement(RemoteWebDriver.java:322)
	at io.appium.java_client.DefaultGenericMobileDriver.findElement(DefaultGenericMobileDriver.java:62)
	at io.appium.java_client.AppiumDriver.findElement(AppiumDriver.java:1)
	at io.appium.java_client.android.AndroidDriver.findElement(AndroidDriver.java:1)
	at io.appium.java_client.FindsByAndroidUIAutomator.findElementByAndroidUIAutomator(FindsByAndroidUIAutomator.java:38)
	at Partner.NIDScreen.scrollTo(NIDScreen.java:176)
	at Partner.FunctionalTest2.ValidatePartnerListedNotifications_AreDisplayed(FunctionalTest2.java:1251)
	at java.util.concurrent.ThreadPoolExecutor.runWorker(Unknown Source)
	at java.util.concurrent.ThreadPoolExecutor$Worker.run(Unknown Source)
	at java.lang.Thread.run(Unknown Source)
... Removed 13 stack frames</pre></div><a href='#' onClick='toggleBox("stack-trace1207843497", this, "Click to show all stack frames", "Click to hide stack frames")'>Click to show all stack frames</a>
<div class='stack-trace' id='stack-trace1207843497'><pre>org.openqa.selenium.NoSuchElementException: An element could not be located on the page using the given search parameters.
For documentation on this error, please visit: https://www.seleniumhq.org/exceptions/no_such_element.html
Build info: version: &apos;3.141.59&apos;, revision: &apos;e82be7d358&apos;, time: &apos;2018-11-14T08:17:03&apos;
System info: host: &apos;DESKTOP-5TGLKVE&apos;, ip: &apos;192.168.193.2&apos;, os.name: &apos;Windows 10&apos;, os.arch: &apos;amd64&apos;, os.version: &apos;10.0&apos;, java.version: &apos;1.8.0_172&apos;
Driver info: io.appium.java_client.android.AndroidDriver
Capabilities {appActivity: com.ejogajog.common.ui.spla..., appPackage: com.ejogajog.fleetowner, autoGrantPermissions : true, databaseEnabled: false, desired: {appActivity: com.ejogajog.common.ui.spla..., appPackage: com.ejogajog.fleetowner, autoGrantPermissions : true, deviceName: 07553096783281, disableAndroidWatchers: true, ignoreUnimportantViews: true, newCommandTimeout: 2400, noReset: true, platformName: android, skipDeviceInitialization: true, skipUnlock: true, systemPort: 8201, udid: 07553096783281}, deviceManufacturer: Symphony, deviceModel: E90, deviceName: 07553096783281, deviceScreenSize: 480x800, deviceUDID: 07553096783281, disableAndroidWatchers: true, ignoreUnimportantViews: true, javascriptEnabled: true, locationContextEnabled: false, networkConnectionEnabled: true, newCommandTimeout: 2400, noReset: true, platform: LINUX, platformName: Android, platformVersion: 8.1.0, skipDeviceInitialization: true, skipUnlock: true, systemPort: 8201, takesScreenshot: true, udid: 07553096783281, warnings: {}, webStorageEnabled: false}
Session ID: e33d33b2-d645-4f06-a834-791e01813187
*** Element info: {Using=-android uiautomator, value=new UiScrollable(new UiSelector().scrollable(true).instance(0)).scrollIntoView(new UiSelector().textContains(&quot;New Trip&quot;).instance(0))}
	at sun.reflect.GeneratedConstructorAccessor43.newInstance(Unknown Source)
	at sun.reflect.DelegatingConstructorAccessorImpl.newInstance(Unknown Source)
	at java.lang.reflect.Constructor.newInstance(Unknown Source)
	at org.openqa.selenium.remote.http.W3CHttpResponseCodec.createException(W3CHttpResponseCodec.java:187)
	at org.openqa.selenium.remote.http.W3CHttpResponseCodec.decode(W3CHttpResponseCodec.java:122)
	at org.openqa.selenium.remote.http.W3CHttpResponseCodec.decode(W3CHttpResponseCodec.java:49)
	at org.openqa.selenium.remote.HttpCommandExecutor.execute(HttpCommandExecutor.java:158)
	at io.appium.java_client.remote.AppiumCommandExecutor.execute(AppiumCommandExecutor.java:239)
	at org.openqa.selenium.remote.RemoteWebDriver.execute(RemoteWebDriver.java:548)
	at io.appium.java_client.DefaultGenericMobileDriver.execute(DefaultGenericMobileDriver.java:42)
	at io.appium.java_client.AppiumDriver.execute(AppiumDriver.java:1)
	at io.appium.java_client.android.AndroidDriver.execute(AndroidDriver.java:1)
	at org.openqa.selenium.remote.RemoteWebDriver.findElement(RemoteWebDriver.java:322)
	at io.appium.java_client.DefaultGenericMobileDriver.findElement(DefaultGenericMobileDriver.java:62)
	at io.appium.java_client.AppiumDriver.findElement(AppiumDriver.java:1)
	at io.appium.java_client.android.AndroidDriver.findElement(AndroidDriver.java:1)
	at io.appium.java_client.FindsByAndroidUIAutomator.findElementByAndroidUIAutomator(FindsByAndroidUIAutomator.java:38)
	at Partner.NIDScreen.scrollTo(NIDScreen.java:176)
	at Partner.FunctionalTest2.ValidatePartnerListedNotifications_AreDisplayed(FunctionalTest2.java:1251)
	at sun.reflect.NativeMethodAccessorImpl.invoke0(Native Method)
	at sun.reflect.NativeMethodAccessorImpl.invoke(Unknown Source)
	at sun.reflect.DelegatingMethodAccessorImpl.invoke(Unknown Source)
	at java.lang.reflect.Method.invoke(Unknown Source)
	at org.testng.internal.MethodInvocationHelper.invokeMethod(MethodInvocationHelper.java:124)
	at org.testng.internal.Invoker.invokeMethod(Invoker.java:580)
	at org.testng.internal.Invoker.invokeTestMethod(Invoker.java:716)
	at org.testng.internal.Invoker.invokeTestMethods(Invoker.java:988)
	at org.testng.internal.TestMethodWorker.invokeTestMethods(TestMethodWorker.java:125)
	at org.testng.internal.TestMethodWorker.run(TestMethodWorker.java:109)
	at java.util.concurrent.ThreadPoolExecutor.runWorker(Unknown Source)
	at java.util.concurrent.ThreadPoolExecutor$Worker.run(Unknown Source)
	at java.lang.Thread.run(Unknown Source)
</pre></div></td>
<td>32</td>
<td>Partner.FunctionalTest2@3fd7a715</td></tr>
<tr>
<td title='Customer.FunctionalTest5.ValidateTripStartedNotification_WhenTapped_LandsUser_Onto_BookingDetailsScreen_Foruser_havingOption_toCompleteTrip()'><b>ValidateTripStartedNotification_WhenTapped_LandsUser_Onto_BookingDetailsScreen_Foruser_havingOption_toCompleteTrip</b><br>Test class: Customer.FunctionalTest5</td>
<td><div><pre>org.openqa.selenium.NoSuchElementException: An element could not be located on the page using the given search parameters.
For documentation on this error, please visit: https://www.seleniumhq.org/exceptions/no_such_element.html
Build info: version: &apos;3.141.59&apos;, revision: &apos;e82be7d358&apos;, time: &apos;2018-11-14T08:17:03&apos;
System info: host: &apos;DESKTOP-5TGLKVE&apos;, ip: &apos;192.168.193.2&apos;, os.name: &apos;Windows 10&apos;, os.arch: &apos;amd64&apos;, os.version: &apos;10.0&apos;, java.version: &apos;1.8.0_172&apos;
Driver info: io.appium.java_client.android.AndroidDriver
Capabilities {appActivity: com.ejogajog.common.ui.spla..., appPackage: com.ejogajog.serviceseeker, autoGrantPermissions : true, databaseEnabled: false, desired: {appActivity: com.ejogajog.common.ui.spla..., appPackage: com.ejogajog.serviceseeker, autoGrantPermissions : true, deviceName: 420036c7e42035fb, disableAndroidWatchers: true, ignoreUnimportantViews: true, newCommandTimeout: 2400, noReset: true, platformName: android, skipDeviceInitialization: true, skipUnlock: true, systemPort: 8202, udid: 420036c7e42035fb}, deviceManufacturer: samsung, deviceModel: SM-G532G, deviceName: 420036c7e42035fb, deviceScreenSize: 540x960, deviceUDID: 420036c7e42035fb, disableAndroidWatchers: true, ignoreUnimportantViews: true, javascriptEnabled: true, locationContextEnabled: false, networkConnectionEnabled: true, newCommandTimeout: 2400, noReset: true, platform: LINUX, platformName: Android, platformVersion: 6.0.1, skipDeviceInitialization: true, skipUnlock: true, systemPort: 8202, takesScreenshot: true, udid: 420036c7e42035fb, warnings: {}, webStorageEnabled: false}
Session ID: 9557e382-8e50-4e7e-a88f-b1e6f49a34ac
*** Element info: {Using=-android uiautomator, value=new UiScrollable(new UiSelector().scrollable(true).instance(0)).scrollIntoView(new UiSelector().textContains(&quot;COMPLETE THIS TRIP&quot;).instance(0))}
	at org.openqa.selenium.remote.http.W3CHttpResponseCodec.createException(W3CHttpResponseCodec.java:187)
	at org.openqa.selenium.remote.http.W3CHttpResponseCodec.decode(W3CHttpResponseCodec.java:122)
	at org.openqa.selenium.remote.http.W3CHttpResponseCodec.decode(W3CHttpResponseCodec.java:49)
	at org.openqa.selenium.remote.HttpCommandExecutor.execute(HttpCommandExecutor.java:158)
	at io.appium.java_client.remote.AppiumCommandExecutor.execute(AppiumCommandExecutor.java:239)
	at org.openqa.selenium.remote.RemoteWebDriver.execute(RemoteWebDriver.java:548)
	at io.appium.java_client.DefaultGenericMobileDriver.execute(DefaultGenericMobileDriver.java:42)
	at io.appium.java_client.AppiumDriver.execute(AppiumDriver.java:1)
	at io.appium.java_client.android.AndroidDriver.execute(AndroidDriver.java:1)
	at org.openqa.selenium.remote.RemoteWebDriver.findElement(RemoteWebDriver.java:322)
	at io.appium.java_client.DefaultGenericMobileDriver.findElement(DefaultGenericMobileDriver.java:62)
	at io.appium.java_client.AppiumDriver.findElement(AppiumDriver.java:1)
	at io.appium.java_client.android.AndroidDriver.findElement(AndroidDriver.java:1)
	at io.appium.java_client.FindsByAndroidUIAutomator.findElementByAndroidUIAutomator(FindsByAndroidUIAutomator.java:38)
	at Customer.NIDScreen.scrollTo(NIDScreen.java:162)
	at Customer.FunctionalTest5.ValidateTripStartedNotification_WhenTapped_LandsUser_Onto_BookingDetailsScreen_Foruser_havingOption_toCompleteTrip(FunctionalTest5.java:1198)
	at java.util.concurrent.ThreadPoolExecutor.runWorker(Unknown Source)
	at java.util.concurrent.ThreadPoolExecutor$Worker.run(Unknown Source)
	at java.lang.Thread.run(Unknown Source)
... Removed 13 stack frames</pre></div><a href='#' onClick='toggleBox("stack-trace615226235", this, "Click to show all stack frames", "Click to hide stack frames")'>Click to show all stack frames</a>
<div class='stack-trace' id='stack-trace615226235'><pre>org.openqa.selenium.NoSuchElementException: An element could not be located on the page using the given search parameters.
For documentation on this error, please visit: https://www.seleniumhq.org/exceptions/no_such_element.html
Build info: version: &apos;3.141.59&apos;, revision: &apos;e82be7d358&apos;, time: &apos;2018-11-14T08:17:03&apos;
System info: host: &apos;DESKTOP-5TGLKVE&apos;, ip: &apos;192.168.193.2&apos;, os.name: &apos;Windows 10&apos;, os.arch: &apos;amd64&apos;, os.version: &apos;10.0&apos;, java.version: &apos;1.8.0_172&apos;
Driver info: io.appium.java_client.android.AndroidDriver
Capabilities {appActivity: com.ejogajog.common.ui.spla..., appPackage: com.ejogajog.serviceseeker, autoGrantPermissions : true, databaseEnabled: false, desired: {appActivity: com.ejogajog.common.ui.spla..., appPackage: com.ejogajog.serviceseeker, autoGrantPermissions : true, deviceName: 420036c7e42035fb, disableAndroidWatchers: true, ignoreUnimportantViews: true, newCommandTimeout: 2400, noReset: true, platformName: android, skipDeviceInitialization: true, skipUnlock: true, systemPort: 8202, udid: 420036c7e42035fb}, deviceManufacturer: samsung, deviceModel: SM-G532G, deviceName: 420036c7e42035fb, deviceScreenSize: 540x960, deviceUDID: 420036c7e42035fb, disableAndroidWatchers: true, ignoreUnimportantViews: true, javascriptEnabled: true, locationContextEnabled: false, networkConnectionEnabled: true, newCommandTimeout: 2400, noReset: true, platform: LINUX, platformName: Android, platformVersion: 6.0.1, skipDeviceInitialization: true, skipUnlock: true, systemPort: 8202, takesScreenshot: true, udid: 420036c7e42035fb, warnings: {}, webStorageEnabled: false}
Session ID: 9557e382-8e50-4e7e-a88f-b1e6f49a34ac
*** Element info: {Using=-android uiautomator, value=new UiScrollable(new UiSelector().scrollable(true).instance(0)).scrollIntoView(new UiSelector().textContains(&quot;COMPLETE THIS TRIP&quot;).instance(0))}
	at sun.reflect.GeneratedConstructorAccessor43.newInstance(Unknown Source)
	at sun.reflect.DelegatingConstructorAccessorImpl.newInstance(Unknown Source)
	at java.lang.reflect.Constructor.newInstance(Unknown Source)
	at org.openqa.selenium.remote.http.W3CHttpResponseCodec.createException(W3CHttpResponseCodec.java:187)
	at org.openqa.selenium.remote.http.W3CHttpResponseCodec.decode(W3CHttpResponseCodec.java:122)
	at org.openqa.selenium.remote.http.W3CHttpResponseCodec.decode(W3CHttpResponseCodec.java:49)
	at org.openqa.selenium.remote.HttpCommandExecutor.execute(HttpCommandExecutor.java:158)
	at io.appium.java_client.remote.AppiumCommandExecutor.execute(AppiumCommandExecutor.java:239)
	at org.openqa.selenium.remote.RemoteWebDriver.execute(RemoteWebDriver.java:548)
	at io.appium.java_client.DefaultGenericMobileDriver.execute(DefaultGenericMobileDriver.java:42)
	at io.appium.java_client.AppiumDriver.execute(AppiumDriver.java:1)
	at io.appium.java_client.android.AndroidDriver.execute(AndroidDriver.java:1)
	at org.openqa.selenium.remote.RemoteWebDriver.findElement(RemoteWebDriver.java:322)
	at io.appium.java_client.DefaultGenericMobileDriver.findElement(DefaultGenericMobileDriver.java:62)
	at io.appium.java_client.AppiumDriver.findElement(AppiumDriver.java:1)
	at io.appium.java_client.android.AndroidDriver.findElement(AndroidDriver.java:1)
	at io.appium.java_client.FindsByAndroidUIAutomator.findElementByAndroidUIAutomator(FindsByAndroidUIAutomator.java:38)
	at Customer.NIDScreen.scrollTo(NIDScreen.java:162)
	at Customer.FunctionalTest5.ValidateTripStartedNotification_WhenTapped_LandsUser_Onto_BookingDetailsScreen_Foruser_havingOption_toCompleteTrip(FunctionalTest5.java:1198)
	at sun.reflect.NativeMethodAccessorImpl.invoke0(Native Method)
	at sun.reflect.NativeMethodAccessorImpl.invoke(Unknown Source)
	at sun.reflect.DelegatingMethodAccessorImpl.invoke(Unknown Source)
	at java.lang.reflect.Method.invoke(Unknown Source)
	at org.testng.internal.MethodInvocationHelper.invokeMethod(MethodInvocationHelper.java:124)
	at org.testng.internal.Invoker.invokeMethod(Invoker.java:580)
	at org.testng.internal.Invoker.invokeTestMethod(Invoker.java:716)
	at org.testng.internal.Invoker.invokeTestMethods(Invoker.java:988)
	at org.testng.internal.TestMethodWorker.invokeTestMethods(TestMethodWorker.java:125)
	at org.testng.internal.TestMethodWorker.run(TestMethodWorker.java:109)
	at java.util.concurrent.ThreadPoolExecutor.runWorker(Unknown Source)
	at java.util.concurrent.ThreadPoolExecutor$Worker.run(Unknown Source)
	at java.lang.Thread.run(Unknown Source)
</pre></div></td>
<td>28</td>
<td>Customer.FunctionalTest5@711f39f9</td></tr>
<tr>
<td title='Partner.FunctionalTest2.placebidontrip_createdbyreferredcustomer_and_ValidateEarningsforreferredcustomer()'><b>placebidontrip_createdbyreferredcustomer_and_ValidateEarningsforreferredcustomer</b><br>Test class: Partner.FunctionalTest2</td>
<td><div><pre>java.lang.Throwable: Multiple failures (3)
(1)Utils.VerificationError:Truck submitted for admin approval message validation failed expected [95] but found [124]
(2)Utils.VerificationError:Driver registered successfully validation failed expected [Driver sign up request has been placed for approval. They will get a confirmation SMS within 24 hours. Please contact customer service on +8809768111444 for further assistance.] but found [Driver sign up request has been placed for approval. They will get a confirmation SMS within 24 hours. Please contact customer service on +8809678111444 for further assistance.]
(3)org.openqa.selenium.NoSuchElementException:An element could not be located on the page using the given search parameters.
For documentation on this error, please visit: https://www.seleniumhq.org/exceptions/no_such_element.html
Build info: version: &apos;3.141.59&apos;, revision: &apos;e82be7d358&apos;, time: &apos;2018-11-14T08:17:03&apos;
System info: host: &apos;DESKTOP-5TGLKVE&apos;, ip: &apos;192.168.193.2&apos;, os.name: &apos;Windows 10&apos;, os.arch: &apos;amd64&apos;, os.version: &apos;10.0&apos;, java.version: &apos;1.8.0_172&apos;
Driver info: io.appium.java_client.android.AndroidDriver
Capabilities {appActivity: com.ejogajog.common.ui.spla..., appPackage: com.ejogajog.fleetowner, autoGrantPermissions : true, databaseEnabled: false, desired: {appActivity: com.ejogajog.common.ui.spla..., appPackage: com.ejogajog.fleetowner, autoGrantPermissions : true, deviceName: 07553096783281, disableAndroidWatchers: true, ignoreUnimportantViews: true, newCommandTimeout: 2400, noReset: true, platformName: android, skipDeviceInitialization: true, skipUnlock: true, systemPort: 8201, udid: 07553096783281}, deviceManufacturer: Symphony, deviceModel: E90, deviceName: 07553096783281, deviceScreenSize: 480x800, deviceUDID: 07553096783281, disableAndroidWatchers: true, ignoreUnimportantViews: true, javascriptEnabled: true, locationContextEnabled: false, networkConnectionEnabled: true, newCommandTimeout: 2400, noReset: true, platform: LINUX, platformName: Android, platformVersion: 8.1.0, skipDeviceInitialization: true, skipUnlock: true, systemPort: 8201, takesScreenshot: true, udid: 07553096783281, warnings: {}, webStorageEnabled: false}
Session ID: 08857200-526d-42d2-94cb-70e3091d0175
*** Element info: {Using=-android uiautomator, value=new UiSelector().textContains(&quot;You are rewarded Taka 50&quot;)}

Failure 1 of 3
Utils.VerificationError: Truck submitted for admin approval message validation failed expected [95] but found [124]
	at Utils.Verify.verifyEquals(Verify.java:218)
	at Partner.FunctionalTest2.placebidontrip_createdbyreferredcustomer_and_ValidateEarningsforreferredcustomer(FunctionalTest2.java:1688)
	at java.util.concurrent.ThreadPoolExecutor.runWorker(Unknown Source)
	at java.util.concurrent.ThreadPoolExecutor$Worker.run(Unknown Source)
	at java.lang.Thread.run(Unknown Source)

Failure 2 of 3
Utils.VerificationError: Driver registered successfully validation failed expected [Driver sign up request has been placed for approval. They will get a confirmation SMS within 24 hours. Please contact customer service on +8809768111444 for further assistance.] but found [Driver sign up request has been placed for approval. They will get a confirmation SMS within 24 hours. Please contact customer service on +8809678111444 for further assistance.]
	at Utils.Verify.verifyEquals(Verify.java:90)
	at Partner.FunctionalTest2.placebidontrip_createdbyreferredcustomer_and_ValidateEarningsforreferredcustomer(FunctionalTest2.java:1794)
	at java.util.concurrent.ThreadPoolExecutor.runWorker(Unknown Source)
	at java.util.concurrent.ThreadPoolExecutor$Worker.run(Unknown Source)
	at java.lang.Thread.run(Unknown Source)

Failure 3 of 3
org.openqa.selenium.NoSuchElementException: An element could not be located on the page using the given search parameters.
For documentation on this error, please visit: https://www.seleniumhq.org/exceptions/no_such_element.html
Build info: version: &apos;3.141.59&apos;, revision: &apos;e82be7d358&apos;, time: &apos;2018-11-14T08:17:03&apos;
System info: host: &apos;DESKTOP-5TGLKVE&apos;, ip: &apos;192.168.193.2&apos;, os.name: &apos;Windows 10&apos;, os.arch: &apos;amd64&apos;, os.version: &apos;10.0&apos;, java.version: &apos;1.8.0_172&apos;
Driver info: io.appium.java_client.android.AndroidDriver
Capabilities {appActivity: com.ejogajog.common.ui.spla..., appPackage: com.ejogajog.fleetowner, autoGrantPermissions : true, databaseEnabled: false, desired: {appActivity: com.ejogajog.common.ui.spla..., appPackage: com.ejogajog.fleetowner, autoGrantPermissions : true, deviceName: 07553096783281, disableAndroidWatchers: true, ignoreUnimportantViews: true, newCommandTimeout: 2400, noReset: true, platformName: android, skipDeviceInitialization: true, skipUnlock: true, systemPort: 8201, udid: 07553096783281}, deviceManufacturer: Symphony, deviceModel: E90, deviceName: 07553096783281, deviceScreenSize: 480x800, deviceUDID: 07553096783281, disableAndroidWatchers: true, ignoreUnimportantViews: true, javascriptEnabled: true, locationContextEnabled: false, networkConnectionEnabled: true, newCommandTimeout: 2400, noReset: true, platform: LINUX, platformName: Android, platformVersion: 8.1.0, skipDeviceInitialization: true, skipUnlock: true, systemPort: 8201, takesScreenshot: true, udid: 07553096783281, warnings: {}, webStorageEnabled: false}
Session ID: 08857200-526d-42d2-94cb-70e3091d0175
*** Element info: {Using=-android uiautomator, value=new UiSelector().textContains(&quot;You are rewarded Taka 50&quot;)}
	at org.openqa.selenium.remote.http.W3CHttpResponseCodec.createException(W3CHttpResponseCodec.java:187)
	at org.openqa.selenium.remote.http.W3CHttpResponseCodec.decode(W3CHttpResponseCodec.java:122)
	at org.openqa.selenium.remote.http.W3CHttpResponseCodec.decode(W3CHttpResponseCodec.java:49)
	at org.openqa.selenium.remote.HttpCommandExecutor.execute(HttpCommandExecutor.java:158)
	at io.appium.java_client.remote.AppiumCommandExecutor.execute(AppiumCommandExecutor.java:239)
	at org.openqa.selenium.remote.RemoteWebDriver.execute(RemoteWebDriver.java:548)
	at io.appium.java_client.DefaultGenericMobileDriver.execute(DefaultGenericMobileDriver.java:42)
	at io.appium.java_client.AppiumDriver.execute(AppiumDriver.java:1)
	at io.appium.java_client.android.AndroidDriver.execute(AndroidDriver.java:1)
	at org.openqa.selenium.remote.RemoteWebDriver.findElement(RemoteWebDriver.java:322)
	at io.appium.java_client.DefaultGenericMobileDriver.findElement(DefaultGenericMobileDriver.java:62)
	at io.appium.java_client.AppiumDriver.findElement(AppiumDriver.java:1)
	at io.appium.java_client.android.AndroidDriver.findElement(AndroidDriver.java:1)
	at io.appium.java_client.FindsByAndroidUIAutomator.findElementByAndroidUIAutomator(FindsByAndroidUIAutomator.java:38)
	at Partner.FunctionalTest2.placebidontrip_createdbyreferredcustomer_and_ValidateEarningsforreferredcustomer(FunctionalTest2.java:1811)
	at java.util.concurrent.ThreadPoolExecutor.runWorker(Unknown Source)
	at java.util.concurrent.ThreadPoolExecutor$Worker.run(Unknown Source)
	at java.lang.Thread.run(Unknown Source)
... Removed 43 stack frames</pre></div><a href='#' onClick='toggleBox("stack-trace911011355", this, "Click to show all stack frames", "Click to hide stack frames")'>Click to show all stack frames</a>
<div class='stack-trace' id='stack-trace911011355'><pre>java.lang.Throwable: Multiple failures (3)
(1)Utils.VerificationError:Truck submitted for admin approval message validation failed expected [95] but found [124]
(2)Utils.VerificationError:Driver registered successfully validation failed expected [Driver sign up request has been placed for approval. They will get a confirmation SMS within 24 hours. Please contact customer service on +8809768111444 for further assistance.] but found [Driver sign up request has been placed for approval. They will get a confirmation SMS within 24 hours. Please contact customer service on +8809678111444 for further assistance.]
(3)org.openqa.selenium.NoSuchElementException:An element could not be located on the page using the given search parameters.
For documentation on this error, please visit: https://www.seleniumhq.org/exceptions/no_such_element.html
Build info: version: &apos;3.141.59&apos;, revision: &apos;e82be7d358&apos;, time: &apos;2018-11-14T08:17:03&apos;
System info: host: &apos;DESKTOP-5TGLKVE&apos;, ip: &apos;192.168.193.2&apos;, os.name: &apos;Windows 10&apos;, os.arch: &apos;amd64&apos;, os.version: &apos;10.0&apos;, java.version: &apos;1.8.0_172&apos;
Driver info: io.appium.java_client.android.AndroidDriver
Capabilities {appActivity: com.ejogajog.common.ui.spla..., appPackage: com.ejogajog.fleetowner, autoGrantPermissions : true, databaseEnabled: false, desired: {appActivity: com.ejogajog.common.ui.spla..., appPackage: com.ejogajog.fleetowner, autoGrantPermissions : true, deviceName: 07553096783281, disableAndroidWatchers: true, ignoreUnimportantViews: true, newCommandTimeout: 2400, noReset: true, platformName: android, skipDeviceInitialization: true, skipUnlock: true, systemPort: 8201, udid: 07553096783281}, deviceManufacturer: Symphony, deviceModel: E90, deviceName: 07553096783281, deviceScreenSize: 480x800, deviceUDID: 07553096783281, disableAndroidWatchers: true, ignoreUnimportantViews: true, javascriptEnabled: true, locationContextEnabled: false, networkConnectionEnabled: true, newCommandTimeout: 2400, noReset: true, platform: LINUX, platformName: Android, platformVersion: 8.1.0, skipDeviceInitialization: true, skipUnlock: true, systemPort: 8201, takesScreenshot: true, udid: 07553096783281, warnings: {}, webStorageEnabled: false}
Session ID: 08857200-526d-42d2-94cb-70e3091d0175
*** Element info: {Using=-android uiautomator, value=new UiSelector().textContains(&quot;You are rewarded Taka 50&quot;)}

Failure 1 of 3
Utils.VerificationError: Truck submitted for admin approval message validation failed expected [95] but found [124]
	at org.testng.Assert.fail(Assert.java:96)
	at org.testng.Assert.failNotEquals(Assert.java:776)
	at org.testng.Assert.assertEqualsImpl(Assert.java:137)
	at org.testng.Assert.assertEquals(Assert.java:118)
	at org.testng.Assert.assertEquals(Assert.java:652)
	at Utils.Verify.verifyEquals(Verify.java:218)
	at Partner.FunctionalTest2.placebidontrip_createdbyreferredcustomer_and_ValidateEarningsforreferredcustomer(FunctionalTest2.java:1688)
	at sun.reflect.NativeMethodAccessorImpl.invoke0(Native Method)
	at sun.reflect.NativeMethodAccessorImpl.invoke(Unknown Source)
	at sun.reflect.DelegatingMethodAccessorImpl.invoke(Unknown Source)
	at java.lang.reflect.Method.invoke(Unknown Source)
	at org.testng.internal.MethodInvocationHelper.invokeMethod(MethodInvocationHelper.java:124)
	at org.testng.internal.Invoker.invokeMethod(Invoker.java:580)
	at org.testng.internal.Invoker.invokeTestMethod(Invoker.java:716)
	at org.testng.internal.Invoker.invokeTestMethods(Invoker.java:988)
	at org.testng.internal.TestMethodWorker.invokeTestMethods(TestMethodWorker.java:125)
	at org.testng.internal.TestMethodWorker.run(TestMethodWorker.java:109)
	at java.util.concurrent.ThreadPoolExecutor.runWorker(Unknown Source)
	at java.util.concurrent.ThreadPoolExecutor$Worker.run(Unknown Source)
	at java.lang.Thread.run(Unknown Source)

Failure 2 of 3
Utils.VerificationError: Driver registered successfully validation failed expected [Driver sign up request has been placed for approval. They will get a confirmation SMS within 24 hours. Please contact customer service on +8809768111444 for further assistance.] but found [Driver sign up request has been placed for approval. They will get a confirmation SMS within 24 hours. Please contact customer service on +8809678111444 for further assistance.]
	at org.testng.Assert.fail(Assert.java:96)
	at org.testng.Assert.failNotEquals(Assert.java:776)
	at org.testng.Assert.assertEqualsImpl(Assert.java:137)
	at org.testng.Assert.assertEquals(Assert.java:118)
	at org.testng.Assert.assertEquals(Assert.java:453)
	at Utils.Verify.verifyEquals(Verify.java:90)
	at Partner.FunctionalTest2.placebidontrip_createdbyreferredcustomer_and_ValidateEarningsforreferredcustomer(FunctionalTest2.java:1794)
	at sun.reflect.NativeMethodAccessorImpl.invoke0(Native Method)
	at sun.reflect.NativeMethodAccessorImpl.invoke(Unknown Source)
	at sun.reflect.DelegatingMethodAccessorImpl.invoke(Unknown Source)
	at java.lang.reflect.Method.invoke(Unknown Source)
	at org.testng.internal.MethodInvocationHelper.invokeMethod(MethodInvocationHelper.java:124)
	at org.testng.internal.Invoker.invokeMethod(Invoker.java:580)
	at org.testng.internal.Invoker.invokeTestMethod(Invoker.java:716)
	at org.testng.internal.Invoker.invokeTestMethods(Invoker.java:988)
	at org.testng.internal.TestMethodWorker.invokeTestMethods(TestMethodWorker.java:125)
	at org.testng.internal.TestMethodWorker.run(TestMethodWorker.java:109)
	at java.util.concurrent.ThreadPoolExecutor.runWorker(Unknown Source)
	at java.util.concurrent.ThreadPoolExecutor$Worker.run(Unknown Source)
	at java.lang.Thread.run(Unknown Source)

Failure 3 of 3
org.openqa.selenium.NoSuchElementException: An element could not be located on the page using the given search parameters.
For documentation on this error, please visit: https://www.seleniumhq.org/exceptions/no_such_element.html
Build info: version: &apos;3.141.59&apos;, revision: &apos;e82be7d358&apos;, time: &apos;2018-11-14T08:17:03&apos;
System info: host: &apos;DESKTOP-5TGLKVE&apos;, ip: &apos;192.168.193.2&apos;, os.name: &apos;Windows 10&apos;, os.arch: &apos;amd64&apos;, os.version: &apos;10.0&apos;, java.version: &apos;1.8.0_172&apos;
Driver info: io.appium.java_client.android.AndroidDriver
Capabilities {appActivity: com.ejogajog.common.ui.spla..., appPackage: com.ejogajog.fleetowner, autoGrantPermissions : true, databaseEnabled: false, desired: {appActivity: com.ejogajog.common.ui.spla..., appPackage: com.ejogajog.fleetowner, autoGrantPermissions : true, deviceName: 07553096783281, disableAndroidWatchers: true, ignoreUnimportantViews: true, newCommandTimeout: 2400, noReset: true, platformName: android, skipDeviceInitialization: true, skipUnlock: true, systemPort: 8201, udid: 07553096783281}, deviceManufacturer: Symphony, deviceModel: E90, deviceName: 07553096783281, deviceScreenSize: 480x800, deviceUDID: 07553096783281, disableAndroidWatchers: true, ignoreUnimportantViews: true, javascriptEnabled: true, locationContextEnabled: false, networkConnectionEnabled: true, newCommandTimeout: 2400, noReset: true, platform: LINUX, platformName: Android, platformVersion: 8.1.0, skipDeviceInitialization: true, skipUnlock: true, systemPort: 8201, takesScreenshot: true, udid: 07553096783281, warnings: {}, webStorageEnabled: false}
Session ID: 08857200-526d-42d2-94cb-70e3091d0175
*** Element info: {Using=-android uiautomator, value=new UiSelector().textContains(&quot;You are rewarded Taka 50&quot;)}
	at sun.reflect.GeneratedConstructorAccessor43.newInstance(Unknown Source)
	at sun.reflect.DelegatingConstructorAccessorImpl.newInstance(Unknown Source)
	at java.lang.reflect.Constructor.newInstance(Unknown Source)
	at org.openqa.selenium.remote.http.W3CHttpResponseCodec.createException(W3CHttpResponseCodec.java:187)
	at org.openqa.selenium.remote.http.W3CHttpResponseCodec.decode(W3CHttpResponseCodec.java:122)
	at org.openqa.selenium.remote.http.W3CHttpResponseCodec.decode(W3CHttpResponseCodec.java:49)
	at org.openqa.selenium.remote.HttpCommandExecutor.execute(HttpCommandExecutor.java:158)
	at io.appium.java_client.remote.AppiumCommandExecutor.execute(AppiumCommandExecutor.java:239)
	at org.openqa.selenium.remote.RemoteWebDriver.execute(RemoteWebDriver.java:548)
	at io.appium.java_client.DefaultGenericMobileDriver.execute(DefaultGenericMobileDriver.java:42)
	at io.appium.java_client.AppiumDriver.execute(AppiumDriver.java:1)
	at io.appium.java_client.android.AndroidDriver.execute(AndroidDriver.java:1)
	at org.openqa.selenium.remote.RemoteWebDriver.findElement(RemoteWebDriver.java:322)
	at io.appium.java_client.DefaultGenericMobileDriver.findElement(DefaultGenericMobileDriver.java:62)
	at io.appium.java_client.AppiumDriver.findElement(AppiumDriver.java:1)
	at io.appium.java_client.android.AndroidDriver.findElement(AndroidDriver.java:1)
	at io.appium.java_client.FindsByAndroidUIAutomator.findElementByAndroidUIAutomator(FindsByAndroidUIAutomator.java:38)
	at Partner.FunctionalTest2.placebidontrip_createdbyreferredcustomer_and_ValidateEarningsforreferredcustomer(FunctionalTest2.java:1811)
	at sun.reflect.NativeMethodAccessorImpl.invoke0(Native Method)
	at sun.reflect.NativeMethodAccessorImpl.invoke(Unknown Source)
	at sun.reflect.DelegatingMethodAccessorImpl.invoke(Unknown Source)
	at java.lang.reflect.Method.invoke(Unknown Source)
	at org.testng.internal.MethodInvocationHelper.invokeMethod(MethodInvocationHelper.java:124)
	at org.testng.internal.Invoker.invokeMethod(Invoker.java:580)
	at org.testng.internal.Invoker.invokeTestMethod(Invoker.java:716)
	at org.testng.internal.Invoker.invokeTestMethods(Invoker.java:988)
	at org.testng.internal.TestMethodWorker.invokeTestMethods(TestMethodWorker.java:125)
	at org.testng.internal.TestMethodWorker.run(TestMethodWorker.java:109)
	at java.util.concurrent.ThreadPoolExecutor.runWorker(Unknown Source)
	at java.util.concurrent.ThreadPoolExecutor$Worker.run(Unknown Source)
	at java.lang.Thread.run(Unknown Source)
</pre></div></td>
<td>287</td>
<td>Partner.FunctionalTest2@3fd7a715</td></tr>
<tr>
<td title='Customer.FunctionalTest5.validateearnings_for_firstcompletedtrip_referre()'><b>validateearnings_for_firstcompletedtrip_referre</b><br>Test class: Customer.FunctionalTest5</td>
<td><div><pre>org.openqa.selenium.NoSuchElementException: Can&apos;t locate an element by this strategy: By.chained({By.id: sign_in_screen_button})
	at io.appium.java_client.pagefactory.AppiumElementLocator.findElement(AppiumElementLocator.java:126)
	at io.appium.java_client.pagefactory.interceptors.InterceptorOfASingleElement.intercept(InterceptorOfASingleElement.java:59)
	at io.appium.java_client.android.AndroidElement$$EnhancerByCGLIB$$b598166c.click(&lt;generated&gt;)
	at Customer.HomeScreen.clickLoginButton(HomeScreen.java:44)
	at Customer.FunctionalTest5.validateearnings_for_firstcompletedtrip_referre(FunctionalTest5.java:1789)
	at java.util.concurrent.ThreadPoolExecutor.runWorker(Unknown Source)
	at java.util.concurrent.ThreadPoolExecutor$Worker.run(Unknown Source)
	at java.lang.Thread.run(Unknown Source)
Caused by: org.openqa.selenium.TimeoutException: Expected condition failed: waiting for io.appium.java_client.pagefactory.AppiumElementLocator$WaitingFunction@6ccd08ef (tried for 1 second(s) with 500 milliseconds interval)
	at org.openqa.selenium.support.ui.FluentWait.timeoutException(FluentWait.java:304)
	at org.openqa.selenium.support.ui.FluentWait.until(FluentWait.java:272)
	at io.appium.java_client.pagefactory.AppiumElementLocator.waitFor(AppiumElementLocator.java:99)
	at io.appium.java_client.pagefactory.AppiumElementLocator.findElement(AppiumElementLocator.java:119)
	... 17 more
Caused by: org.openqa.selenium.NoSuchElementException: Cannot locate an element using By.chained({By.id: sign_in_screen_button})
For documentation on this error, please visit: https://www.seleniumhq.org/exceptions/no_such_element.html
Build info: version: &apos;3.141.59&apos;, revision: &apos;e82be7d358&apos;, time: &apos;2018-11-14T08:17:03&apos;
System info: host: &apos;DESKTOP-5TGLKVE&apos;, ip: &apos;192.168.193.2&apos;, os.name: &apos;Windows 10&apos;, os.arch: &apos;amd64&apos;, os.version: &apos;10.0&apos;, java.version: &apos;1.8.0_172&apos;
Driver info: driver.version: AndroidDriver
	at io.appium.java_client.pagefactory.bys.builder.ByChained.findElement(ByChained.java:74)
	at org.openqa.selenium.remote.RemoteWebDriver.findElement(RemoteWebDriver.java:314)
	at io.appium.java_client.DefaultGenericMobileDriver.findElement(DefaultGenericMobileDriver.java:58)
	at io.appium.java_client.AppiumDriver.findElement(AppiumDriver.java:1)
	at io.appium.java_client.android.AndroidDriver.findElement(AndroidDriver.java:1)
	at io.appium.java_client.pagefactory.bys.ContentMappedBy.findElement(ContentMappedBy.java:50)
	at org.openqa.selenium.remote.RemoteWebDriver.findElement(RemoteWebDriver.java:314)
	at io.appium.java_client.DefaultGenericMobileDriver.findElement(DefaultGenericMobileDriver.java:58)
	at io.appium.java_client.AppiumDriver.findElement(AppiumDriver.java:1)
	at io.appium.java_client.android.AndroidDriver.findElement(AndroidDriver.java:1)
	at io.appium.java_client.pagefactory.AppiumElementLocator.lambda$0(AppiumElementLocator.java:120)
	at io.appium.java_client.pagefactory.AppiumElementLocator$WaitingFunction.apply(AppiumElementLocator.java:172)
	at io.appium.java_client.pagefactory.AppiumElementLocator$WaitingFunction.apply(AppiumElementLocator.java:1)
	at org.openqa.selenium.support.ui.FluentWait.until(FluentWait.java:249)
	... 19 more
... Removed 10 stack frames</pre></div><a href='#' onClick='toggleBox("stack-trace300180501", this, "Click to show all stack frames", "Click to hide stack frames")'>Click to show all stack frames</a>
<div class='stack-trace' id='stack-trace300180501'><pre>org.openqa.selenium.NoSuchElementException: Can&apos;t locate an element by this strategy: By.chained({By.id: sign_in_screen_button})
	at io.appium.java_client.pagefactory.AppiumElementLocator.findElement(AppiumElementLocator.java:126)
	at io.appium.java_client.pagefactory.interceptors.InterceptorOfASingleElement.intercept(InterceptorOfASingleElement.java:59)
	at io.appium.java_client.android.AndroidElement$$EnhancerByCGLIB$$b598166c.click(&lt;generated&gt;)
	at Customer.HomeScreen.clickLoginButton(HomeScreen.java:44)
	at Customer.FunctionalTest5.validateearnings_for_firstcompletedtrip_referre(FunctionalTest5.java:1789)
	at sun.reflect.NativeMethodAccessorImpl.invoke0(Native Method)
	at sun.reflect.NativeMethodAccessorImpl.invoke(Unknown Source)
	at sun.reflect.DelegatingMethodAccessorImpl.invoke(Unknown Source)
	at java.lang.reflect.Method.invoke(Unknown Source)
	at org.testng.internal.MethodInvocationHelper.invokeMethod(MethodInvocationHelper.java:124)
	at org.testng.internal.Invoker.invokeMethod(Invoker.java:580)
	at org.testng.internal.Invoker.invokeTestMethod(Invoker.java:716)
	at org.testng.internal.Invoker.invokeTestMethods(Invoker.java:988)
	at org.testng.internal.TestMethodWorker.invokeTestMethods(TestMethodWorker.java:125)
	at org.testng.internal.TestMethodWorker.run(TestMethodWorker.java:109)
	at java.util.concurrent.ThreadPoolExecutor.runWorker(Unknown Source)
	at java.util.concurrent.ThreadPoolExecutor$Worker.run(Unknown Source)
	at java.lang.Thread.run(Unknown Source)
Caused by: org.openqa.selenium.TimeoutException: Expected condition failed: waiting for io.appium.java_client.pagefactory.AppiumElementLocator$WaitingFunction@6ccd08ef (tried for 1 second(s) with 500 milliseconds interval)
	at org.openqa.selenium.support.ui.FluentWait.timeoutException(FluentWait.java:304)
	at org.openqa.selenium.support.ui.FluentWait.until(FluentWait.java:272)
	at io.appium.java_client.pagefactory.AppiumElementLocator.waitFor(AppiumElementLocator.java:99)
	at io.appium.java_client.pagefactory.AppiumElementLocator.findElement(AppiumElementLocator.java:119)
	... 17 more
Caused by: org.openqa.selenium.NoSuchElementException: Cannot locate an element using By.chained({By.id: sign_in_screen_button})
For documentation on this error, please visit: https://www.seleniumhq.org/exceptions/no_such_element.html
Build info: version: &apos;3.141.59&apos;, revision: &apos;e82be7d358&apos;, time: &apos;2018-11-14T08:17:03&apos;
System info: host: &apos;DESKTOP-5TGLKVE&apos;, ip: &apos;192.168.193.2&apos;, os.name: &apos;Windows 10&apos;, os.arch: &apos;amd64&apos;, os.version: &apos;10.0&apos;, java.version: &apos;1.8.0_172&apos;
Driver info: driver.version: AndroidDriver
	at io.appium.java_client.pagefactory.bys.builder.ByChained.findElement(ByChained.java:74)
	at org.openqa.selenium.remote.RemoteWebDriver.findElement(RemoteWebDriver.java:314)
	at io.appium.java_client.DefaultGenericMobileDriver.findElement(DefaultGenericMobileDriver.java:58)
	at io.appium.java_client.AppiumDriver.findElement(AppiumDriver.java:1)
	at io.appium.java_client.android.AndroidDriver.findElement(AndroidDriver.java:1)
	at io.appium.java_client.pagefactory.bys.ContentMappedBy.findElement(ContentMappedBy.java:50)
	at org.openqa.selenium.remote.RemoteWebDriver.findElement(RemoteWebDriver.java:314)
	at io.appium.java_client.DefaultGenericMobileDriver.findElement(DefaultGenericMobileDriver.java:58)
	at io.appium.java_client.AppiumDriver.findElement(AppiumDriver.java:1)
	at io.appium.java_client.android.AndroidDriver.findElement(AndroidDriver.java:1)
	at io.appium.java_client.pagefactory.AppiumElementLocator.lambda$0(AppiumElementLocator.java:120)
	at io.appium.java_client.pagefactory.AppiumElementLocator$WaitingFunction.apply(AppiumElementLocator.java:172)
	at io.appium.java_client.pagefactory.AppiumElementLocator$WaitingFunction.apply(AppiumElementLocator.java:1)
	at org.openqa.selenium.support.ui.FluentWait.until(FluentWait.java:249)
	... 19 more
</pre></div></td>
<td>5</td>
<td>Customer.FunctionalTest5@711f39f9</td></tr>
</table><p>
<table width='100%' border='1' class='invocation-passed'>
<tr><td colspan='4' align='center'><b>PASSED TESTS</b></td></tr>
<tr><td><b>Test method</b></td>
<td width="30%"><b>Exception</b></td>
<td width="10%"><b>Time (seconds)</b></td>
<td><b>Instance</b></td>
</tr>
<tr>
<td title='Customer.FunctionalTest5.AcceptBid()'><b>AcceptBid</b><br>Test class: Customer.FunctionalTest5</td>
<td></td>
<td>25</td>
<td>Customer.FunctionalTest5@711f39f9</td></tr>
<tr>
<td title='Partner.FunctionalTest2.AcceptDriverAssociationRequest()'><b>AcceptDriverAssociationRequest</b><br>Test class: Partner.FunctionalTest2</td>
<td></td>
<td>10</td>
<td>Partner.FunctionalTest2@3fd7a715</td></tr>
<tr>
<td title='Customer.FunctionalTest5.AcceptNewPlacedBid_ByPartner()'><b>AcceptNewPlacedBid_ByPartner</b><br>Test class: Customer.FunctionalTest5</td>
<td></td>
<td>25</td>
<td>Customer.FunctionalTest5@711f39f9</td></tr>
<tr>
<td title='Customer.FunctionalTest5.AcceptPlacedBid_ByPartner()'><b>AcceptPlacedBid_ByPartner</b><br>Test class: Customer.FunctionalTest5</td>
<td></td>
<td>24</td>
<td>Customer.FunctionalTest5@711f39f9</td></tr>
<tr>
<td title='Partner.FunctionalTest2.ApproveDriverByAdmin_and_ValidateDriverstatusonApp()'><b>ApproveDriverByAdmin_and_ValidateDriverstatusonApp</b><br>Test class: Partner.FunctionalTest2</td>
<td></td>
<td>6</td>
<td>Partner.FunctionalTest2@3fd7a715</td></tr>
<tr>
<td title='Partner.FunctionalTest2.ApproveTruck_AndAddTracker()'><b>ApproveTruck_AndAddTracker</b><br>Test class: Partner.FunctionalTest2</td>
<td></td>
<td>1</td>
<td>Partner.FunctionalTest2@3fd7a715</td></tr>
<tr>
<td title='Partner.FunctionalTest2.CancelWonBid()'><b>CancelWonBid</b><br>Test class: Partner.FunctionalTest2</td>
<td></td>
<td>18</td>
<td>Partner.FunctionalTest2@3fd7a715</td></tr>
<tr>
<td title='Partner.FunctionalTest2.CheckTruckisDisplayed_inApprovedTab()'><b>CheckTruckisDisplayed_inApprovedTab</b><br>Test class: Partner.FunctionalTest2</td>
<td></td>
<td>1</td>
<td>Partner.FunctionalTest2@3fd7a715</td></tr>
<tr>
<td title='Customer.FunctionalTest5.CompleteTrip_ByCustomer()'><b>CompleteTrip_ByCustomer</b><br>Test class: Customer.FunctionalTest5</td>
<td></td>
<td>4</td>
<td>Customer.FunctionalTest5@711f39f9</td></tr>
<tr>
<td title='Customer.FunctionalTest5.CreateNewTrip()'><b>CreateNewTrip</b><br>Test class: Customer.FunctionalTest5</td>
<td></td>
<td>49</td>
<td>Customer.FunctionalTest5@711f39f9</td></tr>
<tr>
<td title='Customer.FunctionalTest5.CreateTrip_And_CancelTrip()'><b>CreateTrip_And_CancelTrip</b><br>Test class: Customer.FunctionalTest5</td>
<td></td>
<td>72</td>
<td>Customer.FunctionalTest5@711f39f9</td></tr>
<tr>
<td title='Customer.FunctionalTest5.CreateTrip_ForApprovedUser()'><b>CreateTrip_ForApprovedUser</b><br>Test class: Customer.FunctionalTest5</td>
<td></td>
<td>88</td>
<td>Customer.FunctionalTest5@711f39f9</td></tr>
<tr>
<td title='Customer.FunctionalTest5.CreateTrip_ForPartnerToBid_AndThen_WithdrawBid()'><b>CreateTrip_ForPartnerToBid_AndThen_WithdrawBid</b><br>Test class: Customer.FunctionalTest5</td>
<td></td>
<td>50</td>
<td>Customer.FunctionalTest5@711f39f9</td></tr>
<tr>
<td title='Customer.FunctionalTest5.Createnewtrip_withreferredcustomer()'><b>Createnewtrip_withreferredcustomer</b><br>Test class: Customer.FunctionalTest5</td>
<td></td>
<td>90</td>
<td>Customer.FunctionalTest5@711f39f9</td></tr>
<tr>
<td title='Customer.FunctionalTest5.InviteUser_ToJoinAs_Customer()'><b>InviteUser_ToJoinAs_Customer</b><br>Test class: Customer.FunctionalTest5</td>
<td></td>
<td>12</td>
<td>Customer.FunctionalTest5@711f39f9</td></tr>
<tr>
<td title='Partner.FunctionalTest2.Inviteuser_ToJoinAs_Partner()'><b>Inviteuser_ToJoinAs_Partner</b><br>Test class: Partner.FunctionalTest2</td>
<td></td>
<td>16</td>
<td>Partner.FunctionalTest2@3fd7a715</td></tr>
<tr>
<td title='Partner.FunctionalTest2.InvoicePayments_Validation()'><b>InvoicePayments_Validation</b><br>Test class: Partner.FunctionalTest2</td>
<td></td>
<td>6</td>
<td>Partner.FunctionalTest2@3fd7a715</td></tr>
<tr>
<td title='Customer.FunctionalTest5.LaunchDashboard_VerifyCompletedTrip_isDisplayed_WithoutAnyFilters()'><b>LaunchDashboard_VerifyCompletedTrip_isDisplayed_WithoutAnyFilters</b><br>Test class: Customer.FunctionalTest5</td>
<td></td>
<td>3</td>
<td>Customer.FunctionalTest5@711f39f9</td></tr>
<tr>
<td title='Customer.FunctionalTest5.LoginTest_InvalidUser()'><b>LoginTest_InvalidUser</b><br>Test class: Customer.FunctionalTest5</td>
<td></td>
<td>20</td>
<td>Customer.FunctionalTest5@711f39f9</td></tr>
<tr>
<td title='Partner.FunctionalTest2.LoginTest_InvalidUser()'><b>LoginTest_InvalidUser</b><br>Test class: Partner.FunctionalTest2</td>
<td></td>
<td>28</td>
<td>Partner.FunctionalTest2@3fd7a715</td></tr>
<tr>
<td title='Partner.FunctionalTest2.NewlyAddedDriver_isin_PendingState_Validation()'><b>NewlyAddedDriver_isin_PendingState_Validation</b><br>Test class: Partner.FunctionalTest2</td>
<td></td>
<td>3</td>
<td>Partner.FunctionalTest2@3fd7a715</td></tr>
<tr>
<td title='Partner.FunctionalTest2.NoBidsToDisplayValidation_ForOngoingWonLostBids()'><b>NoBidsToDisplayValidation_ForOngoingWonLostBids</b><br>Test class: Partner.FunctionalTest2</td>
<td></td>
<td>6</td>
<td>Partner.FunctionalTest2@3fd7a715</td></tr>
<tr>
<td title='Partner.FunctionalTest2.PartnerEndTrip()'><b>PartnerEndTrip</b><br>Test class: Partner.FunctionalTest2</td>
<td></td>
<td>5</td>
<td>Partner.FunctionalTest2@3fd7a715</td></tr>
<tr>
<td title='Partner.FunctionalTest2.PartnerStartTrip()'><b>PartnerStartTrip</b><br>Test class: Partner.FunctionalTest2</td>
<td></td>
<td>7</td>
<td>Partner.FunctionalTest2@3fd7a715</td></tr>
<tr>
<td title='Partner.FunctionalTest2.PlaceBid_thenWithdrawBid()'><b>PlaceBid_thenWithdrawBid</b><br>Test class: Partner.FunctionalTest2</td>
<td></td>
<td>61</td>
<td>Partner.FunctionalTest2@3fd7a715</td></tr>
<tr>
<td title='Partner.FunctionalTest2.PlaceBidonTrip()'><b>PlaceBidonTrip</b><br>Test class: Partner.FunctionalTest2</td>
<td></td>
<td>43</td>
<td>Partner.FunctionalTest2@3fd7a715</td></tr>
<tr>
<td title='Partner.FunctionalTest2.SearchforNonregisteredDriver_Validation()'><b>SearchforNonregisteredDriver_Validation</b><br>Test class: Partner.FunctionalTest2</td>
<td></td>
<td>14</td>
<td>Partner.FunctionalTest2@3fd7a715</td></tr>
<tr>
<td title='Customer.FunctionalTest5.SignupTest()'><b>SignupTest</b><br>Test class: Customer.FunctionalTest5</td>
<td></td>
<td>114</td>
<td>Customer.FunctionalTest5@711f39f9</td></tr>
<tr>
<td title='Partner.FunctionalTest2.SignupTest_AsPartner()'><b>SignupTest_AsPartner</b><br>Test class: Partner.FunctionalTest2</td>
<td></td>
<td>130</td>
<td>Partner.FunctionalTest2@3fd7a715</td></tr>
<tr>
<td title='Customer.FunctionalTest5.StartTrip_ByCustomer()'><b>StartTrip_ByCustomer</b><br>Test class: Customer.FunctionalTest5</td>
<td></td>
<td>6</td>
<td>Customer.FunctionalTest5@711f39f9</td></tr>
<tr>
<td title='Customer.FunctionalTest5.SubmitMyRating_DefaultRatings()'><b>SubmitMyRating_DefaultRatings</b><br>Test class: Customer.FunctionalTest5</td>
<td></td>
<td>5</td>
<td>Customer.FunctionalTest5@711f39f9</td></tr>
<tr>
<td title='Customer.FunctionalTest5.ValidateAmendedDriverTruck_ForBookedTrip()'><b>ValidateAmendedDriverTruck_ForBookedTrip</b><br>Test class: Customer.FunctionalTest5</td>
<td></td>
<td>17</td>
<td>Customer.FunctionalTest5@711f39f9</td></tr>
<tr>
<td title='Partner.FunctionalTest2.ValidateBanglatoEnglish()'><b>ValidateBanglatoEnglish</b><br>Test class: Partner.FunctionalTest2</td>
<td></td>
<td>4</td>
<td>Partner.FunctionalTest2@3fd7a715</td></tr>
<tr>
<td title='Customer.FunctionalTest5.ValidateCustomerlistedNotifications_AreDisplayed()'><b>ValidateCustomerlistedNotifications_AreDisplayed</b><br>Test class: Customer.FunctionalTest5</td>
<td></td>
<td>1</td>
<td>Customer.FunctionalTest5@711f39f9</td></tr>
<tr>
<td title='Partner.FunctionalTest2.ValidateEnglishtoBangla()'><b>ValidateEnglishtoBangla</b><br>Test class: Partner.FunctionalTest2</td>
<td></td>
<td>5</td>
<td>Partner.FunctionalTest2@3fd7a715</td></tr>
<tr>
<td title='Customer.FunctionalTest5.Validation_InvitingAlreadyRegisteredCustomer_Tobe_Customer()'><b>Validation_InvitingAlreadyRegisteredCustomer_Tobe_Customer</b><br>Test class: Customer.FunctionalTest5</td>
<td></td>
<td>10</td>
<td>Customer.FunctionalTest5@711f39f9</td></tr>
<tr>
<td title='Partner.FunctionalTest2.Validation_InvitingAlreadyRegisteredPartner_Tobe_Partner()'><b>Validation_InvitingAlreadyRegisteredPartner_Tobe_Partner</b><br>Test class: Partner.FunctionalTest2</td>
<td></td>
<td>14</td>
<td>Partner.FunctionalTest2@3fd7a715</td></tr>
<tr>
<td title='Customer.FunctionalTest5.Validation_RegisterasNewCustomer_ByEnteringReferralCode_ofExistingCustomer_WhileRegistering()'><b>Validation_RegisterasNewCustomer_ByEnteringReferralCode_ofExistingCustomer_WhileRegistering</b><br>Test class: Customer.FunctionalTest5</td>
<td></td>
<td>135</td>
<td>Customer.FunctionalTest5@711f39f9</td></tr>
<tr>
<td title='Partner.FunctionalTest2.Validation_RegisterasNewPartner_ByEnteringReferralCode_ofExistingPartner_whileRegistering()'><b>Validation_RegisterasNewPartner_ByEnteringReferralCode_ofExistingPartner_whileRegistering</b><br>Test class: Partner.FunctionalTest2</td>
<td></td>
<td>150</td>
<td>Partner.FunctionalTest2@3fd7a715</td></tr>
<tr>
<td title='Customer.FunctionalTest5.VerifyTappingOnTriponDashboard_LandsUser_Onto_TripDetailsScreen()'><b>VerifyTappingOnTriponDashboard_LandsUser_Onto_TripDetailsScreen</b><br>Test class: Customer.FunctionalTest5</td>
<td></td>
<td>10</td>
<td>Customer.FunctionalTest5@711f39f9</td></tr>
<tr>
<td title='Partner.FunctionalTest2.checkTruckinPendingTab()'><b>checkTruckinPendingTab</b><br>Test class: Partner.FunctionalTest2</td>
<td></td>
<td>4</td>
<td>Partner.FunctionalTest2@3fd7a715</td></tr>
<tr>
<td title='Customer.FunctionalTest5.getTripID_AndAcceptTrip_ByAdmin()'><b>getTripID_AndAcceptTrip_ByAdmin</b><br>Test class: Customer.FunctionalTest5</td>
<td></td>
<td>1</td>
<td>Customer.FunctionalTest5@711f39f9</td></tr>
<tr>
<td title='Partner.FunctionalTest2.placeBidonTrip_ForFutureCancellation_AfterWinningBid()'><b>placeBidonTrip_ForFutureCancellation_AfterWinningBid</b><br>Test class: Partner.FunctionalTest2</td>
<td></td>
<td>42</td>
<td>Partner.FunctionalTest2@3fd7a715</td></tr>
</table><p>
</body>
</html>