<?xml version="1.0" encoding="UTF-8"?>
<!-- Generated by org.testng.reporters.JUnitXMLReporter -->
<testsuite hostname="DESKTOP-5TGLKVE" ignored="0" name="EndtoEndTest" tests="57" failures="14" timestamp="04 Aug 2019 05:10:01 GMT" time="2114.957" errors="0">
  <testcase name="LoginTest_InvalidUser" time="20.984" classname="Customer.FunctionalTest5"/>
  <testcase name="LoginTest_InvalidUser" time="28.887" classname="Partner.FunctionalTest2"/>
  <testcase name="SignupTest" time="114.288" classname="Customer.FunctionalTest5"/>
  <testcase name="SignupTest_AsPartner" time="130.627" classname="Partner.FunctionalTest2"/>
  <testcase name="AddNewTruck_withMandtoryFields_ToActivePartner" time="125.668" classname="Partner.FunctionalTest2">
    <failure type="Utils.VerificationError" message="Truck submitted for admin approval message validation failed expected [95] but found [124]">
      <![CDATA[Utils.VerificationError: Truck submitted for admin approval message validation failed expected [95] but found [124]
at Utils.Verify.verifyEquals(Verify.java:218)
at Partner.FunctionalTest2.AddNewTruck_withMandtoryFields_ToActivePartner(FunctionalTest2.java:511)
at java.util.concurrent.ThreadPoolExecutor.runWorker(Unknown Source)
at java.util.concurrent.ThreadPoolExecutor$Worker.run(Unknown Source)
at java.lang.Thread.run(Unknown Source)
... Removed 15 stack frames]]>
    </failure>
  </testcase> <!-- AddNewTruck_withMandtoryFields_ToActivePartner -->
  <testcase name="checkTruckinPendingTab" time="4.293" classname="Partner.FunctionalTest2"/>
  <testcase name="CreateTrip_ForApprovedUser" time="88.762" classname="Customer.FunctionalTest5"/>
  <testcase name="getTripID_AndAcceptTrip_ByAdmin" time="1.783" classname="Customer.FunctionalTest5"/>
  <testcase name="ApproveTruck_AndAddTracker" time="1.641" classname="Partner.FunctionalTest2"/>
  <testcase name="CheckTruckisDisplayed_inApprovedTab" time="1.779" classname="Partner.FunctionalTest2"/>
  <testcase name="SearchforNonregisteredDriver_Validation" time="14.02" classname="Partner.FunctionalTest2"/>
  <testcase name="Register_NonregisteredDriverToGIMPlatform_Validation" time="90.086" classname="Partner.FunctionalTest2">
    <failure type="Utils.VerificationError" message="Driver registered successfully validation failed expected [Driver sign up request has been placed for approval. They will get a confirmation SMS within 24 hours. Please contact customer service on +8809768111444 for further assistance.] but found [Driver sign up request has been placed for approval. They will get a confirmation SMS within 24 hours. Please contact customer service on +8809678111444 for further assistance.]">
      <![CDATA[Utils.VerificationError: Driver registered successfully validation failed expected [Driver sign up request has been placed for approval. They will get a confirmation SMS within 24 hours. Please contact customer service on +8809768111444 for further assistance.] but found [Driver sign up request has been placed for approval. They will get a confirmation SMS within 24 hours. Please contact customer service on +8809678111444 for further assistance.]
at Utils.Verify.verifyEquals(Verify.java:90)
at Partner.FunctionalTest2.Register_NonregisteredDriverToGIMPlatform_Validation(FunctionalTest2.java:727)
at java.util.concurrent.ThreadPoolExecutor.runWorker(Unknown Source)
at java.util.concurrent.ThreadPoolExecutor$Worker.run(Unknown Source)
at java.lang.Thread.run(Unknown Source)
... Removed 15 stack frames]]>
    </failure>
  </testcase> <!-- Register_NonregisteredDriverToGIMPlatform_Validation -->
  <testcase name="NewlyAddedDriver_isin_PendingState_Validation" time="3.03" classname="Partner.FunctionalTest2"/>
  <testcase name="ApproveDriverByAdmin_and_ValidateDriverstatusonApp" time="6.855" classname="Partner.FunctionalTest2"/>
  <testcase name="AcceptDriverAssociationRequest" time="10.039" classname="Partner.FunctionalTest2"/>
  <testcase name="PlaceBidonTrip" time="43.781" classname="Partner.FunctionalTest2"/>
  <testcase name="AcceptBid" time="25.012" classname="Customer.FunctionalTest5"/>
  <testcase name="StartTrip_ByCustomer" time="6.359" classname="Customer.FunctionalTest5"/>
  <testcase name="CompleteTrip_ByCustomer" time="4.816" classname="Customer.FunctionalTest5"/>
  <testcase name="SubmitMyRating_DefaultRatings" time="5.443" classname="Customer.FunctionalTest5"/>
  <testcase name="LaunchDashboard_VerifyCompletedTrip_isDisplayed_WithoutAnyFilters" time="3.891" classname="Customer.FunctionalTest5"/>
  <testcase name="VerifyTappingOnTriponDashboard_LandsUser_Onto_TripDetailsScreen" time="10.111" classname="Customer.FunctionalTest5"/>
  <testcase name="CreateTrip_And_CancelTrip" time="72.346" classname="Customer.FunctionalTest5"/>
  <testcase name="CreateTrip_ForPartnerToBid_AndThen_WithdrawBid" time="50.301" classname="Customer.FunctionalTest5"/>
  <testcase name="PlaceBid_thenWithdrawBid" time="61.142" classname="Partner.FunctionalTest2"/>
  <testcase name="placeBidonTrip_ForFutureCancellation_AfterWinningBid" time="42.353" classname="Partner.FunctionalTest2"/>
  <testcase name="AcceptPlacedBid_ByPartner" time="24.597" classname="Customer.FunctionalTest5"/>
  <testcase name="CancelWonBid" time="18.035" classname="Partner.FunctionalTest2"/>
  <testcase name="NoBidsToDisplayValidation_ForOngoingWonLostBids" time="6.092" classname="Partner.FunctionalTest2"/>
  <testcase name="InvoicePayments_Validation" time="6.237" classname="Partner.FunctionalTest2"/>
  <testcase name="AddNewTruckAndDriver_ToUseFor_EditTruckDriver_And_PlaceBid" time="162.075" classname="Partner.FunctionalTest2">
    <failure type="Utils.VerificationError" message="Truck submitted for admin approval message validation failed expected [95] but found [124]">
      <![CDATA[Utils.VerificationError: Truck submitted for admin approval message validation failed expected [95] but found [124]
at Utils.Verify.verifyEquals(Verify.java:218)
at Partner.FunctionalTest2.AddNewTruckAndDriver_ToUseFor_EditTruckDriver_And_PlaceBid(FunctionalTest2.java:1084)
at java.util.concurrent.ThreadPoolExecutor.runWorker(Unknown Source)
at java.util.concurrent.ThreadPoolExecutor$Worker.run(Unknown Source)
at java.lang.Thread.run(Unknown Source)
... Removed 15 stack frames]]>
    </failure>
  </testcase> <!-- AddNewTruckAndDriver_ToUseFor_EditTruckDriver_And_PlaceBid -->
  <testcase name="AcceptNewPlacedBid_ByPartner" time="25.555" classname="Customer.FunctionalTest5"/>
  <testcase name="EditTruckAndDriver_For_BookedTrip" time="42.738" classname="Partner.FunctionalTest2">
    <failure type="org.openqa.selenium.NoSuchElementException" message="An element could not be located on the page using the given search parameters.
For documentation on this error, please visit: https://www.seleniumhq.org/exceptions/no_such_element.html
Build info: version: &amp;apos;3.141.59&amp;apos;, revision: &amp;apos;e82be7d358&amp;apos;, time: &amp;apos;2018-11-14T08:17:03&amp;apos;
System info: host: &amp;apos;DESKTOP-5TGLKVE&amp;apos;, ip: &amp;apos;192.168.193.2&amp;apos;, os.name: &amp;apos;Windows 10&amp;apos;, os.arch: &amp;apos;amd64&amp;apos;, os.version: &amp;apos;10.0&amp;apos;, java.version: &amp;apos;1.8.0_172&amp;apos;
Driver info: io.appium.java_client.android.AndroidDriver
Capabilities {appActivity: com.ejogajog.common.ui.spla..., appPackage: com.ejogajog.fleetowner, autoGrantPermissions : true, databaseEnabled: false, desired: {appActivity: com.ejogajog.common.ui.spla..., appPackage: com.ejogajog.fleetowner, autoGrantPermissions : true, deviceName: 07553096783281, disableAndroidWatchers: true, ignoreUnimportantViews: true, newCommandTimeout: 2400, noReset: true, platformName: android, skipDeviceInitialization: true, skipUnlock: true, systemPort: 8201, udid: 07553096783281}, deviceManufacturer: Symphony, deviceModel: E90, deviceName: 07553096783281, deviceScreenSize: 480x800, deviceUDID: 07553096783281, disableAndroidWatchers: true, ignoreUnimportantViews: true, javascriptEnabled: true, locationContextEnabled: false, networkConnectionEnabled: true, newCommandTimeout: 2400, noReset: true, platform: LINUX, platformName: Android, platformVersion: 8.1.0, skipDeviceInitialization: true, skipUnlock: true, systemPort: 8201, takesScreenshot: true, udid: 07553096783281, warnings: {}, webStorageEnabled: false}
Session ID: 210d6155-302c-41ff-b021-2ecfcaf55d7a
*** Element info: {Using=id, value=com.ejogajog.fleetowner:id/text_user_filter_input}">
      <![CDATA[org.openqa.selenium.NoSuchElementException: An element could not be located on the page using the given search parameters.
For documentation on this error, please visit: https://www.seleniumhq.org/exceptions/no_such_element.html
Build info: version: '3.141.59', revision: 'e82be7d358', time: '2018-11-14T08:17:03'
System info: host: 'DESKTOP-5TGLKVE', ip: '192.168.193.2', os.name: 'Windows 10', os.arch: 'amd64', os.version: '10.0', java.version: '1.8.0_172'
Driver info: io.appium.java_client.android.AndroidDriver
Capabilities {appActivity: com.ejogajog.common.ui.spla..., appPackage: com.ejogajog.fleetowner, autoGrantPermissions : true, databaseEnabled: false, desired: {appActivity: com.ejogajog.common.ui.spla..., appPackage: com.ejogajog.fleetowner, autoGrantPermissions : true, deviceName: 07553096783281, disableAndroidWatchers: true, ignoreUnimportantViews: true, newCommandTimeout: 2400, noReset: true, platformName: android, skipDeviceInitialization: true, skipUnlock: true, systemPort: 8201, udid: 07553096783281}, deviceManufacturer: Symphony, deviceModel: E90, deviceName: 07553096783281, deviceScreenSize: 480x800, deviceUDID: 07553096783281, disableAndroidWatchers: true, ignoreUnimportantViews: true, javascriptEnabled: true, locationContextEnabled: false, networkConnectionEnabled: true, newCommandTimeout: 2400, noReset: true, platform: LINUX, platformName: Android, platformVersion: 8.1.0, skipDeviceInitialization: true, skipUnlock: true, systemPort: 8201, takesScreenshot: true, udid: 07553096783281, warnings: {}, webStorageEnabled: false}
Session ID: 210d6155-302c-41ff-b021-2ecfcaf55d7a
*** Element info: {Using=id, value=com.ejogajog.fleetowner:id/text_user_filter_input}
at org.openqa.selenium.remote.http.W3CHttpResponseCodec.createException(W3CHttpResponseCodec.java:187)
at org.openqa.selenium.remote.http.W3CHttpResponseCodec.decode(W3CHttpResponseCodec.java:122)
at org.openqa.selenium.remote.http.W3CHttpResponseCodec.decode(W3CHttpResponseCodec.java:49)
at org.openqa.selenium.remote.HttpCommandExecutor.execute(HttpCommandExecutor.java:158)
at io.appium.java_client.remote.AppiumCommandExecutor.execute(AppiumCommandExecutor.java:239)
at org.openqa.selenium.remote.RemoteWebDriver.execute(RemoteWebDriver.java:548)
at io.appium.java_client.DefaultGenericMobileDriver.execute(DefaultGenericMobileDriver.java:42)
at io.appium.java_client.AppiumDriver.execute(AppiumDriver.java:1)
at io.appium.java_client.android.AndroidDriver.execute(AndroidDriver.java:1)
at org.openqa.selenium.remote.RemoteWebDriver.findElement(RemoteWebDriver.java:322)
at io.appium.java_client.DefaultGenericMobileDriver.findElement(DefaultGenericMobileDriver.java:62)
at io.appium.java_client.AppiumDriver.findElement(AppiumDriver.java:1)
at io.appium.java_client.android.AndroidDriver.findElement(AndroidDriver.java:1)
at org.openqa.selenium.remote.RemoteWebDriver.findElementById(RemoteWebDriver.java:368)
at io.appium.java_client.DefaultGenericMobileDriver.findElementById(DefaultGenericMobileDriver.java:70)
at io.appium.java_client.AppiumDriver.findElementById(AppiumDriver.java:1)
at io.appium.java_client.android.AndroidDriver.findElementById(AndroidDriver.java:1)
at Partner.FunctionalTest2.EditTruckAndDriver_For_BookedTrip(FunctionalTest2.java:1153)
at java.util.concurrent.ThreadPoolExecutor.runWorker(Unknown Source)
at java.util.concurrent.ThreadPoolExecutor$Worker.run(Unknown Source)
at java.lang.Thread.run(Unknown Source)
... Removed 13 stack frames]]>
    </failure>
  </testcase> <!-- EditTruckAndDriver_For_BookedTrip -->
  <testcase name="ValidateAmendedDriverTruck_ForBookedTrip" time="17.852" classname="Customer.FunctionalTest5"/>
  <testcase name="PartnerStartTrip" time="7.375" classname="Partner.FunctionalTest2"/>
  <testcase name="PartnerEndTrip" time="5.128" classname="Partner.FunctionalTest2"/>
  <testcase name="ValidateEnglishtoBangla" time="5.916" classname="Partner.FunctionalTest2"/>
  <testcase name="ValidateBanglatoEnglish" time="4.139" classname="Partner.FunctionalTest2"/>
  <testcase name="ValidateCustomerlistedNotifications_AreDisplayed" time="1.954" classname="Customer.FunctionalTest5"/>
  <testcase name="ValidatePartnerListedNotifications_AreDisplayed" time="32.152" classname="Partner.FunctionalTest2">
    <failure type="org.openqa.selenium.NoSuchElementException" message="An element could not be located on the page using the given search parameters.
For documentation on this error, please visit: https://www.seleniumhq.org/exceptions/no_such_element.html
Build info: version: &amp;apos;3.141.59&amp;apos;, revision: &amp;apos;e82be7d358&amp;apos;, time: &amp;apos;2018-11-14T08:17:03&amp;apos;
System info: host: &amp;apos;DESKTOP-5TGLKVE&amp;apos;, ip: &amp;apos;192.168.193.2&amp;apos;, os.name: &amp;apos;Windows 10&amp;apos;, os.arch: &amp;apos;amd64&amp;apos;, os.version: &amp;apos;10.0&amp;apos;, java.version: &amp;apos;1.8.0_172&amp;apos;
Driver info: io.appium.java_client.android.AndroidDriver
Capabilities {appActivity: com.ejogajog.common.ui.spla..., appPackage: com.ejogajog.fleetowner, autoGrantPermissions : true, databaseEnabled: false, desired: {appActivity: com.ejogajog.common.ui.spla..., appPackage: com.ejogajog.fleetowner, autoGrantPermissions : true, deviceName: 07553096783281, disableAndroidWatchers: true, ignoreUnimportantViews: true, newCommandTimeout: 2400, noReset: true, platformName: android, skipDeviceInitialization: true, skipUnlock: true, systemPort: 8201, udid: 07553096783281}, deviceManufacturer: Symphony, deviceModel: E90, deviceName: 07553096783281, deviceScreenSize: 480x800, deviceUDID: 07553096783281, disableAndroidWatchers: true, ignoreUnimportantViews: true, javascriptEnabled: true, locationContextEnabled: false, networkConnectionEnabled: true, newCommandTimeout: 2400, noReset: true, platform: LINUX, platformName: Android, platformVersion: 8.1.0, skipDeviceInitialization: true, skipUnlock: true, systemPort: 8201, takesScreenshot: true, udid: 07553096783281, warnings: {}, webStorageEnabled: false}
Session ID: e33d33b2-d645-4f06-a834-791e01813187
*** Element info: {Using=-android uiautomator, value=new UiScrollable(new UiSelector().scrollable(true).instance(0)).scrollIntoView(new UiSelector().textContains(&amp;quot;New Trip&amp;quot;).instance(0))}">
      <![CDATA[org.openqa.selenium.NoSuchElementException: An element could not be located on the page using the given search parameters.
For documentation on this error, please visit: https://www.seleniumhq.org/exceptions/no_such_element.html
Build info: version: '3.141.59', revision: 'e82be7d358', time: '2018-11-14T08:17:03'
System info: host: 'DESKTOP-5TGLKVE', ip: '192.168.193.2', os.name: 'Windows 10', os.arch: 'amd64', os.version: '10.0', java.version: '1.8.0_172'
Driver info: io.appium.java_client.android.AndroidDriver
Capabilities {appActivity: com.ejogajog.common.ui.spla..., appPackage: com.ejogajog.fleetowner, autoGrantPermissions : true, databaseEnabled: false, desired: {appActivity: com.ejogajog.common.ui.spla..., appPackage: com.ejogajog.fleetowner, autoGrantPermissions : true, deviceName: 07553096783281, disableAndroidWatchers: true, ignoreUnimportantViews: true, newCommandTimeout: 2400, noReset: true, platformName: android, skipDeviceInitialization: true, skipUnlock: true, systemPort: 8201, udid: 07553096783281}, deviceManufacturer: Symphony, deviceModel: E90, deviceName: 07553096783281, deviceScreenSize: 480x800, deviceUDID: 07553096783281, disableAndroidWatchers: true, ignoreUnimportantViews: true, javascriptEnabled: true, locationContextEnabled: false, networkConnectionEnabled: true, newCommandTimeout: 2400, noReset: true, platform: LINUX, platformName: Android, platformVersion: 8.1.0, skipDeviceInitialization: true, skipUnlock: true, systemPort: 8201, takesScreenshot: true, udid: 07553096783281, warnings: {}, webStorageEnabled: false}
Session ID: e33d33b2-d645-4f06-a834-791e01813187
*** Element info: {Using=-android uiautomator, value=new UiScrollable(new UiSelector().scrollable(true).instance(0)).scrollIntoView(new UiSelector().textContains("New Trip").instance(0))}
at org.openqa.selenium.remote.http.W3CHttpResponseCodec.createException(W3CHttpResponseCodec.java:187)
at org.openqa.selenium.remote.http.W3CHttpResponseCodec.decode(W3CHttpResponseCodec.java:122)
at org.openqa.selenium.remote.http.W3CHttpResponseCodec.decode(W3CHttpResponseCodec.java:49)
at org.openqa.selenium.remote.HttpCommandExecutor.execute(HttpCommandExecutor.java:158)
at io.appium.java_client.remote.AppiumCommandExecutor.execute(AppiumCommandExecutor.java:239)
at org.openqa.selenium.remote.RemoteWebDriver.execute(RemoteWebDriver.java:548)
at io.appium.java_client.DefaultGenericMobileDriver.execute(DefaultGenericMobileDriver.java:42)
at io.appium.java_client.AppiumDriver.execute(AppiumDriver.java:1)
at io.appium.java_client.android.AndroidDriver.execute(AndroidDriver.java:1)
at org.openqa.selenium.remote.RemoteWebDriver.findElement(RemoteWebDriver.java:322)
at io.appium.java_client.DefaultGenericMobileDriver.findElement(DefaultGenericMobileDriver.java:62)
at io.appium.java_client.AppiumDriver.findElement(AppiumDriver.java:1)
at io.appium.java_client.android.AndroidDriver.findElement(AndroidDriver.java:1)
at io.appium.java_client.FindsByAndroidUIAutomator.findElementByAndroidUIAutomator(FindsByAndroidUIAutomator.java:38)
at Partner.NIDScreen.scrollTo(NIDScreen.java:176)
at Partner.FunctionalTest2.ValidatePartnerListedNotifications_AreDisplayed(FunctionalTest2.java:1251)
at java.util.concurrent.ThreadPoolExecutor.runWorker(Unknown Source)
at java.util.concurrent.ThreadPoolExecutor$Worker.run(Unknown Source)
at java.lang.Thread.run(Unknown Source)
... Removed 13 stack frames]]>
    </failure>
  </testcase> <!-- ValidatePartnerListedNotifications_AreDisplayed -->
  <testcase name="CreateNewTrip" time="49.474" classname="Customer.FunctionalTest5"/>
  <testcase name="ValidateNewTripNotification_WhenTapped_Landsuser_onto_PlaceBidScreen" time="25.838" classname="Partner.FunctionalTest2">
    <failure type="org.openqa.selenium.NoSuchElementException" message="An element could not be located on the page using the given search parameters.
For documentation on this error, please visit: https://www.seleniumhq.org/exceptions/no_such_element.html
Build info: version: &amp;apos;3.141.59&amp;apos;, revision: &amp;apos;e82be7d358&amp;apos;, time: &amp;apos;2018-11-14T08:17:03&amp;apos;
System info: host: &amp;apos;DESKTOP-5TGLKVE&amp;apos;, ip: &amp;apos;192.168.193.2&amp;apos;, os.name: &amp;apos;Windows 10&amp;apos;, os.arch: &amp;apos;amd64&amp;apos;, os.version: &amp;apos;10.0&amp;apos;, java.version: &amp;apos;1.8.0_172&amp;apos;
Driver info: io.appium.java_client.android.AndroidDriver
Capabilities {appActivity: com.ejogajog.common.ui.spla..., appPackage: com.ejogajog.fleetowner, autoGrantPermissions : true, databaseEnabled: false, desired: {appActivity: com.ejogajog.common.ui.spla..., appPackage: com.ejogajog.fleetowner, autoGrantPermissions : true, deviceName: 07553096783281, disableAndroidWatchers: true, ignoreUnimportantViews: true, newCommandTimeout: 2400, noReset: true, platformName: android, skipDeviceInitialization: true, skipUnlock: true, systemPort: 8201, udid: 07553096783281}, deviceManufacturer: Symphony, deviceModel: E90, deviceName: 07553096783281, deviceScreenSize: 480x800, deviceUDID: 07553096783281, disableAndroidWatchers: true, ignoreUnimportantViews: true, javascriptEnabled: true, locationContextEnabled: false, networkConnectionEnabled: true, newCommandTimeout: 2400, noReset: true, platform: LINUX, platformName: Android, platformVersion: 8.1.0, skipDeviceInitialization: true, skipUnlock: true, systemPort: 8201, takesScreenshot: true, udid: 07553096783281, warnings: {}, webStorageEnabled: false}
Session ID: ee390700-5d89-4d3c-9bf4-3bfecd272c50
*** Element info: {Using=-android uiautomator, value=new UiScrollable(new UiSelector().scrollable(true).instance(0)).scrollIntoView(new UiSelector().textContains(&amp;quot;532&amp;quot;).instance(0))}">
      <![CDATA[org.openqa.selenium.NoSuchElementException: An element could not be located on the page using the given search parameters.
For documentation on this error, please visit: https://www.seleniumhq.org/exceptions/no_such_element.html
Build info: version: '3.141.59', revision: 'e82be7d358', time: '2018-11-14T08:17:03'
System info: host: 'DESKTOP-5TGLKVE', ip: '192.168.193.2', os.name: 'Windows 10', os.arch: 'amd64', os.version: '10.0', java.version: '1.8.0_172'
Driver info: io.appium.java_client.android.AndroidDriver
Capabilities {appActivity: com.ejogajog.common.ui.spla..., appPackage: com.ejogajog.fleetowner, autoGrantPermissions : true, databaseEnabled: false, desired: {appActivity: com.ejogajog.common.ui.spla..., appPackage: com.ejogajog.fleetowner, autoGrantPermissions : true, deviceName: 07553096783281, disableAndroidWatchers: true, ignoreUnimportantViews: true, newCommandTimeout: 2400, noReset: true, platformName: android, skipDeviceInitialization: true, skipUnlock: true, systemPort: 8201, udid: 07553096783281}, deviceManufacturer: Symphony, deviceModel: E90, deviceName: 07553096783281, deviceScreenSize: 480x800, deviceUDID: 07553096783281, disableAndroidWatchers: true, ignoreUnimportantViews: true, javascriptEnabled: true, locationContextEnabled: false, networkConnectionEnabled: true, newCommandTimeout: 2400, noReset: true, platform: LINUX, platformName: Android, platformVersion: 8.1.0, skipDeviceInitialization: true, skipUnlock: true, systemPort: 8201, takesScreenshot: true, udid: 07553096783281, warnings: {}, webStorageEnabled: false}
Session ID: ee390700-5d89-4d3c-9bf4-3bfecd272c50
*** Element info: {Using=-android uiautomator, value=new UiScrollable(new UiSelector().scrollable(true).instance(0)).scrollIntoView(new UiSelector().textContains("532").instance(0))}
at org.openqa.selenium.remote.http.W3CHttpResponseCodec.createException(W3CHttpResponseCodec.java:187)
at org.openqa.selenium.remote.http.W3CHttpResponseCodec.decode(W3CHttpResponseCodec.java:122)
at org.openqa.selenium.remote.http.W3CHttpResponseCodec.decode(W3CHttpResponseCodec.java:49)
at org.openqa.selenium.remote.HttpCommandExecutor.execute(HttpCommandExecutor.java:158)
at io.appium.java_client.remote.AppiumCommandExecutor.execute(AppiumCommandExecutor.java:239)
at org.openqa.selenium.remote.RemoteWebDriver.execute(RemoteWebDriver.java:548)
at io.appium.java_client.DefaultGenericMobileDriver.execute(DefaultGenericMobileDriver.java:42)
at io.appium.java_client.AppiumDriver.execute(AppiumDriver.java:1)
at io.appium.java_client.android.AndroidDriver.execute(AndroidDriver.java:1)
at org.openqa.selenium.remote.RemoteWebDriver.findElement(RemoteWebDriver.java:322)
at io.appium.java_client.DefaultGenericMobileDriver.findElement(DefaultGenericMobileDriver.java:62)
at io.appium.java_client.AppiumDriver.findElement(AppiumDriver.java:1)
at io.appium.java_client.android.AndroidDriver.findElement(AndroidDriver.java:1)
at io.appium.java_client.FindsByAndroidUIAutomator.findElementByAndroidUIAutomator(FindsByAndroidUIAutomator.java:38)
at Partner.NIDScreen.scrollTo(NIDScreen.java:176)
at Partner.FunctionalTest2.ValidateNewTripNotification_WhenTapped_Landsuser_onto_PlaceBidScreen(FunctionalTest2.java:1262)
at java.util.concurrent.ThreadPoolExecutor.runWorker(Unknown Source)
at java.util.concurrent.ThreadPoolExecutor$Worker.run(Unknown Source)
at java.lang.Thread.run(Unknown Source)
... Removed 13 stack frames]]>
    </failure>
  </testcase> <!-- ValidateNewTripNotification_WhenTapped_Landsuser_onto_PlaceBidScreen -->
  <testcase name="ValidateBidReceivedNotification_whenTapped_LandsUser_onto_BidListScreen" time="18.102" classname="Customer.FunctionalTest5">
    <failure type="org.openqa.selenium.NoSuchElementException" message="An element could not be located on the page using the given search parameters.
For documentation on this error, please visit: https://www.seleniumhq.org/exceptions/no_such_element.html
Build info: version: &amp;apos;3.141.59&amp;apos;, revision: &amp;apos;e82be7d358&amp;apos;, time: &amp;apos;2018-11-14T08:17:03&amp;apos;
System info: host: &amp;apos;DESKTOP-5TGLKVE&amp;apos;, ip: &amp;apos;192.168.193.2&amp;apos;, os.name: &amp;apos;Windows 10&amp;apos;, os.arch: &amp;apos;amd64&amp;apos;, os.version: &amp;apos;10.0&amp;apos;, java.version: &amp;apos;1.8.0_172&amp;apos;
Driver info: io.appium.java_client.android.AndroidDriver
Capabilities {appActivity: com.ejogajog.common.ui.spla..., appPackage: com.ejogajog.serviceseeker, autoGrantPermissions : true, databaseEnabled: false, desired: {appActivity: com.ejogajog.common.ui.spla..., appPackage: com.ejogajog.serviceseeker, autoGrantPermissions : true, deviceName: 420036c7e42035fb, disableAndroidWatchers: true, ignoreUnimportantViews: true, newCommandTimeout: 2400, noReset: true, platformName: android, skipDeviceInitialization: true, skipUnlock: true, systemPort: 8202, udid: 420036c7e42035fb}, deviceManufacturer: samsung, deviceModel: SM-G532G, deviceName: 420036c7e42035fb, deviceScreenSize: 540x960, deviceUDID: 420036c7e42035fb, disableAndroidWatchers: true, ignoreUnimportantViews: true, javascriptEnabled: true, locationContextEnabled: false, networkConnectionEnabled: true, newCommandTimeout: 2400, noReset: true, platform: LINUX, platformName: Android, platformVersion: 6.0.1, skipDeviceInitialization: true, skipUnlock: true, systemPort: 8202, takesScreenshot: true, udid: 420036c7e42035fb, warnings: {}, webStorageEnabled: false}
Session ID: 310e0d7c-6f38-46e0-b0ae-a0f312821a23
*** Element info: {Using=-android uiautomator, value=new UiSelector().textContains(&amp;quot;532&amp;quot;)}">
      <![CDATA[org.openqa.selenium.NoSuchElementException: An element could not be located on the page using the given search parameters.
For documentation on this error, please visit: https://www.seleniumhq.org/exceptions/no_such_element.html
Build info: version: '3.141.59', revision: 'e82be7d358', time: '2018-11-14T08:17:03'
System info: host: 'DESKTOP-5TGLKVE', ip: '192.168.193.2', os.name: 'Windows 10', os.arch: 'amd64', os.version: '10.0', java.version: '1.8.0_172'
Driver info: io.appium.java_client.android.AndroidDriver
Capabilities {appActivity: com.ejogajog.common.ui.spla..., appPackage: com.ejogajog.serviceseeker, autoGrantPermissions : true, databaseEnabled: false, desired: {appActivity: com.ejogajog.common.ui.spla..., appPackage: com.ejogajog.serviceseeker, autoGrantPermissions : true, deviceName: 420036c7e42035fb, disableAndroidWatchers: true, ignoreUnimportantViews: true, newCommandTimeout: 2400, noReset: true, platformName: android, skipDeviceInitialization: true, skipUnlock: true, systemPort: 8202, udid: 420036c7e42035fb}, deviceManufacturer: samsung, deviceModel: SM-G532G, deviceName: 420036c7e42035fb, deviceScreenSize: 540x960, deviceUDID: 420036c7e42035fb, disableAndroidWatchers: true, ignoreUnimportantViews: true, javascriptEnabled: true, locationContextEnabled: false, networkConnectionEnabled: true, newCommandTimeout: 2400, noReset: true, platform: LINUX, platformName: Android, platformVersion: 6.0.1, skipDeviceInitialization: true, skipUnlock: true, systemPort: 8202, takesScreenshot: true, udid: 420036c7e42035fb, warnings: {}, webStorageEnabled: false}
Session ID: 310e0d7c-6f38-46e0-b0ae-a0f312821a23
*** Element info: {Using=-android uiautomator, value=new UiSelector().textContains("532")}
at org.openqa.selenium.remote.http.W3CHttpResponseCodec.createException(W3CHttpResponseCodec.java:187)
at org.openqa.selenium.remote.http.W3CHttpResponseCodec.decode(W3CHttpResponseCodec.java:122)
at org.openqa.selenium.remote.http.W3CHttpResponseCodec.decode(W3CHttpResponseCodec.java:49)
at org.openqa.selenium.remote.HttpCommandExecutor.execute(HttpCommandExecutor.java:158)
at io.appium.java_client.remote.AppiumCommandExecutor.execute(AppiumCommandExecutor.java:239)
at org.openqa.selenium.remote.RemoteWebDriver.execute(RemoteWebDriver.java:548)
at io.appium.java_client.DefaultGenericMobileDriver.execute(DefaultGenericMobileDriver.java:42)
at io.appium.java_client.AppiumDriver.execute(AppiumDriver.java:1)
at io.appium.java_client.android.AndroidDriver.execute(AndroidDriver.java:1)
at org.openqa.selenium.remote.RemoteWebDriver.findElement(RemoteWebDriver.java:322)
at io.appium.java_client.DefaultGenericMobileDriver.findElement(DefaultGenericMobileDriver.java:62)
at io.appium.java_client.AppiumDriver.findElement(AppiumDriver.java:1)
at io.appium.java_client.android.AndroidDriver.findElement(AndroidDriver.java:1)
at io.appium.java_client.FindsByAndroidUIAutomator.findElementByAndroidUIAutomator(FindsByAndroidUIAutomator.java:38)
at Customer.FunctionalTest5.ValidateBidReceivedNotification_whenTapped_LandsUser_onto_BidListScreen(FunctionalTest5.java:1177)
at java.util.concurrent.ThreadPoolExecutor.runWorker(Unknown Source)
at java.util.concurrent.ThreadPoolExecutor$Worker.run(Unknown Source)
at java.lang.Thread.run(Unknown Source)
... Removed 13 stack frames]]>
    </failure>
  </testcase> <!-- ValidateBidReceivedNotification_whenTapped_LandsUser_onto_BidListScreen -->
  <testcase name="ValidateBidAcceptedNotification_Landsuser_onto_StarttripScreen" time="11.198" classname="Partner.FunctionalTest2">
    <failure type="org.openqa.selenium.NoSuchElementException" message="An element could not be located on the page using the given search parameters.
For documentation on this error, please visit: https://www.seleniumhq.org/exceptions/no_such_element.html
Build info: version: &amp;apos;3.141.59&amp;apos;, revision: &amp;apos;e82be7d358&amp;apos;, time: &amp;apos;2018-11-14T08:17:03&amp;apos;
System info: host: &amp;apos;DESKTOP-5TGLKVE&amp;apos;, ip: &amp;apos;192.168.193.2&amp;apos;, os.name: &amp;apos;Windows 10&amp;apos;, os.arch: &amp;apos;amd64&amp;apos;, os.version: &amp;apos;10.0&amp;apos;, java.version: &amp;apos;1.8.0_172&amp;apos;
Driver info: io.appium.java_client.android.AndroidDriver
Capabilities {appActivity: com.ejogajog.common.ui.spla..., appPackage: com.ejogajog.fleetowner, autoGrantPermissions : true, databaseEnabled: false, desired: {appActivity: com.ejogajog.common.ui.spla..., appPackage: com.ejogajog.fleetowner, autoGrantPermissions : true, deviceName: 07553096783281, disableAndroidWatchers: true, ignoreUnimportantViews: true, newCommandTimeout: 2400, noReset: true, platformName: android, skipDeviceInitialization: true, skipUnlock: true, systemPort: 8201, udid: 07553096783281}, deviceManufacturer: Symphony, deviceModel: E90, deviceName: 07553096783281, deviceScreenSize: 480x800, deviceUDID: 07553096783281, disableAndroidWatchers: true, ignoreUnimportantViews: true, javascriptEnabled: true, locationContextEnabled: false, networkConnectionEnabled: true, newCommandTimeout: 2400, noReset: true, platform: LINUX, platformName: Android, platformVersion: 8.1.0, skipDeviceInitialization: true, skipUnlock: true, systemPort: 8201, takesScreenshot: true, udid: 07553096783281, warnings: {}, webStorageEnabled: false}
Session ID: ee390700-5d89-4d3c-9bf4-3bfecd272c50
*** Element info: {Using=-android uiautomator, value=new UiScrollable(new UiSelector().scrollable(true).instance(0)).scrollIntoView(new UiSelector().textContains(&amp;quot;START TRIP&amp;quot;).instance(0))}">
      <![CDATA[org.openqa.selenium.NoSuchElementException: An element could not be located on the page using the given search parameters.
For documentation on this error, please visit: https://www.seleniumhq.org/exceptions/no_such_element.html
Build info: version: '3.141.59', revision: 'e82be7d358', time: '2018-11-14T08:17:03'
System info: host: 'DESKTOP-5TGLKVE', ip: '192.168.193.2', os.name: 'Windows 10', os.arch: 'amd64', os.version: '10.0', java.version: '1.8.0_172'
Driver info: io.appium.java_client.android.AndroidDriver
Capabilities {appActivity: com.ejogajog.common.ui.spla..., appPackage: com.ejogajog.fleetowner, autoGrantPermissions : true, databaseEnabled: false, desired: {appActivity: com.ejogajog.common.ui.spla..., appPackage: com.ejogajog.fleetowner, autoGrantPermissions : true, deviceName: 07553096783281, disableAndroidWatchers: true, ignoreUnimportantViews: true, newCommandTimeout: 2400, noReset: true, platformName: android, skipDeviceInitialization: true, skipUnlock: true, systemPort: 8201, udid: 07553096783281}, deviceManufacturer: Symphony, deviceModel: E90, deviceName: 07553096783281, deviceScreenSize: 480x800, deviceUDID: 07553096783281, disableAndroidWatchers: true, ignoreUnimportantViews: true, javascriptEnabled: true, locationContextEnabled: false, networkConnectionEnabled: true, newCommandTimeout: 2400, noReset: true, platform: LINUX, platformName: Android, platformVersion: 8.1.0, skipDeviceInitialization: true, skipUnlock: true, systemPort: 8201, takesScreenshot: true, udid: 07553096783281, warnings: {}, webStorageEnabled: false}
Session ID: ee390700-5d89-4d3c-9bf4-3bfecd272c50
*** Element info: {Using=-android uiautomator, value=new UiScrollable(new UiSelector().scrollable(true).instance(0)).scrollIntoView(new UiSelector().textContains("START TRIP").instance(0))}
at org.openqa.selenium.remote.http.W3CHttpResponseCodec.createException(W3CHttpResponseCodec.java:187)
at org.openqa.selenium.remote.http.W3CHttpResponseCodec.decode(W3CHttpResponseCodec.java:122)
at org.openqa.selenium.remote.http.W3CHttpResponseCodec.decode(W3CHttpResponseCodec.java:49)
at org.openqa.selenium.remote.HttpCommandExecutor.execute(HttpCommandExecutor.java:158)
at io.appium.java_client.remote.AppiumCommandExecutor.execute(AppiumCommandExecutor.java:239)
at org.openqa.selenium.remote.RemoteWebDriver.execute(RemoteWebDriver.java:548)
at io.appium.java_client.DefaultGenericMobileDriver.execute(DefaultGenericMobileDriver.java:42)
at io.appium.java_client.AppiumDriver.execute(AppiumDriver.java:1)
at io.appium.java_client.android.AndroidDriver.execute(AndroidDriver.java:1)
at org.openqa.selenium.remote.RemoteWebDriver.findElement(RemoteWebDriver.java:322)
at io.appium.java_client.DefaultGenericMobileDriver.findElement(DefaultGenericMobileDriver.java:62)
at io.appium.java_client.AppiumDriver.findElement(AppiumDriver.java:1)
at io.appium.java_client.android.AndroidDriver.findElement(AndroidDriver.java:1)
at io.appium.java_client.FindsByAndroidUIAutomator.findElementByAndroidUIAutomator(FindsByAndroidUIAutomator.java:38)
at Partner.NIDScreen.scrollTo(NIDScreen.java:176)
at Partner.FunctionalTest2.ValidateBidAcceptedNotification_Landsuser_onto_StarttripScreen(FunctionalTest2.java:1325)
at java.util.concurrent.ThreadPoolExecutor.runWorker(Unknown Source)
at java.util.concurrent.ThreadPoolExecutor$Worker.run(Unknown Source)
at java.lang.Thread.run(Unknown Source)
... Removed 13 stack frames]]>
    </failure>
  </testcase> <!-- ValidateBidAcceptedNotification_Landsuser_onto_StarttripScreen -->
  <testcase name="ValidateTripStartedNotification_WhenTapped_LandsUser_Onto_BookingDetailsScreen_Foruser_havingOption_toCompleteTrip" time="28.728" classname="Customer.FunctionalTest5">
    <failure type="org.openqa.selenium.NoSuchElementException" message="An element could not be located on the page using the given search parameters.
For documentation on this error, please visit: https://www.seleniumhq.org/exceptions/no_such_element.html
Build info: version: &amp;apos;3.141.59&amp;apos;, revision: &amp;apos;e82be7d358&amp;apos;, time: &amp;apos;2018-11-14T08:17:03&amp;apos;
System info: host: &amp;apos;DESKTOP-5TGLKVE&amp;apos;, ip: &amp;apos;192.168.193.2&amp;apos;, os.name: &amp;apos;Windows 10&amp;apos;, os.arch: &amp;apos;amd64&amp;apos;, os.version: &amp;apos;10.0&amp;apos;, java.version: &amp;apos;1.8.0_172&amp;apos;
Driver info: io.appium.java_client.android.AndroidDriver
Capabilities {appActivity: com.ejogajog.common.ui.spla..., appPackage: com.ejogajog.serviceseeker, autoGrantPermissions : true, databaseEnabled: false, desired: {appActivity: com.ejogajog.common.ui.spla..., appPackage: com.ejogajog.serviceseeker, autoGrantPermissions : true, deviceName: 420036c7e42035fb, disableAndroidWatchers: true, ignoreUnimportantViews: true, newCommandTimeout: 2400, noReset: true, platformName: android, skipDeviceInitialization: true, skipUnlock: true, systemPort: 8202, udid: 420036c7e42035fb}, deviceManufacturer: samsung, deviceModel: SM-G532G, deviceName: 420036c7e42035fb, deviceScreenSize: 540x960, deviceUDID: 420036c7e42035fb, disableAndroidWatchers: true, ignoreUnimportantViews: true, javascriptEnabled: true, locationContextEnabled: false, networkConnectionEnabled: true, newCommandTimeout: 2400, noReset: true, platform: LINUX, platformName: Android, platformVersion: 6.0.1, skipDeviceInitialization: true, skipUnlock: true, systemPort: 8202, takesScreenshot: true, udid: 420036c7e42035fb, warnings: {}, webStorageEnabled: false}
Session ID: 9557e382-8e50-4e7e-a88f-b1e6f49a34ac
*** Element info: {Using=-android uiautomator, value=new UiScrollable(new UiSelector().scrollable(true).instance(0)).scrollIntoView(new UiSelector().textContains(&amp;quot;COMPLETE THIS TRIP&amp;quot;).instance(0))}">
      <![CDATA[org.openqa.selenium.NoSuchElementException: An element could not be located on the page using the given search parameters.
For documentation on this error, please visit: https://www.seleniumhq.org/exceptions/no_such_element.html
Build info: version: '3.141.59', revision: 'e82be7d358', time: '2018-11-14T08:17:03'
System info: host: 'DESKTOP-5TGLKVE', ip: '192.168.193.2', os.name: 'Windows 10', os.arch: 'amd64', os.version: '10.0', java.version: '1.8.0_172'
Driver info: io.appium.java_client.android.AndroidDriver
Capabilities {appActivity: com.ejogajog.common.ui.spla..., appPackage: com.ejogajog.serviceseeker, autoGrantPermissions : true, databaseEnabled: false, desired: {appActivity: com.ejogajog.common.ui.spla..., appPackage: com.ejogajog.serviceseeker, autoGrantPermissions : true, deviceName: 420036c7e42035fb, disableAndroidWatchers: true, ignoreUnimportantViews: true, newCommandTimeout: 2400, noReset: true, platformName: android, skipDeviceInitialization: true, skipUnlock: true, systemPort: 8202, udid: 420036c7e42035fb}, deviceManufacturer: samsung, deviceModel: SM-G532G, deviceName: 420036c7e42035fb, deviceScreenSize: 540x960, deviceUDID: 420036c7e42035fb, disableAndroidWatchers: true, ignoreUnimportantViews: true, javascriptEnabled: true, locationContextEnabled: false, networkConnectionEnabled: true, newCommandTimeout: 2400, noReset: true, platform: LINUX, platformName: Android, platformVersion: 6.0.1, skipDeviceInitialization: true, skipUnlock: true, systemPort: 8202, takesScreenshot: true, udid: 420036c7e42035fb, warnings: {}, webStorageEnabled: false}
Session ID: 9557e382-8e50-4e7e-a88f-b1e6f49a34ac
*** Element info: {Using=-android uiautomator, value=new UiScrollable(new UiSelector().scrollable(true).instance(0)).scrollIntoView(new UiSelector().textContains("COMPLETE THIS TRIP").instance(0))}
at org.openqa.selenium.remote.http.W3CHttpResponseCodec.createException(W3CHttpResponseCodec.java:187)
at org.openqa.selenium.remote.http.W3CHttpResponseCodec.decode(W3CHttpResponseCodec.java:122)
at org.openqa.selenium.remote.http.W3CHttpResponseCodec.decode(W3CHttpResponseCodec.java:49)
at org.openqa.selenium.remote.HttpCommandExecutor.execute(HttpCommandExecutor.java:158)
at io.appium.java_client.remote.AppiumCommandExecutor.execute(AppiumCommandExecutor.java:239)
at org.openqa.selenium.remote.RemoteWebDriver.execute(RemoteWebDriver.java:548)
at io.appium.java_client.DefaultGenericMobileDriver.execute(DefaultGenericMobileDriver.java:42)
at io.appium.java_client.AppiumDriver.execute(AppiumDriver.java:1)
at io.appium.java_client.android.AndroidDriver.execute(AndroidDriver.java:1)
at org.openqa.selenium.remote.RemoteWebDriver.findElement(RemoteWebDriver.java:322)
at io.appium.java_client.DefaultGenericMobileDriver.findElement(DefaultGenericMobileDriver.java:62)
at io.appium.java_client.AppiumDriver.findElement(AppiumDriver.java:1)
at io.appium.java_client.android.AndroidDriver.findElement(AndroidDriver.java:1)
at io.appium.java_client.FindsByAndroidUIAutomator.findElementByAndroidUIAutomator(FindsByAndroidUIAutomator.java:38)
at Customer.NIDScreen.scrollTo(NIDScreen.java:162)
at Customer.FunctionalTest5.ValidateTripStartedNotification_WhenTapped_LandsUser_Onto_BookingDetailsScreen_Foruser_havingOption_toCompleteTrip(FunctionalTest5.java:1198)
at java.util.concurrent.ThreadPoolExecutor.runWorker(Unknown Source)
at java.util.concurrent.ThreadPoolExecutor$Worker.run(Unknown Source)
at java.lang.Thread.run(Unknown Source)
... Removed 13 stack frames]]>
    </failure>
  </testcase> <!-- ValidateTripStartedNotification_WhenTapped_LandsUser_Onto_BookingDetailsScreen_Foruser_havingOption_toCompleteTrip -->
  <testcase name="ValidateCompleteTripNotificationWhenTapped_Landsuser_onto_TripDetailsScreen" time="27.737" classname="Partner.FunctionalTest2">
    <failure type="org.openqa.selenium.NoSuchElementException" message="An element could not be located on the page using the given search parameters.
For documentation on this error, please visit: https://www.seleniumhq.org/exceptions/no_such_element.html
Build info: version: &amp;apos;3.141.59&amp;apos;, revision: &amp;apos;e82be7d358&amp;apos;, time: &amp;apos;2018-11-14T08:17:03&amp;apos;
System info: host: &amp;apos;DESKTOP-5TGLKVE&amp;apos;, ip: &amp;apos;192.168.193.2&amp;apos;, os.name: &amp;apos;Windows 10&amp;apos;, os.arch: &amp;apos;amd64&amp;apos;, os.version: &amp;apos;10.0&amp;apos;, java.version: &amp;apos;1.8.0_172&amp;apos;
Driver info: io.appium.java_client.android.AndroidDriver
Capabilities {appActivity: com.ejogajog.common.ui.spla..., appPackage: com.ejogajog.fleetowner, autoGrantPermissions : true, databaseEnabled: false, desired: {appActivity: com.ejogajog.common.ui.spla..., appPackage: com.ejogajog.fleetowner, autoGrantPermissions : true, deviceName: 07553096783281, disableAndroidWatchers: true, ignoreUnimportantViews: true, newCommandTimeout: 2400, noReset: true, platformName: android, skipDeviceInitialization: true, skipUnlock: true, systemPort: 8201, udid: 07553096783281}, deviceManufacturer: Symphony, deviceModel: E90, deviceName: 07553096783281, deviceScreenSize: 480x800, deviceUDID: 07553096783281, disableAndroidWatchers: true, ignoreUnimportantViews: true, javascriptEnabled: true, locationContextEnabled: false, networkConnectionEnabled: true, newCommandTimeout: 2400, noReset: true, platform: LINUX, platformName: Android, platformVersion: 8.1.0, skipDeviceInitialization: true, skipUnlock: true, systemPort: 8201, takesScreenshot: true, udid: 07553096783281, warnings: {}, webStorageEnabled: false}
Session ID: 08857200-526d-42d2-94cb-70e3091d0175
*** Element info: {Using=-android uiautomator, value=new UiSelector().textContains(&amp;quot;TRIP DETAILS&amp;quot;)}">
      <![CDATA[org.openqa.selenium.NoSuchElementException: An element could not be located on the page using the given search parameters.
For documentation on this error, please visit: https://www.seleniumhq.org/exceptions/no_such_element.html
Build info: version: '3.141.59', revision: 'e82be7d358', time: '2018-11-14T08:17:03'
System info: host: 'DESKTOP-5TGLKVE', ip: '192.168.193.2', os.name: 'Windows 10', os.arch: 'amd64', os.version: '10.0', java.version: '1.8.0_172'
Driver info: io.appium.java_client.android.AndroidDriver
Capabilities {appActivity: com.ejogajog.common.ui.spla..., appPackage: com.ejogajog.fleetowner, autoGrantPermissions : true, databaseEnabled: false, desired: {appActivity: com.ejogajog.common.ui.spla..., appPackage: com.ejogajog.fleetowner, autoGrantPermissions : true, deviceName: 07553096783281, disableAndroidWatchers: true, ignoreUnimportantViews: true, newCommandTimeout: 2400, noReset: true, platformName: android, skipDeviceInitialization: true, skipUnlock: true, systemPort: 8201, udid: 07553096783281}, deviceManufacturer: Symphony, deviceModel: E90, deviceName: 07553096783281, deviceScreenSize: 480x800, deviceUDID: 07553096783281, disableAndroidWatchers: true, ignoreUnimportantViews: true, javascriptEnabled: true, locationContextEnabled: false, networkConnectionEnabled: true, newCommandTimeout: 2400, noReset: true, platform: LINUX, platformName: Android, platformVersion: 8.1.0, skipDeviceInitialization: true, skipUnlock: true, systemPort: 8201, takesScreenshot: true, udid: 07553096783281, warnings: {}, webStorageEnabled: false}
Session ID: 08857200-526d-42d2-94cb-70e3091d0175
*** Element info: {Using=-android uiautomator, value=new UiSelector().textContains("TRIP DETAILS")}
at org.openqa.selenium.remote.http.W3CHttpResponseCodec.createException(W3CHttpResponseCodec.java:187)
at org.openqa.selenium.remote.http.W3CHttpResponseCodec.decode(W3CHttpResponseCodec.java:122)
at org.openqa.selenium.remote.http.W3CHttpResponseCodec.decode(W3CHttpResponseCodec.java:49)
at org.openqa.selenium.remote.HttpCommandExecutor.execute(HttpCommandExecutor.java:158)
at io.appium.java_client.remote.AppiumCommandExecutor.execute(AppiumCommandExecutor.java:239)
at org.openqa.selenium.remote.RemoteWebDriver.execute(RemoteWebDriver.java:548)
at io.appium.java_client.DefaultGenericMobileDriver.execute(DefaultGenericMobileDriver.java:42)
at io.appium.java_client.AppiumDriver.execute(AppiumDriver.java:1)
at io.appium.java_client.android.AndroidDriver.execute(AndroidDriver.java:1)
at org.openqa.selenium.remote.RemoteWebDriver.findElement(RemoteWebDriver.java:322)
at io.appium.java_client.DefaultGenericMobileDriver.findElement(DefaultGenericMobileDriver.java:62)
at io.appium.java_client.AppiumDriver.findElement(AppiumDriver.java:1)
at io.appium.java_client.android.AndroidDriver.findElement(AndroidDriver.java:1)
at io.appium.java_client.FindsByAndroidUIAutomator.findElementByAndroidUIAutomator(FindsByAndroidUIAutomator.java:38)
at Partner.FunctionalTest2.ValidateCompleteTripNotificationWhenTapped_Landsuser_onto_TripDetailsScreen(FunctionalTest2.java:1341)
at java.util.concurrent.ThreadPoolExecutor.runWorker(Unknown Source)
at java.util.concurrent.ThreadPoolExecutor$Worker.run(Unknown Source)
at java.lang.Thread.run(Unknown Source)
... Removed 13 stack frames]]>
    </failure>
  </testcase> <!-- ValidateCompleteTripNotificationWhenTapped_Landsuser_onto_TripDetailsScreen -->
  <testcase name="Validation_InvitingAlreadyRegisteredPartner_Tobe_Partner" time="14.655" classname="Partner.FunctionalTest2"/>
  <testcase name="Validation_InvitingAlreadyRegisteredCustomer_Tobe_Customer" time="10.444" classname="Customer.FunctionalTest5"/>
  <testcase name="Inviteuser_ToJoinAs_Partner" time="16.75" classname="Partner.FunctionalTest2"/>
  <testcase name="InviteUser_ToJoinAs_Customer" time="12.077" classname="Customer.FunctionalTest5"/>
  <testcase name="Validation_RegisterasNewPartner_ByEnteringReferralCode_ofExistingPartner_whileRegistering" time="150.57" classname="Partner.FunctionalTest2"/>
  <testcase name="Validation_RegisterasNewCustomer_ByEnteringReferralCode_ofExistingCustomer_WhileRegistering" time="135.214" classname="Customer.FunctionalTest5"/>
  <testcase name="Createnewtrip_withreferredcustomer" time="90.0" classname="Customer.FunctionalTest5"/>
  <testcase name="placebidontrip_createdbyreferredcustomer_and_ValidateEarningsforreferredcustomer" time="287.014" classname="Partner.FunctionalTest2">
    <failure type="java.lang.Throwable" message="Multiple failures (3)
(1)Utils.VerificationError:Truck submitted for admin approval message validation failed expected [95] but found [124]
(2)Utils.VerificationError:Driver registered successfully validation failed expected [Driver sign up request has been placed for approval. They will get a confirmation SMS within 24 hours. Please contact customer service on +8809768111444 for further assistance.] but found [Driver sign up request has been placed for approval. They will get a confirmation SMS within 24 hours. Please contact customer service on +8809678111444 for further assistance.]
(3)org.openqa.selenium.NoSuchElementException:An element could not be located on the page using the given search parameters.
For documentation on this error, please visit: https://www.seleniumhq.org/exceptions/no_such_element.html
Build info: version: &amp;apos;3.141.59&amp;apos;, revision: &amp;apos;e82be7d358&amp;apos;, time: &amp;apos;2018-11-14T08:17:03&amp;apos;
System info: host: &amp;apos;DESKTOP-5TGLKVE&amp;apos;, ip: &amp;apos;192.168.193.2&amp;apos;, os.name: &amp;apos;Windows 10&amp;apos;, os.arch: &amp;apos;amd64&amp;apos;, os.version: &amp;apos;10.0&amp;apos;, java.version: &amp;apos;1.8.0_172&amp;apos;
Driver info: io.appium.java_client.android.AndroidDriver
Capabilities {appActivity: com.ejogajog.common.ui.spla..., appPackage: com.ejogajog.fleetowner, autoGrantPermissions : true, databaseEnabled: false, desired: {appActivity: com.ejogajog.common.ui.spla..., appPackage: com.ejogajog.fleetowner, autoGrantPermissions : true, deviceName: 07553096783281, disableAndroidWatchers: true, ignoreUnimportantViews: true, newCommandTimeout: 2400, noReset: true, platformName: android, skipDeviceInitialization: true, skipUnlock: true, systemPort: 8201, udid: 07553096783281}, deviceManufacturer: Symphony, deviceModel: E90, deviceName: 07553096783281, deviceScreenSize: 480x800, deviceUDID: 07553096783281, disableAndroidWatchers: true, ignoreUnimportantViews: true, javascriptEnabled: true, locationContextEnabled: false, networkConnectionEnabled: true, newCommandTimeout: 2400, noReset: true, platform: LINUX, platformName: Android, platformVersion: 8.1.0, skipDeviceInitialization: true, skipUnlock: true, systemPort: 8201, takesScreenshot: true, udid: 07553096783281, warnings: {}, webStorageEnabled: false}
Session ID: 08857200-526d-42d2-94cb-70e3091d0175
*** Element info: {Using=-android uiautomator, value=new UiSelector().textContains(&amp;quot;You are rewarded Taka 50&amp;quot;)}

Failure 1 of 3
Utils.VerificationError: Truck submitted for admin approval message validation failed expected [95] but found [124]
	at org.testng.Assert.fail(Assert.java:96)
	at org.testng.Assert.failNotEquals(Assert.java:776)
	at org.testng.Assert.assertEqualsImpl(Assert.java:137)
	at org.testng.Assert.assertEquals(Assert.java:118)
	at org.testng.Assert.assertEquals(Assert.java:652)
	at Utils.Verify.verifyEquals(Verify.java:218)
	at Partner.FunctionalTest2.placebidontrip_createdbyreferredcustomer_and_ValidateEarningsforreferredcustomer(FunctionalTest2.java:1688)
	at sun.reflect.NativeMethodAccessorImpl.invoke0(Native Method)
	at sun.reflect.NativeMethodAccessorImpl.invoke(Unknown Source)
	at sun.reflect.DelegatingMethodAccessorImpl.invoke(Unknown Source)
	at java.lang.reflect.Method.invoke(Unknown Source)
	at org.testng.internal.MethodInvocationHelper.invokeMethod(MethodInvocationHelper.java:124)
	at org.testng.internal.Invoker.invokeMethod(Invoker.java:580)
	at org.testng.internal.Invoker.invokeTestMethod(Invoker.java:716)
	at org.testng.internal.Invoker.invokeTestMethods(Invoker.java:988)
	at org.testng.internal.TestMethodWorker.invokeTestMethods(TestMethodWorker.java:125)
	at org.testng.internal.TestMethodWorker.run(TestMethodWorker.java:109)
	at java.util.concurrent.ThreadPoolExecutor.runWorker(Unknown Source)
	at java.util.concurrent.ThreadPoolExecutor$Worker.run(Unknown Source)
	at java.lang.Thread.run(Unknown Source)

Failure 2 of 3
Utils.VerificationError: Driver registered successfully validation failed expected [Driver sign up request has been placed for approval. They will get a confirmation SMS within 24 hours. Please contact customer service on +8809768111444 for further assistance.] but found [Driver sign up request has been placed for approval. They will get a confirmation SMS within 24 hours. Please contact customer service on +8809678111444 for further assistance.]
	at org.testng.Assert.fail(Assert.java:96)
	at org.testng.Assert.failNotEquals(Assert.java:776)
	at org.testng.Assert.assertEqualsImpl(Assert.java:137)
	at org.testng.Assert.assertEquals(Assert.java:118)
	at org.testng.Assert.assertEquals(Assert.java:453)
	at Utils.Verify.verifyEquals(Verify.java:90)
	at Partner.FunctionalTest2.placebidontrip_createdbyreferredcustomer_and_ValidateEarningsforreferredcustomer(FunctionalTest2.java:1794)
	at sun.reflect.NativeMethodAccessorImpl.invoke0(Native Method)
	at sun.reflect.NativeMethodAccessorImpl.invoke(Unknown Source)
	at sun.reflect.DelegatingMethodAccessorImpl.invoke(Unknown Source)
	at java.lang.reflect.Method.invoke(Unknown Source)
	at org.testng.internal.MethodInvocationHelper.invokeMethod(MethodInvocationHelper.java:124)
	at org.testng.internal.Invoker.invokeMethod(Invoker.java:580)
	at org.testng.internal.Invoker.invokeTestMethod(Invoker.java:716)
	at org.testng.internal.Invoker.invokeTestMethods(Invoker.java:988)
	at org.testng.internal.TestMethodWorker.invokeTestMethods(TestMethodWorker.java:125)
	at org.testng.internal.TestMethodWorker.run(TestMethodWorker.java:109)
	at java.util.concurrent.ThreadPoolExecutor.runWorker(Unknown Source)
	at java.util.concurrent.ThreadPoolExecutor$Worker.run(Unknown Source)
	at java.lang.Thread.run(Unknown Source)

Failure 3 of 3
org.openqa.selenium.NoSuchElementException: An element could not be located on the page using the given search parameters.
For documentation on this error, please visit: https://www.seleniumhq.org/exceptions/no_such_element.html
Build info: version: &amp;apos;3.141.59&amp;apos;, revision: &amp;apos;e82be7d358&amp;apos;, time: &amp;apos;2018-11-14T08:17:03&amp;apos;
System info: host: &amp;apos;DESKTOP-5TGLKVE&amp;apos;, ip: &amp;apos;192.168.193.2&amp;apos;, os.name: &amp;apos;Windows 10&amp;apos;, os.arch: &amp;apos;amd64&amp;apos;, os.version: &amp;apos;10.0&amp;apos;, java.version: &amp;apos;1.8.0_172&amp;apos;
Driver info: io.appium.java_client.android.AndroidDriver
Capabilities {appActivity: com.ejogajog.common.ui.spla..., appPackage: com.ejogajog.fleetowner, autoGrantPermissions : true, databaseEnabled: false, desired: {appActivity: com.ejogajog.common.ui.spla..., appPackage: com.ejogajog.fleetowner, autoGrantPermissions : true, deviceName: 07553096783281, disableAndroidWatchers: true, ignoreUnimportantViews: true, newCommandTimeout: 2400, noReset: true, platformName: android, skipDeviceInitialization: true, skipUnlock: true, systemPort: 8201, udid: 07553096783281}, deviceManufacturer: Symphony, deviceModel: E90, deviceName: 07553096783281, deviceScreenSize: 480x800, deviceUDID: 07553096783281, disableAndroidWatchers: true, ignoreUnimportantViews: true, javascriptEnabled: true, locationContextEnabled: false, networkConnectionEnabled: true, newCommandTimeout: 2400, noReset: true, platform: LINUX, platformName: Android, platformVersion: 8.1.0, skipDeviceInitialization: true, skipUnlock: true, systemPort: 8201, takesScreenshot: true, udid: 07553096783281, warnings: {}, webStorageEnabled: false}
Session ID: 08857200-526d-42d2-94cb-70e3091d0175
*** Element info: {Using=-android uiautomator, value=new UiSelector().textContains(&amp;quot;You are rewarded Taka 50&amp;quot;)}">
      <![CDATA[java.lang.Throwable: Multiple failures (3)
(1)Utils.VerificationError:Truck submitted for admin approval message validation failed expected [95] but found [124]
(2)Utils.VerificationError:Driver registered successfully validation failed expected [Driver sign up request has been placed for approval. They will get a confirmation SMS within 24 hours. Please contact customer service on +8809768111444 for further assistance.] but found [Driver sign up request has been placed for approval. They will get a confirmation SMS within 24 hours. Please contact customer service on +8809678111444 for further assistance.]
(3)org.openqa.selenium.NoSuchElementException:An element could not be located on the page using the given search parameters.
For documentation on this error, please visit: https://www.seleniumhq.org/exceptions/no_such_element.html
Build info: version: '3.141.59', revision: 'e82be7d358', time: '2018-11-14T08:17:03'
System info: host: 'DESKTOP-5TGLKVE', ip: '192.168.193.2', os.name: 'Windows 10', os.arch: 'amd64', os.version: '10.0', java.version: '1.8.0_172'
Driver info: io.appium.java_client.android.AndroidDriver
Capabilities {appActivity: com.ejogajog.common.ui.spla..., appPackage: com.ejogajog.fleetowner, autoGrantPermissions : true, databaseEnabled: false, desired: {appActivity: com.ejogajog.common.ui.spla..., appPackage: com.ejogajog.fleetowner, autoGrantPermissions : true, deviceName: 07553096783281, disableAndroidWatchers: true, ignoreUnimportantViews: true, newCommandTimeout: 2400, noReset: true, platformName: android, skipDeviceInitialization: true, skipUnlock: true, systemPort: 8201, udid: 07553096783281}, deviceManufacturer: Symphony, deviceModel: E90, deviceName: 07553096783281, deviceScreenSize: 480x800, deviceUDID: 07553096783281, disableAndroidWatchers: true, ignoreUnimportantViews: true, javascriptEnabled: true, locationContextEnabled: false, networkConnectionEnabled: true, newCommandTimeout: 2400, noReset: true, platform: LINUX, platformName: Android, platformVersion: 8.1.0, skipDeviceInitialization: true, skipUnlock: true, systemPort: 8201, takesScreenshot: true, udid: 07553096783281, warnings: {}, webStorageEnabled: false}
Session ID: 08857200-526d-42d2-94cb-70e3091d0175
*** Element info: {Using=-android uiautomator, value=new UiSelector().textContains("You are rewarded Taka 50")}

Failure 1 of 3
Utils.VerificationError: Truck submitted for admin approval message validation failed expected [95] but found [124]
at Utils.Verify.verifyEquals(Verify.java:218)
at Partner.FunctionalTest2.placebidontrip_createdbyreferredcustomer_and_ValidateEarningsforreferredcustomer(FunctionalTest2.java:1688)
at java.util.concurrent.ThreadPoolExecutor.runWorker(Unknown Source)
at java.util.concurrent.ThreadPoolExecutor$Worker.run(Unknown Source)
at java.lang.Thread.run(Unknown Source)

Failure 2 of 3
Utils.VerificationError: Driver registered successfully validation failed expected [Driver sign up request has been placed for approval. They will get a confirmation SMS within 24 hours. Please contact customer service on +8809768111444 for further assistance.] but found [Driver sign up request has been placed for approval. They will get a confirmation SMS within 24 hours. Please contact customer service on +8809678111444 for further assistance.]
at Utils.Verify.verifyEquals(Verify.java:90)
at Partner.FunctionalTest2.placebidontrip_createdbyreferredcustomer_and_ValidateEarningsforreferredcustomer(FunctionalTest2.java:1794)
at java.util.concurrent.ThreadPoolExecutor.runWorker(Unknown Source)
at java.util.concurrent.ThreadPoolExecutor$Worker.run(Unknown Source)
at java.lang.Thread.run(Unknown Source)

Failure 3 of 3
org.openqa.selenium.NoSuchElementException: An element could not be located on the page using the given search parameters.
For documentation on this error, please visit: https://www.seleniumhq.org/exceptions/no_such_element.html
Build info: version: '3.141.59', revision: 'e82be7d358', time: '2018-11-14T08:17:03'
System info: host: 'DESKTOP-5TGLKVE', ip: '192.168.193.2', os.name: 'Windows 10', os.arch: 'amd64', os.version: '10.0', java.version: '1.8.0_172'
Driver info: io.appium.java_client.android.AndroidDriver
Capabilities {appActivity: com.ejogajog.common.ui.spla..., appPackage: com.ejogajog.fleetowner, autoGrantPermissions : true, databaseEnabled: false, desired: {appActivity: com.ejogajog.common.ui.spla..., appPackage: com.ejogajog.fleetowner, autoGrantPermissions : true, deviceName: 07553096783281, disableAndroidWatchers: true, ignoreUnimportantViews: true, newCommandTimeout: 2400, noReset: true, platformName: android, skipDeviceInitialization: true, skipUnlock: true, systemPort: 8201, udid: 07553096783281}, deviceManufacturer: Symphony, deviceModel: E90, deviceName: 07553096783281, deviceScreenSize: 480x800, deviceUDID: 07553096783281, disableAndroidWatchers: true, ignoreUnimportantViews: true, javascriptEnabled: true, locationContextEnabled: false, networkConnectionEnabled: true, newCommandTimeout: 2400, noReset: true, platform: LINUX, platformName: Android, platformVersion: 8.1.0, skipDeviceInitialization: true, skipUnlock: true, systemPort: 8201, takesScreenshot: true, udid: 07553096783281, warnings: {}, webStorageEnabled: false}
Session ID: 08857200-526d-42d2-94cb-70e3091d0175
*** Element info: {Using=-android uiautomator, value=new UiSelector().textContains("You are rewarded Taka 50")}
at org.openqa.selenium.remote.http.W3CHttpResponseCodec.createException(W3CHttpResponseCodec.java:187)
at org.openqa.selenium.remote.http.W3CHttpResponseCodec.decode(W3CHttpResponseCodec.java:122)
at org.openqa.selenium.remote.http.W3CHttpResponseCodec.decode(W3CHttpResponseCodec.java:49)
at org.openqa.selenium.remote.HttpCommandExecutor.execute(HttpCommandExecutor.java:158)
at io.appium.java_client.remote.AppiumCommandExecutor.execute(AppiumCommandExecutor.java:239)
at org.openqa.selenium.remote.RemoteWebDriver.execute(RemoteWebDriver.java:548)
at io.appium.java_client.DefaultGenericMobileDriver.execute(DefaultGenericMobileDriver.java:42)
at io.appium.java_client.AppiumDriver.execute(AppiumDriver.java:1)
at io.appium.java_client.android.AndroidDriver.execute(AndroidDriver.java:1)
at org.openqa.selenium.remote.RemoteWebDriver.findElement(RemoteWebDriver.java:322)
at io.appium.java_client.DefaultGenericMobileDriver.findElement(DefaultGenericMobileDriver.java:62)
at io.appium.java_client.AppiumDriver.findElement(AppiumDriver.java:1)
at io.appium.java_client.android.AndroidDriver.findElement(AndroidDriver.java:1)
at io.appium.java_client.FindsByAndroidUIAutomator.findElementByAndroidUIAutomator(FindsByAndroidUIAutomator.java:38)
at Partner.FunctionalTest2.placebidontrip_createdbyreferredcustomer_and_ValidateEarningsforreferredcustomer(FunctionalTest2.java:1811)
at java.util.concurrent.ThreadPoolExecutor.runWorker(Unknown Source)
at java.util.concurrent.ThreadPoolExecutor$Worker.run(Unknown Source)
at java.lang.Thread.run(Unknown Source)
... Removed 43 stack frames]]>
    </failure>
  </testcase> <!-- placebidontrip_createdbyreferredcustomer_and_ValidateEarningsforreferredcustomer -->
  <testcase name="ReferredCustomer_completetrip_ByAcceptingBid_And_ValidateEarningsforFirstSuccessfulTripCompletion" time="19.454" classname="Customer.FunctionalTest5">
    <failure type="org.openqa.selenium.NoSuchElementException" message="An element could not be located on the page using the given search parameters.
For documentation on this error, please visit: https://www.seleniumhq.org/exceptions/no_such_element.html
Build info: version: &amp;apos;3.141.59&amp;apos;, revision: &amp;apos;e82be7d358&amp;apos;, time: &amp;apos;2018-11-14T08:17:03&amp;apos;
System info: host: &amp;apos;DESKTOP-5TGLKVE&amp;apos;, ip: &amp;apos;192.168.193.2&amp;apos;, os.name: &amp;apos;Windows 10&amp;apos;, os.arch: &amp;apos;amd64&amp;apos;, os.version: &amp;apos;10.0&amp;apos;, java.version: &amp;apos;1.8.0_172&amp;apos;
Driver info: io.appium.java_client.android.AndroidDriver
Capabilities {appActivity: com.ejogajog.common.ui.spla..., appPackage: com.ejogajog.serviceseeker, autoGrantPermissions : true, databaseEnabled: false, desired: {appActivity: com.ejogajog.common.ui.spla..., appPackage: com.ejogajog.serviceseeker, autoGrantPermissions : true, deviceName: 420036c7e42035fb, disableAndroidWatchers: true, ignoreUnimportantViews: true, newCommandTimeout: 2400, noReset: true, platformName: android, skipDeviceInitialization: true, skipUnlock: true, systemPort: 8202, udid: 420036c7e42035fb}, deviceManufacturer: samsung, deviceModel: SM-G532G, deviceName: 420036c7e42035fb, deviceScreenSize: 540x960, deviceUDID: 420036c7e42035fb, disableAndroidWatchers: true, ignoreUnimportantViews: true, javascriptEnabled: true, locationContextEnabled: false, networkConnectionEnabled: true, newCommandTimeout: 2400, noReset: true, platform: LINUX, platformName: Android, platformVersion: 6.0.1, skipDeviceInitialization: true, skipUnlock: true, systemPort: 8202, takesScreenshot: true, udid: 420036c7e42035fb, warnings: {}, webStorageEnabled: false}
Session ID: f052f3a0-4293-447b-b9ad-a47d94905c3d
*** Element info: {Using=-android uiautomator, value=new UiSelector().textContains(&amp;quot;1 BID&amp;quot;)}">
      <![CDATA[org.openqa.selenium.NoSuchElementException: An element could not be located on the page using the given search parameters.
For documentation on this error, please visit: https://www.seleniumhq.org/exceptions/no_such_element.html
Build info: version: '3.141.59', revision: 'e82be7d358', time: '2018-11-14T08:17:03'
System info: host: 'DESKTOP-5TGLKVE', ip: '192.168.193.2', os.name: 'Windows 10', os.arch: 'amd64', os.version: '10.0', java.version: '1.8.0_172'
Driver info: io.appium.java_client.android.AndroidDriver
Capabilities {appActivity: com.ejogajog.common.ui.spla..., appPackage: com.ejogajog.serviceseeker, autoGrantPermissions : true, databaseEnabled: false, desired: {appActivity: com.ejogajog.common.ui.spla..., appPackage: com.ejogajog.serviceseeker, autoGrantPermissions : true, deviceName: 420036c7e42035fb, disableAndroidWatchers: true, ignoreUnimportantViews: true, newCommandTimeout: 2400, noReset: true, platformName: android, skipDeviceInitialization: true, skipUnlock: true, systemPort: 8202, udid: 420036c7e42035fb}, deviceManufacturer: samsung, deviceModel: SM-G532G, deviceName: 420036c7e42035fb, deviceScreenSize: 540x960, deviceUDID: 420036c7e42035fb, disableAndroidWatchers: true, ignoreUnimportantViews: true, javascriptEnabled: true, locationContextEnabled: false, networkConnectionEnabled: true, newCommandTimeout: 2400, noReset: true, platform: LINUX, platformName: Android, platformVersion: 6.0.1, skipDeviceInitialization: true, skipUnlock: true, systemPort: 8202, takesScreenshot: true, udid: 420036c7e42035fb, warnings: {}, webStorageEnabled: false}
Session ID: f052f3a0-4293-447b-b9ad-a47d94905c3d
*** Element info: {Using=-android uiautomator, value=new UiSelector().textContains("1 BID")}
at org.openqa.selenium.remote.http.W3CHttpResponseCodec.createException(W3CHttpResponseCodec.java:187)
at org.openqa.selenium.remote.http.W3CHttpResponseCodec.decode(W3CHttpResponseCodec.java:122)
at org.openqa.selenium.remote.http.W3CHttpResponseCodec.decode(W3CHttpResponseCodec.java:49)
at org.openqa.selenium.remote.HttpCommandExecutor.execute(HttpCommandExecutor.java:158)
at io.appium.java_client.remote.AppiumCommandExecutor.execute(AppiumCommandExecutor.java:239)
at org.openqa.selenium.remote.RemoteWebDriver.execute(RemoteWebDriver.java:548)
at io.appium.java_client.DefaultGenericMobileDriver.execute(DefaultGenericMobileDriver.java:42)
at io.appium.java_client.AppiumDriver.execute(AppiumDriver.java:1)
at io.appium.java_client.android.AndroidDriver.execute(AndroidDriver.java:1)
at org.openqa.selenium.remote.RemoteWebDriver.findElement(RemoteWebDriver.java:322)
at io.appium.java_client.DefaultGenericMobileDriver.findElement(DefaultGenericMobileDriver.java:62)
at io.appium.java_client.AppiumDriver.findElement(AppiumDriver.java:1)
at io.appium.java_client.android.AndroidDriver.findElement(AndroidDriver.java:1)
at io.appium.java_client.FindsByAndroidUIAutomator.findElementByAndroidUIAutomator(FindsByAndroidUIAutomator.java:38)
at Customer.FunctionalTest5.ReferredCustomer_completetrip_ByAcceptingBid_And_ValidateEarningsforFirstSuccessfulTripCompletion(FunctionalTest5.java:1724)
at java.util.concurrent.ThreadPoolExecutor.runWorker(Unknown Source)
at java.util.concurrent.ThreadPoolExecutor$Worker.run(Unknown Source)
at java.lang.Thread.run(Unknown Source)
... Removed 13 stack frames]]>
    </failure>
  </testcase> <!-- ReferredCustomer_completetrip_ByAcceptingBid_And_ValidateEarningsforFirstSuccessfulTripCompletion -->
  <testcase name="validateearnings_for_firstcompletedtrip_referre" time="5.66" classname="Customer.FunctionalTest5">
    <failure type="org.openqa.selenium.NoSuchElementException" message="Can&amp;apos;t locate an element by this strategy: By.chained({By.id: sign_in_screen_button})">
      <![CDATA[org.openqa.selenium.NoSuchElementException: Can't locate an element by this strategy: By.chained({By.id: sign_in_screen_button})
at io.appium.java_client.pagefactory.AppiumElementLocator.findElement(AppiumElementLocator.java:126)
at io.appium.java_client.pagefactory.interceptors.InterceptorOfASingleElement.intercept(InterceptorOfASingleElement.java:59)
at io.appium.java_client.android.AndroidElement$$EnhancerByCGLIB$$b598166c.click(<generated>)
at Customer.HomeScreen.clickLoginButton(HomeScreen.java:44)
at Customer.FunctionalTest5.validateearnings_for_firstcompletedtrip_referre(FunctionalTest5.java:1789)
at java.util.concurrent.ThreadPoolExecutor.runWorker(Unknown Source)
at java.util.concurrent.ThreadPoolExecutor$Worker.run(Unknown Source)
at java.lang.Thread.run(Unknown Source)
Caused by: org.openqa.selenium.TimeoutException: Expected condition failed: waiting for io.appium.java_client.pagefactory.AppiumElementLocator$WaitingFunction@6ccd08ef (tried for 1 second(s) with 500 milliseconds interval)
at org.openqa.selenium.support.ui.FluentWait.timeoutException(FluentWait.java:304)
at org.openqa.selenium.support.ui.FluentWait.until(FluentWait.java:272)
at io.appium.java_client.pagefactory.AppiumElementLocator.waitFor(AppiumElementLocator.java:99)
at io.appium.java_client.pagefactory.AppiumElementLocator.findElement(AppiumElementLocator.java:119)
... 17 more
Caused by: org.openqa.selenium.NoSuchElementException: Cannot locate an element using By.chained({By.id: sign_in_screen_button})
For documentation on this error, please visit: https://www.seleniumhq.org/exceptions/no_such_element.html
Build info: version: '3.141.59', revision: 'e82be7d358', time: '2018-11-14T08:17:03'
System info: host: 'DESKTOP-5TGLKVE', ip: '192.168.193.2', os.name: 'Windows 10', os.arch: 'amd64', os.version: '10.0', java.version: '1.8.0_172'
Driver info: driver.version: AndroidDriver
at io.appium.java_client.pagefactory.bys.builder.ByChained.findElement(ByChained.java:74)
at org.openqa.selenium.remote.RemoteWebDriver.findElement(RemoteWebDriver.java:314)
at io.appium.java_client.DefaultGenericMobileDriver.findElement(DefaultGenericMobileDriver.java:58)
at io.appium.java_client.AppiumDriver.findElement(AppiumDriver.java:1)
at io.appium.java_client.android.AndroidDriver.findElement(AndroidDriver.java:1)
at io.appium.java_client.pagefactory.bys.ContentMappedBy.findElement(ContentMappedBy.java:50)
at org.openqa.selenium.remote.RemoteWebDriver.findElement(RemoteWebDriver.java:314)
at io.appium.java_client.DefaultGenericMobileDriver.findElement(DefaultGenericMobileDriver.java:58)
at io.appium.java_client.AppiumDriver.findElement(AppiumDriver.java:1)
at io.appium.java_client.android.AndroidDriver.findElement(AndroidDriver.java:1)
at io.appium.java_client.pagefactory.AppiumElementLocator.lambda$0(AppiumElementLocator.java:120)
at io.appium.java_client.pagefactory.AppiumElementLocator$WaitingFunction.apply(AppiumElementLocator.java:172)
at io.appium.java_client.pagefactory.AppiumElementLocator$WaitingFunction.apply(AppiumElementLocator.java:1)
at org.openqa.selenium.support.ui.FluentWait.until(FluentWait.java:249)
... 19 more
... Removed 10 stack frames]]>
    </failure>
  </testcase> <!-- validateearnings_for_firstcompletedtrip_referre -->
  <testcase name="ValidateEarnings_forreferre" time="5.294" classname="Partner.FunctionalTest2">
    <failure type="org.openqa.selenium.NoSuchElementException" message="Can&amp;apos;t locate an element by this strategy: By.chained({By.id: sign_in_screen_button})">
      <![CDATA[org.openqa.selenium.NoSuchElementException: Can't locate an element by this strategy: By.chained({By.id: sign_in_screen_button})
at io.appium.java_client.pagefactory.AppiumElementLocator.findElement(AppiumElementLocator.java:126)
at io.appium.java_client.pagefactory.interceptors.InterceptorOfASingleElement.intercept(InterceptorOfASingleElement.java:59)
at io.appium.java_client.android.AndroidElement$$EnhancerByCGLIB$$b598166c.click(<generated>)
at Partner.HomeScreen.clickLoginButton(HomeScreen.java:43)
at Partner.FunctionalTest2.ValidateEarnings_forreferre(FunctionalTest2.java:1864)
at java.util.concurrent.ThreadPoolExecutor.runWorker(Unknown Source)
at java.util.concurrent.ThreadPoolExecutor$Worker.run(Unknown Source)
at java.lang.Thread.run(Unknown Source)
Caused by: org.openqa.selenium.TimeoutException: Expected condition failed: waiting for io.appium.java_client.pagefactory.AppiumElementLocator$WaitingFunction@39f19a88 (tried for 1 second(s) with 500 milliseconds interval)
at org.openqa.selenium.support.ui.FluentWait.timeoutException(FluentWait.java:304)
at org.openqa.selenium.support.ui.FluentWait.until(FluentWait.java:272)
at io.appium.java_client.pagefactory.AppiumElementLocator.waitFor(AppiumElementLocator.java:99)
at io.appium.java_client.pagefactory.AppiumElementLocator.findElement(AppiumElementLocator.java:119)
... 17 more
Caused by: org.openqa.selenium.NoSuchElementException: Cannot locate an element using By.chained({By.id: sign_in_screen_button})
For documentation on this error, please visit: https://www.seleniumhq.org/exceptions/no_such_element.html
Build info: version: '3.141.59', revision: 'e82be7d358', time: '2018-11-14T08:17:03'
System info: host: 'DESKTOP-5TGLKVE', ip: '192.168.193.2', os.name: 'Windows 10', os.arch: 'amd64', os.version: '10.0', java.version: '1.8.0_172'
Driver info: driver.version: AndroidDriver
at io.appium.java_client.pagefactory.bys.builder.ByChained.findElement(ByChained.java:74)
at org.openqa.selenium.remote.RemoteWebDriver.findElement(RemoteWebDriver.java:314)
at io.appium.java_client.DefaultGenericMobileDriver.findElement(DefaultGenericMobileDriver.java:58)
at io.appium.java_client.AppiumDriver.findElement(AppiumDriver.java:1)
at io.appium.java_client.android.AndroidDriver.findElement(AndroidDriver.java:1)
at io.appium.java_client.pagefactory.bys.ContentMappedBy.findElement(ContentMappedBy.java:50)
at org.openqa.selenium.remote.RemoteWebDriver.findElement(RemoteWebDriver.java:314)
at io.appium.java_client.DefaultGenericMobileDriver.findElement(DefaultGenericMobileDriver.java:58)
at io.appium.java_client.AppiumDriver.findElement(AppiumDriver.java:1)
at io.appium.java_client.android.AndroidDriver.findElement(AndroidDriver.java:1)
at io.appium.java_client.pagefactory.AppiumElementLocator.lambda$0(AppiumElementLocator.java:120)
at io.appium.java_client.pagefactory.AppiumElementLocator$WaitingFunction.apply(AppiumElementLocator.java:172)
at io.appium.java_client.pagefactory.AppiumElementLocator$WaitingFunction.apply(AppiumElementLocator.java:1)
at org.openqa.selenium.support.ui.FluentWait.until(FluentWait.java:249)
... 19 more
... Removed 10 stack frames]]>
    </failure>
  </testcase> <!-- ValidateEarnings_forreferre -->
</testsuite> <!-- EndtoEndTest -->
