<!DOCTYPE html>

<html>
  <head>
  <meta charset='utf-8'>
  <title>TestNG reports</title>

    <link type="text/css" href="testng-reports.css" rel="stylesheet" />
    <script type="text/javascript" src="jquery-1.7.1.min.js"></script>
    <script type="text/javascript" src="testng-reports.js"></script>
    <script type="text/javascript" src="https://www.google.com/jsapi"></script>
    <script type='text/javascript'>
      google.load('visualization', '1', {packages:['table']});
      google.setOnLoadCallback(drawTable);
      var suiteTableInitFunctions = new Array();
      var suiteTableData = new Array();
    </script>
    <!--
      <script type="text/javascript" src="jquery-ui/js/jquery-ui-1.8.16.custom.min.js"></script>
     -->
  </head>

  <body>
    <div class="top-banner-root">
      <span class="top-banner-title-font">Test results</span>
      <br/>
      <span class="top-banner-font-1">1 suite, 57 failed tests</span>
    </div> <!-- top-banner-root -->
    <div class="navigator-root">
      <div class="navigator-suite-header">
        <span>All suites</span>
        <a href="#" class="collapse-all-link" title="Collapse/expand all the suites">
          <img class="collapse-all-icon" src="collapseall.gif">
          </img> <!-- collapse-all-icon -->
        </a> <!-- collapse-all-link -->
      </div> <!-- navigator-suite-header -->
      <div class="suite">
        <div class="rounded-window">
          <div class="suite-header light-rounded-window-top">
            <a href="#" class="navigator-link" panel-name="suite-SuperManSanitySuite">
              <span class="suite-name border-failed">SuperManSanitySuite</span>
            </a> <!-- navigator-link -->
          </div> <!-- suite-header light-rounded-window-top -->
          <div class="navigator-suite-content">
            <div class="suite-section-title">
              <span>Info</span>
            </div> <!-- suite-section-title -->
            <div class="suite-section-content">
              <ul>
                <li>
                  <a href="#" class="navigator-link " panel-name="test-xml-SuperManSanitySuite">
                    <span>C:\Users\Lenovo\Desktop\GIMMobileAutomation\GIMMobileAutomation\RunRegression2.xml</span>
                  </a> <!-- navigator-link  -->
                </li>
                <li>
                  <a href="#" class="navigator-link " panel-name="testlist-SuperManSanitySuite">
                    <span class="test-stats">1 test</span>
                  </a> <!-- navigator-link  -->
                </li>
                <li>
                  <a href="#" class="navigator-link " panel-name="group-SuperManSanitySuite">
                    <span>0 groups</span>
                  </a> <!-- navigator-link  -->
                </li>
                <li>
                  <a href="#" class="navigator-link " panel-name="times-SuperManSanitySuite">
                    <span>Times</span>
                  </a> <!-- navigator-link  -->
                </li>
                <li>
                  <a href="#" class="navigator-link " panel-name="reporter-SuperManSanitySuite">
                    <span>Reporter output</span>
                  </a> <!-- navigator-link  -->
                </li>
                <li>
                  <a href="#" class="navigator-link " panel-name="ignored-methods-SuperManSanitySuite">
                    <span>Ignored methods</span>
                  </a> <!-- navigator-link  -->
                </li>
                <li>
                  <a href="#" class="navigator-link " panel-name="chronological-SuperManSanitySuite">
                    <span>Chronological view</span>
                  </a> <!-- navigator-link  -->
                </li>
              </ul>
            </div> <!-- suite-section-content -->
            <div class="result-section">
              <div class="suite-section-title">
                <span>Results</span>
              </div> <!-- suite-section-title -->
              <div class="suite-section-content">
                <ul>
                  <li>
                    <span class="method-stats">57 methods, 57 failed,   </span>
                  </li>
                  <li>
                    <span class="method-list-title failed">Failed methods</span>
                    <span class="show-or-hide-methods failed">
                      <a href="#" panel-name="suite-SuperManSanitySuite" class="hide-methods failed suite-SuperManSanitySuite"> (hide)</a> <!-- hide-methods failed suite-SuperManSanitySuite -->
                      <a href="#" panel-name="suite-SuperManSanitySuite" class="show-methods failed suite-SuperManSanitySuite"> (show)</a> <!-- show-methods failed suite-SuperManSanitySuite -->
                    </span>
                    <div class="method-list-content failed suite-SuperManSanitySuite">
                      <span>
                        <img width="3%" src="failed.png"/>
                        <a href="#" class="method navigator-link" panel-name="suite-SuperManSanitySuite" title="Customer.FunctionalTest5" hash-for-method="AcceptBid">AcceptBid</a> <!-- method navigator-link -->
                      </span>
                      <br/>
                      <span>
                        <img width="3%" src="failed.png"/>
                        <a href="#" class="method navigator-link" panel-name="suite-SuperManSanitySuite" title="Partner.FunctionalTest2" hash-for-method="AcceptDriverAssociationRequest">AcceptDriverAssociationRequest</a> <!-- method navigator-link -->
                      </span>
                      <br/>
                      <span>
                        <img width="3%" src="failed.png"/>
                        <a href="#" class="method navigator-link" panel-name="suite-SuperManSanitySuite" title="Customer.FunctionalTest5" hash-for-method="AcceptNewPlacedBid_ByPartner">AcceptNewPlacedBid_ByPartner</a> <!-- method navigator-link -->
                      </span>
                      <br/>
                      <span>
                        <img width="3%" src="failed.png"/>
                        <a href="#" class="method navigator-link" panel-name="suite-SuperManSanitySuite" title="Customer.FunctionalTest5" hash-for-method="AcceptPlacedBid_ByPartner">AcceptPlacedBid_ByPartner</a> <!-- method navigator-link -->
                      </span>
                      <br/>
                      <span>
                        <img width="3%" src="failed.png"/>
                        <a href="#" class="method navigator-link" panel-name="suite-SuperManSanitySuite" title="Partner.FunctionalTest2" hash-for-method="AddNewTruckAndDriver_ToUseFor_EditTruckDriver_And_PlaceBid">AddNewTruckAndDriver_ToUseFor_EditTruckDriver_And_PlaceBid</a> <!-- method navigator-link -->
                      </span>
                      <br/>
                      <span>
                        <img width="3%" src="failed.png"/>
                        <a href="#" class="method navigator-link" panel-name="suite-SuperManSanitySuite" title="Partner.FunctionalTest2" hash-for-method="AddNewTruck_withMandtoryFields_ToActivePartner">AddNewTruck_withMandtoryFields_ToActivePartner</a> <!-- method navigator-link -->
                      </span>
                      <br/>
                      <span>
                        <img width="3%" src="failed.png"/>
                        <a href="#" class="method navigator-link" panel-name="suite-SuperManSanitySuite" title="Partner.FunctionalTest2" hash-for-method="ApproveDriverByAdmin_and_ValidateDriverstatusonApp">ApproveDriverByAdmin_and_ValidateDriverstatusonApp</a> <!-- method navigator-link -->
                      </span>
                      <br/>
                      <span>
                        <img width="3%" src="failed.png"/>
                        <a href="#" class="method navigator-link" panel-name="suite-SuperManSanitySuite" title="Partner.FunctionalTest2" hash-for-method="ApproveTruck_AndAddTracker">ApproveTruck_AndAddTracker</a> <!-- method navigator-link -->
                      </span>
                      <br/>
                      <span>
                        <img width="3%" src="failed.png"/>
                        <a href="#" class="method navigator-link" panel-name="suite-SuperManSanitySuite" title="Partner.FunctionalTest2" hash-for-method="CancelWonBid">CancelWonBid</a> <!-- method navigator-link -->
                      </span>
                      <br/>
                      <span>
                        <img width="3%" src="failed.png"/>
                        <a href="#" class="method navigator-link" panel-name="suite-SuperManSanitySuite" title="Partner.FunctionalTest2" hash-for-method="CheckTruckisDisplayed_inApprovedTab">CheckTruckisDisplayed_inApprovedTab</a> <!-- method navigator-link -->
                      </span>
                      <br/>
                      <span>
                        <img width="3%" src="failed.png"/>
                        <a href="#" class="method navigator-link" panel-name="suite-SuperManSanitySuite" title="Customer.FunctionalTest5" hash-for-method="CompleteTrip_ByCustomer">CompleteTrip_ByCustomer</a> <!-- method navigator-link -->
                      </span>
                      <br/>
                      <span>
                        <img width="3%" src="failed.png"/>
                        <a href="#" class="method navigator-link" panel-name="suite-SuperManSanitySuite" title="Customer.FunctionalTest5" hash-for-method="CreateNewTrip">CreateNewTrip</a> <!-- method navigator-link -->
                      </span>
                      <br/>
                      <span>
                        <img width="3%" src="failed.png"/>
                        <a href="#" class="method navigator-link" panel-name="suite-SuperManSanitySuite" title="Customer.FunctionalTest5" hash-for-method="CreateTrip_And_CancelTrip">CreateTrip_And_CancelTrip</a> <!-- method navigator-link -->
                      </span>
                      <br/>
                      <span>
                        <img width="3%" src="failed.png"/>
                        <a href="#" class="method navigator-link" panel-name="suite-SuperManSanitySuite" title="Customer.FunctionalTest5" hash-for-method="CreateTrip_ForApprovedUser">CreateTrip_ForApprovedUser</a> <!-- method navigator-link -->
                      </span>
                      <br/>
                      <span>
                        <img width="3%" src="failed.png"/>
                        <a href="#" class="method navigator-link" panel-name="suite-SuperManSanitySuite" title="Customer.FunctionalTest5" hash-for-method="CreateTrip_ForPartnerToBid_AndThen_WithdrawBid">CreateTrip_ForPartnerToBid_AndThen_WithdrawBid</a> <!-- method navigator-link -->
                      </span>
                      <br/>
                      <span>
                        <img width="3%" src="failed.png"/>
                        <a href="#" class="method navigator-link" panel-name="suite-SuperManSanitySuite" title="Customer.FunctionalTest5" hash-for-method="Createnewtrip_withreferredcustomer">Createnewtrip_withreferredcustomer</a> <!-- method navigator-link -->
                      </span>
                      <br/>
                      <span>
                        <img width="3%" src="failed.png"/>
                        <a href="#" class="method navigator-link" panel-name="suite-SuperManSanitySuite" title="Partner.FunctionalTest2" hash-for-method="EditTruckAndDriver_For_BookedTrip">EditTruckAndDriver_For_BookedTrip</a> <!-- method navigator-link -->
                      </span>
                      <br/>
                      <span>
                        <img width="3%" src="failed.png"/>
                        <a href="#" class="method navigator-link" panel-name="suite-SuperManSanitySuite" title="Customer.FunctionalTest5" hash-for-method="InviteUser_ToJoinAs_Customer">InviteUser_ToJoinAs_Customer</a> <!-- method navigator-link -->
                      </span>
                      <br/>
                      <span>
                        <img width="3%" src="failed.png"/>
                        <a href="#" class="method navigator-link" panel-name="suite-SuperManSanitySuite" title="Partner.FunctionalTest2" hash-for-method="Inviteuser_ToJoinAs_Partner">Inviteuser_ToJoinAs_Partner</a> <!-- method navigator-link -->
                      </span>
                      <br/>
                      <span>
                        <img width="3%" src="failed.png"/>
                        <a href="#" class="method navigator-link" panel-name="suite-SuperManSanitySuite" title="Partner.FunctionalTest2" hash-for-method="InvoicePayments_Validation">InvoicePayments_Validation</a> <!-- method navigator-link -->
                      </span>
                      <br/>
                      <span>
                        <img width="3%" src="failed.png"/>
                        <a href="#" class="method navigator-link" panel-name="suite-SuperManSanitySuite" title="Customer.FunctionalTest5" hash-for-method="LaunchDashboard_VerifyCompletedTrip_isDisplayed_WithoutAnyFilters">LaunchDashboard_VerifyCompletedTrip_isDisplayed_WithoutAnyFilters</a> <!-- method navigator-link -->
                      </span>
                      <br/>
                      <span>
                        <img width="3%" src="failed.png"/>
                        <a href="#" class="method navigator-link" panel-name="suite-SuperManSanitySuite" title="Customer.FunctionalTest5" hash-for-method="LoginTest_InvalidUser">LoginTest_InvalidUser</a> <!-- method navigator-link -->
                      </span>
                      <br/>
                      <span>
                        <img width="3%" src="failed.png"/>
                        <a href="#" class="method navigator-link" panel-name="suite-SuperManSanitySuite" title="Partner.FunctionalTest2" hash-for-method="LoginTest_InvalidUser">LoginTest_InvalidUser</a> <!-- method navigator-link -->
                      </span>
                      <br/>
                      <span>
                        <img width="3%" src="failed.png"/>
                        <a href="#" class="method navigator-link" panel-name="suite-SuperManSanitySuite" title="Partner.FunctionalTest2" hash-for-method="NewlyAddedDriver_isin_PendingState_Validation">NewlyAddedDriver_isin_PendingState_Validation</a> <!-- method navigator-link -->
                      </span>
                      <br/>
                      <span>
                        <img width="3%" src="failed.png"/>
                        <a href="#" class="method navigator-link" panel-name="suite-SuperManSanitySuite" title="Partner.FunctionalTest2" hash-for-method="NoBidsToDisplayValidation_ForOngoingWonLostBids">NoBidsToDisplayValidation_ForOngoingWonLostBids</a> <!-- method navigator-link -->
                      </span>
                      <br/>
                      <span>
                        <img width="3%" src="failed.png"/>
                        <a href="#" class="method navigator-link" panel-name="suite-SuperManSanitySuite" title="Partner.FunctionalTest2" hash-for-method="PartnerEndTrip">PartnerEndTrip</a> <!-- method navigator-link -->
                      </span>
                      <br/>
                      <span>
                        <img width="3%" src="failed.png"/>
                        <a href="#" class="method navigator-link" panel-name="suite-SuperManSanitySuite" title="Partner.FunctionalTest2" hash-for-method="PartnerStartTrip">PartnerStartTrip</a> <!-- method navigator-link -->
                      </span>
                      <br/>
                      <span>
                        <img width="3%" src="failed.png"/>
                        <a href="#" class="method navigator-link" panel-name="suite-SuperManSanitySuite" title="Partner.FunctionalTest2" hash-for-method="PlaceBid_thenWithdrawBid">PlaceBid_thenWithdrawBid</a> <!-- method navigator-link -->
                      </span>
                      <br/>
                      <span>
                        <img width="3%" src="failed.png"/>
                        <a href="#" class="method navigator-link" panel-name="suite-SuperManSanitySuite" title="Partner.FunctionalTest2" hash-for-method="PlaceBidonTrip">PlaceBidonTrip</a> <!-- method navigator-link -->
                      </span>
                      <br/>
                      <span>
                        <img width="3%" src="failed.png"/>
                        <a href="#" class="method navigator-link" panel-name="suite-SuperManSanitySuite" title="Customer.FunctionalTest5" hash-for-method="ReferredCustomer_completetrip_ByAcceptingBid_And_ValidateEarningsforFirstSuccessfulTripCompletion">ReferredCustomer_completetrip_ByAcceptingBid_And_ValidateEarningsforFirstSuccessfulTripCompletion</a> <!-- method navigator-link -->
                      </span>
                      <br/>
                      <span>
                        <img width="3%" src="failed.png"/>
                        <a href="#" class="method navigator-link" panel-name="suite-SuperManSanitySuite" title="Partner.FunctionalTest2" hash-for-method="Register_NonregisteredDriverToGIMPlatform_Validation">Register_NonregisteredDriverToGIMPlatform_Validation</a> <!-- method navigator-link -->
                      </span>
                      <br/>
                      <span>
                        <img width="3%" src="failed.png"/>
                        <a href="#" class="method navigator-link" panel-name="suite-SuperManSanitySuite" title="Partner.FunctionalTest2" hash-for-method="SearchforNonregisteredDriver_Validation">SearchforNonregisteredDriver_Validation</a> <!-- method navigator-link -->
                      </span>
                      <br/>
                      <span>
                        <img width="3%" src="failed.png"/>
                        <a href="#" class="method navigator-link" panel-name="suite-SuperManSanitySuite" title="Customer.FunctionalTest5" hash-for-method="SignupTest">SignupTest</a> <!-- method navigator-link -->
                      </span>
                      <br/>
                      <span>
                        <img width="3%" src="failed.png"/>
                        <a href="#" class="method navigator-link" panel-name="suite-SuperManSanitySuite" title="Partner.FunctionalTest2" hash-for-method="SignupTest_AsPartner">SignupTest_AsPartner</a> <!-- method navigator-link -->
                      </span>
                      <br/>
                      <span>
                        <img width="3%" src="failed.png"/>
                        <a href="#" class="method navigator-link" panel-name="suite-SuperManSanitySuite" title="Customer.FunctionalTest5" hash-for-method="StartTrip_ByCustomer">StartTrip_ByCustomer</a> <!-- method navigator-link -->
                      </span>
                      <br/>
                      <span>
                        <img width="3%" src="failed.png"/>
                        <a href="#" class="method navigator-link" panel-name="suite-SuperManSanitySuite" title="Customer.FunctionalTest5" hash-for-method="SubmitMyRating_DefaultRatings">SubmitMyRating_DefaultRatings</a> <!-- method navigator-link -->
                      </span>
                      <br/>
                      <span>
                        <img width="3%" src="failed.png"/>
                        <a href="#" class="method navigator-link" panel-name="suite-SuperManSanitySuite" title="Customer.FunctionalTest5" hash-for-method="ValidateAmendedDriverTruck_ForBookedTrip">ValidateAmendedDriverTruck_ForBookedTrip</a> <!-- method navigator-link -->
                      </span>
                      <br/>
                      <span>
                        <img width="3%" src="failed.png"/>
                        <a href="#" class="method navigator-link" panel-name="suite-SuperManSanitySuite" title="Partner.FunctionalTest2" hash-for-method="ValidateBanglatoEnglish">ValidateBanglatoEnglish</a> <!-- method navigator-link -->
                      </span>
                      <br/>
                      <span>
                        <img width="3%" src="failed.png"/>
                        <a href="#" class="method navigator-link" panel-name="suite-SuperManSanitySuite" title="Partner.FunctionalTest2" hash-for-method="ValidateBidAcceptedNotification_Landsuser_onto_StarttripScreen">ValidateBidAcceptedNotification_Landsuser_onto_StarttripScreen</a> <!-- method navigator-link -->
                      </span>
                      <br/>
                      <span>
                        <img width="3%" src="failed.png"/>
                        <a href="#" class="method navigator-link" panel-name="suite-SuperManSanitySuite" title="Customer.FunctionalTest5" hash-for-method="ValidateBidReceivedNotification_whenTapped_LandsUser_onto_BidListScreen">ValidateBidReceivedNotification_whenTapped_LandsUser_onto_BidListScreen</a> <!-- method navigator-link -->
                      </span>
                      <br/>
                      <span>
                        <img width="3%" src="failed.png"/>
                        <a href="#" class="method navigator-link" panel-name="suite-SuperManSanitySuite" title="Partner.FunctionalTest2" hash-for-method="ValidateCompleteTripNotificationWhenTapped_Landsuser_onto_TripDetailsScreen">ValidateCompleteTripNotificationWhenTapped_Landsuser_onto_TripDetailsScreen</a> <!-- method navigator-link -->
                      </span>
                      <br/>
                      <span>
                        <img width="3%" src="failed.png"/>
                        <a href="#" class="method navigator-link" panel-name="suite-SuperManSanitySuite" title="Customer.FunctionalTest5" hash-for-method="ValidateCustomerlistedNotifications_AreDisplayed">ValidateCustomerlistedNotifications_AreDisplayed</a> <!-- method navigator-link -->
                      </span>
                      <br/>
                      <span>
                        <img width="3%" src="failed.png"/>
                        <a href="#" class="method navigator-link" panel-name="suite-SuperManSanitySuite" title="Partner.FunctionalTest2" hash-for-method="ValidateEarnings_forreferre">ValidateEarnings_forreferre</a> <!-- method navigator-link -->
                      </span>
                      <br/>
                      <span>
                        <img width="3%" src="failed.png"/>
                        <a href="#" class="method navigator-link" panel-name="suite-SuperManSanitySuite" title="Partner.FunctionalTest2" hash-for-method="ValidateEnglishtoBangla">ValidateEnglishtoBangla</a> <!-- method navigator-link -->
                      </span>
                      <br/>
                      <span>
                        <img width="3%" src="failed.png"/>
                        <a href="#" class="method navigator-link" panel-name="suite-SuperManSanitySuite" title="Partner.FunctionalTest2" hash-for-method="ValidateNewTripNotification_WhenTapped_Landsuser_onto_PlaceBidScreen">ValidateNewTripNotification_WhenTapped_Landsuser_onto_PlaceBidScreen</a> <!-- method navigator-link -->
                      </span>
                      <br/>
                      <span>
                        <img width="3%" src="failed.png"/>
                        <a href="#" class="method navigator-link" panel-name="suite-SuperManSanitySuite" title="Partner.FunctionalTest2" hash-for-method="ValidatePartnerListedNotifications_AreDisplayed">ValidatePartnerListedNotifications_AreDisplayed</a> <!-- method navigator-link -->
                      </span>
                      <br/>
                      <span>
                        <img width="3%" src="failed.png"/>
                        <a href="#" class="method navigator-link" panel-name="suite-SuperManSanitySuite" title="Customer.FunctionalTest5" hash-for-method="ValidateTripStartedNotification_WhenTapped_LandsUser_Onto_BookingDetailsScreen_Foruser_havingOption_toCompleteTrip">ValidateTripStartedNotification_WhenTapped_LandsUser_Onto_BookingDetailsScreen_Foruser_havingOption_toCompleteTrip</a> <!-- method navigator-link -->
                      </span>
                      <br/>
                      <span>
                        <img width="3%" src="failed.png"/>
                        <a href="#" class="method navigator-link" panel-name="suite-SuperManSanitySuite" title="Customer.FunctionalTest5" hash-for-method="Validation_InvitingAlreadyRegisteredCustomer_Tobe_Customer">Validation_InvitingAlreadyRegisteredCustomer_Tobe_Customer</a> <!-- method navigator-link -->
                      </span>
                      <br/>
                      <span>
                        <img width="3%" src="failed.png"/>
                        <a href="#" class="method navigator-link" panel-name="suite-SuperManSanitySuite" title="Partner.FunctionalTest2" hash-for-method="Validation_InvitingAlreadyRegisteredPartner_Tobe_Partner">Validation_InvitingAlreadyRegisteredPartner_Tobe_Partner</a> <!-- method navigator-link -->
                      </span>
                      <br/>
                      <span>
                        <img width="3%" src="failed.png"/>
                        <a href="#" class="method navigator-link" panel-name="suite-SuperManSanitySuite" title="Customer.FunctionalTest5" hash-for-method="Validation_RegisterasNewCustomer_ByEnteringReferralCode_ofExistingCustomer_WhileRegistering">Validation_RegisterasNewCustomer_ByEnteringReferralCode_ofExistingCustomer_WhileRegistering</a> <!-- method navigator-link -->
                      </span>
                      <br/>
                      <span>
                        <img width="3%" src="failed.png"/>
                        <a href="#" class="method navigator-link" panel-name="suite-SuperManSanitySuite" title="Partner.FunctionalTest2" hash-for-method="Validation_RegisterasNewPartner_ByEnteringReferralCode_ofExistingPartner_whileRegistering">Validation_RegisterasNewPartner_ByEnteringReferralCode_ofExistingPartner_whileRegistering</a> <!-- method navigator-link -->
                      </span>
                      <br/>
                      <span>
                        <img width="3%" src="failed.png"/>
                        <a href="#" class="method navigator-link" panel-name="suite-SuperManSanitySuite" title="Customer.FunctionalTest5" hash-for-method="VerifyTappingOnTriponDashboard_LandsUser_Onto_TripDetailsScreen">VerifyTappingOnTriponDashboard_LandsUser_Onto_TripDetailsScreen</a> <!-- method navigator-link -->
                      </span>
                      <br/>
                      <span>
                        <img width="3%" src="failed.png"/>
                        <a href="#" class="method navigator-link" panel-name="suite-SuperManSanitySuite" title="Partner.FunctionalTest2" hash-for-method="checkTruckinPendingTab">checkTruckinPendingTab</a> <!-- method navigator-link -->
                      </span>
                      <br/>
                      <span>
                        <img width="3%" src="failed.png"/>
                        <a href="#" class="method navigator-link" panel-name="suite-SuperManSanitySuite" title="Customer.FunctionalTest5" hash-for-method="getTripID_AndAcceptTrip_ByAdmin">getTripID_AndAcceptTrip_ByAdmin</a> <!-- method navigator-link -->
                      </span>
                      <br/>
                      <span>
                        <img width="3%" src="failed.png"/>
                        <a href="#" class="method navigator-link" panel-name="suite-SuperManSanitySuite" title="Partner.FunctionalTest2" hash-for-method="placeBidonTrip_ForFutureCancellation_AfterWinningBid">placeBidonTrip_ForFutureCancellation_AfterWinningBid</a> <!-- method navigator-link -->
                      </span>
                      <br/>
                      <span>
                        <img width="3%" src="failed.png"/>
                        <a href="#" class="method navigator-link" panel-name="suite-SuperManSanitySuite" title="Partner.FunctionalTest2" hash-for-method="placebidontrip_createdbyreferredcustomer_and_ValidateEarningsforreferredcustomer">placebidontrip_createdbyreferredcustomer_and_ValidateEarningsforreferredcustomer</a> <!-- method navigator-link -->
                      </span>
                      <br/>
                      <span>
                        <img width="3%" src="failed.png"/>
                        <a href="#" class="method navigator-link" panel-name="suite-SuperManSanitySuite" title="Customer.FunctionalTest5" hash-for-method="validateearnings_for_firstcompletedtrip_referre">validateearnings_for_firstcompletedtrip_referre</a> <!-- method navigator-link -->
                      </span>
                      <br/>
                    </div> <!-- method-list-content failed suite-SuperManSanitySuite -->
                  </li>
                </ul>
              </div> <!-- suite-section-content -->
            </div> <!-- result-section -->
          </div> <!-- navigator-suite-content -->
        </div> <!-- rounded-window -->
      </div> <!-- suite -->
    </div> <!-- navigator-root -->
    <div class="wrapper">
      <div class="main-panel-root">
        <div panel-name="suite-SuperManSanitySuite" class="panel SuperManSanitySuite">
          <div class="suite-SuperManSanitySuite-class-failed">
            <div class="main-panel-header rounded-window-top">
              <img src="failed.png"/>
              <span class="class-name">Customer.FunctionalTest5</span>
            </div> <!-- main-panel-header rounded-window-top -->
            <div class="main-panel-content rounded-window-bottom">
              <div class="method">
                <div class="method-content">
                  <a name="AcceptBid">
                  </a> <!-- AcceptBid -->
                  <span class="method-name">AcceptBid</span>
                  <div class="stack-trace">java.lang.IllegalArgumentException: Can not set io.appium.java_client.android.AndroidElement field Customer.HomeScreen.LoginButton to org.openqa.selenium.remote.RemoteWebElement$$EnhancerByCGLIB$$d27c0df4
	at org.openqa.selenium.support.PageFactory.proxyFields(PageFactory.java:117)
	at org.openqa.selenium.support.PageFactory.initElements(PageFactory.java:105)
	at Customer.HomeScreen.&lt;init&gt;(HomeScreen.java:24)
	at Customer.FunctionalTest5.AcceptBid(FunctionalTest5.java:586)
	at java.util.concurrent.ThreadPoolExecutor.runWorker(Unknown Source)
	at java.util.concurrent.ThreadPoolExecutor$Worker.run(Unknown Source)
	at java.lang.Thread.run(Unknown Source)
... Removed 16 stack frames
</div> <!-- stack-trace -->
                </div> <!-- method-content -->
              </div> <!-- method -->
              <div class="method">
                <div class="method-content">
                  <a name="AcceptNewPlacedBid_ByPartner">
                  </a> <!-- AcceptNewPlacedBid_ByPartner -->
                  <span class="method-name">AcceptNewPlacedBid_ByPartner</span>
                  <div class="stack-trace">org.openqa.selenium.SessionNotCreatedException: Unable to create a new remote session. Please check the server log for more details. Original error: An unknown server-side error occurred while processing the command. Original error: Error executing adbExec. Original error: &apos;Command &apos;E:\\Software\\Eclipse\\SDK\\android-sdk\\platform-tools\\adb.exe -P 5037 -s 192.168.110.101\:5555 forward tcp\:8202 tcp\:6790&apos; exited with code 1&apos;; Stderr: &apos;adb.exe: error: more than one device/emulator&apos;; Code: &apos;1&apos;
Build info: version: &apos;3.141.59&apos;, revision: &apos;e82be7d358&apos;, time: &apos;2018-11-14T08:17:03&apos;
System info: host: &apos;DESKTOP-H8C69V7&apos;, ip: &apos;192.168.110.2&apos;, os.name: &apos;Windows 10&apos;, os.arch: &apos;amd64&apos;, os.version: &apos;10.0&apos;, java.version: &apos;1.8.0_121&apos;
Driver info: driver.version: AndroidDriver
remote stacktrace: UnknownError: An unknown server-side error occurred while processing the command. Original error: Error executing adbExec. Original error: &apos;Command &apos;E:\\Software\\Eclipse\\SDK\\android-sdk\\platform-tools\\adb.exe -P 5037 -s 192.168.110.101\:5555 forward tcp\:8202 tcp\:6790&apos; exited with code 1&apos;; Stderr: &apos;adb.exe: error: more than one device/emulator&apos;; Code: &apos;1&apos;
    at getResponseForW3CError (C:\Users\Lenovo\AppData\Roaming\npm\node_modules\appium\node_modules\appium-base-driver\lib\protocol\errors.js:804:9)
    at asyncHandler (C:\Users\Lenovo\AppData\Roaming\npm\node_modules\appium\node_modules\appium-base-driver\lib\protocol\protocol.js:388:37)
Build info: version: &apos;3.141.59&apos;, revision: &apos;e82be7d358&apos;, time: &apos;2018-11-14T08:17:03&apos;
System info: host: &apos;DESKTOP-H8C69V7&apos;, ip: &apos;192.168.110.2&apos;, os.name: &apos;Windows 10&apos;, os.arch: &apos;amd64&apos;, os.version: &apos;10.0&apos;, java.version: &apos;1.8.0_121&apos;
Driver info: driver.version: AndroidDriver
	at io.appium.java_client.remote.AppiumCommandExecutor$1.createSession(AppiumCommandExecutor.java:208)
	at io.appium.java_client.remote.AppiumCommandExecutor.createSession(AppiumCommandExecutor.java:217)
	at io.appium.java_client.remote.AppiumCommandExecutor.execute(AppiumCommandExecutor.java:239)
	at org.openqa.selenium.remote.RemoteWebDriver.execute(RemoteWebDriver.java:548)
	at io.appium.java_client.DefaultGenericMobileDriver.execute(DefaultGenericMobileDriver.java:41)
	at io.appium.java_client.AppiumDriver.execute(AppiumDriver.java:1)
	at io.appium.java_client.android.AndroidDriver.execute(AndroidDriver.java:1)
	at org.openqa.selenium.remote.RemoteWebDriver.startSession(RemoteWebDriver.java:212)
	at io.appium.java_client.AppiumDriver.startSession(AppiumDriver.java:336)
	at org.openqa.selenium.remote.RemoteWebDriver.&lt;init&gt;(RemoteWebDriver.java:130)
	at io.appium.java_client.DefaultGenericMobileDriver.&lt;init&gt;(DefaultGenericMobileDriver.java:37)
	at io.appium.java_client.AppiumDriver.&lt;init&gt;(AppiumDriver.java:88)
	at io.appium.java_client.AppiumDriver.&lt;init&gt;(AppiumDriver.java:98)
	at io.appium.java_client.android.AndroidDriver.&lt;init&gt;(AndroidDriver.java:94)
	at Customer.FunctionalTest5.setUp(FunctionalTest5.java:101)
	at Customer.FunctionalTest5.AcceptNewPlacedBid_ByPartner(FunctionalTest5.java:1037)
	at java.util.concurrent.ThreadPoolExecutor.runWorker(Unknown Source)
	at java.util.concurrent.ThreadPoolExecutor$Worker.run(Unknown Source)
	at java.lang.Thread.run(Unknown Source)
	at io.appium.java_client.remote.AppiumCommandExecutor$1.createSession(AppiumCommandExecutor.java:186)
	... 30 more
Caused by: org.openqa.selenium.WebDriverException: An unknown server-side error occurred while processing the command. Original error: Error executing adbExec. Original error: &apos;Command &apos;E:\\Software\\Eclipse\\SDK\\android-sdk\\platform-tools\\adb.exe -P 5037 -s 192.168.110.101\:5555 forward tcp\:8202 tcp\:6790&apos; exited with code 1&apos;; Stderr: &apos;adb.exe: error: more than one device/emulator&apos;; Code: &apos;1&apos;
Build info: version: &apos;3.141.59&apos;, revision: &apos;e82be7d358&apos;, time: &apos;2018-11-14T08:17:03&apos;
System info: host: &apos;DESKTOP-H8C69V7&apos;, ip: &apos;192.168.110.2&apos;, os.name: &apos;Windows 10&apos;, os.arch: &apos;amd64&apos;, os.version: &apos;10.0&apos;, java.version: &apos;1.8.0_121&apos;
Driver info: driver.version: AndroidDriver
remote stacktrace: UnknownError: An unknown server-side error occurred while processing the command. Original error: Error executing adbExec. Original error: &apos;Command &apos;E:\\Software\\Eclipse\\SDK\\android-sdk\\platform-tools\\adb.exe -P 5037 -s 192.168.110.101\:5555 forward tcp\:8202 tcp\:6790&apos; exited with code 1&apos;; Stderr: &apos;adb.exe: error: more than one device/emulator&apos;; Code: &apos;1&apos;
    at getResponseForW3CError (C:\Users\Lenovo\AppData\Roaming\npm\node_modules\appium\node_modules\appium-base-driver\lib\protocol\errors.js:804:9)
    at asyncHandler (C:\Users\Lenovo\AppData\Roaming\npm\node_modules\appium\node_modules\appium-base-driver\lib\protocol\protocol.js:388:37)
	at org.openqa.selenium.remote.W3CHandshakeResponse.lambda$new$0(W3CHandshakeResponse.java:57)
	at org.openqa.selenium.remote.W3CHandshakeResponse.lambda$getResponseFunction$2(W3CHandshakeResponse.java:104)
	at org.openqa.selenium.remote.ProtocolHandshake.lambda$createSession$0(ProtocolHandshake.java:122)
	at java.util.stream.ReferencePipeline$3$1.accept(Unknown Source)
	at java.util.Spliterators$ArraySpliterator.tryAdvance(Unknown Source)
	at java.util.stream.ReferencePipeline.forEachWithCancel(Unknown Source)
	at java.util.stream.AbstractPipeline.copyIntoWithCancel(Unknown Source)
	at java.util.stream.AbstractPipeline.copyInto(Unknown Source)
	at java.util.stream.AbstractPipeline.wrapAndCopyInto(Unknown Source)
	at java.util.stream.FindOps$FindOp.evaluateSequential(Unknown Source)
	at java.util.stream.AbstractPipeline.evaluate(Unknown Source)
	at java.util.stream.ReferencePipeline.findFirst(Unknown Source)
	at org.openqa.selenium.remote.ProtocolHandshake.createSession(ProtocolHandshake.java:125)
	... 35 more
... Removed 21 stack frames
</div> <!-- stack-trace -->
                </div> <!-- method-content -->
              </div> <!-- method -->
              <div class="method">
                <div class="method-content">
                  <a name="AcceptPlacedBid_ByPartner">
                  </a> <!-- AcceptPlacedBid_ByPartner -->
                  <span class="method-name">AcceptPlacedBid_ByPartner</span>
                  <div class="stack-trace">java.lang.IllegalArgumentException: Can not set io.appium.java_client.android.AndroidElement field Customer.HomeScreen.LoginButton to org.openqa.selenium.remote.RemoteWebElement$$EnhancerByCGLIB$$d27c0df4
	at org.openqa.selenium.support.PageFactory.proxyFields(PageFactory.java:117)
	at org.openqa.selenium.support.PageFactory.initElements(PageFactory.java:105)
	at Customer.HomeScreen.&lt;init&gt;(HomeScreen.java:24)
	at Customer.FunctionalTest5.AcceptBid(FunctionalTest5.java:586)
	at Customer.FunctionalTest5.AcceptPlacedBid_ByPartner(FunctionalTest5.java:1032)
	at java.util.concurrent.ThreadPoolExecutor.runWorker(Unknown Source)
	at java.util.concurrent.ThreadPoolExecutor$Worker.run(Unknown Source)
	at java.lang.Thread.run(Unknown Source)
... Removed 16 stack frames
</div> <!-- stack-trace -->
                </div> <!-- method-content -->
              </div> <!-- method -->
              <div class="method">
                <div class="method-content">
                  <a name="CompleteTrip_ByCustomer">
                  </a> <!-- CompleteTrip_ByCustomer -->
                  <span class="method-name">CompleteTrip_ByCustomer</span>
                  <div class="stack-trace">java.lang.NullPointerException
	at Customer.FunctionalTest5.CompleteTrip_ByCustomer(FunctionalTest5.java:653)
	at java.util.concurrent.ThreadPoolExecutor.runWorker(Unknown Source)
	at java.util.concurrent.ThreadPoolExecutor$Worker.run(Unknown Source)
	at java.lang.Thread.run(Unknown Source)
... Removed 12 stack frames
</div> <!-- stack-trace -->
                </div> <!-- method-content -->
              </div> <!-- method -->
              <div class="method">
                <div class="method-content">
                  <a name="CreateNewTrip">
                  </a> <!-- CreateNewTrip -->
                  <span class="method-name">CreateNewTrip</span>
                  <div class="stack-trace">org.openqa.selenium.WebDriverException: java.lang.NullPointerException
Build info: version: &apos;3.141.59&apos;, revision: &apos;e82be7d358&apos;, time: &apos;2018-11-14T08:17:03&apos;
System info: host: &apos;DESKTOP-H8C69V7&apos;, ip: &apos;192.168.110.2&apos;, os.name: &apos;Windows 10&apos;, os.arch: &apos;amd64&apos;, os.version: &apos;10.0&apos;, java.version: &apos;1.8.0_121&apos;
Driver info: driver.version: unknown
	at io.appium.java_client.pagefactory.AppiumElementLocator$WaitingFunction.apply(AppiumElementLocator.java:192)
	at io.appium.java_client.pagefactory.AppiumElementLocator$WaitingFunction.apply(AppiumElementLocator.java:1)
	at org.openqa.selenium.support.ui.FluentWait.until(FluentWait.java:249)
	at io.appium.java_client.pagefactory.AppiumElementLocator.waitFor(AppiumElementLocator.java:99)
	at io.appium.java_client.pagefactory.AppiumElementLocator.findElement(AppiumElementLocator.java:119)
	at io.appium.java_client.pagefactory.interceptors.InterceptorOfASingleElement.intercept(InterceptorOfASingleElement.java:59)
	at org.openqa.selenium.remote.RemoteWebElement$$EnhancerByCGLIB$$d27c0df4.click(&lt;generated&gt;)
	at Customer.MyTripsScreen.clickCreateTripIcon(MyTripsScreen.java:130)
	at Customer.FunctionalTest5.CreateNewTrip(FunctionalTest5.java:1103)
	at java.util.concurrent.ThreadPoolExecutor.runWorker(Unknown Source)
	at java.util.concurrent.ThreadPoolExecutor$Worker.run(Unknown Source)
	at java.lang.Thread.run(Unknown Source)
Caused by: java.lang.NullPointerException
	at io.appium.java_client.pagefactory.AppiumElementLocator.lambda$0(AppiumElementLocator.java:120)
	at io.appium.java_client.pagefactory.AppiumElementLocator$WaitingFunction.apply(AppiumElementLocator.java:172)
	... 23 more
... Removed 12 stack frames
</div> <!-- stack-trace -->
                </div> <!-- method-content -->
              </div> <!-- method -->
              <div class="method">
                <div class="method-content">
                  <a name="CreateTrip_And_CancelTrip">
                  </a> <!-- CreateTrip_And_CancelTrip -->
                  <span class="method-name">CreateTrip_And_CancelTrip</span>
                  <div class="stack-trace">org.openqa.selenium.SessionNotCreatedException: Unable to create a new remote session. Please check the server log for more details. Original error: An unknown server-side error occurred while processing the command. Original error: Error executing adbExec. Original error: &apos;Command &apos;E:\\Software\\Eclipse\\SDK\\android-sdk\\platform-tools\\adb.exe -P 5037 -s 192.168.110.101\:5555 forward tcp\:8202 tcp\:6790&apos; exited with code 1&apos;; Stderr: &apos;adb.exe: error: more than one device/emulator&apos;; Code: &apos;1&apos;
Build info: version: &apos;3.141.59&apos;, revision: &apos;e82be7d358&apos;, time: &apos;2018-11-14T08:17:03&apos;
System info: host: &apos;DESKTOP-H8C69V7&apos;, ip: &apos;192.168.110.2&apos;, os.name: &apos;Windows 10&apos;, os.arch: &apos;amd64&apos;, os.version: &apos;10.0&apos;, java.version: &apos;1.8.0_121&apos;
Driver info: driver.version: AndroidDriver
remote stacktrace: UnknownError: An unknown server-side error occurred while processing the command. Original error: Error executing adbExec. Original error: &apos;Command &apos;E:\\Software\\Eclipse\\SDK\\android-sdk\\platform-tools\\adb.exe -P 5037 -s 192.168.110.101\:5555 forward tcp\:8202 tcp\:6790&apos; exited with code 1&apos;; Stderr: &apos;adb.exe: error: more than one device/emulator&apos;; Code: &apos;1&apos;
    at getResponseForW3CError (C:\Users\Lenovo\AppData\Roaming\npm\node_modules\appium\node_modules\appium-base-driver\lib\protocol\errors.js:804:9)
    at asyncHandler (C:\Users\Lenovo\AppData\Roaming\npm\node_modules\appium\node_modules\appium-base-driver\lib\protocol\protocol.js:388:37)
Build info: version: &apos;3.141.59&apos;, revision: &apos;e82be7d358&apos;, time: &apos;2018-11-14T08:17:03&apos;
System info: host: &apos;DESKTOP-H8C69V7&apos;, ip: &apos;192.168.110.2&apos;, os.name: &apos;Windows 10&apos;, os.arch: &apos;amd64&apos;, os.version: &apos;10.0&apos;, java.version: &apos;1.8.0_121&apos;
Driver info: driver.version: AndroidDriver
	at io.appium.java_client.remote.AppiumCommandExecutor$1.createSession(AppiumCommandExecutor.java:208)
	at io.appium.java_client.remote.AppiumCommandExecutor.createSession(AppiumCommandExecutor.java:217)
	at io.appium.java_client.remote.AppiumCommandExecutor.execute(AppiumCommandExecutor.java:239)
	at org.openqa.selenium.remote.RemoteWebDriver.execute(RemoteWebDriver.java:548)
	at io.appium.java_client.DefaultGenericMobileDriver.execute(DefaultGenericMobileDriver.java:41)
	at io.appium.java_client.AppiumDriver.execute(AppiumDriver.java:1)
	at io.appium.java_client.android.AndroidDriver.execute(AndroidDriver.java:1)
	at org.openqa.selenium.remote.RemoteWebDriver.startSession(RemoteWebDriver.java:212)
	at io.appium.java_client.AppiumDriver.startSession(AppiumDriver.java:336)
	at org.openqa.selenium.remote.RemoteWebDriver.&lt;init&gt;(RemoteWebDriver.java:130)
	at io.appium.java_client.DefaultGenericMobileDriver.&lt;init&gt;(DefaultGenericMobileDriver.java:37)
	at io.appium.java_client.AppiumDriver.&lt;init&gt;(AppiumDriver.java:88)
	at io.appium.java_client.AppiumDriver.&lt;init&gt;(AppiumDriver.java:98)
	at io.appium.java_client.android.AndroidDriver.&lt;init&gt;(AndroidDriver.java:94)
	at Customer.FunctionalTest5.setUp(FunctionalTest5.java:101)
	at Customer.FunctionalTest5.CreateTrip_And_CancelTrip(FunctionalTest5.java:708)
	at java.util.concurrent.ThreadPoolExecutor.runWorker(Unknown Source)
	at java.util.concurrent.ThreadPoolExecutor$Worker.run(Unknown Source)
	at java.lang.Thread.run(Unknown Source)
	at io.appium.java_client.remote.AppiumCommandExecutor$1.createSession(AppiumCommandExecutor.java:186)
	... 30 more
Caused by: org.openqa.selenium.WebDriverException: An unknown server-side error occurred while processing the command. Original error: Error executing adbExec. Original error: &apos;Command &apos;E:\\Software\\Eclipse\\SDK\\android-sdk\\platform-tools\\adb.exe -P 5037 -s 192.168.110.101\:5555 forward tcp\:8202 tcp\:6790&apos; exited with code 1&apos;; Stderr: &apos;adb.exe: error: more than one device/emulator&apos;; Code: &apos;1&apos;
Build info: version: &apos;3.141.59&apos;, revision: &apos;e82be7d358&apos;, time: &apos;2018-11-14T08:17:03&apos;
System info: host: &apos;DESKTOP-H8C69V7&apos;, ip: &apos;192.168.110.2&apos;, os.name: &apos;Windows 10&apos;, os.arch: &apos;amd64&apos;, os.version: &apos;10.0&apos;, java.version: &apos;1.8.0_121&apos;
Driver info: driver.version: AndroidDriver
remote stacktrace: UnknownError: An unknown server-side error occurred while processing the command. Original error: Error executing adbExec. Original error: &apos;Command &apos;E:\\Software\\Eclipse\\SDK\\android-sdk\\platform-tools\\adb.exe -P 5037 -s 192.168.110.101\:5555 forward tcp\:8202 tcp\:6790&apos; exited with code 1&apos;; Stderr: &apos;adb.exe: error: more than one device/emulator&apos;; Code: &apos;1&apos;
    at getResponseForW3CError (C:\Users\Lenovo\AppData\Roaming\npm\node_modules\appium\node_modules\appium-base-driver\lib\protocol\errors.js:804:9)
    at asyncHandler (C:\Users\Lenovo\AppData\Roaming\npm\node_modules\appium\node_modules\appium-base-driver\lib\protocol\protocol.js:388:37)
	at org.openqa.selenium.remote.W3CHandshakeResponse.lambda$new$0(W3CHandshakeResponse.java:57)
	at org.openqa.selenium.remote.W3CHandshakeResponse.lambda$getResponseFunction$2(W3CHandshakeResponse.java:104)
	at org.openqa.selenium.remote.ProtocolHandshake.lambda$createSession$0(ProtocolHandshake.java:122)
	at java.util.stream.ReferencePipeline$3$1.accept(Unknown Source)
	at java.util.Spliterators$ArraySpliterator.tryAdvance(Unknown Source)
	at java.util.stream.ReferencePipeline.forEachWithCancel(Unknown Source)
	at java.util.stream.AbstractPipeline.copyIntoWithCancel(Unknown Source)
	at java.util.stream.AbstractPipeline.copyInto(Unknown Source)
	at java.util.stream.AbstractPipeline.wrapAndCopyInto(Unknown Source)
	at java.util.stream.FindOps$FindOp.evaluateSequential(Unknown Source)
	at java.util.stream.AbstractPipeline.evaluate(Unknown Source)
	at java.util.stream.ReferencePipeline.findFirst(Unknown Source)
	at org.openqa.selenium.remote.ProtocolHandshake.createSession(ProtocolHandshake.java:125)
	... 35 more
... Removed 21 stack frames
</div> <!-- stack-trace -->
                </div> <!-- method-content -->
              </div> <!-- method -->
              <div class="method">
                <div class="method-content">
                  <a name="CreateTrip_ForApprovedUser">
                  </a> <!-- CreateTrip_ForApprovedUser -->
                  <span class="method-name">CreateTrip_ForApprovedUser</span>
                  <div class="stack-trace">java.lang.IllegalArgumentException: Can not set io.appium.java_client.android.AndroidElement field Customer.HomeScreen.LoginButton to org.openqa.selenium.remote.RemoteWebElement$$EnhancerByCGLIB$$d27c0df4
	at org.openqa.selenium.support.PageFactory.proxyFields(PageFactory.java:117)
	at org.openqa.selenium.support.PageFactory.initElements(PageFactory.java:105)
	at Customer.HomeScreen.&lt;init&gt;(HomeScreen.java:24)
	at Customer.FunctionalTest5.CreateTrip_ForApprovedUser(FunctionalTest5.java:298)
	at java.util.concurrent.ThreadPoolExecutor.runWorker(Unknown Source)
	at java.util.concurrent.ThreadPoolExecutor$Worker.run(Unknown Source)
	at java.lang.Thread.run(Unknown Source)
... Removed 16 stack frames
</div> <!-- stack-trace -->
                </div> <!-- method-content -->
              </div> <!-- method -->
              <div class="method">
                <div class="method-content">
                  <a name="CreateTrip_ForPartnerToBid_AndThen_WithdrawBid">
                  </a> <!-- CreateTrip_ForPartnerToBid_AndThen_WithdrawBid -->
                  <span class="method-name">CreateTrip_ForPartnerToBid_AndThen_WithdrawBid</span>
                  <div class="stack-trace">org.openqa.selenium.WebDriverException: java.lang.NullPointerException
Build info: version: &apos;3.141.59&apos;, revision: &apos;e82be7d358&apos;, time: &apos;2018-11-14T08:17:03&apos;
System info: host: &apos;DESKTOP-H8C69V7&apos;, ip: &apos;192.168.110.2&apos;, os.name: &apos;Windows 10&apos;, os.arch: &apos;amd64&apos;, os.version: &apos;10.0&apos;, java.version: &apos;1.8.0_121&apos;
Driver info: driver.version: unknown
	at io.appium.java_client.pagefactory.AppiumElementLocator$WaitingFunction.apply(AppiumElementLocator.java:192)
	at io.appium.java_client.pagefactory.AppiumElementLocator$WaitingFunction.apply(AppiumElementLocator.java:1)
	at org.openqa.selenium.support.ui.FluentWait.until(FluentWait.java:249)
	at io.appium.java_client.pagefactory.AppiumElementLocator.waitFor(AppiumElementLocator.java:99)
	at io.appium.java_client.pagefactory.AppiumElementLocator.findElement(AppiumElementLocator.java:119)
	at io.appium.java_client.pagefactory.interceptors.InterceptorOfASingleElement.intercept(InterceptorOfASingleElement.java:59)
	at org.openqa.selenium.remote.RemoteWebElement$$EnhancerByCGLIB$$d27c0df4.click(&lt;generated&gt;)
	at Customer.MyTripsScreen.clickCreateTripIcon(MyTripsScreen.java:130)
	at Customer.FunctionalTest5.CreateTrip_ForPartnerToBid_AndThen_WithdrawBid(FunctionalTest5.java:869)
	at java.util.concurrent.ThreadPoolExecutor.runWorker(Unknown Source)
	at java.util.concurrent.ThreadPoolExecutor$Worker.run(Unknown Source)
	at java.lang.Thread.run(Unknown Source)
Caused by: java.lang.NullPointerException
	at io.appium.java_client.pagefactory.AppiumElementLocator.lambda$0(AppiumElementLocator.java:120)
	at io.appium.java_client.pagefactory.AppiumElementLocator$WaitingFunction.apply(AppiumElementLocator.java:172)
	... 23 more
... Removed 12 stack frames
</div> <!-- stack-trace -->
                </div> <!-- method-content -->
              </div> <!-- method -->
              <div class="method">
                <div class="method-content">
                  <a name="Createnewtrip_withreferredcustomer">
                  </a> <!-- Createnewtrip_withreferredcustomer -->
                  <span class="method-name">Createnewtrip_withreferredcustomer</span>
                  <div class="stack-trace">java.lang.IllegalArgumentException: Can not set io.appium.java_client.android.AndroidElement field Customer.HomeScreen.LoginButton to org.openqa.selenium.remote.RemoteWebElement$$EnhancerByCGLIB$$d27c0df4
	at org.openqa.selenium.support.PageFactory.proxyFields(PageFactory.java:117)
	at org.openqa.selenium.support.PageFactory.initElements(PageFactory.java:105)
	at Customer.HomeScreen.&lt;init&gt;(HomeScreen.java:24)
	at Customer.FunctionalTest5.Createnewtrip_withreferredcustomer(FunctionalTest5.java:1438)
	at java.util.concurrent.ThreadPoolExecutor.runWorker(Unknown Source)
	at java.util.concurrent.ThreadPoolExecutor$Worker.run(Unknown Source)
	at java.lang.Thread.run(Unknown Source)
... Removed 16 stack frames
</div> <!-- stack-trace -->
                </div> <!-- method-content -->
              </div> <!-- method -->
              <div class="method">
                <div class="method-content">
                  <a name="InviteUser_ToJoinAs_Customer">
                  </a> <!-- InviteUser_ToJoinAs_Customer -->
                  <span class="method-name">InviteUser_ToJoinAs_Customer</span>
                  <div class="stack-trace">java.lang.NullPointerException
	at Customer.FunctionalTest5.InviteUser_ToJoinAs_Customer(FunctionalTest5.java:1226)
	at java.util.concurrent.ThreadPoolExecutor.runWorker(Unknown Source)
	at java.util.concurrent.ThreadPoolExecutor$Worker.run(Unknown Source)
	at java.lang.Thread.run(Unknown Source)
... Removed 12 stack frames
</div> <!-- stack-trace -->
                </div> <!-- method-content -->
              </div> <!-- method -->
              <div class="method">
                <div class="method-content">
                  <a name="LaunchDashboard_VerifyCompletedTrip_isDisplayed_WithoutAnyFilters">
                  </a> <!-- LaunchDashboard_VerifyCompletedTrip_isDisplayed_WithoutAnyFilters -->
                  <span class="method-name">LaunchDashboard_VerifyCompletedTrip_isDisplayed_WithoutAnyFilters</span>
                  <div class="stack-trace">java.lang.NullPointerException
	at Customer.FunctionalTest5.LaunchDashboard_VerifyCompletedTrip_isDisplayed_WithoutAnyFilters(FunctionalTest5.java:677)
	at java.util.concurrent.ThreadPoolExecutor.runWorker(Unknown Source)
	at java.util.concurrent.ThreadPoolExecutor$Worker.run(Unknown Source)
	at java.lang.Thread.run(Unknown Source)
... Removed 12 stack frames
</div> <!-- stack-trace -->
                </div> <!-- method-content -->
              </div> <!-- method -->
              <div class="method">
                <div class="method-content">
                  <a name="LoginTest_InvalidUser">
                  </a> <!-- LoginTest_InvalidUser -->
                  <span class="method-name">LoginTest_InvalidUser</span>
                  <div class="stack-trace">org.openqa.selenium.SessionNotCreatedException: Unable to create a new remote session. Please check the server log for more details. Original error: An unknown server-side error occurred while processing the command. Original error: Error executing adbExec. Original error: &apos;Command &apos;E:\\Software\\Eclipse\\SDK\\android-sdk\\platform-tools\\adb.exe -P 5037 -s 192.168.110.101\:5555 forward tcp\:8202 tcp\:6790&apos; exited with code 1&apos;; Stderr: &apos;adb.exe: error: more than one device/emulator&apos;; Code: &apos;1&apos;
Build info: version: &apos;3.141.59&apos;, revision: &apos;e82be7d358&apos;, time: &apos;2018-11-14T08:17:03&apos;
System info: host: &apos;DESKTOP-H8C69V7&apos;, ip: &apos;192.168.110.2&apos;, os.name: &apos;Windows 10&apos;, os.arch: &apos;amd64&apos;, os.version: &apos;10.0&apos;, java.version: &apos;1.8.0_121&apos;
Driver info: driver.version: AndroidDriver
remote stacktrace: UnknownError: An unknown server-side error occurred while processing the command. Original error: Error executing adbExec. Original error: &apos;Command &apos;E:\\Software\\Eclipse\\SDK\\android-sdk\\platform-tools\\adb.exe -P 5037 -s 192.168.110.101\:5555 forward tcp\:8202 tcp\:6790&apos; exited with code 1&apos;; Stderr: &apos;adb.exe: error: more than one device/emulator&apos;; Code: &apos;1&apos;
    at getResponseForW3CError (C:\Users\Lenovo\AppData\Roaming\npm\node_modules\appium\node_modules\appium-base-driver\lib\protocol\errors.js:804:9)
    at asyncHandler (C:\Users\Lenovo\AppData\Roaming\npm\node_modules\appium\node_modules\appium-base-driver\lib\protocol\protocol.js:388:37)
Build info: version: &apos;3.141.59&apos;, revision: &apos;e82be7d358&apos;, time: &apos;2018-11-14T08:17:03&apos;
System info: host: &apos;DESKTOP-H8C69V7&apos;, ip: &apos;192.168.110.2&apos;, os.name: &apos;Windows 10&apos;, os.arch: &apos;amd64&apos;, os.version: &apos;10.0&apos;, java.version: &apos;1.8.0_121&apos;
Driver info: driver.version: AndroidDriver
	at io.appium.java_client.remote.AppiumCommandExecutor$1.createSession(AppiumCommandExecutor.java:208)
	at io.appium.java_client.remote.AppiumCommandExecutor.createSession(AppiumCommandExecutor.java:217)
	at io.appium.java_client.remote.AppiumCommandExecutor.execute(AppiumCommandExecutor.java:239)
	at org.openqa.selenium.remote.RemoteWebDriver.execute(RemoteWebDriver.java:548)
	at io.appium.java_client.DefaultGenericMobileDriver.execute(DefaultGenericMobileDriver.java:41)
	at io.appium.java_client.AppiumDriver.execute(AppiumDriver.java:1)
	at io.appium.java_client.android.AndroidDriver.execute(AndroidDriver.java:1)
	at org.openqa.selenium.remote.RemoteWebDriver.startSession(RemoteWebDriver.java:212)
	at io.appium.java_client.AppiumDriver.startSession(AppiumDriver.java:336)
	at org.openqa.selenium.remote.RemoteWebDriver.&lt;init&gt;(RemoteWebDriver.java:130)
	at io.appium.java_client.DefaultGenericMobileDriver.&lt;init&gt;(DefaultGenericMobileDriver.java:37)
	at io.appium.java_client.AppiumDriver.&lt;init&gt;(AppiumDriver.java:88)
	at io.appium.java_client.AppiumDriver.&lt;init&gt;(AppiumDriver.java:98)
	at io.appium.java_client.android.AndroidDriver.&lt;init&gt;(AndroidDriver.java:94)
	at Customer.FunctionalTest5.setUp(FunctionalTest5.java:101)
	at Customer.FunctionalTest5.LoginTest_InvalidUser(FunctionalTest5.java:230)
	at java.util.concurrent.ThreadPoolExecutor.runWorker(Unknown Source)
	at java.util.concurrent.ThreadPoolExecutor$Worker.run(Unknown Source)
	at java.lang.Thread.run(Unknown Source)
	at io.appium.java_client.remote.AppiumCommandExecutor$1.createSession(AppiumCommandExecutor.java:186)
	... 30 more
Caused by: org.openqa.selenium.WebDriverException: An unknown server-side error occurred while processing the command. Original error: Error executing adbExec. Original error: &apos;Command &apos;E:\\Software\\Eclipse\\SDK\\android-sdk\\platform-tools\\adb.exe -P 5037 -s 192.168.110.101\:5555 forward tcp\:8202 tcp\:6790&apos; exited with code 1&apos;; Stderr: &apos;adb.exe: error: more than one device/emulator&apos;; Code: &apos;1&apos;
Build info: version: &apos;3.141.59&apos;, revision: &apos;e82be7d358&apos;, time: &apos;2018-11-14T08:17:03&apos;
System info: host: &apos;DESKTOP-H8C69V7&apos;, ip: &apos;192.168.110.2&apos;, os.name: &apos;Windows 10&apos;, os.arch: &apos;amd64&apos;, os.version: &apos;10.0&apos;, java.version: &apos;1.8.0_121&apos;
Driver info: driver.version: AndroidDriver
remote stacktrace: UnknownError: An unknown server-side error occurred while processing the command. Original error: Error executing adbExec. Original error: &apos;Command &apos;E:\\Software\\Eclipse\\SDK\\android-sdk\\platform-tools\\adb.exe -P 5037 -s 192.168.110.101\:5555 forward tcp\:8202 tcp\:6790&apos; exited with code 1&apos;; Stderr: &apos;adb.exe: error: more than one device/emulator&apos;; Code: &apos;1&apos;
    at getResponseForW3CError (C:\Users\Lenovo\AppData\Roaming\npm\node_modules\appium\node_modules\appium-base-driver\lib\protocol\errors.js:804:9)
    at asyncHandler (C:\Users\Lenovo\AppData\Roaming\npm\node_modules\appium\node_modules\appium-base-driver\lib\protocol\protocol.js:388:37)
	at org.openqa.selenium.remote.W3CHandshakeResponse.lambda$new$0(W3CHandshakeResponse.java:57)
	at org.openqa.selenium.remote.W3CHandshakeResponse.lambda$getResponseFunction$2(W3CHandshakeResponse.java:104)
	at org.openqa.selenium.remote.ProtocolHandshake.lambda$createSession$0(ProtocolHandshake.java:122)
	at java.util.stream.ReferencePipeline$3$1.accept(Unknown Source)
	at java.util.Spliterators$ArraySpliterator.tryAdvance(Unknown Source)
	at java.util.stream.ReferencePipeline.forEachWithCancel(Unknown Source)
	at java.util.stream.AbstractPipeline.copyIntoWithCancel(Unknown Source)
	at java.util.stream.AbstractPipeline.copyInto(Unknown Source)
	at java.util.stream.AbstractPipeline.wrapAndCopyInto(Unknown Source)
	at java.util.stream.FindOps$FindOp.evaluateSequential(Unknown Source)
	at java.util.stream.AbstractPipeline.evaluate(Unknown Source)
	at java.util.stream.ReferencePipeline.findFirst(Unknown Source)
	at org.openqa.selenium.remote.ProtocolHandshake.createSession(ProtocolHandshake.java:125)
	... 35 more
... Removed 21 stack frames
</div> <!-- stack-trace -->
                </div> <!-- method-content -->
              </div> <!-- method -->
              <div class="method">
                <div class="method-content">
                  <a name="ReferredCustomer_completetrip_ByAcceptingBid_And_ValidateEarningsforFirstSuccessfulTripCompletion">
                  </a> <!-- ReferredCustomer_completetrip_ByAcceptingBid_And_ValidateEarningsforFirstSuccessfulTripCompletion -->
                  <span class="method-name">ReferredCustomer_completetrip_ByAcceptingBid_And_ValidateEarningsforFirstSuccessfulTripCompletion</span>
                  <div class="stack-trace">java.lang.IllegalArgumentException: Can not set io.appium.java_client.android.AndroidElement field Customer.HomeScreen.LoginButton to org.openqa.selenium.remote.RemoteWebElement$$EnhancerByCGLIB$$d27c0df4
	at org.openqa.selenium.support.PageFactory.proxyFields(PageFactory.java:117)
	at org.openqa.selenium.support.PageFactory.initElements(PageFactory.java:105)
	at Customer.HomeScreen.&lt;init&gt;(HomeScreen.java:24)
	at Customer.FunctionalTest5.ReferredCustomer_completetrip_ByAcceptingBid_And_ValidateEarningsforFirstSuccessfulTripCompletion(FunctionalTest5.java:1706)
	at java.util.concurrent.ThreadPoolExecutor.runWorker(Unknown Source)
	at java.util.concurrent.ThreadPoolExecutor$Worker.run(Unknown Source)
	at java.lang.Thread.run(Unknown Source)
... Removed 16 stack frames
</div> <!-- stack-trace -->
                </div> <!-- method-content -->
              </div> <!-- method -->
              <div class="method">
                <div class="method-content">
                  <a name="SignupTest">
                  </a> <!-- SignupTest -->
                  <span class="method-name">SignupTest</span>
                  <div class="stack-trace">org.openqa.selenium.SessionNotCreatedException: Unable to create a new remote session. Please check the server log for more details. Original error: An unknown server-side error occurred while processing the command. Original error: Error executing adbExec. Original error: &apos;Command &apos;E:\\Software\\Eclipse\\SDK\\android-sdk\\platform-tools\\adb.exe -P 5037 -s 192.168.110.101\:5555 forward tcp\:8202 tcp\:6790&apos; exited with code 1&apos;; Stderr: &apos;adb.exe: error: more than one device/emulator&apos;; Code: &apos;1&apos;
Build info: version: &apos;3.141.59&apos;, revision: &apos;e82be7d358&apos;, time: &apos;2018-11-14T08:17:03&apos;
System info: host: &apos;DESKTOP-H8C69V7&apos;, ip: &apos;192.168.110.2&apos;, os.name: &apos;Windows 10&apos;, os.arch: &apos;amd64&apos;, os.version: &apos;10.0&apos;, java.version: &apos;1.8.0_121&apos;
Driver info: driver.version: AndroidDriver
remote stacktrace: UnknownError: An unknown server-side error occurred while processing the command. Original error: Error executing adbExec. Original error: &apos;Command &apos;E:\\Software\\Eclipse\\SDK\\android-sdk\\platform-tools\\adb.exe -P 5037 -s 192.168.110.101\:5555 forward tcp\:8202 tcp\:6790&apos; exited with code 1&apos;; Stderr: &apos;adb.exe: error: more than one device/emulator&apos;; Code: &apos;1&apos;
    at getResponseForW3CError (C:\Users\Lenovo\AppData\Roaming\npm\node_modules\appium\node_modules\appium-base-driver\lib\protocol\errors.js:804:9)
    at asyncHandler (C:\Users\Lenovo\AppData\Roaming\npm\node_modules\appium\node_modules\appium-base-driver\lib\protocol\protocol.js:388:37)
Build info: version: &apos;3.141.59&apos;, revision: &apos;e82be7d358&apos;, time: &apos;2018-11-14T08:17:03&apos;
System info: host: &apos;DESKTOP-H8C69V7&apos;, ip: &apos;192.168.110.2&apos;, os.name: &apos;Windows 10&apos;, os.arch: &apos;amd64&apos;, os.version: &apos;10.0&apos;, java.version: &apos;1.8.0_121&apos;
Driver info: driver.version: AndroidDriver
	at io.appium.java_client.remote.AppiumCommandExecutor$1.createSession(AppiumCommandExecutor.java:208)
	at io.appium.java_client.remote.AppiumCommandExecutor.createSession(AppiumCommandExecutor.java:217)
	at io.appium.java_client.remote.AppiumCommandExecutor.execute(AppiumCommandExecutor.java:239)
	at org.openqa.selenium.remote.RemoteWebDriver.execute(RemoteWebDriver.java:548)
	at io.appium.java_client.DefaultGenericMobileDriver.execute(DefaultGenericMobileDriver.java:41)
	at io.appium.java_client.AppiumDriver.execute(AppiumDriver.java:1)
	at io.appium.java_client.android.AndroidDriver.execute(AndroidDriver.java:1)
	at org.openqa.selenium.remote.RemoteWebDriver.startSession(RemoteWebDriver.java:212)
	at io.appium.java_client.AppiumDriver.startSession(AppiumDriver.java:336)
	at org.openqa.selenium.remote.RemoteWebDriver.&lt;init&gt;(RemoteWebDriver.java:130)
	at io.appium.java_client.DefaultGenericMobileDriver.&lt;init&gt;(DefaultGenericMobileDriver.java:37)
	at io.appium.java_client.AppiumDriver.&lt;init&gt;(AppiumDriver.java:88)
	at io.appium.java_client.AppiumDriver.&lt;init&gt;(AppiumDriver.java:98)
	at io.appium.java_client.android.AndroidDriver.&lt;init&gt;(AndroidDriver.java:94)
	at Customer.FunctionalTest5.setUp(FunctionalTest5.java:101)
	at Customer.FunctionalTest5.SignupTest(FunctionalTest5.java:109)
	at java.util.concurrent.ThreadPoolExecutor.runWorker(Unknown Source)
	at java.util.concurrent.ThreadPoolExecutor$Worker.run(Unknown Source)
	at java.lang.Thread.run(Unknown Source)
	at io.appium.java_client.remote.AppiumCommandExecutor$1.createSession(AppiumCommandExecutor.java:186)
	... 30 more
Caused by: org.openqa.selenium.WebDriverException: An unknown server-side error occurred while processing the command. Original error: Error executing adbExec. Original error: &apos;Command &apos;E:\\Software\\Eclipse\\SDK\\android-sdk\\platform-tools\\adb.exe -P 5037 -s 192.168.110.101\:5555 forward tcp\:8202 tcp\:6790&apos; exited with code 1&apos;; Stderr: &apos;adb.exe: error: more than one device/emulator&apos;; Code: &apos;1&apos;
Build info: version: &apos;3.141.59&apos;, revision: &apos;e82be7d358&apos;, time: &apos;2018-11-14T08:17:03&apos;
System info: host: &apos;DESKTOP-H8C69V7&apos;, ip: &apos;192.168.110.2&apos;, os.name: &apos;Windows 10&apos;, os.arch: &apos;amd64&apos;, os.version: &apos;10.0&apos;, java.version: &apos;1.8.0_121&apos;
Driver info: driver.version: AndroidDriver
remote stacktrace: UnknownError: An unknown server-side error occurred while processing the command. Original error: Error executing adbExec. Original error: &apos;Command &apos;E:\\Software\\Eclipse\\SDK\\android-sdk\\platform-tools\\adb.exe -P 5037 -s 192.168.110.101\:5555 forward tcp\:8202 tcp\:6790&apos; exited with code 1&apos;; Stderr: &apos;adb.exe: error: more than one device/emulator&apos;; Code: &apos;1&apos;
    at getResponseForW3CError (C:\Users\Lenovo\AppData\Roaming\npm\node_modules\appium\node_modules\appium-base-driver\lib\protocol\errors.js:804:9)
    at asyncHandler (C:\Users\Lenovo\AppData\Roaming\npm\node_modules\appium\node_modules\appium-base-driver\lib\protocol\protocol.js:388:37)
	at org.openqa.selenium.remote.W3CHandshakeResponse.lambda$new$0(W3CHandshakeResponse.java:57)
	at org.openqa.selenium.remote.W3CHandshakeResponse.lambda$getResponseFunction$2(W3CHandshakeResponse.java:104)
	at org.openqa.selenium.remote.ProtocolHandshake.lambda$createSession$0(ProtocolHandshake.java:122)
	at java.util.stream.ReferencePipeline$3$1.accept(Unknown Source)
	at java.util.Spliterators$ArraySpliterator.tryAdvance(Unknown Source)
	at java.util.stream.ReferencePipeline.forEachWithCancel(Unknown Source)
	at java.util.stream.AbstractPipeline.copyIntoWithCancel(Unknown Source)
	at java.util.stream.AbstractPipeline.copyInto(Unknown Source)
	at java.util.stream.AbstractPipeline.wrapAndCopyInto(Unknown Source)
	at java.util.stream.FindOps$FindOp.evaluateSequential(Unknown Source)
	at java.util.stream.AbstractPipeline.evaluate(Unknown Source)
	at java.util.stream.ReferencePipeline.findFirst(Unknown Source)
	at org.openqa.selenium.remote.ProtocolHandshake.createSession(ProtocolHandshake.java:125)
	... 35 more
... Removed 21 stack frames
</div> <!-- stack-trace -->
                </div> <!-- method-content -->
              </div> <!-- method -->
              <div class="method">
                <div class="method-content">
                  <a name="StartTrip_ByCustomer">
                  </a> <!-- StartTrip_ByCustomer -->
                  <span class="method-name">StartTrip_ByCustomer</span>
                  <div class="stack-trace">java.lang.NullPointerException
	at Customer.FunctionalTest5.StartTrip_ByCustomer(FunctionalTest5.java:641)
	at java.util.concurrent.ThreadPoolExecutor.runWorker(Unknown Source)
	at java.util.concurrent.ThreadPoolExecutor$Worker.run(Unknown Source)
	at java.lang.Thread.run(Unknown Source)
... Removed 12 stack frames
</div> <!-- stack-trace -->
                </div> <!-- method-content -->
              </div> <!-- method -->
              <div class="method">
                <div class="method-content">
                  <a name="SubmitMyRating_DefaultRatings">
                  </a> <!-- SubmitMyRating_DefaultRatings -->
                  <span class="method-name">SubmitMyRating_DefaultRatings</span>
                  <div class="stack-trace">java.lang.NullPointerException
	at Customer.NIDScreen.scrollTo(NIDScreen.java:163)
	at Customer.FunctionalTest5.SubmitMyRating_DefaultRatings(FunctionalTest5.java:663)
	at java.util.concurrent.ThreadPoolExecutor.runWorker(Unknown Source)
	at java.util.concurrent.ThreadPoolExecutor$Worker.run(Unknown Source)
	at java.lang.Thread.run(Unknown Source)
... Removed 12 stack frames
</div> <!-- stack-trace -->
                </div> <!-- method-content -->
              </div> <!-- method -->
              <div class="method">
                <div class="method-content">
                  <a name="ValidateAmendedDriverTruck_ForBookedTrip">
                  </a> <!-- ValidateAmendedDriverTruck_ForBookedTrip -->
                  <span class="method-name">ValidateAmendedDriverTruck_ForBookedTrip</span>
                  <div class="stack-trace">org.openqa.selenium.SessionNotCreatedException: Unable to create a new remote session. Please check the server log for more details. Original error: An unknown server-side error occurred while processing the command. Original error: Error executing adbExec. Original error: &apos;Command &apos;E:\\Software\\Eclipse\\SDK\\android-sdk\\platform-tools\\adb.exe -P 5037 -s 192.168.110.101\:5555 forward tcp\:8202 tcp\:6790&apos; exited with code 1&apos;; Stderr: &apos;adb.exe: error: more than one device/emulator&apos;; Code: &apos;1&apos;
Build info: version: &apos;3.141.59&apos;, revision: &apos;e82be7d358&apos;, time: &apos;2018-11-14T08:17:03&apos;
System info: host: &apos;DESKTOP-H8C69V7&apos;, ip: &apos;192.168.110.2&apos;, os.name: &apos;Windows 10&apos;, os.arch: &apos;amd64&apos;, os.version: &apos;10.0&apos;, java.version: &apos;1.8.0_121&apos;
Driver info: driver.version: AndroidDriver
remote stacktrace: UnknownError: An unknown server-side error occurred while processing the command. Original error: Error executing adbExec. Original error: &apos;Command &apos;E:\\Software\\Eclipse\\SDK\\android-sdk\\platform-tools\\adb.exe -P 5037 -s 192.168.110.101\:5555 forward tcp\:8202 tcp\:6790&apos; exited with code 1&apos;; Stderr: &apos;adb.exe: error: more than one device/emulator&apos;; Code: &apos;1&apos;
    at getResponseForW3CError (C:\Users\Lenovo\AppData\Roaming\npm\node_modules\appium\node_modules\appium-base-driver\lib\protocol\errors.js:804:9)
    at asyncHandler (C:\Users\Lenovo\AppData\Roaming\npm\node_modules\appium\node_modules\appium-base-driver\lib\protocol\protocol.js:388:37)
Build info: version: &apos;3.141.59&apos;, revision: &apos;e82be7d358&apos;, time: &apos;2018-11-14T08:17:03&apos;
System info: host: &apos;DESKTOP-H8C69V7&apos;, ip: &apos;192.168.110.2&apos;, os.name: &apos;Windows 10&apos;, os.arch: &apos;amd64&apos;, os.version: &apos;10.0&apos;, java.version: &apos;1.8.0_121&apos;
Driver info: driver.version: AndroidDriver
	at io.appium.java_client.remote.AppiumCommandExecutor$1.createSession(AppiumCommandExecutor.java:208)
	at io.appium.java_client.remote.AppiumCommandExecutor.createSession(AppiumCommandExecutor.java:217)
	at io.appium.java_client.remote.AppiumCommandExecutor.execute(AppiumCommandExecutor.java:239)
	at org.openqa.selenium.remote.RemoteWebDriver.execute(RemoteWebDriver.java:548)
	at io.appium.java_client.DefaultGenericMobileDriver.execute(DefaultGenericMobileDriver.java:41)
	at io.appium.java_client.AppiumDriver.execute(AppiumDriver.java:1)
	at io.appium.java_client.android.AndroidDriver.execute(AndroidDriver.java:1)
	at org.openqa.selenium.remote.RemoteWebDriver.startSession(RemoteWebDriver.java:212)
	at io.appium.java_client.AppiumDriver.startSession(AppiumDriver.java:336)
	at org.openqa.selenium.remote.RemoteWebDriver.&lt;init&gt;(RemoteWebDriver.java:130)
	at io.appium.java_client.DefaultGenericMobileDriver.&lt;init&gt;(DefaultGenericMobileDriver.java:37)
	at io.appium.java_client.AppiumDriver.&lt;init&gt;(AppiumDriver.java:88)
	at io.appium.java_client.AppiumDriver.&lt;init&gt;(AppiumDriver.java:98)
	at io.appium.java_client.android.AndroidDriver.&lt;init&gt;(AndroidDriver.java:94)
	at Customer.FunctionalTest5.setUp(FunctionalTest5.java:101)
	at Customer.FunctionalTest5.ValidateAmendedDriverTruck_ForBookedTrip(FunctionalTest5.java:1058)
	at java.util.concurrent.ThreadPoolExecutor.runWorker(Unknown Source)
	at java.util.concurrent.ThreadPoolExecutor$Worker.run(Unknown Source)
	at java.lang.Thread.run(Unknown Source)
	at io.appium.java_client.remote.AppiumCommandExecutor$1.createSession(AppiumCommandExecutor.java:186)
	... 30 more
Caused by: org.openqa.selenium.WebDriverException: An unknown server-side error occurred while processing the command. Original error: Error executing adbExec. Original error: &apos;Command &apos;E:\\Software\\Eclipse\\SDK\\android-sdk\\platform-tools\\adb.exe -P 5037 -s 192.168.110.101\:5555 forward tcp\:8202 tcp\:6790&apos; exited with code 1&apos;; Stderr: &apos;adb.exe: error: more than one device/emulator&apos;; Code: &apos;1&apos;
Build info: version: &apos;3.141.59&apos;, revision: &apos;e82be7d358&apos;, time: &apos;2018-11-14T08:17:03&apos;
System info: host: &apos;DESKTOP-H8C69V7&apos;, ip: &apos;192.168.110.2&apos;, os.name: &apos;Windows 10&apos;, os.arch: &apos;amd64&apos;, os.version: &apos;10.0&apos;, java.version: &apos;1.8.0_121&apos;
Driver info: driver.version: AndroidDriver
remote stacktrace: UnknownError: An unknown server-side error occurred while processing the command. Original error: Error executing adbExec. Original error: &apos;Command &apos;E:\\Software\\Eclipse\\SDK\\android-sdk\\platform-tools\\adb.exe -P 5037 -s 192.168.110.101\:5555 forward tcp\:8202 tcp\:6790&apos; exited with code 1&apos;; Stderr: &apos;adb.exe: error: more than one device/emulator&apos;; Code: &apos;1&apos;
    at getResponseForW3CError (C:\Users\Lenovo\AppData\Roaming\npm\node_modules\appium\node_modules\appium-base-driver\lib\protocol\errors.js:804:9)
    at asyncHandler (C:\Users\Lenovo\AppData\Roaming\npm\node_modules\appium\node_modules\appium-base-driver\lib\protocol\protocol.js:388:37)
	at org.openqa.selenium.remote.W3CHandshakeResponse.lambda$new$0(W3CHandshakeResponse.java:57)
	at org.openqa.selenium.remote.W3CHandshakeResponse.lambda$getResponseFunction$2(W3CHandshakeResponse.java:104)
	at org.openqa.selenium.remote.ProtocolHandshake.lambda$createSession$0(ProtocolHandshake.java:122)
	at java.util.stream.ReferencePipeline$3$1.accept(Unknown Source)
	at java.util.Spliterators$ArraySpliterator.tryAdvance(Unknown Source)
	at java.util.stream.ReferencePipeline.forEachWithCancel(Unknown Source)
	at java.util.stream.AbstractPipeline.copyIntoWithCancel(Unknown Source)
	at java.util.stream.AbstractPipeline.copyInto(Unknown Source)
	at java.util.stream.AbstractPipeline.wrapAndCopyInto(Unknown Source)
	at java.util.stream.FindOps$FindOp.evaluateSequential(Unknown Source)
	at java.util.stream.AbstractPipeline.evaluate(Unknown Source)
	at java.util.stream.ReferencePipeline.findFirst(Unknown Source)
	at org.openqa.selenium.remote.ProtocolHandshake.createSession(ProtocolHandshake.java:125)
	... 35 more
... Removed 21 stack frames
</div> <!-- stack-trace -->
                </div> <!-- method-content -->
              </div> <!-- method -->
              <div class="method">
                <div class="method-content">
                  <a name="ValidateBidReceivedNotification_whenTapped_LandsUser_onto_BidListScreen">
                  </a> <!-- ValidateBidReceivedNotification_whenTapped_LandsUser_onto_BidListScreen -->
                  <span class="method-name">ValidateBidReceivedNotification_whenTapped_LandsUser_onto_BidListScreen</span>
                  <div class="stack-trace">java.lang.IllegalArgumentException: Can not set io.appium.java_client.android.AndroidElement field Customer.HomeScreen.LoginButton to org.openqa.selenium.remote.RemoteWebElement$$EnhancerByCGLIB$$d27c0df4
	at org.openqa.selenium.support.PageFactory.proxyFields(PageFactory.java:117)
	at org.openqa.selenium.support.PageFactory.initElements(PageFactory.java:105)
	at Customer.HomeScreen.&lt;init&gt;(HomeScreen.java:24)
	at Customer.FunctionalTest5.ValidateBidReceivedNotification_whenTapped_LandsUser_onto_BidListScreen(FunctionalTest5.java:1164)
	at java.util.concurrent.ThreadPoolExecutor.runWorker(Unknown Source)
	at java.util.concurrent.ThreadPoolExecutor$Worker.run(Unknown Source)
	at java.lang.Thread.run(Unknown Source)
... Removed 16 stack frames
</div> <!-- stack-trace -->
                </div> <!-- method-content -->
              </div> <!-- method -->
              <div class="method">
                <div class="method-content">
                  <a name="ValidateCustomerlistedNotifications_AreDisplayed">
                  </a> <!-- ValidateCustomerlistedNotifications_AreDisplayed -->
                  <span class="method-name">ValidateCustomerlistedNotifications_AreDisplayed</span>
                  <div class="stack-trace">java.lang.NullPointerException
	at Customer.FunctionalTest5.ValidateCustomerlistedNotifications_AreDisplayed(FunctionalTest5.java:1077)
	at java.util.concurrent.ThreadPoolExecutor.runWorker(Unknown Source)
	at java.util.concurrent.ThreadPoolExecutor$Worker.run(Unknown Source)
	at java.lang.Thread.run(Unknown Source)
... Removed 12 stack frames
</div> <!-- stack-trace -->
                </div> <!-- method-content -->
              </div> <!-- method -->
              <div class="method">
                <div class="method-content">
                  <a name="ValidateTripStartedNotification_WhenTapped_LandsUser_Onto_BookingDetailsScreen_Foruser_havingOption_toCompleteTrip">
                  </a> <!-- ValidateTripStartedNotification_WhenTapped_LandsUser_Onto_BookingDetailsScreen_Foruser_havingOption_toCompleteTrip -->
                  <span class="method-name">ValidateTripStartedNotification_WhenTapped_LandsUser_Onto_BookingDetailsScreen_Foruser_havingOption_toCompleteTrip</span>
                  <div class="stack-trace">org.openqa.selenium.SessionNotCreatedException: Unable to create a new remote session. Please check the server log for more details. Original error: An unknown server-side error occurred while processing the command. Original error: Error executing adbExec. Original error: &apos;Command &apos;E:\\Software\\Eclipse\\SDK\\android-sdk\\platform-tools\\adb.exe -P 5037 -s 192.168.110.101\:5555 forward tcp\:8202 tcp\:6790&apos; exited with code 1&apos;; Stderr: &apos;adb.exe: error: more than one device/emulator&apos;; Code: &apos;1&apos;
Build info: version: &apos;3.141.59&apos;, revision: &apos;e82be7d358&apos;, time: &apos;2018-11-14T08:17:03&apos;
System info: host: &apos;DESKTOP-H8C69V7&apos;, ip: &apos;192.168.110.2&apos;, os.name: &apos;Windows 10&apos;, os.arch: &apos;amd64&apos;, os.version: &apos;10.0&apos;, java.version: &apos;1.8.0_121&apos;
Driver info: driver.version: AndroidDriver
remote stacktrace: UnknownError: An unknown server-side error occurred while processing the command. Original error: Error executing adbExec. Original error: &apos;Command &apos;E:\\Software\\Eclipse\\SDK\\android-sdk\\platform-tools\\adb.exe -P 5037 -s 192.168.110.101\:5555 forward tcp\:8202 tcp\:6790&apos; exited with code 1&apos;; Stderr: &apos;adb.exe: error: more than one device/emulator&apos;; Code: &apos;1&apos;
    at getResponseForW3CError (C:\Users\Lenovo\AppData\Roaming\npm\node_modules\appium\node_modules\appium-base-driver\lib\protocol\errors.js:804:9)
    at asyncHandler (C:\Users\Lenovo\AppData\Roaming\npm\node_modules\appium\node_modules\appium-base-driver\lib\protocol\protocol.js:388:37)
Build info: version: &apos;3.141.59&apos;, revision: &apos;e82be7d358&apos;, time: &apos;2018-11-14T08:17:03&apos;
System info: host: &apos;DESKTOP-H8C69V7&apos;, ip: &apos;192.168.110.2&apos;, os.name: &apos;Windows 10&apos;, os.arch: &apos;amd64&apos;, os.version: &apos;10.0&apos;, java.version: &apos;1.8.0_121&apos;
Driver info: driver.version: AndroidDriver
	at io.appium.java_client.remote.AppiumCommandExecutor$1.createSession(AppiumCommandExecutor.java:208)
	at io.appium.java_client.remote.AppiumCommandExecutor.createSession(AppiumCommandExecutor.java:217)
	at io.appium.java_client.remote.AppiumCommandExecutor.execute(AppiumCommandExecutor.java:239)
	at org.openqa.selenium.remote.RemoteWebDriver.execute(RemoteWebDriver.java:548)
	at io.appium.java_client.DefaultGenericMobileDriver.execute(DefaultGenericMobileDriver.java:41)
	at io.appium.java_client.AppiumDriver.execute(AppiumDriver.java:1)
	at io.appium.java_client.android.AndroidDriver.execute(AndroidDriver.java:1)
	at org.openqa.selenium.remote.RemoteWebDriver.startSession(RemoteWebDriver.java:212)
	at io.appium.java_client.AppiumDriver.startSession(AppiumDriver.java:336)
	at org.openqa.selenium.remote.RemoteWebDriver.&lt;init&gt;(RemoteWebDriver.java:130)
	at io.appium.java_client.DefaultGenericMobileDriver.&lt;init&gt;(DefaultGenericMobileDriver.java:37)
	at io.appium.java_client.AppiumDriver.&lt;init&gt;(AppiumDriver.java:88)
	at io.appium.java_client.AppiumDriver.&lt;init&gt;(AppiumDriver.java:98)
	at io.appium.java_client.android.AndroidDriver.&lt;init&gt;(AndroidDriver.java:94)
	at Customer.FunctionalTest5.setUp(FunctionalTest5.java:101)
	at Customer.FunctionalTest5.ValidateTripStartedNotification_WhenTapped_LandsUser_Onto_BookingDetailsScreen_Foruser_havingOption_toCompleteTrip(FunctionalTest5.java:1190)
	at java.util.concurrent.ThreadPoolExecutor.runWorker(Unknown Source)
	at java.util.concurrent.ThreadPoolExecutor$Worker.run(Unknown Source)
	at java.lang.Thread.run(Unknown Source)
	at io.appium.java_client.remote.AppiumCommandExecutor$1.createSession(AppiumCommandExecutor.java:186)
	... 30 more
Caused by: org.openqa.selenium.WebDriverException: An unknown server-side error occurred while processing the command. Original error: Error executing adbExec. Original error: &apos;Command &apos;E:\\Software\\Eclipse\\SDK\\android-sdk\\platform-tools\\adb.exe -P 5037 -s 192.168.110.101\:5555 forward tcp\:8202 tcp\:6790&apos; exited with code 1&apos;; Stderr: &apos;adb.exe: error: more than one device/emulator&apos;; Code: &apos;1&apos;
Build info: version: &apos;3.141.59&apos;, revision: &apos;e82be7d358&apos;, time: &apos;2018-11-14T08:17:03&apos;
System info: host: &apos;DESKTOP-H8C69V7&apos;, ip: &apos;192.168.110.2&apos;, os.name: &apos;Windows 10&apos;, os.arch: &apos;amd64&apos;, os.version: &apos;10.0&apos;, java.version: &apos;1.8.0_121&apos;
Driver info: driver.version: AndroidDriver
remote stacktrace: UnknownError: An unknown server-side error occurred while processing the command. Original error: Error executing adbExec. Original error: &apos;Command &apos;E:\\Software\\Eclipse\\SDK\\android-sdk\\platform-tools\\adb.exe -P 5037 -s 192.168.110.101\:5555 forward tcp\:8202 tcp\:6790&apos; exited with code 1&apos;; Stderr: &apos;adb.exe: error: more than one device/emulator&apos;; Code: &apos;1&apos;
    at getResponseForW3CError (C:\Users\Lenovo\AppData\Roaming\npm\node_modules\appium\node_modules\appium-base-driver\lib\protocol\errors.js:804:9)
    at asyncHandler (C:\Users\Lenovo\AppData\Roaming\npm\node_modules\appium\node_modules\appium-base-driver\lib\protocol\protocol.js:388:37)
	at org.openqa.selenium.remote.W3CHandshakeResponse.lambda$new$0(W3CHandshakeResponse.java:57)
	at org.openqa.selenium.remote.W3CHandshakeResponse.lambda$getResponseFunction$2(W3CHandshakeResponse.java:104)
	at org.openqa.selenium.remote.ProtocolHandshake.lambda$createSession$0(ProtocolHandshake.java:122)
	at java.util.stream.ReferencePipeline$3$1.accept(Unknown Source)
	at java.util.Spliterators$ArraySpliterator.tryAdvance(Unknown Source)
	at java.util.stream.ReferencePipeline.forEachWithCancel(Unknown Source)
	at java.util.stream.AbstractPipeline.copyIntoWithCancel(Unknown Source)
	at java.util.stream.AbstractPipeline.copyInto(Unknown Source)
	at java.util.stream.AbstractPipeline.wrapAndCopyInto(Unknown Source)
	at java.util.stream.FindOps$FindOp.evaluateSequential(Unknown Source)
	at java.util.stream.AbstractPipeline.evaluate(Unknown Source)
	at java.util.stream.ReferencePipeline.findFirst(Unknown Source)
	at org.openqa.selenium.remote.ProtocolHandshake.createSession(ProtocolHandshake.java:125)
	... 35 more
... Removed 21 stack frames
</div> <!-- stack-trace -->
                </div> <!-- method-content -->
              </div> <!-- method -->
              <div class="method">
                <div class="method-content">
                  <a name="Validation_InvitingAlreadyRegisteredCustomer_Tobe_Customer">
                  </a> <!-- Validation_InvitingAlreadyRegisteredCustomer_Tobe_Customer -->
                  <span class="method-name">Validation_InvitingAlreadyRegisteredCustomer_Tobe_Customer</span>
                  <div class="stack-trace">java.lang.NullPointerException
	at Customer.FunctionalTest5.Validation_InvitingAlreadyRegisteredCustomer_Tobe_Customer(FunctionalTest5.java:1209)
	at java.util.concurrent.ThreadPoolExecutor.runWorker(Unknown Source)
	at java.util.concurrent.ThreadPoolExecutor$Worker.run(Unknown Source)
	at java.lang.Thread.run(Unknown Source)
... Removed 12 stack frames
</div> <!-- stack-trace -->
                </div> <!-- method-content -->
              </div> <!-- method -->
              <div class="method">
                <div class="method-content">
                  <a name="Validation_RegisterasNewCustomer_ByEnteringReferralCode_ofExistingCustomer_WhileRegistering">
                  </a> <!-- Validation_RegisterasNewCustomer_ByEnteringReferralCode_ofExistingCustomer_WhileRegistering -->
                  <span class="method-name">Validation_RegisterasNewCustomer_ByEnteringReferralCode_ofExistingCustomer_WhileRegistering</span>
                  <div class="stack-trace">org.openqa.selenium.SessionNotCreatedException: Unable to create a new remote session. Please check the server log for more details. Original error: An unknown server-side error occurred while processing the command. Original error: Error executing adbExec. Original error: &apos;Command &apos;E:\\Software\\Eclipse\\SDK\\android-sdk\\platform-tools\\adb.exe -P 5037 -s 192.168.110.101\:5555 forward tcp\:8202 tcp\:6790&apos; exited with code 1&apos;; Stderr: &apos;adb.exe: error: more than one device/emulator&apos;; Code: &apos;1&apos;
Build info: version: &apos;3.141.59&apos;, revision: &apos;e82be7d358&apos;, time: &apos;2018-11-14T08:17:03&apos;
System info: host: &apos;DESKTOP-H8C69V7&apos;, ip: &apos;192.168.110.2&apos;, os.name: &apos;Windows 10&apos;, os.arch: &apos;amd64&apos;, os.version: &apos;10.0&apos;, java.version: &apos;1.8.0_121&apos;
Driver info: driver.version: AndroidDriver
remote stacktrace: UnknownError: An unknown server-side error occurred while processing the command. Original error: Error executing adbExec. Original error: &apos;Command &apos;E:\\Software\\Eclipse\\SDK\\android-sdk\\platform-tools\\adb.exe -P 5037 -s 192.168.110.101\:5555 forward tcp\:8202 tcp\:6790&apos; exited with code 1&apos;; Stderr: &apos;adb.exe: error: more than one device/emulator&apos;; Code: &apos;1&apos;
    at getResponseForW3CError (C:\Users\Lenovo\AppData\Roaming\npm\node_modules\appium\node_modules\appium-base-driver\lib\protocol\errors.js:804:9)
    at asyncHandler (C:\Users\Lenovo\AppData\Roaming\npm\node_modules\appium\node_modules\appium-base-driver\lib\protocol\protocol.js:388:37)
Build info: version: &apos;3.141.59&apos;, revision: &apos;e82be7d358&apos;, time: &apos;2018-11-14T08:17:03&apos;
System info: host: &apos;DESKTOP-H8C69V7&apos;, ip: &apos;192.168.110.2&apos;, os.name: &apos;Windows 10&apos;, os.arch: &apos;amd64&apos;, os.version: &apos;10.0&apos;, java.version: &apos;1.8.0_121&apos;
Driver info: driver.version: AndroidDriver
	at io.appium.java_client.remote.AppiumCommandExecutor$1.createSession(AppiumCommandExecutor.java:208)
	at io.appium.java_client.remote.AppiumCommandExecutor.createSession(AppiumCommandExecutor.java:217)
	at io.appium.java_client.remote.AppiumCommandExecutor.execute(AppiumCommandExecutor.java:239)
	at org.openqa.selenium.remote.RemoteWebDriver.execute(RemoteWebDriver.java:548)
	at io.appium.java_client.DefaultGenericMobileDriver.execute(DefaultGenericMobileDriver.java:41)
	at io.appium.java_client.AppiumDriver.execute(AppiumDriver.java:1)
	at io.appium.java_client.android.AndroidDriver.execute(AndroidDriver.java:1)
	at org.openqa.selenium.remote.RemoteWebDriver.startSession(RemoteWebDriver.java:212)
	at io.appium.java_client.AppiumDriver.startSession(AppiumDriver.java:336)
	at org.openqa.selenium.remote.RemoteWebDriver.&lt;init&gt;(RemoteWebDriver.java:130)
	at io.appium.java_client.DefaultGenericMobileDriver.&lt;init&gt;(DefaultGenericMobileDriver.java:37)
	at io.appium.java_client.AppiumDriver.&lt;init&gt;(AppiumDriver.java:88)
	at io.appium.java_client.AppiumDriver.&lt;init&gt;(AppiumDriver.java:98)
	at io.appium.java_client.android.AndroidDriver.&lt;init&gt;(AndroidDriver.java:94)
	at Customer.FunctionalTest5.setUp(FunctionalTest5.java:101)
	at Customer.FunctionalTest5.Validation_RegisterasNewCustomer_ByEnteringReferralCode_ofExistingCustomer_WhileRegistering(FunctionalTest5.java:1258)
	at java.util.concurrent.ThreadPoolExecutor.runWorker(Unknown Source)
	at java.util.concurrent.ThreadPoolExecutor$Worker.run(Unknown Source)
	at java.lang.Thread.run(Unknown Source)
	at io.appium.java_client.remote.AppiumCommandExecutor$1.createSession(AppiumCommandExecutor.java:186)
	... 30 more
Caused by: org.openqa.selenium.WebDriverException: An unknown server-side error occurred while processing the command. Original error: Error executing adbExec. Original error: &apos;Command &apos;E:\\Software\\Eclipse\\SDK\\android-sdk\\platform-tools\\adb.exe -P 5037 -s 192.168.110.101\:5555 forward tcp\:8202 tcp\:6790&apos; exited with code 1&apos;; Stderr: &apos;adb.exe: error: more than one device/emulator&apos;; Code: &apos;1&apos;
Build info: version: &apos;3.141.59&apos;, revision: &apos;e82be7d358&apos;, time: &apos;2018-11-14T08:17:03&apos;
System info: host: &apos;DESKTOP-H8C69V7&apos;, ip: &apos;192.168.110.2&apos;, os.name: &apos;Windows 10&apos;, os.arch: &apos;amd64&apos;, os.version: &apos;10.0&apos;, java.version: &apos;1.8.0_121&apos;
Driver info: driver.version: AndroidDriver
remote stacktrace: UnknownError: An unknown server-side error occurred while processing the command. Original error: Error executing adbExec. Original error: &apos;Command &apos;E:\\Software\\Eclipse\\SDK\\android-sdk\\platform-tools\\adb.exe -P 5037 -s 192.168.110.101\:5555 forward tcp\:8202 tcp\:6790&apos; exited with code 1&apos;; Stderr: &apos;adb.exe: error: more than one device/emulator&apos;; Code: &apos;1&apos;
    at getResponseForW3CError (C:\Users\Lenovo\AppData\Roaming\npm\node_modules\appium\node_modules\appium-base-driver\lib\protocol\errors.js:804:9)
    at asyncHandler (C:\Users\Lenovo\AppData\Roaming\npm\node_modules\appium\node_modules\appium-base-driver\lib\protocol\protocol.js:388:37)
	at org.openqa.selenium.remote.W3CHandshakeResponse.lambda$new$0(W3CHandshakeResponse.java:57)
	at org.openqa.selenium.remote.W3CHandshakeResponse.lambda$getResponseFunction$2(W3CHandshakeResponse.java:104)
	at org.openqa.selenium.remote.ProtocolHandshake.lambda$createSession$0(ProtocolHandshake.java:122)
	at java.util.stream.ReferencePipeline$3$1.accept(Unknown Source)
	at java.util.Spliterators$ArraySpliterator.tryAdvance(Unknown Source)
	at java.util.stream.ReferencePipeline.forEachWithCancel(Unknown Source)
	at java.util.stream.AbstractPipeline.copyIntoWithCancel(Unknown Source)
	at java.util.stream.AbstractPipeline.copyInto(Unknown Source)
	at java.util.stream.AbstractPipeline.wrapAndCopyInto(Unknown Source)
	at java.util.stream.FindOps$FindOp.evaluateSequential(Unknown Source)
	at java.util.stream.AbstractPipeline.evaluate(Unknown Source)
	at java.util.stream.ReferencePipeline.findFirst(Unknown Source)
	at org.openqa.selenium.remote.ProtocolHandshake.createSession(ProtocolHandshake.java:125)
	... 35 more
... Removed 21 stack frames
</div> <!-- stack-trace -->
                </div> <!-- method-content -->
              </div> <!-- method -->
              <div class="method">
                <div class="method-content">
                  <a name="VerifyTappingOnTriponDashboard_LandsUser_Onto_TripDetailsScreen">
                  </a> <!-- VerifyTappingOnTriponDashboard_LandsUser_Onto_TripDetailsScreen -->
                  <span class="method-name">VerifyTappingOnTriponDashboard_LandsUser_Onto_TripDetailsScreen</span>
                  <div class="stack-trace">java.lang.NullPointerException
	at Customer.FunctionalTest5.VerifyTappingOnTriponDashboard_LandsUser_Onto_TripDetailsScreen(FunctionalTest5.java:688)
	at java.util.concurrent.ThreadPoolExecutor.runWorker(Unknown Source)
	at java.util.concurrent.ThreadPoolExecutor$Worker.run(Unknown Source)
	at java.lang.Thread.run(Unknown Source)
... Removed 12 stack frames
</div> <!-- stack-trace -->
                </div> <!-- method-content -->
              </div> <!-- method -->
              <div class="method">
                <div class="method-content">
                  <a name="getTripID_AndAcceptTrip_ByAdmin">
                  </a> <!-- getTripID_AndAcceptTrip_ByAdmin -->
                  <span class="method-name">getTripID_AndAcceptTrip_ByAdmin</span>
                  <div class="stack-trace">java.lang.NullPointerException
	at Utils.GIMSignIn.getauthToken(GIMSignIn.java:61)
	at Customer.FunctionalTest5.getTripID_AndAcceptTrip_ByAdmin(FunctionalTest5.java:570)
	at java.util.concurrent.ThreadPoolExecutor.runWorker(Unknown Source)
	at java.util.concurrent.ThreadPoolExecutor$Worker.run(Unknown Source)
	at java.lang.Thread.run(Unknown Source)
... Removed 12 stack frames
</div> <!-- stack-trace -->
                </div> <!-- method-content -->
              </div> <!-- method -->
              <div class="method">
                <div class="method-content">
                  <a name="validateearnings_for_firstcompletedtrip_referre">
                  </a> <!-- validateearnings_for_firstcompletedtrip_referre -->
                  <span class="method-name">validateearnings_for_firstcompletedtrip_referre</span>
                  <div class="stack-trace">java.lang.IllegalArgumentException: Can not set io.appium.java_client.android.AndroidElement field Customer.HomeScreen.LoginButton to org.openqa.selenium.remote.RemoteWebElement$$EnhancerByCGLIB$$d27c0df4
	at org.openqa.selenium.support.PageFactory.proxyFields(PageFactory.java:117)
	at org.openqa.selenium.support.PageFactory.initElements(PageFactory.java:105)
	at Customer.HomeScreen.&lt;init&gt;(HomeScreen.java:24)
	at Customer.FunctionalTest5.validateearnings_for_firstcompletedtrip_referre(FunctionalTest5.java:1785)
	at java.util.concurrent.ThreadPoolExecutor.runWorker(Unknown Source)
	at java.util.concurrent.ThreadPoolExecutor$Worker.run(Unknown Source)
	at java.lang.Thread.run(Unknown Source)
... Removed 16 stack frames
</div> <!-- stack-trace -->
                </div> <!-- method-content -->
              </div> <!-- method -->
            </div> <!-- main-panel-content rounded-window-bottom -->
          </div> <!-- suite-SuperManSanitySuite-class-failed -->
          <div class="suite-SuperManSanitySuite-class-failed">
            <div class="main-panel-header rounded-window-top">
              <img src="failed.png"/>
              <span class="class-name">Partner.FunctionalTest2</span>
            </div> <!-- main-panel-header rounded-window-top -->
            <div class="main-panel-content rounded-window-bottom">
              <div class="method">
                <div class="method-content">
                  <a name="AcceptDriverAssociationRequest">
                  </a> <!-- AcceptDriverAssociationRequest -->
                  <span class="method-name">AcceptDriverAssociationRequest</span>
                  <div class="stack-trace">java.lang.NullPointerException
	at Partner.FunctionalTest2.AcceptDriverAssociationRequest(FunctionalTest2.java:802)
	at java.util.concurrent.ThreadPoolExecutor.runWorker(Unknown Source)
	at java.util.concurrent.ThreadPoolExecutor$Worker.run(Unknown Source)
	at java.lang.Thread.run(Unknown Source)
... Removed 12 stack frames
</div> <!-- stack-trace -->
                </div> <!-- method-content -->
              </div> <!-- method -->
              <div class="method">
                <div class="method-content">
                  <a name="AddNewTruckAndDriver_ToUseFor_EditTruckDriver_And_PlaceBid">
                  </a> <!-- AddNewTruckAndDriver_ToUseFor_EditTruckDriver_And_PlaceBid -->
                  <span class="method-name">AddNewTruckAndDriver_ToUseFor_EditTruckDriver_And_PlaceBid</span>
                  <div class="stack-trace">java.lang.NullPointerException
	at Partner.FunctionalTest2.AddNewTruckAndDriver_ToUseFor_EditTruckDriver_And_PlaceBid(FunctionalTest2.java:997)
	at java.util.concurrent.ThreadPoolExecutor.runWorker(Unknown Source)
	at java.util.concurrent.ThreadPoolExecutor$Worker.run(Unknown Source)
	at java.lang.Thread.run(Unknown Source)
... Removed 12 stack frames
</div> <!-- stack-trace -->
                </div> <!-- method-content -->
              </div> <!-- method -->
              <div class="method">
                <div class="method-content">
                  <a name="AddNewTruck_withMandtoryFields_ToActivePartner">
                  </a> <!-- AddNewTruck_withMandtoryFields_ToActivePartner -->
                  <span class="method-name">AddNewTruck_withMandtoryFields_ToActivePartner</span>
                  <div class="stack-trace">org.openqa.selenium.WebDriverException: java.lang.NullPointerException
Build info: version: &apos;3.141.59&apos;, revision: &apos;e82be7d358&apos;, time: &apos;2018-11-14T08:17:03&apos;
System info: host: &apos;DESKTOP-H8C69V7&apos;, ip: &apos;192.168.110.2&apos;, os.name: &apos;Windows 10&apos;, os.arch: &apos;amd64&apos;, os.version: &apos;10.0&apos;, java.version: &apos;1.8.0_121&apos;
Driver info: driver.version: unknown
	at io.appium.java_client.pagefactory.AppiumElementLocator$WaitingFunction.apply(AppiumElementLocator.java:192)
	at io.appium.java_client.pagefactory.AppiumElementLocator$WaitingFunction.apply(AppiumElementLocator.java:1)
	at org.openqa.selenium.support.ui.FluentWait.until(FluentWait.java:249)
	at io.appium.java_client.pagefactory.AppiumElementLocator.waitFor(AppiumElementLocator.java:99)
	at io.appium.java_client.pagefactory.AppiumElementLocator.findElement(AppiumElementLocator.java:119)
	at io.appium.java_client.pagefactory.interceptors.InterceptorOfASingleElement.intercept(InterceptorOfASingleElement.java:59)
	at org.openqa.selenium.remote.RemoteWebElement$$EnhancerByCGLIB$$d27c0df4.click(&lt;generated&gt;)
	at Partner.HomeScreen.clickLoginButton(HomeScreen.java:43)
	at Partner.FunctionalTest2.AddNewTruck_withMandtoryFields_ToActivePartner(FunctionalTest2.java:411)
	at java.util.concurrent.ThreadPoolExecutor.runWorker(Unknown Source)
	at java.util.concurrent.ThreadPoolExecutor$Worker.run(Unknown Source)
	at java.lang.Thread.run(Unknown Source)
Caused by: java.lang.NullPointerException
	at io.appium.java_client.pagefactory.AppiumElementLocator.lambda$0(AppiumElementLocator.java:120)
	at io.appium.java_client.pagefactory.AppiumElementLocator$WaitingFunction.apply(AppiumElementLocator.java:172)
	... 23 more
... Removed 12 stack frames
</div> <!-- stack-trace -->
                </div> <!-- method-content -->
              </div> <!-- method -->
              <div class="method">
                <div class="method-content">
                  <a name="ApproveDriverByAdmin_and_ValidateDriverstatusonApp">
                  </a> <!-- ApproveDriverByAdmin_and_ValidateDriverstatusonApp -->
                  <span class="method-name">ApproveDriverByAdmin_and_ValidateDriverstatusonApp</span>
                  <div class="stack-trace">java.lang.NullPointerException
	at Partner.FunctionalTest2.ApproveDriverByAdmin_and_ValidateDriverstatusonApp(FunctionalTest2.java:776)
	at java.util.concurrent.ThreadPoolExecutor.runWorker(Unknown Source)
	at java.util.concurrent.ThreadPoolExecutor$Worker.run(Unknown Source)
	at java.lang.Thread.run(Unknown Source)
... Removed 12 stack frames
</div> <!-- stack-trace -->
                </div> <!-- method-content -->
              </div> <!-- method -->
              <div class="method">
                <div class="method-content">
                  <a name="ApproveTruck_AndAddTracker">
                  </a> <!-- ApproveTruck_AndAddTracker -->
                  <span class="method-name">ApproveTruck_AndAddTracker</span>
                  <div class="stack-trace">java.lang.NullPointerException
	at Partner.FunctionalTest2.ApproveTruck_AndAddTracker(FunctionalTest2.java:552)
	at java.util.concurrent.ThreadPoolExecutor.runWorker(Unknown Source)
	at java.util.concurrent.ThreadPoolExecutor$Worker.run(Unknown Source)
	at java.lang.Thread.run(Unknown Source)
... Removed 12 stack frames
</div> <!-- stack-trace -->
                </div> <!-- method-content -->
              </div> <!-- method -->
              <div class="method">
                <div class="method-content">
                  <a name="CancelWonBid">
                  </a> <!-- CancelWonBid -->
                  <span class="method-name">CancelWonBid</span>
                  <div class="stack-trace">java.lang.NullPointerException
	at Partner.FunctionalTest2.CancelWonBid(FunctionalTest2.java:913)
	at java.util.concurrent.ThreadPoolExecutor.runWorker(Unknown Source)
	at java.util.concurrent.ThreadPoolExecutor$Worker.run(Unknown Source)
	at java.lang.Thread.run(Unknown Source)
... Removed 12 stack frames
</div> <!-- stack-trace -->
                </div> <!-- method-content -->
              </div> <!-- method -->
              <div class="method">
                <div class="method-content">
                  <a name="CheckTruckisDisplayed_inApprovedTab">
                  </a> <!-- CheckTruckisDisplayed_inApprovedTab -->
                  <span class="method-name">CheckTruckisDisplayed_inApprovedTab</span>
                  <div class="stack-trace">java.lang.NullPointerException
	at Partner.FunctionalTest2.CheckTruckisDisplayed_inApprovedTab(FunctionalTest2.java:634)
	at java.util.concurrent.ThreadPoolExecutor.runWorker(Unknown Source)
	at java.util.concurrent.ThreadPoolExecutor$Worker.run(Unknown Source)
	at java.lang.Thread.run(Unknown Source)
... Removed 12 stack frames
</div> <!-- stack-trace -->
                </div> <!-- method-content -->
              </div> <!-- method -->
              <div class="method">
                <div class="method-content">
                  <a name="EditTruckAndDriver_For_BookedTrip">
                  </a> <!-- EditTruckAndDriver_For_BookedTrip -->
                  <span class="method-name">EditTruckAndDriver_For_BookedTrip</span>
                  <div class="stack-trace">java.lang.NullPointerException
	at Partner.FunctionalTest2.EditTruckAndDriver_For_BookedTrip(FunctionalTest2.java:1150)
	at java.util.concurrent.ThreadPoolExecutor.runWorker(Unknown Source)
	at java.util.concurrent.ThreadPoolExecutor$Worker.run(Unknown Source)
	at java.lang.Thread.run(Unknown Source)
... Removed 12 stack frames
</div> <!-- stack-trace -->
                </div> <!-- method-content -->
              </div> <!-- method -->
              <div class="method">
                <div class="method-content">
                  <a name="Inviteuser_ToJoinAs_Partner">
                  </a> <!-- Inviteuser_ToJoinAs_Partner -->
                  <span class="method-name">Inviteuser_ToJoinAs_Partner</span>
                  <div class="stack-trace">java.lang.NullPointerException
	at Partner.FunctionalTest2.Inviteuser_ToJoinAs_Partner(FunctionalTest2.java:1397)
	at java.util.concurrent.ThreadPoolExecutor.runWorker(Unknown Source)
	at java.util.concurrent.ThreadPoolExecutor$Worker.run(Unknown Source)
	at java.lang.Thread.run(Unknown Source)
... Removed 12 stack frames
</div> <!-- stack-trace -->
                </div> <!-- method-content -->
              </div> <!-- method -->
              <div class="method">
                <div class="method-content">
                  <a name="InvoicePayments_Validation">
                  </a> <!-- InvoicePayments_Validation -->
                  <span class="method-name">InvoicePayments_Validation</span>
                  <div class="stack-trace">java.lang.NullPointerException
	at Partner.FunctionalTest2.InvoicePayments_Validation(FunctionalTest2.java:965)
	at java.util.concurrent.ThreadPoolExecutor.runWorker(Unknown Source)
	at java.util.concurrent.ThreadPoolExecutor$Worker.run(Unknown Source)
	at java.lang.Thread.run(Unknown Source)
... Removed 12 stack frames
</div> <!-- stack-trace -->
                </div> <!-- method-content -->
              </div> <!-- method -->
              <div class="method">
                <div class="method-content">
                  <a name="LoginTest_InvalidUser">
                  </a> <!-- LoginTest_InvalidUser -->
                  <span class="method-name">LoginTest_InvalidUser</span>
                  <div class="stack-trace">org.openqa.selenium.SessionNotCreatedException: Unable to create a new remote session. Please check the server log for more details. Original error: An unknown server-side error occurred while processing the command. Original error: Error executing adbExec. Original error: &apos;Command &apos;E:\\Software\\Eclipse\\SDK\\android-sdk\\platform-tools\\adb.exe -P 5037 -s 192.168.110.103\:5555 forward tcp\:8201 tcp\:6790&apos; exited with code 1&apos;; Stderr: &apos;adb.exe: error: more than one device/emulator&apos;; Code: &apos;1&apos;
Build info: version: &apos;3.141.59&apos;, revision: &apos;e82be7d358&apos;, time: &apos;2018-11-14T08:17:03&apos;
System info: host: &apos;DESKTOP-H8C69V7&apos;, ip: &apos;192.168.110.2&apos;, os.name: &apos;Windows 10&apos;, os.arch: &apos;amd64&apos;, os.version: &apos;10.0&apos;, java.version: &apos;1.8.0_121&apos;
Driver info: driver.version: AndroidDriver
remote stacktrace: UnknownError: An unknown server-side error occurred while processing the command. Original error: Error executing adbExec. Original error: &apos;Command &apos;E:\\Software\\Eclipse\\SDK\\android-sdk\\platform-tools\\adb.exe -P 5037 -s 192.168.110.103\:5555 forward tcp\:8201 tcp\:6790&apos; exited with code 1&apos;; Stderr: &apos;adb.exe: error: more than one device/emulator&apos;; Code: &apos;1&apos;
    at getResponseForW3CError (C:\Users\Lenovo\AppData\Roaming\npm\node_modules\appium\node_modules\appium-base-driver\lib\protocol\errors.js:804:9)
    at asyncHandler (C:\Users\Lenovo\AppData\Roaming\npm\node_modules\appium\node_modules\appium-base-driver\lib\protocol\protocol.js:388:37)
Build info: version: &apos;3.141.59&apos;, revision: &apos;e82be7d358&apos;, time: &apos;2018-11-14T08:17:03&apos;
System info: host: &apos;DESKTOP-H8C69V7&apos;, ip: &apos;192.168.110.2&apos;, os.name: &apos;Windows 10&apos;, os.arch: &apos;amd64&apos;, os.version: &apos;10.0&apos;, java.version: &apos;1.8.0_121&apos;
Driver info: driver.version: AndroidDriver
	at io.appium.java_client.remote.AppiumCommandExecutor$1.createSession(AppiumCommandExecutor.java:208)
	at io.appium.java_client.remote.AppiumCommandExecutor.createSession(AppiumCommandExecutor.java:217)
	at io.appium.java_client.remote.AppiumCommandExecutor.execute(AppiumCommandExecutor.java:239)
	at org.openqa.selenium.remote.RemoteWebDriver.execute(RemoteWebDriver.java:548)
	at io.appium.java_client.DefaultGenericMobileDriver.execute(DefaultGenericMobileDriver.java:41)
	at io.appium.java_client.AppiumDriver.execute(AppiumDriver.java:1)
	at io.appium.java_client.android.AndroidDriver.execute(AndroidDriver.java:1)
	at org.openqa.selenium.remote.RemoteWebDriver.startSession(RemoteWebDriver.java:212)
	at io.appium.java_client.AppiumDriver.startSession(AppiumDriver.java:336)
	at org.openqa.selenium.remote.RemoteWebDriver.&lt;init&gt;(RemoteWebDriver.java:130)
	at io.appium.java_client.DefaultGenericMobileDriver.&lt;init&gt;(DefaultGenericMobileDriver.java:37)
	at io.appium.java_client.AppiumDriver.&lt;init&gt;(AppiumDriver.java:88)
	at io.appium.java_client.AppiumDriver.&lt;init&gt;(AppiumDriver.java:98)
	at io.appium.java_client.android.AndroidDriver.&lt;init&gt;(AndroidDriver.java:94)
	at Partner.FunctionalTest2.setUp(FunctionalTest2.java:97)
	at Partner.FunctionalTest2.LoginTest_InvalidUser(FunctionalTest2.java:368)
	at java.util.concurrent.ThreadPoolExecutor.runWorker(Unknown Source)
	at java.util.concurrent.ThreadPoolExecutor$Worker.run(Unknown Source)
	at java.lang.Thread.run(Unknown Source)
	at io.appium.java_client.remote.AppiumCommandExecutor$1.createSession(AppiumCommandExecutor.java:186)
	... 30 more
Caused by: org.openqa.selenium.WebDriverException: An unknown server-side error occurred while processing the command. Original error: Error executing adbExec. Original error: &apos;Command &apos;E:\\Software\\Eclipse\\SDK\\android-sdk\\platform-tools\\adb.exe -P 5037 -s 192.168.110.103\:5555 forward tcp\:8201 tcp\:6790&apos; exited with code 1&apos;; Stderr: &apos;adb.exe: error: more than one device/emulator&apos;; Code: &apos;1&apos;
Build info: version: &apos;3.141.59&apos;, revision: &apos;e82be7d358&apos;, time: &apos;2018-11-14T08:17:03&apos;
System info: host: &apos;DESKTOP-H8C69V7&apos;, ip: &apos;192.168.110.2&apos;, os.name: &apos;Windows 10&apos;, os.arch: &apos;amd64&apos;, os.version: &apos;10.0&apos;, java.version: &apos;1.8.0_121&apos;
Driver info: driver.version: AndroidDriver
remote stacktrace: UnknownError: An unknown server-side error occurred while processing the command. Original error: Error executing adbExec. Original error: &apos;Command &apos;E:\\Software\\Eclipse\\SDK\\android-sdk\\platform-tools\\adb.exe -P 5037 -s 192.168.110.103\:5555 forward tcp\:8201 tcp\:6790&apos; exited with code 1&apos;; Stderr: &apos;adb.exe: error: more than one device/emulator&apos;; Code: &apos;1&apos;
    at getResponseForW3CError (C:\Users\Lenovo\AppData\Roaming\npm\node_modules\appium\node_modules\appium-base-driver\lib\protocol\errors.js:804:9)
    at asyncHandler (C:\Users\Lenovo\AppData\Roaming\npm\node_modules\appium\node_modules\appium-base-driver\lib\protocol\protocol.js:388:37)
	at org.openqa.selenium.remote.W3CHandshakeResponse.lambda$new$0(W3CHandshakeResponse.java:57)
	at org.openqa.selenium.remote.W3CHandshakeResponse.lambda$getResponseFunction$2(W3CHandshakeResponse.java:104)
	at org.openqa.selenium.remote.ProtocolHandshake.lambda$createSession$0(ProtocolHandshake.java:122)
	at java.util.stream.ReferencePipeline$3$1.accept(Unknown Source)
	at java.util.Spliterators$ArraySpliterator.tryAdvance(Unknown Source)
	at java.util.stream.ReferencePipeline.forEachWithCancel(Unknown Source)
	at java.util.stream.AbstractPipeline.copyIntoWithCancel(Unknown Source)
	at java.util.stream.AbstractPipeline.copyInto(Unknown Source)
	at java.util.stream.AbstractPipeline.wrapAndCopyInto(Unknown Source)
	at java.util.stream.FindOps$FindOp.evaluateSequential(Unknown Source)
	at java.util.stream.AbstractPipeline.evaluate(Unknown Source)
	at java.util.stream.ReferencePipeline.findFirst(Unknown Source)
	at org.openqa.selenium.remote.ProtocolHandshake.createSession(ProtocolHandshake.java:125)
	... 35 more
... Removed 21 stack frames
</div> <!-- stack-trace -->
                </div> <!-- method-content -->
              </div> <!-- method -->
              <div class="method">
                <div class="method-content">
                  <a name="NewlyAddedDriver_isin_PendingState_Validation">
                  </a> <!-- NewlyAddedDriver_isin_PendingState_Validation -->
                  <span class="method-name">NewlyAddedDriver_isin_PendingState_Validation</span>
                  <div class="stack-trace">java.lang.NullPointerException
	at Partner.FunctionalTest2.NewlyAddedDriver_isin_PendingState_Validation(FunctionalTest2.java:757)
	at java.util.concurrent.ThreadPoolExecutor.runWorker(Unknown Source)
	at java.util.concurrent.ThreadPoolExecutor$Worker.run(Unknown Source)
	at java.lang.Thread.run(Unknown Source)
... Removed 12 stack frames
</div> <!-- stack-trace -->
                </div> <!-- method-content -->
              </div> <!-- method -->
              <div class="method">
                <div class="method-content">
                  <a name="NoBidsToDisplayValidation_ForOngoingWonLostBids">
                  </a> <!-- NoBidsToDisplayValidation_ForOngoingWonLostBids -->
                  <span class="method-name">NoBidsToDisplayValidation_ForOngoingWonLostBids</span>
                  <div class="stack-trace">java.lang.NullPointerException
	at Partner.FunctionalTest2.NoBidsToDisplayValidation_ForOngoingWonLostBids(FunctionalTest2.java:938)
	at java.util.concurrent.ThreadPoolExecutor.runWorker(Unknown Source)
	at java.util.concurrent.ThreadPoolExecutor$Worker.run(Unknown Source)
	at java.lang.Thread.run(Unknown Source)
... Removed 12 stack frames
</div> <!-- stack-trace -->
                </div> <!-- method-content -->
              </div> <!-- method -->
              <div class="method">
                <div class="method-content">
                  <a name="PartnerEndTrip">
                  </a> <!-- PartnerEndTrip -->
                  <span class="method-name">PartnerEndTrip</span>
                  <div class="stack-trace">java.lang.NullPointerException
	at Partner.NIDScreen.scrollTo(NIDScreen.java:177)
	at Partner.FunctionalTest2.PartnerEndTrip(FunctionalTest2.java:1221)
	at java.util.concurrent.ThreadPoolExecutor.runWorker(Unknown Source)
	at java.util.concurrent.ThreadPoolExecutor$Worker.run(Unknown Source)
	at java.lang.Thread.run(Unknown Source)
... Removed 12 stack frames
</div> <!-- stack-trace -->
                </div> <!-- method-content -->
              </div> <!-- method -->
              <div class="method">
                <div class="method-content">
                  <a name="PartnerStartTrip">
                  </a> <!-- PartnerStartTrip -->
                  <span class="method-name">PartnerStartTrip</span>
                  <div class="stack-trace">java.lang.NullPointerException
	at Partner.NIDScreen.scrollTo(NIDScreen.java:177)
	at Partner.FunctionalTest2.PartnerStartTrip(FunctionalTest2.java:1208)
	at java.util.concurrent.ThreadPoolExecutor.runWorker(Unknown Source)
	at java.util.concurrent.ThreadPoolExecutor$Worker.run(Unknown Source)
	at java.lang.Thread.run(Unknown Source)
... Removed 12 stack frames
</div> <!-- stack-trace -->
                </div> <!-- method-content -->
              </div> <!-- method -->
              <div class="method">
                <div class="method-content">
                  <a name="PlaceBid_thenWithdrawBid">
                  </a> <!-- PlaceBid_thenWithdrawBid -->
                  <span class="method-name">PlaceBid_thenWithdrawBid</span>
                  <div class="stack-trace">java.lang.NullPointerException
	at Partner.FunctionalTest2.PlaceBid_thenWithdrawBid(FunctionalTest2.java:879)
	at java.util.concurrent.ThreadPoolExecutor.runWorker(Unknown Source)
	at java.util.concurrent.ThreadPoolExecutor$Worker.run(Unknown Source)
	at java.lang.Thread.run(Unknown Source)
... Removed 12 stack frames
</div> <!-- stack-trace -->
                </div> <!-- method-content -->
              </div> <!-- method -->
              <div class="method">
                <div class="method-content">
                  <a name="PlaceBidonTrip">
                  </a> <!-- PlaceBidonTrip -->
                  <span class="method-name">PlaceBidonTrip</span>
                  <div class="stack-trace">java.lang.NullPointerException
	at Partner.FunctionalTest2.PlaceBidonTrip(FunctionalTest2.java:816)
	at java.util.concurrent.ThreadPoolExecutor.runWorker(Unknown Source)
	at java.util.concurrent.ThreadPoolExecutor$Worker.run(Unknown Source)
	at java.lang.Thread.run(Unknown Source)
... Removed 12 stack frames
</div> <!-- stack-trace -->
                </div> <!-- method-content -->
              </div> <!-- method -->
              <div class="method">
                <div class="method-content">
                  <a name="Register_NonregisteredDriverToGIMPlatform_Validation">
                  </a> <!-- Register_NonregisteredDriverToGIMPlatform_Validation -->
                  <span class="method-name">Register_NonregisteredDriverToGIMPlatform_Validation</span>
                  <div class="stack-trace">java.lang.NullPointerException
	at Partner.FunctionalTest2.Register_NonregisteredDriverToGIMPlatform_Validation(FunctionalTest2.java:664)
	at java.util.concurrent.ThreadPoolExecutor.runWorker(Unknown Source)
	at java.util.concurrent.ThreadPoolExecutor$Worker.run(Unknown Source)
	at java.lang.Thread.run(Unknown Source)
... Removed 12 stack frames
</div> <!-- stack-trace -->
                </div> <!-- method-content -->
              </div> <!-- method -->
              <div class="method">
                <div class="method-content">
                  <a name="SearchforNonregisteredDriver_Validation">
                  </a> <!-- SearchforNonregisteredDriver_Validation -->
                  <span class="method-name">SearchforNonregisteredDriver_Validation</span>
                  <div class="stack-trace">java.lang.NullPointerException
	at Partner.FunctionalTest2.SearchforNonregisteredDriver_Validation(FunctionalTest2.java:650)
	at java.util.concurrent.ThreadPoolExecutor.runWorker(Unknown Source)
	at java.util.concurrent.ThreadPoolExecutor$Worker.run(Unknown Source)
	at java.lang.Thread.run(Unknown Source)
... Removed 12 stack frames
</div> <!-- stack-trace -->
                </div> <!-- method-content -->
              </div> <!-- method -->
              <div class="method">
                <div class="method-content">
                  <a name="SignupTest_AsPartner">
                  </a> <!-- SignupTest_AsPartner -->
                  <span class="method-name">SignupTest_AsPartner</span>
                  <div class="stack-trace">org.openqa.selenium.SessionNotCreatedException: Unable to create a new remote session. Please check the server log for more details. Original error: An unknown server-side error occurred while processing the command. Original error: Error executing adbExec. Original error: &apos;Command &apos;E:\\Software\\Eclipse\\SDK\\android-sdk\\platform-tools\\adb.exe -P 5037 -s 192.168.110.103\:5555 forward tcp\:8201 tcp\:6790&apos; exited with code 1&apos;; Stderr: &apos;adb.exe: error: more than one device/emulator&apos;; Code: &apos;1&apos;
Build info: version: &apos;3.141.59&apos;, revision: &apos;e82be7d358&apos;, time: &apos;2018-11-14T08:17:03&apos;
System info: host: &apos;DESKTOP-H8C69V7&apos;, ip: &apos;192.168.110.2&apos;, os.name: &apos;Windows 10&apos;, os.arch: &apos;amd64&apos;, os.version: &apos;10.0&apos;, java.version: &apos;1.8.0_121&apos;
Driver info: driver.version: AndroidDriver
remote stacktrace: UnknownError: An unknown server-side error occurred while processing the command. Original error: Error executing adbExec. Original error: &apos;Command &apos;E:\\Software\\Eclipse\\SDK\\android-sdk\\platform-tools\\adb.exe -P 5037 -s 192.168.110.103\:5555 forward tcp\:8201 tcp\:6790&apos; exited with code 1&apos;; Stderr: &apos;adb.exe: error: more than one device/emulator&apos;; Code: &apos;1&apos;
    at getResponseForW3CError (C:\Users\Lenovo\AppData\Roaming\npm\node_modules\appium\node_modules\appium-base-driver\lib\protocol\errors.js:804:9)
    at asyncHandler (C:\Users\Lenovo\AppData\Roaming\npm\node_modules\appium\node_modules\appium-base-driver\lib\protocol\protocol.js:388:37)
Build info: version: &apos;3.141.59&apos;, revision: &apos;e82be7d358&apos;, time: &apos;2018-11-14T08:17:03&apos;
System info: host: &apos;DESKTOP-H8C69V7&apos;, ip: &apos;192.168.110.2&apos;, os.name: &apos;Windows 10&apos;, os.arch: &apos;amd64&apos;, os.version: &apos;10.0&apos;, java.version: &apos;1.8.0_121&apos;
Driver info: driver.version: AndroidDriver
	at io.appium.java_client.remote.AppiumCommandExecutor$1.createSession(AppiumCommandExecutor.java:208)
	at io.appium.java_client.remote.AppiumCommandExecutor.createSession(AppiumCommandExecutor.java:217)
	at io.appium.java_client.remote.AppiumCommandExecutor.execute(AppiumCommandExecutor.java:239)
	at org.openqa.selenium.remote.RemoteWebDriver.execute(RemoteWebDriver.java:548)
	at io.appium.java_client.DefaultGenericMobileDriver.execute(DefaultGenericMobileDriver.java:41)
	at io.appium.java_client.AppiumDriver.execute(AppiumDriver.java:1)
	at io.appium.java_client.android.AndroidDriver.execute(AndroidDriver.java:1)
	at org.openqa.selenium.remote.RemoteWebDriver.startSession(RemoteWebDriver.java:212)
	at io.appium.java_client.AppiumDriver.startSession(AppiumDriver.java:336)
	at org.openqa.selenium.remote.RemoteWebDriver.&lt;init&gt;(RemoteWebDriver.java:130)
	at io.appium.java_client.DefaultGenericMobileDriver.&lt;init&gt;(DefaultGenericMobileDriver.java:37)
	at io.appium.java_client.AppiumDriver.&lt;init&gt;(AppiumDriver.java:88)
	at io.appium.java_client.AppiumDriver.&lt;init&gt;(AppiumDriver.java:98)
	at io.appium.java_client.android.AndroidDriver.&lt;init&gt;(AndroidDriver.java:94)
	at Partner.FunctionalTest2.setUp(FunctionalTest2.java:97)
	at Partner.FunctionalTest2.SignupTest_AsPartner(FunctionalTest2.java:105)
	at java.util.concurrent.ThreadPoolExecutor.runWorker(Unknown Source)
	at java.util.concurrent.ThreadPoolExecutor$Worker.run(Unknown Source)
	at java.lang.Thread.run(Unknown Source)
	at io.appium.java_client.remote.AppiumCommandExecutor$1.createSession(AppiumCommandExecutor.java:186)
	... 30 more
Caused by: org.openqa.selenium.WebDriverException: An unknown server-side error occurred while processing the command. Original error: Error executing adbExec. Original error: &apos;Command &apos;E:\\Software\\Eclipse\\SDK\\android-sdk\\platform-tools\\adb.exe -P 5037 -s 192.168.110.103\:5555 forward tcp\:8201 tcp\:6790&apos; exited with code 1&apos;; Stderr: &apos;adb.exe: error: more than one device/emulator&apos;; Code: &apos;1&apos;
Build info: version: &apos;3.141.59&apos;, revision: &apos;e82be7d358&apos;, time: &apos;2018-11-14T08:17:03&apos;
System info: host: &apos;DESKTOP-H8C69V7&apos;, ip: &apos;192.168.110.2&apos;, os.name: &apos;Windows 10&apos;, os.arch: &apos;amd64&apos;, os.version: &apos;10.0&apos;, java.version: &apos;1.8.0_121&apos;
Driver info: driver.version: AndroidDriver
remote stacktrace: UnknownError: An unknown server-side error occurred while processing the command. Original error: Error executing adbExec. Original error: &apos;Command &apos;E:\\Software\\Eclipse\\SDK\\android-sdk\\platform-tools\\adb.exe -P 5037 -s 192.168.110.103\:5555 forward tcp\:8201 tcp\:6790&apos; exited with code 1&apos;; Stderr: &apos;adb.exe: error: more than one device/emulator&apos;; Code: &apos;1&apos;
    at getResponseForW3CError (C:\Users\Lenovo\AppData\Roaming\npm\node_modules\appium\node_modules\appium-base-driver\lib\protocol\errors.js:804:9)
    at asyncHandler (C:\Users\Lenovo\AppData\Roaming\npm\node_modules\appium\node_modules\appium-base-driver\lib\protocol\protocol.js:388:37)
	at org.openqa.selenium.remote.W3CHandshakeResponse.lambda$new$0(W3CHandshakeResponse.java:57)
	at org.openqa.selenium.remote.W3CHandshakeResponse.lambda$getResponseFunction$2(W3CHandshakeResponse.java:104)
	at org.openqa.selenium.remote.ProtocolHandshake.lambda$createSession$0(ProtocolHandshake.java:122)
	at java.util.stream.ReferencePipeline$3$1.accept(Unknown Source)
	at java.util.Spliterators$ArraySpliterator.tryAdvance(Unknown Source)
	at java.util.stream.ReferencePipeline.forEachWithCancel(Unknown Source)
	at java.util.stream.AbstractPipeline.copyIntoWithCancel(Unknown Source)
	at java.util.stream.AbstractPipeline.copyInto(Unknown Source)
	at java.util.stream.AbstractPipeline.wrapAndCopyInto(Unknown Source)
	at java.util.stream.FindOps$FindOp.evaluateSequential(Unknown Source)
	at java.util.stream.AbstractPipeline.evaluate(Unknown Source)
	at java.util.stream.ReferencePipeline.findFirst(Unknown Source)
	at org.openqa.selenium.remote.ProtocolHandshake.createSession(ProtocolHandshake.java:125)
	... 35 more
... Removed 21 stack frames
</div> <!-- stack-trace -->
                </div> <!-- method-content -->
              </div> <!-- method -->
              <div class="method">
                <div class="method-content">
                  <a name="ValidateBanglatoEnglish">
                  </a> <!-- ValidateBanglatoEnglish -->
                  <span class="method-name">ValidateBanglatoEnglish</span>
                  <div class="stack-trace">java.lang.NullPointerException
	at Partner.FunctionalTest2.ValidateBanglatoEnglish(FunctionalTest2.java:1255)
	at java.util.concurrent.ThreadPoolExecutor.runWorker(Unknown Source)
	at java.util.concurrent.ThreadPoolExecutor$Worker.run(Unknown Source)
	at java.lang.Thread.run(Unknown Source)
... Removed 12 stack frames
</div> <!-- stack-trace -->
                </div> <!-- method-content -->
              </div> <!-- method -->
              <div class="method">
                <div class="method-content">
                  <a name="ValidateBidAcceptedNotification_Landsuser_onto_StarttripScreen">
                  </a> <!-- ValidateBidAcceptedNotification_Landsuser_onto_StarttripScreen -->
                  <span class="method-name">ValidateBidAcceptedNotification_Landsuser_onto_StarttripScreen</span>
                  <div class="stack-trace">java.lang.NullPointerException
	at Partner.FunctionalTest2.ValidateBidAcceptedNotification_Landsuser_onto_StarttripScreen(FunctionalTest2.java:1345)
	at java.util.concurrent.ThreadPoolExecutor.runWorker(Unknown Source)
	at java.util.concurrent.ThreadPoolExecutor$Worker.run(Unknown Source)
	at java.lang.Thread.run(Unknown Source)
... Removed 12 stack frames
</div> <!-- stack-trace -->
                </div> <!-- method-content -->
              </div> <!-- method -->
              <div class="method">
                <div class="method-content">
                  <a name="ValidateCompleteTripNotificationWhenTapped_Landsuser_onto_TripDetailsScreen">
                  </a> <!-- ValidateCompleteTripNotificationWhenTapped_Landsuser_onto_TripDetailsScreen -->
                  <span class="method-name">ValidateCompleteTripNotificationWhenTapped_Landsuser_onto_TripDetailsScreen</span>
                  <div class="stack-trace">org.openqa.selenium.SessionNotCreatedException: Unable to create a new remote session. Please check the server log for more details. Original error: An unknown server-side error occurred while processing the command. Original error: Error executing adbExec. Original error: &apos;Command &apos;E:\\Software\\Eclipse\\SDK\\android-sdk\\platform-tools\\adb.exe -P 5037 -s 192.168.110.103\:5555 forward tcp\:8201 tcp\:6790&apos; exited with code 1&apos;; Stderr: &apos;adb.exe: error: more than one device/emulator&apos;; Code: &apos;1&apos;
Build info: version: &apos;3.141.59&apos;, revision: &apos;e82be7d358&apos;, time: &apos;2018-11-14T08:17:03&apos;
System info: host: &apos;DESKTOP-H8C69V7&apos;, ip: &apos;192.168.110.2&apos;, os.name: &apos;Windows 10&apos;, os.arch: &apos;amd64&apos;, os.version: &apos;10.0&apos;, java.version: &apos;1.8.0_121&apos;
Driver info: driver.version: AndroidDriver
remote stacktrace: UnknownError: An unknown server-side error occurred while processing the command. Original error: Error executing adbExec. Original error: &apos;Command &apos;E:\\Software\\Eclipse\\SDK\\android-sdk\\platform-tools\\adb.exe -P 5037 -s 192.168.110.103\:5555 forward tcp\:8201 tcp\:6790&apos; exited with code 1&apos;; Stderr: &apos;adb.exe: error: more than one device/emulator&apos;; Code: &apos;1&apos;
    at getResponseForW3CError (C:\Users\Lenovo\AppData\Roaming\npm\node_modules\appium\node_modules\appium-base-driver\lib\protocol\errors.js:804:9)
    at asyncHandler (C:\Users\Lenovo\AppData\Roaming\npm\node_modules\appium\node_modules\appium-base-driver\lib\protocol\protocol.js:388:37)
Build info: version: &apos;3.141.59&apos;, revision: &apos;e82be7d358&apos;, time: &apos;2018-11-14T08:17:03&apos;
System info: host: &apos;DESKTOP-H8C69V7&apos;, ip: &apos;192.168.110.2&apos;, os.name: &apos;Windows 10&apos;, os.arch: &apos;amd64&apos;, os.version: &apos;10.0&apos;, java.version: &apos;1.8.0_121&apos;
Driver info: driver.version: AndroidDriver
	at io.appium.java_client.remote.AppiumCommandExecutor$1.createSession(AppiumCommandExecutor.java:208)
	at io.appium.java_client.remote.AppiumCommandExecutor.createSession(AppiumCommandExecutor.java:217)
	at io.appium.java_client.remote.AppiumCommandExecutor.execute(AppiumCommandExecutor.java:239)
	at org.openqa.selenium.remote.RemoteWebDriver.execute(RemoteWebDriver.java:548)
	at io.appium.java_client.DefaultGenericMobileDriver.execute(DefaultGenericMobileDriver.java:41)
	at io.appium.java_client.AppiumDriver.execute(AppiumDriver.java:1)
	at io.appium.java_client.android.AndroidDriver.execute(AndroidDriver.java:1)
	at org.openqa.selenium.remote.RemoteWebDriver.startSession(RemoteWebDriver.java:212)
	at io.appium.java_client.AppiumDriver.startSession(AppiumDriver.java:336)
	at org.openqa.selenium.remote.RemoteWebDriver.&lt;init&gt;(RemoteWebDriver.java:130)
	at io.appium.java_client.DefaultGenericMobileDriver.&lt;init&gt;(DefaultGenericMobileDriver.java:37)
	at io.appium.java_client.AppiumDriver.&lt;init&gt;(AppiumDriver.java:88)
	at io.appium.java_client.AppiumDriver.&lt;init&gt;(AppiumDriver.java:98)
	at io.appium.java_client.android.AndroidDriver.&lt;init&gt;(AndroidDriver.java:94)
	at Partner.FunctionalTest2.setUp(FunctionalTest2.java:97)
	at Partner.FunctionalTest2.ValidateCompleteTripNotificationWhenTapped_Landsuser_onto_TripDetailsScreen(FunctionalTest2.java:1362)
	at java.util.concurrent.ThreadPoolExecutor.runWorker(Unknown Source)
	at java.util.concurrent.ThreadPoolExecutor$Worker.run(Unknown Source)
	at java.lang.Thread.run(Unknown Source)
	at io.appium.java_client.remote.AppiumCommandExecutor$1.createSession(AppiumCommandExecutor.java:186)
	... 30 more
Caused by: org.openqa.selenium.WebDriverException: An unknown server-side error occurred while processing the command. Original error: Error executing adbExec. Original error: &apos;Command &apos;E:\\Software\\Eclipse\\SDK\\android-sdk\\platform-tools\\adb.exe -P 5037 -s 192.168.110.103\:5555 forward tcp\:8201 tcp\:6790&apos; exited with code 1&apos;; Stderr: &apos;adb.exe: error: more than one device/emulator&apos;; Code: &apos;1&apos;
Build info: version: &apos;3.141.59&apos;, revision: &apos;e82be7d358&apos;, time: &apos;2018-11-14T08:17:03&apos;
System info: host: &apos;DESKTOP-H8C69V7&apos;, ip: &apos;192.168.110.2&apos;, os.name: &apos;Windows 10&apos;, os.arch: &apos;amd64&apos;, os.version: &apos;10.0&apos;, java.version: &apos;1.8.0_121&apos;
Driver info: driver.version: AndroidDriver
remote stacktrace: UnknownError: An unknown server-side error occurred while processing the command. Original error: Error executing adbExec. Original error: &apos;Command &apos;E:\\Software\\Eclipse\\SDK\\android-sdk\\platform-tools\\adb.exe -P 5037 -s 192.168.110.103\:5555 forward tcp\:8201 tcp\:6790&apos; exited with code 1&apos;; Stderr: &apos;adb.exe: error: more than one device/emulator&apos;; Code: &apos;1&apos;
    at getResponseForW3CError (C:\Users\Lenovo\AppData\Roaming\npm\node_modules\appium\node_modules\appium-base-driver\lib\protocol\errors.js:804:9)
    at asyncHandler (C:\Users\Lenovo\AppData\Roaming\npm\node_modules\appium\node_modules\appium-base-driver\lib\protocol\protocol.js:388:37)
	at org.openqa.selenium.remote.W3CHandshakeResponse.lambda$new$0(W3CHandshakeResponse.java:57)
	at org.openqa.selenium.remote.W3CHandshakeResponse.lambda$getResponseFunction$2(W3CHandshakeResponse.java:104)
	at org.openqa.selenium.remote.ProtocolHandshake.lambda$createSession$0(ProtocolHandshake.java:122)
	at java.util.stream.ReferencePipeline$3$1.accept(Unknown Source)
	at java.util.Spliterators$ArraySpliterator.tryAdvance(Unknown Source)
	at java.util.stream.ReferencePipeline.forEachWithCancel(Unknown Source)
	at java.util.stream.AbstractPipeline.copyIntoWithCancel(Unknown Source)
	at java.util.stream.AbstractPipeline.copyInto(Unknown Source)
	at java.util.stream.AbstractPipeline.wrapAndCopyInto(Unknown Source)
	at java.util.stream.FindOps$FindOp.evaluateSequential(Unknown Source)
	at java.util.stream.AbstractPipeline.evaluate(Unknown Source)
	at java.util.stream.ReferencePipeline.findFirst(Unknown Source)
	at org.openqa.selenium.remote.ProtocolHandshake.createSession(ProtocolHandshake.java:125)
	... 35 more
... Removed 21 stack frames
</div> <!-- stack-trace -->
                </div> <!-- method-content -->
              </div> <!-- method -->
              <div class="method">
                <div class="method-content">
                  <a name="ValidateEarnings_forreferre">
                  </a> <!-- ValidateEarnings_forreferre -->
                  <span class="method-name">ValidateEarnings_forreferre</span>
                  <div class="stack-trace">org.openqa.selenium.WebDriverException: java.lang.NullPointerException
Build info: version: &apos;3.141.59&apos;, revision: &apos;e82be7d358&apos;, time: &apos;2018-11-14T08:17:03&apos;
System info: host: &apos;DESKTOP-H8C69V7&apos;, ip: &apos;192.168.110.2&apos;, os.name: &apos;Windows 10&apos;, os.arch: &apos;amd64&apos;, os.version: &apos;10.0&apos;, java.version: &apos;1.8.0_121&apos;
Driver info: driver.version: unknown
	at io.appium.java_client.pagefactory.AppiumElementLocator$WaitingFunction.apply(AppiumElementLocator.java:192)
	at io.appium.java_client.pagefactory.AppiumElementLocator$WaitingFunction.apply(AppiumElementLocator.java:1)
	at org.openqa.selenium.support.ui.FluentWait.until(FluentWait.java:249)
	at io.appium.java_client.pagefactory.AppiumElementLocator.waitFor(AppiumElementLocator.java:99)
	at io.appium.java_client.pagefactory.AppiumElementLocator.findElement(AppiumElementLocator.java:119)
	at io.appium.java_client.pagefactory.interceptors.InterceptorOfASingleElement.intercept(InterceptorOfASingleElement.java:59)
	at org.openqa.selenium.remote.RemoteWebElement$$EnhancerByCGLIB$$d27c0df4.click(&lt;generated&gt;)
	at Partner.HomeScreen.clickLoginButton(HomeScreen.java:43)
	at Partner.FunctionalTest2.ValidateEarnings_forreferre(FunctionalTest2.java:1892)
	at java.util.concurrent.ThreadPoolExecutor.runWorker(Unknown Source)
	at java.util.concurrent.ThreadPoolExecutor$Worker.run(Unknown Source)
	at java.lang.Thread.run(Unknown Source)
Caused by: java.lang.NullPointerException
	at io.appium.java_client.pagefactory.AppiumElementLocator.lambda$0(AppiumElementLocator.java:120)
	at io.appium.java_client.pagefactory.AppiumElementLocator$WaitingFunction.apply(AppiumElementLocator.java:172)
	... 23 more
... Removed 12 stack frames
</div> <!-- stack-trace -->
                </div> <!-- method-content -->
              </div> <!-- method -->
              <div class="method">
                <div class="method-content">
                  <a name="ValidateEnglishtoBangla">
                  </a> <!-- ValidateEnglishtoBangla -->
                  <span class="method-name">ValidateEnglishtoBangla</span>
                  <div class="stack-trace">org.openqa.selenium.WebDriverException: java.lang.NullPointerException
Build info: version: &apos;3.141.59&apos;, revision: &apos;e82be7d358&apos;, time: &apos;2018-11-14T08:17:03&apos;
System info: host: &apos;DESKTOP-H8C69V7&apos;, ip: &apos;192.168.110.2&apos;, os.name: &apos;Windows 10&apos;, os.arch: &apos;amd64&apos;, os.version: &apos;10.0&apos;, java.version: &apos;1.8.0_121&apos;
Driver info: driver.version: unknown
	at io.appium.java_client.pagefactory.AppiumElementLocator$WaitingFunction.apply(AppiumElementLocator.java:192)
	at io.appium.java_client.pagefactory.AppiumElementLocator$WaitingFunction.apply(AppiumElementLocator.java:1)
	at org.openqa.selenium.support.ui.FluentWait.until(FluentWait.java:249)
	at io.appium.java_client.pagefactory.AppiumElementLocator.waitFor(AppiumElementLocator.java:99)
	at io.appium.java_client.pagefactory.AppiumElementLocator.findElement(AppiumElementLocator.java:119)
	at io.appium.java_client.pagefactory.interceptors.InterceptorOfASingleElement.intercept(InterceptorOfASingleElement.java:59)
	at org.openqa.selenium.remote.RemoteWebElement$$EnhancerByCGLIB$$d27c0df4.click(&lt;generated&gt;)
	at Partner.TrucksScreen.clickBurgerMenu(TrucksScreen.java:55)
	at Partner.FunctionalTest2.ValidateEnglishtoBangla(FunctionalTest2.java:1234)
	at java.util.concurrent.ThreadPoolExecutor.runWorker(Unknown Source)
	at java.util.concurrent.ThreadPoolExecutor$Worker.run(Unknown Source)
	at java.lang.Thread.run(Unknown Source)
Caused by: java.lang.NullPointerException
	at io.appium.java_client.pagefactory.AppiumElementLocator.lambda$0(AppiumElementLocator.java:120)
	at io.appium.java_client.pagefactory.AppiumElementLocator$WaitingFunction.apply(AppiumElementLocator.java:172)
	... 23 more
... Removed 12 stack frames
</div> <!-- stack-trace -->
                </div> <!-- method-content -->
              </div> <!-- method -->
              <div class="method">
                <div class="method-content">
                  <a name="ValidateNewTripNotification_WhenTapped_Landsuser_onto_PlaceBidScreen">
                  </a> <!-- ValidateNewTripNotification_WhenTapped_Landsuser_onto_PlaceBidScreen -->
                  <span class="method-name">ValidateNewTripNotification_WhenTapped_Landsuser_onto_PlaceBidScreen</span>
                  <div class="stack-trace">org.openqa.selenium.SessionNotCreatedException: Unable to create a new remote session. Please check the server log for more details. Original error: An unknown server-side error occurred while processing the command. Original error: Error executing adbExec. Original error: &apos;Command &apos;E:\\Software\\Eclipse\\SDK\\android-sdk\\platform-tools\\adb.exe -P 5037 -s 192.168.110.103\:5555 forward tcp\:8201 tcp\:6790&apos; exited with code 1&apos;; Stderr: &apos;adb.exe: error: more than one device/emulator&apos;; Code: &apos;1&apos;
Build info: version: &apos;3.141.59&apos;, revision: &apos;e82be7d358&apos;, time: &apos;2018-11-14T08:17:03&apos;
System info: host: &apos;DESKTOP-H8C69V7&apos;, ip: &apos;192.168.110.2&apos;, os.name: &apos;Windows 10&apos;, os.arch: &apos;amd64&apos;, os.version: &apos;10.0&apos;, java.version: &apos;1.8.0_121&apos;
Driver info: driver.version: AndroidDriver
remote stacktrace: UnknownError: An unknown server-side error occurred while processing the command. Original error: Error executing adbExec. Original error: &apos;Command &apos;E:\\Software\\Eclipse\\SDK\\android-sdk\\platform-tools\\adb.exe -P 5037 -s 192.168.110.103\:5555 forward tcp\:8201 tcp\:6790&apos; exited with code 1&apos;; Stderr: &apos;adb.exe: error: more than one device/emulator&apos;; Code: &apos;1&apos;
    at getResponseForW3CError (C:\Users\Lenovo\AppData\Roaming\npm\node_modules\appium\node_modules\appium-base-driver\lib\protocol\errors.js:804:9)
    at asyncHandler (C:\Users\Lenovo\AppData\Roaming\npm\node_modules\appium\node_modules\appium-base-driver\lib\protocol\protocol.js:388:37)
Build info: version: &apos;3.141.59&apos;, revision: &apos;e82be7d358&apos;, time: &apos;2018-11-14T08:17:03&apos;
System info: host: &apos;DESKTOP-H8C69V7&apos;, ip: &apos;192.168.110.2&apos;, os.name: &apos;Windows 10&apos;, os.arch: &apos;amd64&apos;, os.version: &apos;10.0&apos;, java.version: &apos;1.8.0_121&apos;
Driver info: driver.version: AndroidDriver
	at io.appium.java_client.remote.AppiumCommandExecutor$1.createSession(AppiumCommandExecutor.java:208)
	at io.appium.java_client.remote.AppiumCommandExecutor.createSession(AppiumCommandExecutor.java:217)
	at io.appium.java_client.remote.AppiumCommandExecutor.execute(AppiumCommandExecutor.java:239)
	at org.openqa.selenium.remote.RemoteWebDriver.execute(RemoteWebDriver.java:548)
	at io.appium.java_client.DefaultGenericMobileDriver.execute(DefaultGenericMobileDriver.java:41)
	at io.appium.java_client.AppiumDriver.execute(AppiumDriver.java:1)
	at io.appium.java_client.android.AndroidDriver.execute(AndroidDriver.java:1)
	at org.openqa.selenium.remote.RemoteWebDriver.startSession(RemoteWebDriver.java:212)
	at io.appium.java_client.AppiumDriver.startSession(AppiumDriver.java:336)
	at org.openqa.selenium.remote.RemoteWebDriver.&lt;init&gt;(RemoteWebDriver.java:130)
	at io.appium.java_client.DefaultGenericMobileDriver.&lt;init&gt;(DefaultGenericMobileDriver.java:37)
	at io.appium.java_client.AppiumDriver.&lt;init&gt;(AppiumDriver.java:88)
	at io.appium.java_client.AppiumDriver.&lt;init&gt;(AppiumDriver.java:98)
	at io.appium.java_client.android.AndroidDriver.&lt;init&gt;(AndroidDriver.java:94)
	at Partner.FunctionalTest2.setUp(FunctionalTest2.java:97)
	at Partner.FunctionalTest2.ValidateNewTripNotification_WhenTapped_Landsuser_onto_PlaceBidScreen(FunctionalTest2.java:1286)
	at java.util.concurrent.ThreadPoolExecutor.runWorker(Unknown Source)
	at java.util.concurrent.ThreadPoolExecutor$Worker.run(Unknown Source)
	at java.lang.Thread.run(Unknown Source)
	at io.appium.java_client.remote.AppiumCommandExecutor$1.createSession(AppiumCommandExecutor.java:186)
	... 30 more
Caused by: org.openqa.selenium.WebDriverException: An unknown server-side error occurred while processing the command. Original error: Error executing adbExec. Original error: &apos;Command &apos;E:\\Software\\Eclipse\\SDK\\android-sdk\\platform-tools\\adb.exe -P 5037 -s 192.168.110.103\:5555 forward tcp\:8201 tcp\:6790&apos; exited with code 1&apos;; Stderr: &apos;adb.exe: error: more than one device/emulator&apos;; Code: &apos;1&apos;
Build info: version: &apos;3.141.59&apos;, revision: &apos;e82be7d358&apos;, time: &apos;2018-11-14T08:17:03&apos;
System info: host: &apos;DESKTOP-H8C69V7&apos;, ip: &apos;192.168.110.2&apos;, os.name: &apos;Windows 10&apos;, os.arch: &apos;amd64&apos;, os.version: &apos;10.0&apos;, java.version: &apos;1.8.0_121&apos;
Driver info: driver.version: AndroidDriver
remote stacktrace: UnknownError: An unknown server-side error occurred while processing the command. Original error: Error executing adbExec. Original error: &apos;Command &apos;E:\\Software\\Eclipse\\SDK\\android-sdk\\platform-tools\\adb.exe -P 5037 -s 192.168.110.103\:5555 forward tcp\:8201 tcp\:6790&apos; exited with code 1&apos;; Stderr: &apos;adb.exe: error: more than one device/emulator&apos;; Code: &apos;1&apos;
    at getResponseForW3CError (C:\Users\Lenovo\AppData\Roaming\npm\node_modules\appium\node_modules\appium-base-driver\lib\protocol\errors.js:804:9)
    at asyncHandler (C:\Users\Lenovo\AppData\Roaming\npm\node_modules\appium\node_modules\appium-base-driver\lib\protocol\protocol.js:388:37)
	at org.openqa.selenium.remote.W3CHandshakeResponse.lambda$new$0(W3CHandshakeResponse.java:57)
	at org.openqa.selenium.remote.W3CHandshakeResponse.lambda$getResponseFunction$2(W3CHandshakeResponse.java:104)
	at org.openqa.selenium.remote.ProtocolHandshake.lambda$createSession$0(ProtocolHandshake.java:122)
	at java.util.stream.ReferencePipeline$3$1.accept(Unknown Source)
	at java.util.Spliterators$ArraySpliterator.tryAdvance(Unknown Source)
	at java.util.stream.ReferencePipeline.forEachWithCancel(Unknown Source)
	at java.util.stream.AbstractPipeline.copyIntoWithCancel(Unknown Source)
	at java.util.stream.AbstractPipeline.copyInto(Unknown Source)
	at java.util.stream.AbstractPipeline.wrapAndCopyInto(Unknown Source)
	at java.util.stream.FindOps$FindOp.evaluateSequential(Unknown Source)
	at java.util.stream.AbstractPipeline.evaluate(Unknown Source)
	at java.util.stream.ReferencePipeline.findFirst(Unknown Source)
	at org.openqa.selenium.remote.ProtocolHandshake.createSession(ProtocolHandshake.java:125)
	... 35 more
... Removed 21 stack frames
</div> <!-- stack-trace -->
                </div> <!-- method-content -->
              </div> <!-- method -->
              <div class="method">
                <div class="method-content">
                  <a name="ValidatePartnerListedNotifications_AreDisplayed">
                  </a> <!-- ValidatePartnerListedNotifications_AreDisplayed -->
                  <span class="method-name">ValidatePartnerListedNotifications_AreDisplayed</span>
                  <div class="stack-trace">org.openqa.selenium.SessionNotCreatedException: Unable to create a new remote session. Please check the server log for more details. Original error: An unknown server-side error occurred while processing the command. Original error: Error executing adbExec. Original error: &apos;Command &apos;E:\\Software\\Eclipse\\SDK\\android-sdk\\platform-tools\\adb.exe -P 5037 -s 192.168.110.103\:5555 forward tcp\:8201 tcp\:6790&apos; exited with code 1&apos;; Stderr: &apos;adb.exe: error: more than one device/emulator&apos;; Code: &apos;1&apos;
Build info: version: &apos;3.141.59&apos;, revision: &apos;e82be7d358&apos;, time: &apos;2018-11-14T08:17:03&apos;
System info: host: &apos;DESKTOP-H8C69V7&apos;, ip: &apos;192.168.110.2&apos;, os.name: &apos;Windows 10&apos;, os.arch: &apos;amd64&apos;, os.version: &apos;10.0&apos;, java.version: &apos;1.8.0_121&apos;
Driver info: driver.version: AndroidDriver
remote stacktrace: UnknownError: An unknown server-side error occurred while processing the command. Original error: Error executing adbExec. Original error: &apos;Command &apos;E:\\Software\\Eclipse\\SDK\\android-sdk\\platform-tools\\adb.exe -P 5037 -s 192.168.110.103\:5555 forward tcp\:8201 tcp\:6790&apos; exited with code 1&apos;; Stderr: &apos;adb.exe: error: more than one device/emulator&apos;; Code: &apos;1&apos;
    at getResponseForW3CError (C:\Users\Lenovo\AppData\Roaming\npm\node_modules\appium\node_modules\appium-base-driver\lib\protocol\errors.js:804:9)
    at asyncHandler (C:\Users\Lenovo\AppData\Roaming\npm\node_modules\appium\node_modules\appium-base-driver\lib\protocol\protocol.js:388:37)
Build info: version: &apos;3.141.59&apos;, revision: &apos;e82be7d358&apos;, time: &apos;2018-11-14T08:17:03&apos;
System info: host: &apos;DESKTOP-H8C69V7&apos;, ip: &apos;192.168.110.2&apos;, os.name: &apos;Windows 10&apos;, os.arch: &apos;amd64&apos;, os.version: &apos;10.0&apos;, java.version: &apos;1.8.0_121&apos;
Driver info: driver.version: AndroidDriver
	at io.appium.java_client.remote.AppiumCommandExecutor$1.createSession(AppiumCommandExecutor.java:208)
	at io.appium.java_client.remote.AppiumCommandExecutor.createSession(AppiumCommandExecutor.java:217)
	at io.appium.java_client.remote.AppiumCommandExecutor.execute(AppiumCommandExecutor.java:239)
	at org.openqa.selenium.remote.RemoteWebDriver.execute(RemoteWebDriver.java:548)
	at io.appium.java_client.DefaultGenericMobileDriver.execute(DefaultGenericMobileDriver.java:41)
	at io.appium.java_client.AppiumDriver.execute(AppiumDriver.java:1)
	at io.appium.java_client.android.AndroidDriver.execute(AndroidDriver.java:1)
	at org.openqa.selenium.remote.RemoteWebDriver.startSession(RemoteWebDriver.java:212)
	at io.appium.java_client.AppiumDriver.startSession(AppiumDriver.java:336)
	at org.openqa.selenium.remote.RemoteWebDriver.&lt;init&gt;(RemoteWebDriver.java:130)
	at io.appium.java_client.DefaultGenericMobileDriver.&lt;init&gt;(DefaultGenericMobileDriver.java:37)
	at io.appium.java_client.AppiumDriver.&lt;init&gt;(AppiumDriver.java:88)
	at io.appium.java_client.AppiumDriver.&lt;init&gt;(AppiumDriver.java:98)
	at io.appium.java_client.android.AndroidDriver.&lt;init&gt;(AndroidDriver.java:94)
	at Partner.FunctionalTest2.setUp(FunctionalTest2.java:97)
	at Partner.FunctionalTest2.ValidatePartnerListedNotifications_AreDisplayed(FunctionalTest2.java:1268)
	at java.util.concurrent.ThreadPoolExecutor.runWorker(Unknown Source)
	at java.util.concurrent.ThreadPoolExecutor$Worker.run(Unknown Source)
	at java.lang.Thread.run(Unknown Source)
	at io.appium.java_client.remote.AppiumCommandExecutor$1.createSession(AppiumCommandExecutor.java:186)
	... 30 more
Caused by: org.openqa.selenium.WebDriverException: An unknown server-side error occurred while processing the command. Original error: Error executing adbExec. Original error: &apos;Command &apos;E:\\Software\\Eclipse\\SDK\\android-sdk\\platform-tools\\adb.exe -P 5037 -s 192.168.110.103\:5555 forward tcp\:8201 tcp\:6790&apos; exited with code 1&apos;; Stderr: &apos;adb.exe: error: more than one device/emulator&apos;; Code: &apos;1&apos;
Build info: version: &apos;3.141.59&apos;, revision: &apos;e82be7d358&apos;, time: &apos;2018-11-14T08:17:03&apos;
System info: host: &apos;DESKTOP-H8C69V7&apos;, ip: &apos;192.168.110.2&apos;, os.name: &apos;Windows 10&apos;, os.arch: &apos;amd64&apos;, os.version: &apos;10.0&apos;, java.version: &apos;1.8.0_121&apos;
Driver info: driver.version: AndroidDriver
remote stacktrace: UnknownError: An unknown server-side error occurred while processing the command. Original error: Error executing adbExec. Original error: &apos;Command &apos;E:\\Software\\Eclipse\\SDK\\android-sdk\\platform-tools\\adb.exe -P 5037 -s 192.168.110.103\:5555 forward tcp\:8201 tcp\:6790&apos; exited with code 1&apos;; Stderr: &apos;adb.exe: error: more than one device/emulator&apos;; Code: &apos;1&apos;
    at getResponseForW3CError (C:\Users\Lenovo\AppData\Roaming\npm\node_modules\appium\node_modules\appium-base-driver\lib\protocol\errors.js:804:9)
    at asyncHandler (C:\Users\Lenovo\AppData\Roaming\npm\node_modules\appium\node_modules\appium-base-driver\lib\protocol\protocol.js:388:37)
	at org.openqa.selenium.remote.W3CHandshakeResponse.lambda$new$0(W3CHandshakeResponse.java:57)
	at org.openqa.selenium.remote.W3CHandshakeResponse.lambda$getResponseFunction$2(W3CHandshakeResponse.java:104)
	at org.openqa.selenium.remote.ProtocolHandshake.lambda$createSession$0(ProtocolHandshake.java:122)
	at java.util.stream.ReferencePipeline$3$1.accept(Unknown Source)
	at java.util.Spliterators$ArraySpliterator.tryAdvance(Unknown Source)
	at java.util.stream.ReferencePipeline.forEachWithCancel(Unknown Source)
	at java.util.stream.AbstractPipeline.copyIntoWithCancel(Unknown Source)
	at java.util.stream.AbstractPipeline.copyInto(Unknown Source)
	at java.util.stream.AbstractPipeline.wrapAndCopyInto(Unknown Source)
	at java.util.stream.FindOps$FindOp.evaluateSequential(Unknown Source)
	at java.util.stream.AbstractPipeline.evaluate(Unknown Source)
	at java.util.stream.ReferencePipeline.findFirst(Unknown Source)
	at org.openqa.selenium.remote.ProtocolHandshake.createSession(ProtocolHandshake.java:125)
	... 35 more
... Removed 21 stack frames
</div> <!-- stack-trace -->
                </div> <!-- method-content -->
              </div> <!-- method -->
              <div class="method">
                <div class="method-content">
                  <a name="Validation_InvitingAlreadyRegisteredPartner_Tobe_Partner">
                  </a> <!-- Validation_InvitingAlreadyRegisteredPartner_Tobe_Partner -->
                  <span class="method-name">Validation_InvitingAlreadyRegisteredPartner_Tobe_Partner</span>
                  <div class="stack-trace">org.openqa.selenium.WebDriverException: java.lang.NullPointerException
Build info: version: &apos;3.141.59&apos;, revision: &apos;e82be7d358&apos;, time: &apos;2018-11-14T08:17:03&apos;
System info: host: &apos;DESKTOP-H8C69V7&apos;, ip: &apos;192.168.110.2&apos;, os.name: &apos;Windows 10&apos;, os.arch: &apos;amd64&apos;, os.version: &apos;10.0&apos;, java.version: &apos;1.8.0_121&apos;
Driver info: driver.version: unknown
	at io.appium.java_client.pagefactory.AppiumElementLocator$WaitingFunction.apply(AppiumElementLocator.java:192)
	at io.appium.java_client.pagefactory.AppiumElementLocator$WaitingFunction.apply(AppiumElementLocator.java:1)
	at org.openqa.selenium.support.ui.FluentWait.until(FluentWait.java:249)
	at io.appium.java_client.pagefactory.AppiumElementLocator.waitFor(AppiumElementLocator.java:99)
	at io.appium.java_client.pagefactory.AppiumElementLocator.findElement(AppiumElementLocator.java:119)
	at io.appium.java_client.pagefactory.interceptors.InterceptorOfASingleElement.intercept(InterceptorOfASingleElement.java:59)
	at org.openqa.selenium.remote.RemoteWebElement$$EnhancerByCGLIB$$d27c0df4.click(&lt;generated&gt;)
	at Partner.TrucksScreen.clickBurgerMenu(TrucksScreen.java:55)
	at Partner.FunctionalTest2.Validation_InvitingAlreadyRegisteredPartner_Tobe_Partner(FunctionalTest2.java:1380)
	at java.util.concurrent.ThreadPoolExecutor.runWorker(Unknown Source)
	at java.util.concurrent.ThreadPoolExecutor$Worker.run(Unknown Source)
	at java.lang.Thread.run(Unknown Source)
Caused by: java.lang.NullPointerException
	at io.appium.java_client.pagefactory.AppiumElementLocator.lambda$0(AppiumElementLocator.java:120)
	at io.appium.java_client.pagefactory.AppiumElementLocator$WaitingFunction.apply(AppiumElementLocator.java:172)
	... 23 more
... Removed 12 stack frames
</div> <!-- stack-trace -->
                </div> <!-- method-content -->
              </div> <!-- method -->
              <div class="method">
                <div class="method-content">
                  <a name="Validation_RegisterasNewPartner_ByEnteringReferralCode_ofExistingPartner_whileRegistering">
                  </a> <!-- Validation_RegisterasNewPartner_ByEnteringReferralCode_ofExistingPartner_whileRegistering -->
                  <span class="method-name">Validation_RegisterasNewPartner_ByEnteringReferralCode_ofExistingPartner_whileRegistering</span>
                  <div class="stack-trace">org.openqa.selenium.WebDriverException: java.lang.NullPointerException
Build info: version: &apos;3.141.59&apos;, revision: &apos;e82be7d358&apos;, time: &apos;2018-11-14T08:17:03&apos;
System info: host: &apos;DESKTOP-H8C69V7&apos;, ip: &apos;192.168.110.2&apos;, os.name: &apos;Windows 10&apos;, os.arch: &apos;amd64&apos;, os.version: &apos;10.0&apos;, java.version: &apos;1.8.0_121&apos;
Driver info: driver.version: unknown
	at io.appium.java_client.pagefactory.AppiumElementLocator$WaitingFunction.apply(AppiumElementLocator.java:192)
	at io.appium.java_client.pagefactory.AppiumElementLocator$WaitingFunction.apply(AppiumElementLocator.java:1)
	at org.openqa.selenium.support.ui.FluentWait.until(FluentWait.java:249)
	at io.appium.java_client.pagefactory.AppiumElementLocator.waitFor(AppiumElementLocator.java:99)
	at io.appium.java_client.pagefactory.AppiumElementLocator.findElement(AppiumElementLocator.java:119)
	at io.appium.java_client.pagefactory.interceptors.InterceptorOfASingleElement.intercept(InterceptorOfASingleElement.java:59)
	at org.openqa.selenium.remote.RemoteWebElement$$EnhancerByCGLIB$$d27c0df4.click(&lt;generated&gt;)
	at Partner.HomeScreen.clickSignUpButton(HomeScreen.java:38)
	at Partner.FunctionalTest2.Validation_RegisterasNewPartner_ByEnteringReferralCode_ofExistingPartner_whileRegistering(FunctionalTest2.java:1433)
	at java.util.concurrent.ThreadPoolExecutor.runWorker(Unknown Source)
	at java.util.concurrent.ThreadPoolExecutor$Worker.run(Unknown Source)
	at java.lang.Thread.run(Unknown Source)
Caused by: java.lang.NullPointerException
	at io.appium.java_client.pagefactory.AppiumElementLocator.lambda$0(AppiumElementLocator.java:120)
	at io.appium.java_client.pagefactory.AppiumElementLocator$WaitingFunction.apply(AppiumElementLocator.java:172)
	... 23 more
... Removed 12 stack frames
</div> <!-- stack-trace -->
                </div> <!-- method-content -->
              </div> <!-- method -->
              <div class="method">
                <div class="method-content">
                  <a name="checkTruckinPendingTab">
                  </a> <!-- checkTruckinPendingTab -->
                  <span class="method-name">checkTruckinPendingTab</span>
                  <div class="stack-trace">java.lang.NullPointerException
	at Partner.FunctionalTest2.checkTruckinPendingTab(FunctionalTest2.java:544)
	at java.util.concurrent.ThreadPoolExecutor.runWorker(Unknown Source)
	at java.util.concurrent.ThreadPoolExecutor$Worker.run(Unknown Source)
	at java.lang.Thread.run(Unknown Source)
... Removed 12 stack frames
</div> <!-- stack-trace -->
                </div> <!-- method-content -->
              </div> <!-- method -->
              <div class="method">
                <div class="method-content">
                  <a name="placeBidonTrip_ForFutureCancellation_AfterWinningBid">
                  </a> <!-- placeBidonTrip_ForFutureCancellation_AfterWinningBid -->
                  <span class="method-name">placeBidonTrip_ForFutureCancellation_AfterWinningBid</span>
                  <div class="stack-trace">java.lang.NullPointerException
	at Partner.FunctionalTest2.PlaceBidonTrip(FunctionalTest2.java:816)
	at Partner.FunctionalTest2.placeBidonTrip_ForFutureCancellation_AfterWinningBid(FunctionalTest2.java:904)
	at java.util.concurrent.ThreadPoolExecutor.runWorker(Unknown Source)
	at java.util.concurrent.ThreadPoolExecutor$Worker.run(Unknown Source)
	at java.lang.Thread.run(Unknown Source)
... Removed 12 stack frames
</div> <!-- stack-trace -->
                </div> <!-- method-content -->
              </div> <!-- method -->
              <div class="method">
                <div class="method-content">
                  <a name="placebidontrip_createdbyreferredcustomer_and_ValidateEarningsforreferredcustomer">
                  </a> <!-- placebidontrip_createdbyreferredcustomer_and_ValidateEarningsforreferredcustomer -->
                  <span class="method-name">placebidontrip_createdbyreferredcustomer_and_ValidateEarningsforreferredcustomer</span>
                  <div class="stack-trace">org.openqa.selenium.WebDriverException: java.lang.NullPointerException
Build info: version: &apos;3.141.59&apos;, revision: &apos;e82be7d358&apos;, time: &apos;2018-11-14T08:17:03&apos;
System info: host: &apos;DESKTOP-H8C69V7&apos;, ip: &apos;192.168.110.2&apos;, os.name: &apos;Windows 10&apos;, os.arch: &apos;amd64&apos;, os.version: &apos;10.0&apos;, java.version: &apos;1.8.0_121&apos;
Driver info: driver.version: unknown
	at io.appium.java_client.pagefactory.AppiumElementLocator$WaitingFunction.apply(AppiumElementLocator.java:192)
	at io.appium.java_client.pagefactory.AppiumElementLocator$WaitingFunction.apply(AppiumElementLocator.java:1)
	at org.openqa.selenium.support.ui.FluentWait.until(FluentWait.java:249)
	at io.appium.java_client.pagefactory.AppiumElementLocator.waitFor(AppiumElementLocator.java:99)
	at io.appium.java_client.pagefactory.AppiumElementLocator.findElement(AppiumElementLocator.java:119)
	at io.appium.java_client.pagefactory.interceptors.InterceptorOfASingleElement.intercept(InterceptorOfASingleElement.java:59)
	at org.openqa.selenium.remote.RemoteWebElement$$EnhancerByCGLIB$$d27c0df4.click(&lt;generated&gt;)
	at Partner.HomeScreen.clickLoginButton(HomeScreen.java:43)
	at Partner.FunctionalTest2.placebidontrip_createdbyreferredcustomer_and_ValidateEarningsforreferredcustomer(FunctionalTest2.java:1594)
	at java.util.concurrent.ThreadPoolExecutor.runWorker(Unknown Source)
	at java.util.concurrent.ThreadPoolExecutor$Worker.run(Unknown Source)
	at java.lang.Thread.run(Unknown Source)
Caused by: java.lang.NullPointerException
	at io.appium.java_client.pagefactory.AppiumElementLocator.lambda$0(AppiumElementLocator.java:120)
	at io.appium.java_client.pagefactory.AppiumElementLocator$WaitingFunction.apply(AppiumElementLocator.java:172)
	... 23 more
... Removed 12 stack frames
</div> <!-- stack-trace -->
                </div> <!-- method-content -->
              </div> <!-- method -->
            </div> <!-- main-panel-content rounded-window-bottom -->
          </div> <!-- suite-SuperManSanitySuite-class-failed -->
        </div> <!-- panel SuperManSanitySuite -->
        <div panel-name="test-xml-SuperManSanitySuite" class="panel">
          <div class="main-panel-header rounded-window-top">
            <span class="header-content">C:\Users\Lenovo\Desktop\GIMMobileAutomation\GIMMobileAutomation\RunRegression2.xml</span>
          </div> <!-- main-panel-header rounded-window-top -->
          <div class="main-panel-content rounded-window-bottom">
            <pre>
&lt;?xml version=&quot;1.0&quot; encoding=&quot;UTF-8&quot;?&gt;
&lt;!DOCTYPE suite SYSTEM &quot;https://testng.org/testng-1.0.dtd&quot;&gt;
&lt;suite guice-stage=&quot;DEVELOPMENT&quot; name=&quot;SuperManSanitySuite&quot; parallel=&quot;instances&quot;&gt;
  &lt;test thread-count=&quot;2&quot; name=&quot;SupermanTest&quot; parallel=&quot;instances&quot;&gt;
    &lt;classes&gt;
      &lt;class name=&quot;Partner.FunctionalTest2&quot;/&gt;
      &lt;class name=&quot;Customer.FunctionalTest5&quot;/&gt;
    &lt;/classes&gt;
  &lt;/test&gt; &lt;!-- SupermanTest --&gt;
&lt;/suite&gt; &lt;!-- SuperManSanitySuite --&gt;
            </pre>
          </div> <!-- main-panel-content rounded-window-bottom -->
        </div> <!-- panel -->
        <div panel-name="testlist-SuperManSanitySuite" class="panel">
          <div class="main-panel-header rounded-window-top">
            <span class="header-content">Tests for SuperManSanitySuite</span>
          </div> <!-- main-panel-header rounded-window-top -->
          <div class="main-panel-content rounded-window-bottom">
            <ul>
              <li>
                <span class="test-name">SupermanTest (2 classes)</span>
              </li>
            </ul>
          </div> <!-- main-panel-content rounded-window-bottom -->
        </div> <!-- panel -->
        <div panel-name="group-SuperManSanitySuite" class="panel">
          <div class="main-panel-header rounded-window-top">
            <span class="header-content">Groups for SuperManSanitySuite</span>
          </div> <!-- main-panel-header rounded-window-top -->
          <div class="main-panel-content rounded-window-bottom">
          </div> <!-- main-panel-content rounded-window-bottom -->
        </div> <!-- panel -->
        <div panel-name="times-SuperManSanitySuite" class="panel">
          <div class="main-panel-header rounded-window-top">
            <span class="header-content">Times for SuperManSanitySuite</span>
          </div> <!-- main-panel-header rounded-window-top -->
          <div class="main-panel-content rounded-window-bottom">
            <div class="times-div">
              <script type="text/javascript">
suiteTableInitFunctions.push('tableData_SuperManSanitySuite');
function tableData_SuperManSanitySuite() {
var data = new google.visualization.DataTable();
data.addColumn('number', 'Number');
data.addColumn('string', 'Method');
data.addColumn('string', 'Class');
data.addColumn('number', 'Time (ms)');
data.addRows(57);
data.setCell(0, 0, 0)
data.setCell(0, 1, 'AddNewTruck_withMandtoryFields_ToActivePartner')
data.setCell(0, 2, 'Partner.FunctionalTest2')
data.setCell(0, 3, 6169);
data.setCell(1, 0, 1)
data.setCell(1, 1, 'ApproveDriverByAdmin_and_ValidateDriverstatusonApp')
data.setCell(1, 2, 'Partner.FunctionalTest2')
data.setCell(1, 3, 5139);
data.setCell(2, 0, 2)
data.setCell(2, 1, 'PlaceBidonTrip')
data.setCell(2, 2, 'Partner.FunctionalTest2')
data.setCell(2, 3, 5004);
data.setCell(3, 0, 3)
data.setCell(3, 1, 'placeBidonTrip_ForFutureCancellation_AfterWinningBid')
data.setCell(3, 2, 'Partner.FunctionalTest2')
data.setCell(3, 3, 5001);
data.setCell(4, 0, 4)
data.setCell(4, 1, 'AcceptDriverAssociationRequest')
data.setCell(4, 2, 'Partner.FunctionalTest2')
data.setCell(4, 3, 3145);
data.setCell(5, 0, 5)
data.setCell(5, 1, 'placebidontrip_createdbyreferredcustomer_and_ValidateEarningsforreferredcustomer')
data.setCell(5, 2, 'Partner.FunctionalTest2')
data.setCell(5, 3, 2031);
data.setCell(6, 0, 6)
data.setCell(6, 1, 'LoginTest_InvalidUser')
data.setCell(6, 2, 'Customer.FunctionalTest5')
data.setCell(6, 3, 1680);
data.setCell(7, 0, 7)
data.setCell(7, 1, 'LoginTest_InvalidUser')
data.setCell(7, 2, 'Partner.FunctionalTest2')
data.setCell(7, 3, 1680);
data.setCell(8, 0, 8)
data.setCell(8, 1, 'getTripID_AndAcceptTrip_ByAdmin')
data.setCell(8, 2, 'Customer.FunctionalTest5')
data.setCell(8, 3, 1577);
data.setCell(9, 0, 9)
data.setCell(9, 1, 'CreateTrip_And_CancelTrip')
data.setCell(9, 2, 'Customer.FunctionalTest5')
data.setCell(9, 3, 1297);
data.setCell(10, 0, 10)
data.setCell(10, 1, 'Validation_RegisterasNewCustomer_ByEnteringReferralCode_ofExistingCustomer_WhileRegistering')
data.setCell(10, 2, 'Customer.FunctionalTest5')
data.setCell(10, 3, 807);
data.setCell(11, 0, 11)
data.setCell(11, 1, 'SignupTest_AsPartner')
data.setCell(11, 2, 'Partner.FunctionalTest2')
data.setCell(11, 3, 608);
data.setCell(12, 0, 12)
data.setCell(12, 1, 'SignupTest')
data.setCell(12, 2, 'Customer.FunctionalTest5')
data.setCell(12, 3, 568);
data.setCell(13, 0, 13)
data.setCell(13, 1, 'AcceptNewPlacedBid_ByPartner')
data.setCell(13, 2, 'Customer.FunctionalTest5')
data.setCell(13, 3, 409);
data.setCell(14, 0, 14)
data.setCell(14, 1, 'ValidatePartnerListedNotifications_AreDisplayed')
data.setCell(14, 2, 'Partner.FunctionalTest2')
data.setCell(14, 3, 403);
data.setCell(15, 0, 15)
data.setCell(15, 1, 'ValidateNewTripNotification_WhenTapped_Landsuser_onto_PlaceBidScreen')
data.setCell(15, 2, 'Partner.FunctionalTest2')
data.setCell(15, 3, 400);
data.setCell(16, 0, 16)
data.setCell(16, 1, 'ValidateTripStartedNotification_WhenTapped_LandsUser_Onto_BookingDetailsScreen_Foruser_havingOption_toCompleteTrip')
data.setCell(16, 2, 'Customer.FunctionalTest5')
data.setCell(16, 3, 383);
data.setCell(17, 0, 17)
data.setCell(17, 1, 'ValidateAmendedDriverTruck_ForBookedTrip')
data.setCell(17, 2, 'Customer.FunctionalTest5')
data.setCell(17, 3, 374);
data.setCell(18, 0, 18)
data.setCell(18, 1, 'ValidateCompleteTripNotificationWhenTapped_Landsuser_onto_TripDetailsScreen')
data.setCell(18, 2, 'Partner.FunctionalTest2')
data.setCell(18, 3, 371);
data.setCell(19, 0, 19)
data.setCell(19, 1, 'CreateTrip_ForApprovedUser')
data.setCell(19, 2, 'Customer.FunctionalTest5')
data.setCell(19, 3, 75);
data.setCell(20, 0, 20)
data.setCell(20, 1, 'CreateTrip_ForPartnerToBid_AndThen_WithdrawBid')
data.setCell(20, 2, 'Customer.FunctionalTest5')
data.setCell(20, 3, 15);
data.setCell(21, 0, 21)
data.setCell(21, 1, 'AddNewTruckAndDriver_ToUseFor_EditTruckDriver_And_PlaceBid')
data.setCell(21, 2, 'Partner.FunctionalTest2')
data.setCell(21, 3, 10);
data.setCell(22, 0, 22)
data.setCell(22, 1, 'CancelWonBid')
data.setCell(22, 2, 'Partner.FunctionalTest2')
data.setCell(22, 3, 5);
data.setCell(23, 0, 23)
data.setCell(23, 1, 'PlaceBid_thenWithdrawBid')
data.setCell(23, 2, 'Partner.FunctionalTest2')
data.setCell(23, 3, 4);
data.setCell(24, 0, 24)
data.setCell(24, 1, 'InvoicePayments_Validation')
data.setCell(24, 2, 'Partner.FunctionalTest2')
data.setCell(24, 3, 4);
data.setCell(25, 0, 25)
data.setCell(25, 1, 'Register_NonregisteredDriverToGIMPlatform_Validation')
data.setCell(25, 2, 'Partner.FunctionalTest2')
data.setCell(25, 3, 4);
data.setCell(26, 0, 26)
data.setCell(26, 1, 'ValidateEarnings_forreferre')
data.setCell(26, 2, 'Partner.FunctionalTest2')
data.setCell(26, 3, 4);
data.setCell(27, 0, 27)
data.setCell(27, 1, 'StartTrip_ByCustomer')
data.setCell(27, 2, 'Customer.FunctionalTest5')
data.setCell(27, 3, 4);
data.setCell(28, 0, 28)
data.setCell(28, 1, 'AcceptPlacedBid_ByPartner')
data.setCell(28, 2, 'Customer.FunctionalTest5')
data.setCell(28, 3, 2);
data.setCell(29, 0, 29)
data.setCell(29, 1, 'EditTruckAndDriver_For_BookedTrip')
data.setCell(29, 2, 'Partner.FunctionalTest2')
data.setCell(29, 3, 2);
data.setCell(30, 0, 30)
data.setCell(30, 1, 'SubmitMyRating_DefaultRatings')
data.setCell(30, 2, 'Customer.FunctionalTest5')
data.setCell(30, 3, 2);
data.setCell(31, 0, 31)
data.setCell(31, 1, 'ValidateBanglatoEnglish')
data.setCell(31, 2, 'Partner.FunctionalTest2')
data.setCell(31, 3, 2);
data.setCell(32, 0, 32)
data.setCell(32, 1, 'CreateNewTrip')
data.setCell(32, 2, 'Customer.FunctionalTest5')
data.setCell(32, 3, 2);
data.setCell(33, 0, 33)
data.setCell(33, 1, 'Validation_InvitingAlreadyRegisteredPartner_Tobe_Partner')
data.setCell(33, 2, 'Partner.FunctionalTest2')
data.setCell(33, 3, 2);
data.setCell(34, 0, 34)
data.setCell(34, 1, 'Validation_RegisterasNewPartner_ByEnteringReferralCode_ofExistingPartner_whileRegistering')
data.setCell(34, 2, 'Partner.FunctionalTest2')
data.setCell(34, 3, 2);
data.setCell(35, 0, 35)
data.setCell(35, 1, 'ReferredCustomer_completetrip_ByAcceptingBid_And_ValidateEarningsforFirstSuccessfulTripCompletion')
data.setCell(35, 2, 'Customer.FunctionalTest5')
data.setCell(35, 3, 2);
data.setCell(36, 0, 36)
data.setCell(36, 1, 'LaunchDashboard_VerifyCompletedTrip_isDisplayed_WithoutAnyFilters')
data.setCell(36, 2, 'Customer.FunctionalTest5')
data.setCell(36, 3, 2);
data.setCell(37, 0, 37)
data.setCell(37, 1, 'InviteUser_ToJoinAs_Customer')
data.setCell(37, 2, 'Customer.FunctionalTest5')
data.setCell(37, 3, 1);
data.setCell(38, 0, 38)
data.setCell(38, 1, 'checkTruckinPendingTab')
data.setCell(38, 2, 'Partner.FunctionalTest2')
data.setCell(38, 3, 1);
data.setCell(39, 0, 39)
data.setCell(39, 1, 'validateearnings_for_firstcompletedtrip_referre')
data.setCell(39, 2, 'Customer.FunctionalTest5')
data.setCell(39, 3, 1);
data.setCell(40, 0, 40)
data.setCell(40, 1, 'PartnerStartTrip')
data.setCell(40, 2, 'Partner.FunctionalTest2')
data.setCell(40, 3, 1);
data.setCell(41, 0, 41)
data.setCell(41, 1, 'ValidateEnglishtoBangla')
data.setCell(41, 2, 'Partner.FunctionalTest2')
data.setCell(41, 3, 1);
data.setCell(42, 0, 42)
data.setCell(42, 1, 'CheckTruckisDisplayed_inApprovedTab')
data.setCell(42, 2, 'Partner.FunctionalTest2')
data.setCell(42, 3, 1);
data.setCell(43, 0, 43)
data.setCell(43, 1, 'NoBidsToDisplayValidation_ForOngoingWonLostBids')
data.setCell(43, 2, 'Partner.FunctionalTest2')
data.setCell(43, 3, 1);
data.setCell(44, 0, 44)
data.setCell(44, 1, 'SearchforNonregisteredDriver_Validation')
data.setCell(44, 2, 'Partner.FunctionalTest2')
data.setCell(44, 3, 1);
data.setCell(45, 0, 45)
data.setCell(45, 1, 'ApproveTruck_AndAddTracker')
data.setCell(45, 2, 'Partner.FunctionalTest2')
data.setCell(45, 3, 1);
data.setCell(46, 0, 46)
data.setCell(46, 1, 'AcceptBid')
data.setCell(46, 2, 'Customer.FunctionalTest5')
data.setCell(46, 3, 1);
data.setCell(47, 0, 47)
data.setCell(47, 1, 'CompleteTrip_ByCustomer')
data.setCell(47, 2, 'Customer.FunctionalTest5')
data.setCell(47, 3, 1);
data.setCell(48, 0, 48)
data.setCell(48, 1, 'Inviteuser_ToJoinAs_Partner')
data.setCell(48, 2, 'Partner.FunctionalTest2')
data.setCell(48, 3, 1);
data.setCell(49, 0, 49)
data.setCell(49, 1, 'ValidateBidAcceptedNotification_Landsuser_onto_StarttripScreen')
data.setCell(49, 2, 'Partner.FunctionalTest2')
data.setCell(49, 3, 0);
data.setCell(50, 0, 50)
data.setCell(50, 1, 'PartnerEndTrip')
data.setCell(50, 2, 'Partner.FunctionalTest2')
data.setCell(50, 3, 0);
data.setCell(51, 0, 51)
data.setCell(51, 1, 'Validation_InvitingAlreadyRegisteredCustomer_Tobe_Customer')
data.setCell(51, 2, 'Customer.FunctionalTest5')
data.setCell(51, 3, 0);
data.setCell(52, 0, 52)
data.setCell(52, 1, 'ValidateCustomerlistedNotifications_AreDisplayed')
data.setCell(52, 2, 'Customer.FunctionalTest5')
data.setCell(52, 3, 0);
data.setCell(53, 0, 53)
data.setCell(53, 1, 'NewlyAddedDriver_isin_PendingState_Validation')
data.setCell(53, 2, 'Partner.FunctionalTest2')
data.setCell(53, 3, 0);
data.setCell(54, 0, 54)
data.setCell(54, 1, 'ValidateBidReceivedNotification_whenTapped_LandsUser_onto_BidListScreen')
data.setCell(54, 2, 'Customer.FunctionalTest5')
data.setCell(54, 3, 0);
data.setCell(55, 0, 55)
data.setCell(55, 1, 'VerifyTappingOnTriponDashboard_LandsUser_Onto_TripDetailsScreen')
data.setCell(55, 2, 'Customer.FunctionalTest5')
data.setCell(55, 3, 0);
data.setCell(56, 0, 56)
data.setCell(56, 1, 'Createnewtrip_withreferredcustomer')
data.setCell(56, 2, 'Customer.FunctionalTest5')
data.setCell(56, 3, 0);
window.suiteTableData['SuperManSanitySuite']= { tableData: data, tableDiv: 'times-div-SuperManSanitySuite'}
return data;
}
              </script>
              <span class="suite-total-time">Total running time: 37 seconds</span>
              <div id="times-div-SuperManSanitySuite">
              </div> <!-- times-div-SuperManSanitySuite -->
            </div> <!-- times-div -->
          </div> <!-- main-panel-content rounded-window-bottom -->
        </div> <!-- panel -->
        <div panel-name="reporter-SuperManSanitySuite" class="panel">
          <div class="main-panel-header rounded-window-top">
            <span class="header-content">Reporter output for SuperManSanitySuite</span>
          </div> <!-- main-panel-header rounded-window-top -->
          <div class="main-panel-content rounded-window-bottom">
          </div> <!-- main-panel-content rounded-window-bottom -->
        </div> <!-- panel -->
        <div panel-name="ignored-methods-SuperManSanitySuite" class="panel">
          <div class="main-panel-header rounded-window-top">
            <span class="header-content">0 ignored methods</span>
          </div> <!-- main-panel-header rounded-window-top -->
          <div class="main-panel-content rounded-window-bottom">
          </div> <!-- main-panel-content rounded-window-bottom -->
        </div> <!-- panel -->
        <div panel-name="chronological-SuperManSanitySuite" class="panel">
          <div class="main-panel-header rounded-window-top">
            <span class="header-content">Methods in chronological order</span>
          </div> <!-- main-panel-header rounded-window-top -->
          <div class="main-panel-content rounded-window-bottom">
            <div class="chronological-class">
              <div class="chronological-class-name">Partner.FunctionalTest2</div> <!-- chronological-class-name -->
              <div class="configuration-test before">
                <span class="method-name">startServer</span>
                <span class="method-start">0 ms</span>
              </div> <!-- configuration-test before -->
            </div> <!-- chronological-class -->
            <div class="chronological-class">
              <div class="chronological-class-name">Customer.FunctionalTest5</div> <!-- chronological-class-name -->
              <div class="configuration-test before">
                <span class="method-name">startServer</span>
                <span class="method-start">10015 ms</span>
              </div> <!-- configuration-test before -->
              <div class="test-method">
                <img src="failed.png">
                </img>
                <span class="method-name">LoginTest_InvalidUser</span>
                <span class="method-start">20044 ms</span>
              </div> <!-- test-method -->
            </div> <!-- chronological-class -->
            <div class="chronological-class">
              <div class="chronological-class-name">Partner.FunctionalTest2</div> <!-- chronological-class-name -->
              <div class="test-method">
                <img src="failed.png">
                </img>
                <span class="method-name">LoginTest_InvalidUser</span>
                <span class="method-start">20044 ms</span>
              </div> <!-- test-method -->
            </div> <!-- chronological-class -->
            <div class="chronological-class">
              <div class="chronological-class-name">Customer.FunctionalTest5</div> <!-- chronological-class-name -->
              <div class="test-method">
                <img src="failed.png">
                </img>
                <span class="method-name">SignupTest</span>
                <span class="method-start">21733 ms</span>
              </div> <!-- test-method -->
            </div> <!-- chronological-class -->
            <div class="chronological-class">
              <div class="chronological-class-name">Partner.FunctionalTest2</div> <!-- chronological-class-name -->
              <div class="test-method">
                <img src="failed.png">
                </img>
                <span class="method-name">SignupTest_AsPartner</span>
                <span class="method-start">21733 ms</span>
              </div> <!-- test-method -->
              <div class="test-method">
                <img src="failed.png">
                </img>
                <span class="method-name">AddNewTruck_withMandtoryFields_ToActivePartner</span>
                <span class="method-start">22304 ms</span>
              </div> <!-- test-method -->
            </div> <!-- chronological-class -->
            <div class="chronological-class">
              <div class="chronological-class-name">Customer.FunctionalTest5</div> <!-- chronological-class-name -->
              <div class="test-method">
                <img src="failed.png">
                </img>
                <span class="method-name">CreateTrip_ForApprovedUser</span>
                <span class="method-start">22343 ms</span>
              </div> <!-- test-method -->
            </div> <!-- chronological-class -->
            <div class="chronological-class">
              <div class="chronological-class-name">Partner.FunctionalTest2</div> <!-- chronological-class-name -->
              <div class="test-method">
                <img src="failed.png">
                </img>
                <span class="method-name">checkTruckinPendingTab</span>
                <span class="method-start">22420 ms</span>
              </div> <!-- test-method -->
            </div> <!-- chronological-class -->
            <div class="chronological-class">
              <div class="chronological-class-name">Customer.FunctionalTest5</div> <!-- chronological-class-name -->
              <div class="test-method">
                <img src="failed.png">
                </img>
                <span class="method-name">getTripID_AndAcceptTrip_ByAdmin</span>
                <span class="method-start">22422 ms</span>
              </div> <!-- test-method -->
            </div> <!-- chronological-class -->
            <div class="chronological-class">
              <div class="chronological-class-name">Partner.FunctionalTest2</div> <!-- chronological-class-name -->
              <div class="test-method">
                <img src="failed.png">
                </img>
                <span class="method-name">ApproveTruck_AndAddTracker</span>
                <span class="method-start">24001 ms</span>
              </div> <!-- test-method -->
              <div class="test-method">
                <img src="failed.png">
                </img>
                <span class="method-name">CheckTruckisDisplayed_inApprovedTab</span>
                <span class="method-start">24003 ms</span>
              </div> <!-- test-method -->
              <div class="test-method">
                <img src="failed.png">
                </img>
                <span class="method-name">SearchforNonregisteredDriver_Validation</span>
                <span class="method-start">24005 ms</span>
              </div> <!-- test-method -->
              <div class="test-method">
                <img src="failed.png">
                </img>
                <span class="method-name">Register_NonregisteredDriverToGIMPlatform_Validation</span>
                <span class="method-start">24007 ms</span>
              </div> <!-- test-method -->
              <div class="test-method">
                <img src="failed.png">
                </img>
                <span class="method-name">NewlyAddedDriver_isin_PendingState_Validation</span>
                <span class="method-start">24013 ms</span>
              </div> <!-- test-method -->
              <div class="test-method">
                <img src="failed.png">
                </img>
                <span class="method-name">ApproveDriverByAdmin_and_ValidateDriverstatusonApp</span>
                <span class="method-start">24015 ms</span>
              </div> <!-- test-method -->
              <div class="test-method">
                <img src="failed.png">
                </img>
                <span class="method-name">AcceptDriverAssociationRequest</span>
                <span class="method-start">28475 ms</span>
              </div> <!-- test-method -->
              <div class="test-method">
                <img src="failed.png">
                </img>
                <span class="method-name">PlaceBidonTrip</span>
                <span class="method-start">29158 ms</span>
              </div> <!-- test-method -->
            </div> <!-- chronological-class -->
            <div class="chronological-class">
              <div class="chronological-class-name">Customer.FunctionalTest5</div> <!-- chronological-class-name -->
              <div class="test-method">
                <img src="failed.png">
                </img>
                <span class="method-name">AcceptBid</span>
                <span class="method-start">31621 ms</span>
              </div> <!-- test-method -->
              <div class="test-method">
                <img src="failed.png">
                </img>
                <span class="method-name">StartTrip_ByCustomer</span>
                <span class="method-start">31624 ms</span>
              </div> <!-- test-method -->
              <div class="test-method">
                <img src="failed.png">
                </img>
                <span class="method-name">CompleteTrip_ByCustomer</span>
                <span class="method-start">31630 ms</span>
              </div> <!-- test-method -->
              <div class="test-method">
                <img src="failed.png">
                </img>
                <span class="method-name">SubmitMyRating_DefaultRatings</span>
                <span class="method-start">31632 ms</span>
              </div> <!-- test-method -->
              <div class="test-method">
                <img src="failed.png">
                </img>
                <span class="method-name">LaunchDashboard_VerifyCompletedTrip_isDisplayed_WithoutAnyFilters</span>
                <span class="method-start">31635 ms</span>
              </div> <!-- test-method -->
              <div class="test-method">
                <img src="failed.png">
                </img>
                <span class="method-name">VerifyTappingOnTriponDashboard_LandsUser_Onto_TripDetailsScreen</span>
                <span class="method-start">31638 ms</span>
              </div> <!-- test-method -->
              <div class="test-method">
                <img src="failed.png">
                </img>
                <span class="method-name">CreateTrip_And_CancelTrip</span>
                <span class="method-start">31639 ms</span>
              </div> <!-- test-method -->
              <div class="test-method">
                <img src="failed.png">
                </img>
                <span class="method-name">CreateTrip_ForPartnerToBid_AndThen_WithdrawBid</span>
                <span class="method-start">32937 ms</span>
              </div> <!-- test-method -->
            </div> <!-- chronological-class -->
            <div class="chronological-class">
              <div class="chronological-class-name">Partner.FunctionalTest2</div> <!-- chronological-class-name -->
              <div class="test-method">
                <img src="failed.png">
                </img>
                <span class="method-name">PlaceBid_thenWithdrawBid</span>
                <span class="method-start">32953 ms</span>
              </div> <!-- test-method -->
              <div class="test-method">
                <img src="failed.png">
                </img>
                <span class="method-name">placeBidonTrip_ForFutureCancellation_AfterWinningBid</span>
                <span class="method-start">32958 ms</span>
              </div> <!-- test-method -->
            </div> <!-- chronological-class -->
            <div class="chronological-class">
              <div class="chronological-class-name">Customer.FunctionalTest5</div> <!-- chronological-class-name -->
              <div class="test-method">
                <img src="failed.png">
                </img>
                <span class="method-name">AcceptPlacedBid_ByPartner</span>
                <span class="method-start">34166 ms</span>
              </div> <!-- test-method -->
            </div> <!-- chronological-class -->
            <div class="chronological-class">
              <div class="chronological-class-name">Partner.FunctionalTest2</div> <!-- chronological-class-name -->
              <div class="test-method">
                <img src="failed.png">
                </img>
                <span class="method-name">CancelWonBid</span>
                <span class="method-start">34171 ms</span>
              </div> <!-- test-method -->
              <div class="test-method">
                <img src="failed.png">
                </img>
                <span class="method-name">NoBidsToDisplayValidation_ForOngoingWonLostBids</span>
                <span class="method-start">34179 ms</span>
              </div> <!-- test-method -->
              <div class="test-method">
                <img src="failed.png">
                </img>
                <span class="method-name">InvoicePayments_Validation</span>
                <span class="method-start">34184 ms</span>
              </div> <!-- test-method -->
              <div class="test-method">
                <img src="failed.png">
                </img>
                <span class="method-name">AddNewTruckAndDriver_ToUseFor_EditTruckDriver_And_PlaceBid</span>
                <span class="method-start">34191 ms</span>
              </div> <!-- test-method -->
            </div> <!-- chronological-class -->
            <div class="chronological-class">
              <div class="chronological-class-name">Customer.FunctionalTest5</div> <!-- chronological-class-name -->
              <div class="test-method">
                <img src="failed.png">
                </img>
                <span class="method-name">AcceptNewPlacedBid_ByPartner</span>
                <span class="method-start">34204 ms</span>
              </div> <!-- test-method -->
            </div> <!-- chronological-class -->
            <div class="chronological-class">
              <div class="chronological-class-name">Partner.FunctionalTest2</div> <!-- chronological-class-name -->
              <div class="test-method">
                <img src="failed.png">
                </img>
                <span class="method-name">EditTruckAndDriver_For_BookedTrip</span>
                <span class="method-start">34615 ms</span>
              </div> <!-- test-method -->
            </div> <!-- chronological-class -->
            <div class="chronological-class">
              <div class="chronological-class-name">Customer.FunctionalTest5</div> <!-- chronological-class-name -->
              <div class="test-method">
                <img src="failed.png">
                </img>
                <span class="method-name">ValidateAmendedDriverTruck_ForBookedTrip</span>
                <span class="method-start">34618 ms</span>
              </div> <!-- test-method -->
            </div> <!-- chronological-class -->
            <div class="chronological-class">
              <div class="chronological-class-name">Partner.FunctionalTest2</div> <!-- chronological-class-name -->
              <div class="test-method">
                <img src="failed.png">
                </img>
                <span class="method-name">PartnerStartTrip</span>
                <span class="method-start">34993 ms</span>
              </div> <!-- test-method -->
              <div class="test-method">
                <img src="failed.png">
                </img>
                <span class="method-name">PartnerEndTrip</span>
                <span class="method-start">34995 ms</span>
              </div> <!-- test-method -->
              <div class="test-method">
                <img src="failed.png">
                </img>
                <span class="method-name">ValidateEnglishtoBangla</span>
                <span class="method-start">34996 ms</span>
              </div> <!-- test-method -->
              <div class="test-method">
                <img src="failed.png">
                </img>
                <span class="method-name">ValidateBanglatoEnglish</span>
                <span class="method-start">34998 ms</span>
              </div> <!-- test-method -->
            </div> <!-- chronological-class -->
            <div class="chronological-class">
              <div class="chronological-class-name">Customer.FunctionalTest5</div> <!-- chronological-class-name -->
              <div class="test-method">
                <img src="failed.png">
                </img>
                <span class="method-name">ValidateCustomerlistedNotifications_AreDisplayed</span>
                <span class="method-start">35001 ms</span>
              </div> <!-- test-method -->
            </div> <!-- chronological-class -->
            <div class="chronological-class">
              <div class="chronological-class-name">Partner.FunctionalTest2</div> <!-- chronological-class-name -->
              <div class="test-method">
                <img src="failed.png">
                </img>
                <span class="method-name">ValidatePartnerListedNotifications_AreDisplayed</span>
                <span class="method-start">35002 ms</span>
              </div> <!-- test-method -->
            </div> <!-- chronological-class -->
            <div class="chronological-class">
              <div class="chronological-class-name">Customer.FunctionalTest5</div> <!-- chronological-class-name -->
              <div class="test-method">
                <img src="failed.png">
                </img>
                <span class="method-name">CreateNewTrip</span>
                <span class="method-start">35406 ms</span>
              </div> <!-- test-method -->
            </div> <!-- chronological-class -->
            <div class="chronological-class">
              <div class="chronological-class-name">Partner.FunctionalTest2</div> <!-- chronological-class-name -->
              <div class="test-method">
                <img src="failed.png">
                </img>
                <span class="method-name">ValidateNewTripNotification_WhenTapped_Landsuser_onto_PlaceBidScreen</span>
                <span class="method-start">35409 ms</span>
              </div> <!-- test-method -->
            </div> <!-- chronological-class -->
            <div class="chronological-class">
              <div class="chronological-class-name">Customer.FunctionalTest5</div> <!-- chronological-class-name -->
              <div class="test-method">
                <img src="failed.png">
                </img>
                <span class="method-name">ValidateBidReceivedNotification_whenTapped_LandsUser_onto_BidListScreen</span>
                <span class="method-start">35810 ms</span>
              </div> <!-- test-method -->
            </div> <!-- chronological-class -->
            <div class="chronological-class">
              <div class="chronological-class-name">Partner.FunctionalTest2</div> <!-- chronological-class-name -->
              <div class="test-method">
                <img src="failed.png">
                </img>
                <span class="method-name">ValidateBidAcceptedNotification_Landsuser_onto_StarttripScreen</span>
                <span class="method-start">35811 ms</span>
              </div> <!-- test-method -->
            </div> <!-- chronological-class -->
            <div class="chronological-class">
              <div class="chronological-class-name">Customer.FunctionalTest5</div> <!-- chronological-class-name -->
              <div class="test-method">
                <img src="failed.png">
                </img>
                <span class="method-name">ValidateTripStartedNotification_WhenTapped_LandsUser_Onto_BookingDetailsScreen_Foruser_havingOption_toCompleteTrip</span>
                <span class="method-start">35811 ms</span>
              </div> <!-- test-method -->
            </div> <!-- chronological-class -->
            <div class="chronological-class">
              <div class="chronological-class-name">Partner.FunctionalTest2</div> <!-- chronological-class-name -->
              <div class="test-method">
                <img src="failed.png">
                </img>
                <span class="method-name">ValidateCompleteTripNotificationWhenTapped_Landsuser_onto_TripDetailsScreen</span>
                <span class="method-start">36195 ms</span>
              </div> <!-- test-method -->
              <div class="test-method">
                <img src="failed.png">
                </img>
                <span class="method-name">Validation_InvitingAlreadyRegisteredPartner_Tobe_Partner</span>
                <span class="method-start">36567 ms</span>
              </div> <!-- test-method -->
            </div> <!-- chronological-class -->
            <div class="chronological-class">
              <div class="chronological-class-name">Customer.FunctionalTest5</div> <!-- chronological-class-name -->
              <div class="test-method">
                <img src="failed.png">
                </img>
                <span class="method-name">Validation_InvitingAlreadyRegisteredCustomer_Tobe_Customer</span>
                <span class="method-start">36570 ms</span>
              </div> <!-- test-method -->
            </div> <!-- chronological-class -->
            <div class="chronological-class">
              <div class="chronological-class-name">Partner.FunctionalTest2</div> <!-- chronological-class-name -->
              <div class="test-method">
                <img src="failed.png">
                </img>
                <span class="method-name">Inviteuser_ToJoinAs_Partner</span>
                <span class="method-start">36571 ms</span>
              </div> <!-- test-method -->
            </div> <!-- chronological-class -->
            <div class="chronological-class">
              <div class="chronological-class-name">Customer.FunctionalTest5</div> <!-- chronological-class-name -->
              <div class="test-method">
                <img src="failed.png">
                </img>
                <span class="method-name">InviteUser_ToJoinAs_Customer</span>
                <span class="method-start">36572 ms</span>
              </div> <!-- test-method -->
            </div> <!-- chronological-class -->
            <div class="chronological-class">
              <div class="chronological-class-name">Partner.FunctionalTest2</div> <!-- chronological-class-name -->
              <div class="test-method">
                <img src="failed.png">
                </img>
                <span class="method-name">Validation_RegisterasNewPartner_ByEnteringReferralCode_ofExistingPartner_whileRegistering</span>
                <span class="method-start">36574 ms</span>
              </div> <!-- test-method -->
            </div> <!-- chronological-class -->
            <div class="chronological-class">
              <div class="chronological-class-name">Customer.FunctionalTest5</div> <!-- chronological-class-name -->
              <div class="test-method">
                <img src="failed.png">
                </img>
                <span class="method-name">Validation_RegisterasNewCustomer_ByEnteringReferralCode_ofExistingCustomer_WhileRegistering</span>
                <span class="method-start">36578 ms</span>
              </div> <!-- test-method -->
              <div class="test-method">
                <img src="failed.png">
                </img>
                <span class="method-name">Createnewtrip_withreferredcustomer</span>
                <span class="method-start">37386 ms</span>
              </div> <!-- test-method -->
            </div> <!-- chronological-class -->
            <div class="chronological-class">
              <div class="chronological-class-name">Partner.FunctionalTest2</div> <!-- chronological-class-name -->
              <div class="test-method">
                <img src="failed.png">
                </img>
                <span class="method-name">placebidontrip_createdbyreferredcustomer_and_ValidateEarningsforreferredcustomer</span>
                <span class="method-start">37387 ms</span>
              </div> <!-- test-method -->
            </div> <!-- chronological-class -->
            <div class="chronological-class">
              <div class="chronological-class-name">Customer.FunctionalTest5</div> <!-- chronological-class-name -->
              <div class="test-method">
                <img src="failed.png">
                </img>
                <span class="method-name">ReferredCustomer_completetrip_ByAcceptingBid_And_ValidateEarningsforFirstSuccessfulTripCompletion</span>
                <span class="method-start">37961 ms</span>
              </div> <!-- test-method -->
              <div class="test-method">
                <img src="failed.png">
                </img>
                <span class="method-name">validateearnings_for_firstcompletedtrip_referre</span>
                <span class="method-start">37965 ms</span>
              </div> <!-- test-method -->
            </div> <!-- chronological-class -->
            <div class="chronological-class">
              <div class="chronological-class-name">Partner.FunctionalTest2</div> <!-- chronological-class-name -->
              <div class="test-method">
                <img src="failed.png">
                </img>
                <span class="method-name">ValidateEarnings_forreferre</span>
                <span class="method-start">37969 ms</span>
              </div> <!-- test-method -->
              <div class="configuration-test after">
                <span class="method-name">stopServer</span>
                <span class="method-start">39420 ms</span>
              </div> <!-- configuration-test after -->
            </div> <!-- chronological-class -->
            <div class="chronological-class">
              <div class="chronological-class-name">Customer.FunctionalTest5</div> <!-- chronological-class-name -->
              <div class="configuration-test after">
                <span class="method-name">stopServer</span>
                <span class="method-start">39434 ms</span>
              </div> <!-- configuration-test after -->
          </div> <!-- main-panel-content rounded-window-bottom -->
        </div> <!-- panel -->
      </div> <!-- main-panel-root -->
    </div> <!-- wrapper -->
  </body>
</html>
